#
# A fatal error has been detected by the Java Runtime Environment:
#
#  SIGSEGV (0xb) at pc=0x00007f06e30071c8, pid=24975, tid=0x00007f06a21de700
#
# JRE version: Java(TM) SE Runtime Environment (8.0_151-b12) (build 1.8.0_151-b12)
# Java VM: Java HotSpot(TM) 64-Bit Server VM (25.151-b12 mixed mode linux-amd64 compressed oops)
# Problematic frame:
# V  [libjvm.so+0x6e51c8]  jni_GetStringUTFChars+0xb8
#
# Failed to write core dump. Core dumps have been disabled. To enable core dumping, try "ulimit -c unlimited" before starting Java again
#
# If you would like to submit a bug report, please visit:
#   http://bugreport.java.com/bugreport/crash.jsp
#

---------------  T H R E A D  ---------------

Current thread (0x00007f06dc241000):  JavaThread "AWT-EventQueue-0" [_thread_in_vm, id=24997, stack(0x00007f06a20de000,0x00007f06a21df000)]

siginfo: si_signo: 11 (SIGSEGV), si_code: 1 (SEGV_MAPERR), si_addr: 0x0000000000000000

Registers:
RAX=0x00007f06e38de850, RBX=0x0000000000000000, RCX=0x00007f06dc2411f8, RDX=0x00007f06e38ecce0
RSP=0x00007f06a21dacb0, RBP=0x00007f06a21dad50, RSI=0x00007f06dc241000, RDI=0x00007f06a21dacf0
R8 =0x00007f06a07b5160, R9 =0x00007f06a07a9780, R10=0x0000000000000284, R11=0x00007f06a07d4a80
R12=0x00007f06dc241000, R13=0x00007f06a10b87f8, R14=0x00007f06a21db0f8, R15=0x00007f06a21dacf0
RIP=0x00007f06e30071c8, EFLAGS=0x0000000000010246, CSGSFS=0x002b000000000033, ERR=0x0000000000000004
  TRAPNO=0x000000000000000e

Top of Stack: (sp=0x00007f06a21dacb0)
0x00007f06a21dacb0:   0000000000000000 0000000000000000
0x00007f06a21dacc0:   03c0016203c0015f 0000000000000000
0x00007f06a21dacd0:   0000000000000000 0000000000000000
0x00007f06a21dace0:   0000001000000006 00007f06a21db020
0x00007f06a21dacf0:   00007f06dc241000 0000000000000000
0x00007f06a21dad00:   00007f06a10b87f8 00007f06a053524b
0x00007f06a21dad10:   00007f06dc241000 00007f06a0529456
0x00007f06a21dad20:   00007f06dc2411f8 00007f06a10b87f8
0x00007f06a21dad30:   0000000000000000 00007f06a10b87f8
0x00007f06a21dad40:   00007f06a21db0f8 00007f06dc241000
0x00007f06a21dad50:   00007f06a21dad80 00007f06a07d4ab3
0x00007f06a21dad60:   00007f06a21db03f 0000000000000000
0x00007f06a21dad70:   0000000000000000 00007f06dc2411f8
0x00007f06a21dad80:   00007f06a21db070 00007f06a07d4729
0x00007f06a21dad90:   0000000000000000 0000000000000000
0x00007f06a21dada0:   00007f06a21db0f8 00007f06dc2411f8
0x00007f06a21dadb0:   0000000000000000 0000000000000000
0x00007f06a21dadc0:   000000000000000b 00007f06a07d46ca
0x00007f06a21dadd0:   0000000000000027 00007f06dc241a80
0x00007f06a21dade0:   00007f06a21daff0 00007f06a21daf20
0x00007f06a21dadf0:   00007f06a10b87f8 00007f06dc241000
0x00007f06a21dae00:   00007f06a21daed0 00007f06e320b077
0x00007f06a21dae10:   00007f06dc241000 00007f06e2fb020f
0x00007f06a21dae20:   00007f06a21db03f 00007f06b0045000
0x00007f06a21dae30:   0000000300000f28 0000000100000f28
0x00007f06a21dae40:   00007f06a21dae80 000000b6dc241000
0x00007f06a21dae50:   00007f06a07ad438 0000000000000000
0x00007f06a21dae60:   00007f06a07ad340 0000000000000000
0x00007f06a21dae70:   0000000000000000 0000000000000000
0x00007f06a21dae80:   0000000000000000 0000000000000000
0x00007f06a21dae90:   0000000000000000 00007f06a07b57a0
0x00007f06a21daea0:   0000000000000000 0000000000000000 

Instructions: (pc=0x00007f06e30071c8)
0x00007f06e30071a8:   84 24 70 02 00 00 06 00 00 00 4c 89 e6 4c 89 65
0x00007f06e30071b8:   c0 4c 89 ff e8 1f 01 01 00 48 8b 05 88 f1 88 00
0x00007f06e30071c8:   4c 8b 2b 8b 10 48 8b 05 dc 1d 89 00 80 38 00 0f
0x00007f06e30071d8:   84 2b 01 00 00 48 63 c2 41 8b 54 05 00 85 d2 0f 

Register to memory mapping:

RAX=0x00007f06e38de850: <offset 0xfbc850> in /usr/lib/jvm/java-8-oracle/jre/lib/amd64/server/libjvm.so at 0x00007f06e2922000
RBX=0x0000000000000000 is an unknown value
RCX=0x00007f06dc2411f8 is an unknown value
RDX=0x00007f06e38ecce0: <offset 0xfcace0> in /usr/lib/jvm/java-8-oracle/jre/lib/amd64/server/libjvm.so at 0x00007f06e2922000
RSP=0x00007f06a21dacb0 is pointing into the stack for thread: 0x00007f06dc241000
RBP=0x00007f06a21dad50 is pointing into the stack for thread: 0x00007f06dc241000
RSI=0x00007f06dc241000 is a thread
RDI=0x00007f06a21dacf0 is pointing into the stack for thread: 0x00007f06dc241000
R8 =0x00007f06a07b5160: <offset 0x380160> in /usr/lib/x86_64-linux-gnu/libstdc++.so.6 at 0x00007f06a0435000
R9 =0x00007f06a07a9780: _ZTINSt6locale5facetE+0 in /usr/lib/x86_64-linux-gnu/libstdc++.so.6 at 0x00007f06a0435000
R10=0x0000000000000284 is an unknown value
R11=0x00007f06a07d4a80: _ZN7JNIEnv_17GetStringUTFCharsEP8_jstringPh+0 in /usr/lib/libsimulation_jni.so at 0x00007f06a07b7000
R12=0x00007f06dc241000 is a thread
R13={method} {0x00007f06a10b87f8} 'run_analysis' '(Ljava/lang/String;)Ljava/lang/String;' in 'org/jni/InterfaceJNI'
R14=0x00007f06a21db0f8 is pointing into the stack for thread: 0x00007f06dc241000
R15=0x00007f06a21dacf0 is pointing into the stack for thread: 0x00007f06dc241000


Stack: [0x00007f06a20de000,0x00007f06a21df000],  sp=0x00007f06a21dacb0,  free space=1011k
Native frames: (J=compiled Java code, j=interpreted, Vv=VM code, C=native code)
V  [libjvm.so+0x6e51c8]  jni_GetStringUTFChars+0xb8
C  [libsimulation_jni.so+0x1dab3]  JNIEnv_::GetStringUTFChars(_jstring*, unsigned char*)+0x33
C  [libsimulation_jni.so+0x1d729]  Java_org_jni_InterfaceJNI_run_1analysis+0x5f
j  org.jni.InterfaceJNI.run_analysis(Ljava/lang/String;)Ljava/lang/String;+0
j  org.gui.MainWindow.actionPerformed(Ljava/awt/event/ActionEvent;)V+112
j  javax.swing.AbstractButton.fireActionPerformed(Ljava/awt/event/ActionEvent;)V+83
j  javax.swing.AbstractButton$Handler.actionPerformed(Ljava/awt/event/ActionEvent;)V+5
j  javax.swing.DefaultButtonModel.fireActionPerformed(Ljava/awt/event/ActionEvent;)V+34
j  javax.swing.DefaultButtonModel.setPressed(Z)V+117
j  javax.swing.plaf.basic.BasicButtonListener.mouseReleased(Ljava/awt/event/MouseEvent;)V+35
j  java.awt.AWTEventMulticaster.mouseReleased(Ljava/awt/event/MouseEvent;)V+8
j  java.awt.Component.processMouseEvent(Ljava/awt/event/MouseEvent;)V+64
j  javax.swing.JComponent.processMouseEvent(Ljava/awt/event/MouseEvent;)V+23
J 1192 C1 java.awt.Component.processEvent(Ljava/awt/AWTEvent;)V (220 bytes) @ 0x00007f06cd3fb49c [0x00007f06cd3faf80+0x51c]
J 1264 C1 java.awt.Container.processEvent(Ljava/awt/AWTEvent;)V (22 bytes) @ 0x00007f06cd43f1c4 [0x00007f06cd43eea0+0x324]
J 1829 C1 java.awt.Component.dispatchEventImpl(Ljava/awt/AWTEvent;)V (883 bytes) @ 0x00007f06cd5e64c4 [0x00007f06cd5e1040+0x5484]
J 1158 C1 java.awt.Container.dispatchEventImpl(Ljava/awt/AWTEvent;)V (129 bytes) @ 0x00007f06cd3e18a4 [0x00007f06cd3e1760+0x144]
J 1258 C1 java.awt.LightweightDispatcher.retargetMouseEvent(Ljava/awt/Component;ILjava/awt/event/MouseEvent;)V (350 bytes) @ 0x00007f06cd443cf4 [0x00007f06cd4417a0+0x2554]
J 1468 C1 java.awt.LightweightDispatcher.processMouseEvent(Ljava/awt/event/MouseEvent;)Z (286 bytes) @ 0x00007f06cd4e4e3c [0x00007f06cd4e3740+0x16fc]
J 1263 C1 java.awt.LightweightDispatcher.dispatchEvent(Ljava/awt/AWTEvent;)Z (73 bytes) @ 0x00007f06cd4455b4 [0x00007f06cd445180+0x434]
J 1158 C1 java.awt.Container.dispatchEventImpl(Ljava/awt/AWTEvent;)V (129 bytes) @ 0x00007f06cd3e1844 [0x00007f06cd3e1760+0xe4]
J 1342 C1 java.awt.Window.dispatchEventImpl(Ljava/awt/AWTEvent;)V (23 bytes) @ 0x00007f06cd48bcc4 [0x00007f06cd48b6e0+0x5e4]
J 1207 C1 java.awt.EventQueue.dispatchEventImpl(Ljava/awt/AWTEvent;Ljava/lang/Object;)V (149 bytes) @ 0x00007f06cd40b0f4 [0x00007f06cd4098c0+0x1834]
J 1205 C1 java.awt.EventQueue$3.run()Ljava/lang/Void; (60 bytes) @ 0x00007f06cd408cc4 [0x00007f06cd408ac0+0x204]
J 1204 C1 java.awt.EventQueue$3.run()Ljava/lang/Object; (5 bytes) @ 0x00007f06cd40874c [0x00007f06cd4086c0+0x8c]
v  ~StubRoutines::call_stub
V  [libjvm.so+0x693e76]  JavaCalls::call_helper(JavaValue*, methodHandle*, JavaCallArguments*, Thread*)+0x1056
V  [libjvm.so+0x72d14c]  JVM_DoPrivileged+0x27c
J 315  java.security.AccessController.doPrivileged(Ljava/security/PrivilegedAction;Ljava/security/AccessControlContext;)Ljava/lang/Object; (0 bytes) @ 0x00007f06cd1c20d5 [0x00007f06cd1c2000+0xd5]
J 1245 C1 java.awt.EventQueue$4.run()Ljava/lang/Object; (5 bytes) @ 0x00007f06cd41fda4 [0x00007f06cd41f980+0x424]
v  ~StubRoutines::call_stub
V  [libjvm.so+0x693e76]  JavaCalls::call_helper(JavaValue*, methodHandle*, JavaCallArguments*, Thread*)+0x1056
V  [libjvm.so+0x72d14c]  JVM_DoPrivileged+0x27c
J 315  java.security.AccessController.doPrivileged(Ljava/security/PrivilegedAction;Ljava/security/AccessControlContext;)Ljava/lang/Object; (0 bytes) @ 0x00007f06cd1c20d5 [0x00007f06cd1c2000+0xd5]
J 1107 C1 java.awt.EventQueue.dispatchEvent(Ljava/awt/AWTEvent;)V (80 bytes) @ 0x00007f06cd399e34 [0x00007f06cd398fc0+0xe74]
J 1109 C1 java.awt.EventDispatchThread.pumpOneEventForFilters(I)V (295 bytes) @ 0x00007f06cd39cb94 [0x00007f06cd39b040+0x1b54]
j  java.awt.EventDispatchThread.pumpEventsForFilter(ILjava/awt/Conditional;Ljava/awt/EventFilter;)V+35
j  java.awt.EventDispatchThread.pumpEventsForHierarchy(ILjava/awt/Conditional;Ljava/awt/Component;)V+11
j  java.awt.EventDispatchThread.pumpEvents(ILjava/awt/Conditional;)V+4
j  java.awt.EventDispatchThread.pumpEvents(Ljava/awt/Conditional;)V+3
j  java.awt.EventDispatchThread.run()V+9
v  ~StubRoutines::call_stub
V  [libjvm.so+0x693e76]  JavaCalls::call_helper(JavaValue*, methodHandle*, JavaCallArguments*, Thread*)+0x1056
V  [libjvm.so+0x694381]  JavaCalls::call_virtual(JavaValue*, KlassHandle, Symbol*, Symbol*, JavaCallArguments*, Thread*)+0x321
V  [libjvm.so+0x694827]  JavaCalls::call_virtual(JavaValue*, Handle, KlassHandle, Symbol*, Symbol*, Thread*)+0x47
V  [libjvm.so+0x72fbb0]  thread_entry(JavaThread*, Thread*)+0xa0
V  [libjvm.so+0xa79b53]  JavaThread::thread_main_inner()+0x103
V  [libjvm.so+0xa79c9c]  JavaThread::run()+0x11c
V  [libjvm.so+0x92a728]  java_start(Thread*)+0x108
C  [libpthread.so.0+0x76ba]  start_thread+0xca

Java frames: (J=compiled Java code, j=interpreted, Vv=VM code)
j  org.jni.InterfaceJNI.run_analysis(Ljava/lang/String;)Ljava/lang/String;+0
j  org.gui.MainWindow.actionPerformed(Ljava/awt/event/ActionEvent;)V+112
j  javax.swing.AbstractButton.fireActionPerformed(Ljava/awt/event/ActionEvent;)V+83
j  javax.swing.AbstractButton$Handler.actionPerformed(Ljava/awt/event/ActionEvent;)V+5
j  javax.swing.DefaultButtonModel.fireActionPerformed(Ljava/awt/event/ActionEvent;)V+34
j  javax.swing.DefaultButtonModel.setPressed(Z)V+117
j  javax.swing.plaf.basic.BasicButtonListener.mouseReleased(Ljava/awt/event/MouseEvent;)V+35
j  java.awt.AWTEventMulticaster.mouseReleased(Ljava/awt/event/MouseEvent;)V+8
j  java.awt.Component.processMouseEvent(Ljava/awt/event/MouseEvent;)V+64
j  javax.swing.JComponent.processMouseEvent(Ljava/awt/event/MouseEvent;)V+23
J 1192 C1 java.awt.Component.processEvent(Ljava/awt/AWTEvent;)V (220 bytes) @ 0x00007f06cd3fb49c [0x00007f06cd3faf80+0x51c]
J 1264 C1 java.awt.Container.processEvent(Ljava/awt/AWTEvent;)V (22 bytes) @ 0x00007f06cd43f1c4 [0x00007f06cd43eea0+0x324]
J 1829 C1 java.awt.Component.dispatchEventImpl(Ljava/awt/AWTEvent;)V (883 bytes) @ 0x00007f06cd5e64c4 [0x00007f06cd5e1040+0x5484]
J 1158 C1 java.awt.Container.dispatchEventImpl(Ljava/awt/AWTEvent;)V (129 bytes) @ 0x00007f06cd3e18a4 [0x00007f06cd3e1760+0x144]
J 1258 C1 java.awt.LightweightDispatcher.retargetMouseEvent(Ljava/awt/Component;ILjava/awt/event/MouseEvent;)V (350 bytes) @ 0x00007f06cd443cf4 [0x00007f06cd4417a0+0x2554]
J 1468 C1 java.awt.LightweightDispatcher.processMouseEvent(Ljava/awt/event/MouseEvent;)Z (286 bytes) @ 0x00007f06cd4e4e3c [0x00007f06cd4e3740+0x16fc]
J 1263 C1 java.awt.LightweightDispatcher.dispatchEvent(Ljava/awt/AWTEvent;)Z (73 bytes) @ 0x00007f06cd4455b4 [0x00007f06cd445180+0x434]
J 1158 C1 java.awt.Container.dispatchEventImpl(Ljava/awt/AWTEvent;)V (129 bytes) @ 0x00007f06cd3e1844 [0x00007f06cd3e1760+0xe4]
J 1342 C1 java.awt.Window.dispatchEventImpl(Ljava/awt/AWTEvent;)V (23 bytes) @ 0x00007f06cd48bcc4 [0x00007f06cd48b6e0+0x5e4]
J 1207 C1 java.awt.EventQueue.dispatchEventImpl(Ljava/awt/AWTEvent;Ljava/lang/Object;)V (149 bytes) @ 0x00007f06cd40b0f4 [0x00007f06cd4098c0+0x1834]
J 1205 C1 java.awt.EventQueue$3.run()Ljava/lang/Void; (60 bytes) @ 0x00007f06cd408cc4 [0x00007f06cd408ac0+0x204]
J 1204 C1 java.awt.EventQueue$3.run()Ljava/lang/Object; (5 bytes) @ 0x00007f06cd40874c [0x00007f06cd4086c0+0x8c]
v  ~StubRoutines::call_stub
J 315  java.security.AccessController.doPrivileged(Ljava/security/PrivilegedAction;Ljava/security/AccessControlContext;)Ljava/lang/Object; (0 bytes) @ 0x00007f06cd1c2063 [0x00007f06cd1c2000+0x63]
J 1245 C1 java.awt.EventQueue$4.run()Ljava/lang/Object; (5 bytes) @ 0x00007f06cd41fda4 [0x00007f06cd41f980+0x424]
v  ~StubRoutines::call_stub
J 315  java.security.AccessController.doPrivileged(Ljava/security/PrivilegedAction;Ljava/security/AccessControlContext;)Ljava/lang/Object; (0 bytes) @ 0x00007f06cd1c2063 [0x00007f06cd1c2000+0x63]
J 1107 C1 java.awt.EventQueue.dispatchEvent(Ljava/awt/AWTEvent;)V (80 bytes) @ 0x00007f06cd399e34 [0x00007f06cd398fc0+0xe74]
J 1109 C1 java.awt.EventDispatchThread.pumpOneEventForFilters(I)V (295 bytes) @ 0x00007f06cd39cb94 [0x00007f06cd39b040+0x1b54]
j  java.awt.EventDispatchThread.pumpEventsForFilter(ILjava/awt/Conditional;Ljava/awt/EventFilter;)V+35
j  java.awt.EventDispatchThread.pumpEventsForHierarchy(ILjava/awt/Conditional;Ljava/awt/Component;)V+11
j  java.awt.EventDispatchThread.pumpEvents(ILjava/awt/Conditional;)V+4
j  java.awt.EventDispatchThread.pumpEvents(Ljava/awt/Conditional;)V+3
j  java.awt.EventDispatchThread.run()V+9
v  ~StubRoutines::call_stub

---------------  P R O C E S S  ---------------

Java Threads: ( => current thread )
  0x00007f069406e800 JavaThread "Image Fetcher 0" daemon [_thread_blocked, id=25001, stack(0x00007f06a26e2000,0x00007f06a27e3000)]
  0x00007f0694037000 JavaThread "TimerQueue" daemon [_thread_blocked, id=24998, stack(0x00007f06a124f000,0x00007f06a1350000)]
  0x00007f06dc009800 JavaThread "DestroyJavaVM" [_thread_blocked, id=24979, stack(0x00007f06e4423000,0x00007f06e4524000)]
=>0x00007f06dc241000 JavaThread "AWT-EventQueue-0" [_thread_in_vm, id=24997, stack(0x00007f06a20de000,0x00007f06a21df000)]
  0x00007f06dc23f800 JavaThread "AWT-Shutdown" [_thread_blocked, id=24996, stack(0x00007f06a21df000,0x00007f06a22e0000)]
  0x00007f06dc1f4800 JavaThread "AWT-XAWT" daemon [_thread_blocked, id=24992, stack(0x00007f06a27e3000,0x00007f06a28e4000)]
  0x00007f06dc1d1800 JavaThread "Java2D Disposer" daemon [_thread_blocked, id=24990, stack(0x00007f06a2cf4000,0x00007f06a2df5000)]
  0x00007f06dc0c4000 JavaThread "Service Thread" daemon [_thread_blocked, id=24988, stack(0x00007f06c8a77000,0x00007f06c8b78000)]
  0x00007f06dc0b7000 JavaThread "C1 CompilerThread1" daemon [_thread_blocked, id=24987, stack(0x00007f06c8b78000,0x00007f06c8c79000)]
  0x00007f06dc0b4000 JavaThread "C2 CompilerThread0" daemon [_thread_blocked, id=24986, stack(0x00007f06c8c79000,0x00007f06c8d7a000)]
  0x00007f06dc0b2800 JavaThread "Signal Dispatcher" daemon [_thread_blocked, id=24985, stack(0x00007f06c8d7a000,0x00007f06c8e7b000)]
  0x00007f06dc07f800 JavaThread "Finalizer" daemon [_thread_blocked, id=24984, stack(0x00007f06ca964000,0x00007f06caa65000)]
  0x00007f06dc07b000 JavaThread "Reference Handler" daemon [_thread_blocked, id=24983, stack(0x00007f06caa65000,0x00007f06cab66000)]

Other Threads:
  0x00007f06dc073800 VMThread [stack: 0x00007f06cab66000,0x00007f06cac67000] [id=24982]
  0x00007f06dc0c6800 WatcherThread [stack: 0x00007f06c8976000,0x00007f06c8a77000] [id=24989]

VM state:synchronizing (normal execution)

VM Mutex/Monitor currently owned by a thread:  ([mutex/lock_event])
[0x00007f06dc005fb0] Threads_lock - owner thread: 0x00007f06dc073800

Heap:
 PSYoungGen      total 16384K, used 9184K [0x00000000ee500000, 0x00000000ef700000, 0x0000000100000000)
  eden space 14336K, 49% used [0x00000000ee500000,0x00000000eebfb860,0x00000000ef300000)
  from space 2048K, 99% used [0x00000000ef500000,0x00000000ef6fc820,0x00000000ef700000)
  to   space 2048K, 0% used [0x00000000ef300000,0x00000000ef300000,0x00000000ef500000)
 ParOldGen       total 36864K, used 5423K [0x00000000cae00000, 0x00000000cd200000, 0x00000000ee500000)
  object space 36864K, 14% used [0x00000000cae00000,0x00000000cb34bf90,0x00000000cd200000)
 Metaspace       used 15697K, capacity 15986K, committed 16256K, reserved 1062912K
  class space    used 1833K, capacity 1907K, committed 1920K, reserved 1048576K

Card table byte_map: [0x00007f06e1010000,0x00007f06e11ba000] byte_map_base: 0x00007f06e09b9000

Marking Bits: (ParMarkBitMap*) 0x00007f06e38ebf80
 Begin Bits: [0x00007f06cb570000, 0x00007f06cc2b8000)
 End Bits:   [0x00007f06cc2b8000, 0x00007f06cd000000)

Polling page: 0x00007f06e453c000

CodeCache: size=245760Kb used=6489Kb max_used=6499Kb free=239270Kb
 bounds [0x00007f06cd000000, 0x00007f06cd670000, 0x00007f06dc000000]
 total_blobs=2548 nmethods=1957 adapters=504
 compilation: enabled

Compilation events (10 events):
Event: 106,006 Thread 0x00007f06dc0b7000 2083       1       java.awt.WaitDispatchSupport::access$300 (5 bytes)
Event: 106,007 Thread 0x00007f06dc0b7000 nmethod 2083 0x00007f06cd655f90 code [0x00007f06cd6560e0, 0x00007f06cd6561d0]
Event: 106,007 Thread 0x00007f06dc0b7000 2084       1       javax.swing.JRootPane::getUseTrueDoubleBuffering (5 bytes)
Event: 106,007 Thread 0x00007f06dc0b7000 nmethod 2084 0x00007f06cd655cd0 code [0x00007f06cd655e20, 0x00007f06cd655f30]
Event: 106,007 Thread 0x00007f06dc0b7000 2085       1       java.awt.Component::getBufferStrategy (5 bytes)
Event: 106,007 Thread 0x00007f06dc0b7000 nmethod 2085 0x00007f06cd655a10 code [0x00007f06cd655b60, 0x00007f06cd655c70]
Event: 106,117 Thread 0x00007f06dc0b7000 2086  s    1       java.util.Hashtable::size (5 bytes)
Event: 106,118 Thread 0x00007f06dc0b7000 nmethod 2086 0x00007f06cd65dcd0 code [0x00007f06cd65de20, 0x00007f06cd65e090]
Event: 106,120 Thread 0x00007f06dc0b7000 2087       3       java.util.AbstractList::listIterator (6 bytes)
Event: 106,120 Thread 0x00007f06dc0b7000 nmethod 2087 0x00007f06cd65d8d0 code [0x00007f06cd65da40, 0x00007f06cd65dc48]

GC Heap History (4 events):
Event: 6,375 GC heap before
{Heap before GC invocations=1 (full 0):
 PSYoungGen      total 16384K, used 14336K [0x00000000ee500000, 0x00000000ef700000, 0x0000000100000000)
  eden space 14336K, 100% used [0x00000000ee500000,0x00000000ef300000,0x00000000ef300000)
  from space 2048K, 0% used [0x00000000ef500000,0x00000000ef500000,0x00000000ef700000)
  to   space 2048K, 0% used [0x00000000ef300000,0x00000000ef300000,0x00000000ef500000)
 ParOldGen       total 36864K, used 0K [0x00000000cae00000, 0x00000000cd200000, 0x00000000ee500000)
  object space 36864K, 0% used [0x00000000cae00000,0x00000000cae00000,0x00000000cd200000)
 Metaspace       used 12758K, capacity 12968K, committed 13184K, reserved 1060864K
  class space    used 1518K, capacity 1586K, committed 1664K, reserved 1048576K
Event: 6,434 GC heap after
Heap after GC invocations=1 (full 0):
 PSYoungGen      total 16384K, used 2034K [0x00000000ee500000, 0x00000000ef700000, 0x0000000100000000)
  eden space 14336K, 0% used [0x00000000ee500000,0x00000000ee500000,0x00000000ef300000)
  from space 2048K, 99% used [0x00000000ef300000,0x00000000ef4fc820,0x00000000ef500000)
  to   space 2048K, 0% used [0x00000000ef500000,0x00000000ef500000,0x00000000ef700000)
 ParOldGen       total 36864K, used 3022K [0x00000000cae00000, 0x00000000cd200000, 0x00000000ee500000)
  object space 36864K, 8% used [0x00000000cae00000,0x00000000cb0f3bc8,0x00000000cd200000)
 Metaspace       used 12758K, capacity 12968K, committed 13184K, reserved 1060864K
  class space    used 1518K, capacity 1586K, committed 1664K, reserved 1048576K
}
Event: 35,266 GC heap before
{Heap before GC invocations=2 (full 0):
 PSYoungGen      total 16384K, used 16370K [0x00000000ee500000, 0x00000000ef700000, 0x0000000100000000)
  eden space 14336K, 100% used [0x00000000ee500000,0x00000000ef300000,0x00000000ef300000)
  from space 2048K, 99% used [0x00000000ef300000,0x00000000ef4fc820,0x00000000ef500000)
  to   space 2048K, 0% used [0x00000000ef500000,0x00000000ef500000,0x00000000ef700000)
 ParOldGen       total 36864K, used 3022K [0x00000000cae00000, 0x00000000cd200000, 0x00000000ee500000)
  object space 36864K, 8% used [0x00000000cae00000,0x00000000cb0f3bc8,0x00000000cd200000)
 Metaspace       used 14240K, capacity 14508K, committed 14848K, reserved 1062912K
  class space    used 1632K, capacity 1714K, committed 1792K, reserved 1048576K
Event: 35,328 GC heap after
Heap after GC invocations=2 (full 0):
 PSYoungGen      total 16384K, used 2034K [0x00000000ee500000, 0x00000000ef700000, 0x0000000100000000)
  eden space 14336K, 0% used [0x00000000ee500000,0x00000000ee500000,0x00000000ef300000)
  from space 2048K, 99% used [0x00000000ef500000,0x00000000ef6fc820,0x00000000ef700000)
  to   space 2048K, 0% used [0x00000000ef300000,0x00000000ef300000,0x00000000ef500000)
 ParOldGen       total 36864K, used 5423K [0x00000000cae00000, 0x00000000cd200000, 0x00000000ee500000)
  object space 36864K, 14% used [0x00000000cae00000,0x00000000cb34bf90,0x00000000cd200000)
 Metaspace       used 14240K, capacity 14508K, committed 14848K, reserved 1062912K
  class space    used 1632K, capacity 1714K, committed 1792K, reserved 1048576K
}

Deoptimization events (10 events):
Event: 43,461 Thread 0x00007f06dc241000 Uncommon trap: reason=bimorphic action=maybe_recompile pc=0x00007f06cd30c874 method=java.util.HashMap.putVal(ILjava/lang/Object;Ljava/lang/Object;ZZ)Ljava/lang/Object; @ 253
Event: 45,070 Thread 0x00007f06dc241000 Uncommon trap: reason=unstable_if action=reinterpret pc=0x00007f06cd547b80 method=java.lang.Long.valueOf(J)Ljava/lang/Long; @ 5
Event: 45,124 Thread 0x00007f06dc241000 Uncommon trap: reason=unstable_if action=reinterpret pc=0x00007f06cd307168 method=java.lang.Character.isSurrogate(C)Z @ 3
Event: 45,145 Thread 0x00007f06dc241000 Uncommon trap: reason=class_check action=maybe_recompile pc=0x00007f06cd168bb0 method=java.lang.String.equals(Ljava/lang/Object;)Z @ 8
Event: 59,699 Thread 0x00007f06dc241000 Uncommon trap: reason=unstable_if action=reinterpret pc=0x00007f06cd522e04 method=sun.awt.SunToolkit.isInstanceOf(Ljava/lang/Class;Ljava/lang/String;)Z @ 14
Event: 59,766 Thread 0x00007f06dc241000 Uncommon trap: reason=unstable_if action=reinterpret pc=0x00007f06cd4a1184 method=java.awt.Component.getInputContext()Ljava/awt/im/InputContext; @ 6
Event: 60,065 Thread 0x00007f06dc241000 Uncommon trap: reason=unstable_if action=reinterpret pc=0x00007f06cd502f90 method=java.lang.StrictMath.floorOrCeil(DDDD)D @ 115
Event: 66,761 Thread 0x00007f06dc241000 Uncommon trap: reason=unstable_if action=reinterpret pc=0x00007f06cd2506a0 method=java.awt.EventQueue.eventToCacheIndex(Ljava/awt/AWTEvent;)I @ 71
Event: 102,040 Thread 0x00007f06dc241000 Uncommon trap: reason=null_check action=make_not_entrant pc=0x00007f06cd348350 method=java.awt.Component.isLightweight()Z @ 4
Event: 102,323 Thread 0x00007f06dc241000 Uncommon trap: reason=class_check action=maybe_recompile pc=0x00007f06cd60fb00 method=java.awt.EventQueue.coalesceEvent(Ljava/awt/AWTEvent;I)Z @ 61

Internal exceptions (10 events):
Event: 1,026 Thread 0x00007f06dc009800 Exception <a 'java/security/PrivilegedActionException'> (0x00000000ee5de588) thrown at [/HUDSON/workspace/8-2-build-linux-amd64/jdk8u151/9699/hotspot/src/share/vm/prims/jvm.cpp, line 1390]
Event: 1,026 Thread 0x00007f06dc009800 Exception <a 'java/security/PrivilegedActionException'> (0x00000000ee5de798) thrown at [/HUDSON/workspace/8-2-build-linux-amd64/jdk8u151/9699/hotspot/src/share/vm/prims/jvm.cpp, line 1390]
Event: 1,048 Thread 0x00007f06dc009800 Exception <a 'java/security/PrivilegedActionException'> (0x00000000ee5e0c00) thrown at [/HUDSON/workspace/8-2-build-linux-amd64/jdk8u151/9699/hotspot/src/share/vm/prims/jvm.cpp, line 1390]
Event: 1,060 Thread 0x00007f06dc009800 Exception <a 'java/security/PrivilegedActionException'> (0x00000000ee5e0e10) thrown at [/HUDSON/workspace/8-2-build-linux-amd64/jdk8u151/9699/hotspot/src/share/vm/prims/jvm.cpp, line 1390]
Event: 1,676 Thread 0x00007f06dc009800 Exception <a 'java/lang/NoSuchFieldError': method resolution failed> (0x00000000ee6b2db0) thrown at [/HUDSON/workspace/8-2-build-linux-amd64/jdk8u151/9699/hotspot/src/share/vm/prims/methodHandles.cpp, line 1146]
Event: 1,714 Thread 0x00007f06dc009800 Exception <a 'java/lang/NoSuchFieldError': method resolution failed> (0x00000000ee6c0580) thrown at [/HUDSON/workspace/8-2-build-linux-amd64/jdk8u151/9699/hotspot/src/share/vm/prims/methodHandles.cpp, line 1146]
Event: 1,941 Thread 0x00007f06dc009800 Exception <a 'java/io/FileNotFoundException'> (0x00000000ee73ee90) thrown at [/HUDSON/workspace/8-2-build-linux-amd64/jdk8u151/9699/hotspot/src/share/vm/prims/jni.cpp, line 709]
Event: 1,942 Thread 0x00007f06dc009800 Exception <a 'java/io/FileNotFoundException'> (0x00000000ee73f990) thrown at [/HUDSON/workspace/8-2-build-linux-amd64/jdk8u151/9699/hotspot/src/share/vm/prims/jni.cpp, line 709]
Event: 101,959 Thread 0x00007f06dc241000 Exception <a 'java/io/FileNotFoundException'> (0x00000000eeb82c20) thrown at [/HUDSON/workspace/8-2-build-linux-amd64/jdk8u151/9699/hotspot/src/share/vm/prims/jni.cpp, line 709]
Event: 102,040 Thread 0x00007f06dc241000 Implicit null exception at 0x00007f06cd3482dc to 0x00007f06cd348344

Events (10 events):
Event: 102,331 Executing VM operation: RevokeBias
Event: 102,331 Executing VM operation: RevokeBias done
Event: 103,483 loading class java/security/DomainCombiner
Event: 103,483 loading class java/security/DomainCombiner done
Event: 106,116 loading class java/awt/Window$1DisposeAction
Event: 106,117 loading class java/awt/Window$1DisposeAction done
Event: 106,120 loading class java/awt/Component$FlipBufferStrategy
Event: 106,144 loading class java/awt/Component$FlipBufferStrategy done
Event: 106,146 loading class org/jni/InterfaceJNI
Event: 106,146 loading class org/jni/InterfaceJNI done


Dynamic libraries:
00400000-00401000 r-xp 00000000 08:03 1056627                            /usr/lib/jvm/java-8-oracle/bin/java
00600000-00601000 rw-p 00000000 08:03 1056627                            /usr/lib/jvm/java-8-oracle/bin/java
01628000-01649000 rw-p 00000000 00:00 0                                  [heap]
cae00000-cd200000 rw-p 00000000 00:00 0 
cd200000-ee500000 ---p 00000000 00:00 0 
ee500000-ef700000 rw-p 00000000 00:00 0 
ef700000-100000000 ---p 00000000 00:00 0 
100000000-1001e0000 rw-p 00000000 00:00 0 
1001e0000-140000000 ---p 00000000 00:00 0 
7f0688000000-7f0688036000 rw-p 00000000 00:00 0 
7f0688036000-7f068c000000 ---p 00000000 00:00 0 
7f068cfff000-7f0690000000 rw-p 00000000 00:00 0 
7f0690000000-7f0690295000 rw-p 00000000 00:00 0 
7f0690295000-7f0694000000 ---p 00000000 00:00 0 
7f0694000000-7f0694334000 rw-p 00000000 00:00 0 
7f0694334000-7f0698000000 ---p 00000000 00:00 0 
7f0698000000-7f0698021000 rw-p 00000000 00:00 0 
7f0698021000-7f069c000000 ---p 00000000 00:00 0 
7f069c000000-7f069c021000 rw-p 00000000 00:00 0 
7f069c021000-7f06a0000000 ---p 00000000 00:00 0 
7f06a0435000-7f06a05a7000 r-xp 00000000 08:03 786613                     /usr/lib/x86_64-linux-gnu/libstdc++.so.6.0.21
7f06a05a7000-7f06a07a7000 ---p 00172000 08:03 786613                     /usr/lib/x86_64-linux-gnu/libstdc++.so.6.0.21
7f06a07a7000-7f06a07b1000 r--p 00172000 08:03 786613                     /usr/lib/x86_64-linux-gnu/libstdc++.so.6.0.21
7f06a07b1000-7f06a07b3000 rw-p 0017c000 08:03 786613                     /usr/lib/x86_64-linux-gnu/libstdc++.so.6.0.21
7f06a07b3000-7f06a07b7000 rw-p 00000000 00:00 0 
7f06a07b7000-7f06a07e2000 r-xp 00000000 08:03 798629                     /usr/lib/libsimulation_jni.so
7f06a07e2000-7f06a09e1000 ---p 0002b000 08:03 798629                     /usr/lib/libsimulation_jni.so
7f06a09e1000-7f06a09e2000 r--p 0002a000 08:03 798629                     /usr/lib/libsimulation_jni.so
7f06a09e2000-7f06a09e4000 rw-p 0002b000 08:03 798629                     /usr/lib/libsimulation_jni.so
7f06a09e4000-7f06a0a0e000 r-xp 00000000 08:03 1444477                    /usr/lib/jvm/java-8-oracle/jre/lib/amd64/libdcpr.so
7f06a0a0e000-7f06a0c0e000 ---p 0002a000 08:03 1444477                    /usr/lib/jvm/java-8-oracle/jre/lib/amd64/libdcpr.so
7f06a0c0e000-7f06a0c11000 rw-p 0002a000 08:03 1444477                    /usr/lib/jvm/java-8-oracle/jre/lib/amd64/libdcpr.so
7f06a0c11000-7f06a0c18000 r--s 00000000 08:03 655432                     /var/cache/fontconfig/4be9850f182b35c1350b6bbf2e42601c-le64.cache-6
7f06a0c18000-7f06a0c23000 r--s 00000000 08:03 655447                     /var/cache/fontconfig/945677eb7aeaf62f1d50efc3fb3ec7d8-le64.cache-6
7f06a0c23000-7f06a0c2c000 r--s 00000000 08:03 655451                     /var/cache/fontconfig/a6d8cf8e4ec09cdbc8633c31745a07dd-le64.cache-6
7f06a0c2c000-7f06a0c32000 r--s 00000000 08:03 655426                     /var/cache/fontconfig/2cd17615ca594fa2959ae173292e504c-le64.cache-6
7f06a0c32000-7f06a0c33000 r--s 00000000 08:03 655422                     /var/cache/fontconfig/0d8c3b2ac0904cb8a57a757ad11a4a08-le64.cache-6
7f06a0c33000-7f06a0c48000 r--s 00000000 08:03 655414                     /var/cache/fontconfig/04aabc0a78ac019cf9454389977116d2-le64.cache-6
7f06a0c48000-7f06a0c49000 r--s 00000000 08:03 655424                     /var/cache/fontconfig/1ac9eb803944fde146138c791f5cc56a-le64.cache-6
7f06a0c49000-7f06a0c4e000 r--s 00000000 08:03 655469                     /var/cache/fontconfig/eb48934c523a49add3824bfad8846c40-le64.cache-6
7f06a0c4e000-7f06a0c53000 r--s 00000000 08:03 655430                     /var/cache/fontconfig/385c0604a188198f04d133e54aba7fe7-le64.cache-6
7f06a0c53000-7f06a0c54000 r--s 00000000 08:03 655464                     /var/cache/fontconfig/dc05db6664285cc2f12bf69c139ae4c3-le64.cache-6
7f06a0c54000-7f06a0c58000 r--s 00000000 08:03 655470                     /var/cache/fontconfig/f0b0891f3a988e97b2aa7c076a1430f3-le64.cache-6
7f06a0c58000-7f06a0c5c000 r--s 00000000 08:03 655444                     /var/cache/fontconfig/7b79abe4499501fcd4e4826394083a53-le64.cache-6
7f06a0c5c000-7f06a0c5f000 r--s 00000000 08:03 655431                     /var/cache/fontconfig/3a9914ff62a69b32234685a84fdc926d-le64.cache-6
7f06a0c5f000-7f06a0c62000 r--s 00000000 08:03 655443                     /var/cache/fontconfig/767a8244fc0220cfb567a839d0392e0b-le64.cache-6
7f06a0c62000-7f06a0c66000 r--s 00000000 08:03 655468                     /var/cache/fontconfig/ea32c683f96734b73b6a7acf745d6442-le64.cache-6
7f06a0c66000-7f06a0ca6000 r--s 00000000 08:03 655420                     /var/cache/fontconfig/0bd3dc0958fa2205aaaa8ebb13e2872b-le64.cache-6
7f06a0ca6000-7f06a0ce1000 r--s 00000000 08:03 665021                     /var/cache/fontconfig/365b55f210c0a22e9a19e35191240f32-le64.cache-6
7f06a0e7a000-7f06a104f000 rw-s 00000000 00:05 343310347                  /SYSV00000000 (deleted)
7f06a104f000-7f06a124f000 rw-p 00000000 00:00 0 
7f06a124f000-7f06a1252000 ---p 00000000 00:00 0 
7f06a1252000-7f06a1350000 rw-p 00000000 00:00 0 
7f06a1522000-7f06a153a000 r--s 00000000 08:03 1575785                    /usr/share/fonts/type1/gsfonts/n022003l.pfb
7f06a153a000-7f06a1555000 r--s 00000000 08:03 1575803                    /usr/share/fonts/type1/gsfonts/p052023l.pfb
7f06a156f000-7f06a1582000 r--s 00000000 08:03 1575725                    /usr/share/fonts/type1/gsfonts/b018015l.pfb
7f06a15be000-7f06a15d0000 r--s 00000000 08:03 1575761                    /usr/share/fonts/type1/gsfonts/n019043l.pfb
7f06a15d0000-7f06a15d9000 r--s 00000000 08:03 1574730                    /usr/share/fonts/X11/Type1/c0633bt_.pfb
7f06a1625000-7f06a1637000 r--s 00000000 08:03 1575731                    /usr/share/fonts/type1/gsfonts/b018035l.pfb
7f06a1653000-7f06a165c000 r--s 00000000 08:03 1574734                    /usr/share/fonts/X11/Type1/c0649bt_.pfb
7f06a166d000-7f06a1677000 r--s 00000000 08:03 1574722                    /usr/share/fonts/X11/Type1/c0582bt_.pfb
7f06a1677000-7f06a1680000 r--s 00000000 08:03 1574728                    /usr/share/fonts/X11/Type1/c0632bt_.pfb
7f06a1680000-7f06a1690000 r--s 00000000 08:03 1575713                    /usr/share/fonts/type1/gsfonts/a010015l.pfb
7f06a16d3000-7f06a16ed000 r--s 00000000 08:03 1575734                    /usr/share/fonts/type1/gsfonts/c059013l.pfb
7f06a16ed000-7f06a16f7000 r--s 00000000 08:03 1574720                    /usr/share/fonts/X11/Type1/c0419bt_.pfb
7f06a16f7000-7f06a1700000 r--s 00000000 08:03 1575809                    /usr/share/fonts/type1/gsfonts/s050000l.pfb
7f06a1700000-7f06a1713000 r--s 00000000 08:03 1575770                    /usr/share/fonts/type1/gsfonts/n019064l.pfb
7f06a1713000-7f06a172a000 r--s 00000000 08:03 1575779                    /usr/share/fonts/type1/gsfonts/n021023l.pfb
7f06a17b2000-7f06a17cd000 r--s 00000000 08:03 1575800                    /usr/share/fonts/type1/gsfonts/p052004l.pfb
7f06a180d000-7f06a1820000 r--s 00345000 08:03 1316538                    /usr/lib/jvm/java-8-oracle/jre/lib/resources.jar
7f06a1820000-7f06a1836000 r--s 00000000 08:03 1575794                    /usr/share/fonts/type1/gsfonts/n022024l.pfb
7f06a1836000-7f06a1a36000 rw-p 00000000 00:00 0 
7f06a1a36000-7f06a1a9f000 r-xp 00000000 08:03 1444491                    /usr/lib/jvm/java-8-oracle/jre/lib/amd64/libt2k.so
7f06a1a9f000-7f06a1c9f000 ---p 00069000 08:03 1444491                    /usr/lib/jvm/java-8-oracle/jre/lib/amd64/libt2k.so
7f06a1c9f000-7f06a1ca6000 rw-p 00069000 08:03 1444491                    /usr/lib/jvm/java-8-oracle/jre/lib/amd64/libt2k.so
7f06a1ca6000-7f06a1cb6000 rw-p 00000000 00:00 0 
7f06a1cb6000-7f06a1cc7000 r-xp 00000000 08:03 1445029                    /usr/lib/jvm/java-8-oracle/jre/lib/amd64/libnio.so
7f06a1cc7000-7f06a1ec6000 ---p 00011000 08:03 1445029                    /usr/lib/jvm/java-8-oracle/jre/lib/amd64/libnio.so
7f06a1ec6000-7f06a1ec7000 rw-p 00010000 08:03 1445029                    /usr/lib/jvm/java-8-oracle/jre/lib/amd64/libnio.so
7f06a1ec7000-7f06a1ede000 r-xp 00000000 08:03 1445026                    /usr/lib/jvm/java-8-oracle/jre/lib/amd64/libnet.so
7f06a1ede000-7f06a20dd000 ---p 00017000 08:03 1445026                    /usr/lib/jvm/java-8-oracle/jre/lib/amd64/libnet.so
7f06a20dd000-7f06a20de000 rw-p 00016000 08:03 1445026                    /usr/lib/jvm/java-8-oracle/jre/lib/amd64/libnet.so
7f06a20de000-7f06a20e1000 ---p 00000000 00:00 0 
7f06a20e1000-7f06a21df000 rw-p 00000000 00:00 0 
7f06a21df000-7f06a21e2000 ---p 00000000 00:00 0 
7f06a21e2000-7f06a24e0000 rw-p 00000000 00:00 0 
7f06a24e0000-7f06a24e3000 ---p 00000000 00:00 0 
7f06a24e3000-7f06a25e1000 rw-p 00000000 00:00 0 
7f06a25e1000-7f06a25e4000 ---p 00000000 00:00 0 
7f06a25e4000-7f06a26e2000 rw-p 00000000 00:00 0 
7f06a26e2000-7f06a26e5000 ---p 00000000 00:00 0 
7f06a26e5000-7f06a27e3000 rw-p 00000000 00:00 0 
7f06a27e3000-7f06a27e6000 ---p 00000000 00:00 0 
7f06a27e6000-7f06a28e4000 rw-p 00000000 00:00 0 
7f06a28e4000-7f06a28e9000 r-xp 00000000 08:03 794414                     /usr/lib/x86_64-linux-gnu/libXfixes.so.3.1.0
7f06a28e9000-7f06a2ae8000 ---p 00005000 08:03 794414                     /usr/lib/x86_64-linux-gnu/libXfixes.so.3.1.0
7f06a2ae8000-7f06a2ae9000 r--p 00004000 08:03 794414                     /usr/lib/x86_64-linux-gnu/libXfixes.so.3.1.0
7f06a2ae9000-7f06a2aea000 rw-p 00005000 08:03 794414                     /usr/lib/x86_64-linux-gnu/libXfixes.so.3.1.0
7f06a2aea000-7f06a2af3000 r-xp 00000000 08:03 794406                     /usr/lib/x86_64-linux-gnu/libXcursor.so.1.0.2
7f06a2af3000-7f06a2cf2000 ---p 00009000 08:03 794406                     /usr/lib/x86_64-linux-gnu/libXcursor.so.1.0.2
7f06a2cf2000-7f06a2cf3000 r--p 00008000 08:03 794406                     /usr/lib/x86_64-linux-gnu/libXcursor.so.1.0.2
7f06a2cf3000-7f06a2cf4000 rw-p 00009000 08:03 794406                     /usr/lib/x86_64-linux-gnu/libXcursor.so.1.0.2
7f06a2cf4000-7f06a2cf7000 ---p 00000000 00:00 0 
7f06a2cf7000-7f06a2df5000 rw-p 00000000 00:00 0 
7f06a2df5000-7f06a2e0b000 r-xp 00000000 08:03 11014662                   /lib/x86_64-linux-gnu/libgcc_s.so.1
7f06a2e0b000-7f06a300a000 ---p 00016000 08:03 11014662                   /lib/x86_64-linux-gnu/libgcc_s.so.1
7f06a300a000-7f06a300b000 rw-p 00015000 08:03 11014662                   /lib/x86_64-linux-gnu/libgcc_s.so.1
7f06a300b000-7f06a3070000 r-xp 00000000 08:03 1445007                    /usr/lib/jvm/java-8-oracle/jre/lib/amd64/libfontmanager.so
7f06a3070000-7f06a326f000 ---p 00065000 08:03 1445007                    /usr/lib/jvm/java-8-oracle/jre/lib/amd64/libfontmanager.so
7f06a326f000-7f06a3274000 rw-p 00064000 08:03 1445007                    /usr/lib/jvm/java-8-oracle/jre/lib/amd64/libfontmanager.so
7f06a3274000-7f06a3284000 rw-p 00000000 00:00 0 
7f06a3284000-7f06a3289000 r-xp 00000000 08:03 794410                     /usr/lib/x86_64-linux-gnu/libXdmcp.so.6.0.0
7f06a3289000-7f06a3488000 ---p 00005000 08:03 794410                     /usr/lib/x86_64-linux-gnu/libXdmcp.so.6.0.0
7f06a3488000-7f06a3489000 r--p 00004000 08:03 794410                     /usr/lib/x86_64-linux-gnu/libXdmcp.so.6.0.0
7f06a3489000-7f06a348a000 rw-p 00005000 08:03 794410                     /usr/lib/x86_64-linux-gnu/libXdmcp.so.6.0.0
7f06a348a000-7f06a348c000 r-xp 00000000 08:03 794399                     /usr/lib/x86_64-linux-gnu/libXau.so.6.0.0
7f06a348c000-7f06a368c000 ---p 00002000 08:03 794399                     /usr/lib/x86_64-linux-gnu/libXau.so.6.0.0
7f06a368c000-7f06a368d000 r--p 00002000 08:03 794399                     /usr/lib/x86_64-linux-gnu/libXau.so.6.0.0
7f06a368d000-7f06a368e000 rw-p 00003000 08:03 794399                     /usr/lib/x86_64-linux-gnu/libXau.so.6.0.0
7f06a368e000-7f06a36af000 r-xp 00000000 08:03 795658                     /usr/lib/x86_64-linux-gnu/libxcb.so.1.1.0
7f06a36af000-7f06a38ae000 ---p 00021000 08:03 795658                     /usr/lib/x86_64-linux-gnu/libxcb.so.1.1.0
7f06a38ae000-7f06a38af000 r--p 00020000 08:03 795658                     /usr/lib/x86_64-linux-gnu/libxcb.so.1.1.0
7f06a38af000-7f06a38b0000 rw-p 00021000 08:03 795658                     /usr/lib/x86_64-linux-gnu/libxcb.so.1.1.0
7f06a38b0000-7f06a38bf000 r-xp 00000000 08:03 794422                     /usr/lib/x86_64-linux-gnu/libXi.so.6.1.0
7f06a38bf000-7f06a3abe000 ---p 0000f000 08:03 794422                     /usr/lib/x86_64-linux-gnu/libXi.so.6.1.0
7f06a3abe000-7f06a3abf000 r--p 0000e000 08:03 794422                     /usr/lib/x86_64-linux-gnu/libXi.so.6.1.0
7f06a3abf000-7f06a3ac0000 rw-p 0000f000 08:03 794422                     /usr/lib/x86_64-linux-gnu/libXi.so.6.1.0
7f06a3ac0000-7f06a3ac5000 r-xp 00000000 08:03 794440                     /usr/lib/x86_64-linux-gnu/libXtst.so.6.1.0
7f06a3ac5000-7f06a3cc4000 ---p 00005000 08:03 794440                     /usr/lib/x86_64-linux-gnu/libXtst.so.6.1.0
7f06a3cc4000-7f06a3cc5000 r--p 00004000 08:03 794440                     /usr/lib/x86_64-linux-gnu/libXtst.so.6.1.0
7f06a3cc5000-7f06a3cc6000 rw-p 00005000 08:03 794440                     /usr/lib/x86_64-linux-gnu/libXtst.so.6.1.0
7f06a3cc6000-7f06a3dfb000 r-xp 00000000 08:03 794395                     /usr/lib/x86_64-linux-gnu/libX11.so.6.3.0
7f06a3dfb000-7f06a3ffb000 ---p 00135000 08:03 794395                     /usr/lib/x86_64-linux-gnu/libX11.so.6.3.0
7f06a3ffb000-7f06a3ffc000 r--p 00135000 08:03 794395                     /usr/lib/x86_64-linux-gnu/libX11.so.6.3.0
7f06a3ffc000-7f06a4000000 rw-p 00136000 08:03 794395                     /usr/lib/x86_64-linux-gnu/libX11.so.6.3.0
7f06a4000000-7f06a4850000 rw-p 00000000 00:00 0 
7f06a4850000-7f06a8000000 ---p 00000000 00:00 0 
7f06a8000000-7f06a8021000 rw-p 00000000 00:00 0 
7f06a8021000-7f06ac000000 ---p 00000000 00:00 0 
7f06ac000000-7f06ac021000 rw-p 00000000 00:00 0 
7f06ac021000-7f06b0000000 ---p 00000000 00:00 0 
7f06b0000000-7f06b0970000 rw-p 00000000 00:00 0 
7f06b0970000-7f06b4000000 ---p 00000000 00:00 0 
7f06b4000000-7f06b4021000 rw-p 00000000 00:00 0 
7f06b4021000-7f06b8000000 ---p 00000000 00:00 0 
7f06b8000000-7f06b8021000 rw-p 00000000 00:00 0 
7f06b8021000-7f06bc000000 ---p 00000000 00:00 0 
7f06bc000000-7f06bc021000 rw-p 00000000 00:00 0 
7f06bc021000-7f06c0000000 ---p 00000000 00:00 0 
7f06c0000000-7f06c0031000 rw-p 00000000 00:00 0 
7f06c0031000-7f06c4000000 ---p 00000000 00:00 0 
7f06c4000000-7f06c4021000 rw-p 00000000 00:00 0 
7f06c4021000-7f06c8000000 ---p 00000000 00:00 0 
7f06c8000000-7f06c8002000 r--s 00000000 08:03 655441                     /var/cache/fontconfig/6adb16404e170b9523f41c0701dd4690-le64.cache-6
7f06c8002000-7f06c8003000 r--s 00000000 08:03 655419                     /var/cache/fontconfig/0b41ebd278d9388cf5d83f81d476c672-le64.cache-6
7f06c8003000-7f06c8009000 r--s 00000000 08:03 655446                     /var/cache/fontconfig/8801497958630a81b71ace7c5f9b32a8-le64.cache-6
7f06c8009000-7f06c800a000 r--s 00000000 08:03 655457                     /var/cache/fontconfig/bab58bb527bb656aaa9f116d68a48d89-le64.cache-6
7f06c800a000-7f06c800b000 r--s 00000000 08:03 655452                     /var/cache/fontconfig/b036df7bbb72844893df6bcf5570ea7f-le64.cache-6
7f06c800b000-7f06c800c000 r--s 00000000 08:03 655437                     /var/cache/fontconfig/575107dd7452b4b2b2b1361909925bb4-le64.cache-6
7f06c800c000-7f06c8013000 r--s 00000000 08:03 655427                     /var/cache/fontconfig/3047814df9a2f067bd2d96a2b9c36e5a-le64.cache-6
7f06c8013000-7f06c8014000 r--s 00000000 08:03 655435                     /var/cache/fontconfig/56cf4f4769d0f4abc89a4895d7bd3ae1-le64.cache-6
7f06c8014000-7f06c8015000 r--s 00000000 08:03 655456                     /var/cache/fontconfig/b9d506c9ac06c20b433354fa67a72993-le64.cache-6
7f06c8015000-7f06c801b000 r--s 00000000 08:03 655455                     /var/cache/fontconfig/b47c4e1ecd0709278f4910c18777a504-le64.cache-6
7f06c801b000-7f06c801c000 r--s 00000000 08:03 655418                     /var/cache/fontconfig/0b3f2427388044a01a5738fa4b8cc9d1-le64.cache-6
7f06c801c000-7f06c802f000 r--s 00000000 08:03 655461                     /var/cache/fontconfig/d52a8644073d54c13679302ca1180695-le64.cache-6
7f06c802f000-7f06c8038000 r-xp 00000000 08:03 794434                     /usr/lib/x86_64-linux-gnu/libXrender.so.1.3.0
7f06c8038000-7f06c8237000 ---p 00009000 08:03 794434                     /usr/lib/x86_64-linux-gnu/libXrender.so.1.3.0
7f06c8237000-7f06c8238000 r--p 00008000 08:03 794434                     /usr/lib/x86_64-linux-gnu/libXrender.so.1.3.0
7f06c8238000-7f06c8239000 rw-p 00009000 08:03 794434                     /usr/lib/x86_64-linux-gnu/libXrender.so.1.3.0
7f06c8239000-7f06c824a000 r-xp 00000000 08:03 794412                     /usr/lib/x86_64-linux-gnu/libXext.so.6.4.0
7f06c824a000-7f06c8449000 ---p 00011000 08:03 794412                     /usr/lib/x86_64-linux-gnu/libXext.so.6.4.0
7f06c8449000-7f06c844a000 r--p 00010000 08:03 794412                     /usr/lib/x86_64-linux-gnu/libXext.so.6.4.0
7f06c844a000-7f06c844b000 rw-p 00011000 08:03 794412                     /usr/lib/x86_64-linux-gnu/libXext.so.6.4.0
7f06c844b000-7f06c849f000 r-xp 00000000 08:03 1445033                    /usr/lib/jvm/java-8-oracle/jre/lib/amd64/libawt_xawt.so
7f06c849f000-7f06c869f000 ---p 00054000 08:03 1445033                    /usr/lib/jvm/java-8-oracle/jre/lib/amd64/libawt_xawt.so
7f06c869f000-7f06c86a3000 rw-p 00054000 08:03 1445033                    /usr/lib/jvm/java-8-oracle/jre/lib/amd64/libawt_xawt.so
7f06c86a3000-7f06c86a4000 rw-p 00000000 00:00 0 
7f06c86a4000-7f06c8746000 r-xp 00000000 08:03 1445019                    /usr/lib/jvm/java-8-oracle/jre/lib/amd64/libawt.so
7f06c8746000-7f06c8946000 ---p 000a2000 08:03 1445019                    /usr/lib/jvm/java-8-oracle/jre/lib/amd64/libawt.so
7f06c8946000-7f06c8952000 rw-p 000a2000 08:03 1445019                    /usr/lib/jvm/java-8-oracle/jre/lib/amd64/libawt.so
7f06c8952000-7f06c8976000 rw-p 00000000 00:00 0 
7f06c8976000-7f06c8977000 ---p 00000000 00:00 0 
7f06c8977000-7f06c8a77000 rw-p 00000000 00:00 0 
7f06c8a77000-7f06c8a7a000 ---p 00000000 00:00 0 
7f06c8a7a000-7f06c8b78000 rw-p 00000000 00:00 0 
7f06c8b78000-7f06c8b7b000 ---p 00000000 00:00 0 
7f06c8b7b000-7f06c8c79000 rw-p 00000000 00:00 0 
7f06c8c79000-7f06c8c7c000 ---p 00000000 00:00 0 
7f06c8c7c000-7f06c8d7a000 rw-p 00000000 00:00 0 
7f06c8d7a000-7f06c8d7d000 ---p 00000000 00:00 0 
7f06c8d7d000-7f06c8e7b000 rw-p 00000000 00:00 0 
7f06c8e7b000-7f06ca964000 r--p 00000000 08:03 791802                     /usr/lib/locale/locale-archive
7f06ca964000-7f06ca967000 ---p 00000000 00:00 0 
7f06ca967000-7f06caa65000 rw-p 00000000 00:00 0 
7f06caa65000-7f06caa68000 ---p 00000000 00:00 0 
7f06caa68000-7f06cab66000 rw-p 00000000 00:00 0 
7f06cab66000-7f06cab67000 ---p 00000000 00:00 0 
7f06cab67000-7f06cd000000 rw-p 00000000 00:00 0 
7f06cd000000-7f06cd670000 rwxp 00000000 00:00 0 
7f06cd670000-7f06dc000000 ---p 00000000 00:00 0 
7f06dc000000-7f06dc4f3000 rw-p 00000000 00:00 0 
7f06dc4f3000-7f06e0000000 ---p 00000000 00:00 0 
7f06e0000000-7f06e0001000 r--s 00000000 08:03 655417                     /var/cache/fontconfig/0941b6d3777f1e64883d36fd6d84a52f-le64.cache-6
7f06e0001000-7f06e0002000 r--s 00000000 08:03 655434                     /var/cache/fontconfig/551ecf3b0e8b0bca0f25c0944f561853-le64.cache-6
7f06e0002000-7f06e000d000 r--s 00000000 08:03 665019                     /var/cache/fontconfig/d589a48862398ed80a3d6066f4f56f4c-le64.cache-6
7f06e000d000-7f06e000f000 r--s 00000000 08:03 655467                     /var/cache/fontconfig/e8d703157d3641d20c7e900be2e8d091-le64.cache-6
7f06e000f000-7f06e0014000 r--s 00000000 08:03 655453                     /var/cache/fontconfig/b25010134a2e462c779c1c1d5ccbff7b-le64.cache-6
7f06e0014000-7f06e0016000 r--s 00000000 08:03 655440                     /var/cache/fontconfig/6a6dfed4a7d1e4367ef225093de82110-le64.cache-6
7f06e0016000-7f06e0023000 r--s 00000000 08:03 656583                     /var/cache/fontconfig/089dead882dea3570ffc31a9898cfb69-le64.cache-6
7f06e0023000-7f06e0027000 r--s 00000000 08:03 655415                     /var/cache/fontconfig/0843ca893a93b5446bad221815920e23-le64.cache-6
7f06e0027000-7f06e0039000 r--s 00000000 08:03 655449                     /var/cache/fontconfig/9b89f8e3dae116d678bbf48e5f21f69b-le64.cache-6
7f06e0039000-7f06e003c000 r--s 00000000 08:03 655454                     /var/cache/fontconfig/b2d60264172c9fafc2f82e9237d8d959-le64.cache-6
7f06e003c000-7f06e0049000 r--s 00000000 08:03 4724048                    /home/paulo/.cache/fontconfig/e13b20fdb08344e0e664864cc2ede53d-le64.cache-6
7f06e0049000-7f06e0053000 r--s 00116000 08:03 1316568                    /usr/lib/jvm/java-8-oracle/jre/lib/ext/localedata.jar
7f06e0053000-7f06e006f000 r--s 00393000 08:03 1316561                    /usr/lib/jvm/java-8-oracle/jre/lib/ext/cldrdata.jar
7f06e006f000-7f06e0076000 r--s 00000000 08:03 919920                     /usr/lib/x86_64-linux-gnu/gconv/gconv-modules.cache
7f06e0076000-7f06e0097000 r--p 00000000 08:03 2110781                    /usr/share/locale-langpack/pt_BR/LC_MESSAGES/libc.mo
7f06e0097000-7f06e00fa000 rw-p 00000000 00:00 0 
7f06e00fa000-7f06e02d3000 r--s 03d5a000 08:03 1316500                    /usr/lib/jvm/java-8-oracle/jre/lib/rt.jar
7f06e02d3000-7f06e0cf2000 rw-p 00000000 00:00 0 
7f06e0cf2000-7f06e0cf3000 ---p 00000000 00:00 0 
7f06e0cf3000-7f06e0df3000 rw-p 00000000 00:00 0 
7f06e0df3000-7f06e0df4000 ---p 00000000 00:00 0 
7f06e0df4000-7f06e0f06000 rw-p 00000000 00:00 0 
7f06e0f06000-7f06e1010000 ---p 00000000 00:00 0 
7f06e1010000-7f06e1022000 rw-p 00000000 00:00 0 
7f06e1022000-7f06e112b000 ---p 00000000 00:00 0 
7f06e112b000-7f06e1135000 rw-p 00000000 00:00 0 
7f06e1135000-7f06e11b9000 ---p 00000000 00:00 0 
7f06e11b9000-7f06e11d4000 rw-p 00000000 00:00 0 
7f06e11d4000-7f06e157a000 ---p 00000000 00:00 0 
7f06e157a000-7f06e1595000 r-xp 00000000 08:03 1445022                    /usr/lib/jvm/java-8-oracle/jre/lib/amd64/libzip.so
7f06e1595000-7f06e1795000 ---p 0001b000 08:03 1445022                    /usr/lib/jvm/java-8-oracle/jre/lib/amd64/libzip.so
7f06e1795000-7f06e1796000 rw-p 0001b000 08:03 1445022                    /usr/lib/jvm/java-8-oracle/jre/lib/amd64/libzip.so
7f06e1796000-7f06e17a1000 r-xp 00000000 08:03 11014723                   /lib/x86_64-linux-gnu/libnss_files-2.23.so
7f06e17a1000-7f06e19a0000 ---p 0000b000 08:03 11014723                   /lib/x86_64-linux-gnu/libnss_files-2.23.so
7f06e19a0000-7f06e19a1000 r--p 0000a000 08:03 11014723                   /lib/x86_64-linux-gnu/libnss_files-2.23.so
7f06e19a1000-7f06e19a2000 rw-p 0000b000 08:03 11014723                   /lib/x86_64-linux-gnu/libnss_files-2.23.so
7f06e19a2000-7f06e19a8000 rw-p 00000000 00:00 0 
7f06e19a8000-7f06e19b3000 r-xp 00000000 08:03 11014733                   /lib/x86_64-linux-gnu/libnss_nis-2.23.so
7f06e19b3000-7f06e1bb2000 ---p 0000b000 08:03 11014733                   /lib/x86_64-linux-gnu/libnss_nis-2.23.so
7f06e1bb2000-7f06e1bb3000 r--p 0000a000 08:03 11014733                   /lib/x86_64-linux-gnu/libnss_nis-2.23.so
7f06e1bb3000-7f06e1bb4000 rw-p 0000b000 08:03 11014733                   /lib/x86_64-linux-gnu/libnss_nis-2.23.so
7f06e1bb4000-7f06e1bca000 r-xp 00000000 08:03 11014717                   /lib/x86_64-linux-gnu/libnsl-2.23.so
7f06e1bca000-7f06e1dc9000 ---p 00016000 08:03 11014717                   /lib/x86_64-linux-gnu/libnsl-2.23.so
7f06e1dc9000-7f06e1dca000 r--p 00015000 08:03 11014717                   /lib/x86_64-linux-gnu/libnsl-2.23.so
7f06e1dca000-7f06e1dcb000 rw-p 00016000 08:03 11014717                   /lib/x86_64-linux-gnu/libnsl-2.23.so
7f06e1dcb000-7f06e1dcd000 rw-p 00000000 00:00 0 
7f06e1dcd000-7f06e1dd5000 r-xp 00000000 08:03 11014719                   /lib/x86_64-linux-gnu/libnss_compat-2.23.so
7f06e1dd5000-7f06e1fd4000 ---p 00008000 08:03 11014719                   /lib/x86_64-linux-gnu/libnss_compat-2.23.so
7f06e1fd4000-7f06e1fd5000 r--p 00007000 08:03 11014719                   /lib/x86_64-linux-gnu/libnss_compat-2.23.so
7f06e1fd5000-7f06e1fd6000 rw-p 00008000 08:03 11014719                   /lib/x86_64-linux-gnu/libnss_compat-2.23.so
7f06e1fd6000-7f06e2001000 r-xp 00000000 08:03 1445016                    /usr/lib/jvm/java-8-oracle/jre/lib/amd64/libjava.so
7f06e2001000-7f06e2200000 ---p 0002b000 08:03 1445016                    /usr/lib/jvm/java-8-oracle/jre/lib/amd64/libjava.so
7f06e2200000-7f06e2202000 rw-p 0002a000 08:03 1445016                    /usr/lib/jvm/java-8-oracle/jre/lib/amd64/libjava.so
7f06e2202000-7f06e220f000 r-xp 00000000 08:03 1445021                    /usr/lib/jvm/java-8-oracle/jre/lib/amd64/libverify.so
7f06e220f000-7f06e240f000 ---p 0000d000 08:03 1445021                    /usr/lib/jvm/java-8-oracle/jre/lib/amd64/libverify.so
7f06e240f000-7f06e2411000 rw-p 0000d000 08:03 1445021                    /usr/lib/jvm/java-8-oracle/jre/lib/amd64/libverify.so
7f06e2411000-7f06e2418000 r-xp 00000000 08:03 11014778                   /lib/x86_64-linux-gnu/librt-2.23.so
7f06e2418000-7f06e2617000 ---p 00007000 08:03 11014778                   /lib/x86_64-linux-gnu/librt-2.23.so
7f06e2617000-7f06e2618000 r--p 00006000 08:03 11014778                   /lib/x86_64-linux-gnu/librt-2.23.so
7f06e2618000-7f06e2619000 rw-p 00007000 08:03 11014778                   /lib/x86_64-linux-gnu/librt-2.23.so
7f06e2619000-7f06e2721000 r-xp 00000000 08:03 11014694                   /lib/x86_64-linux-gnu/libm-2.23.so
7f06e2721000-7f06e2920000 ---p 00108000 08:03 11014694                   /lib/x86_64-linux-gnu/libm-2.23.so
7f06e2920000-7f06e2921000 r--p 00107000 08:03 11014694                   /lib/x86_64-linux-gnu/libm-2.23.so
7f06e2921000-7f06e2922000 rw-p 00108000 08:03 11014694                   /lib/x86_64-linux-gnu/libm-2.23.so
7f06e2922000-7f06e35f5000 r-xp 00000000 08:03 1444999                    /usr/lib/jvm/java-8-oracle/jre/lib/amd64/server/libjvm.so
7f06e35f5000-7f06e37f4000 ---p 00cd3000 08:03 1444999                    /usr/lib/jvm/java-8-oracle/jre/lib/amd64/server/libjvm.so
7f06e37f4000-7f06e38ce000 rw-p 00cd2000 08:03 1444999                    /usr/lib/jvm/java-8-oracle/jre/lib/amd64/server/libjvm.so
7f06e38ce000-7f06e3919000 rw-p 00000000 00:00 0 
7f06e3919000-7f06e3ad9000 r-xp 00000000 08:03 11014624                   /lib/x86_64-linux-gnu/libc-2.23.so
7f06e3ad9000-7f06e3cd9000 ---p 001c0000 08:03 11014624                   /lib/x86_64-linux-gnu/libc-2.23.so
7f06e3cd9000-7f06e3cdd000 r--p 001c0000 08:03 11014624                   /lib/x86_64-linux-gnu/libc-2.23.so
7f06e3cdd000-7f06e3cdf000 rw-p 001c4000 08:03 11014624                   /lib/x86_64-linux-gnu/libc-2.23.so
7f06e3cdf000-7f06e3ce3000 rw-p 00000000 00:00 0 
7f06e3ce3000-7f06e3ce6000 r-xp 00000000 08:03 11014648                   /lib/x86_64-linux-gnu/libdl-2.23.so
7f06e3ce6000-7f06e3ee5000 ---p 00003000 08:03 11014648                   /lib/x86_64-linux-gnu/libdl-2.23.so
7f06e3ee5000-7f06e3ee6000 r--p 00002000 08:03 11014648                   /lib/x86_64-linux-gnu/libdl-2.23.so
7f06e3ee6000-7f06e3ee7000 rw-p 00003000 08:03 11014648                   /lib/x86_64-linux-gnu/libdl-2.23.so
7f06e3ee7000-7f06e3efd000 r-xp 00000000 08:03 1316320                    /usr/lib/jvm/java-8-oracle/lib/amd64/jli/libjli.so
7f06e3efd000-7f06e40fc000 ---p 00016000 08:03 1316320                    /usr/lib/jvm/java-8-oracle/lib/amd64/jli/libjli.so
7f06e40fc000-7f06e40fd000 rw-p 00015000 08:03 1316320                    /usr/lib/jvm/java-8-oracle/lib/amd64/jli/libjli.so
7f06e40fd000-7f06e4115000 r-xp 00000000 08:03 11014770                   /lib/x86_64-linux-gnu/libpthread-2.23.so
7f06e4115000-7f06e4314000 ---p 00018000 08:03 11014770                   /lib/x86_64-linux-gnu/libpthread-2.23.so
7f06e4314000-7f06e4315000 r--p 00017000 08:03 11014770                   /lib/x86_64-linux-gnu/libpthread-2.23.so
7f06e4315000-7f06e4316000 rw-p 00018000 08:03 11014770                   /lib/x86_64-linux-gnu/libpthread-2.23.so
7f06e4316000-7f06e431a000 rw-p 00000000 00:00 0 
7f06e431a000-7f06e4340000 r-xp 00000000 08:03 11014596                   /lib/x86_64-linux-gnu/ld-2.23.so
7f06e4340000-7f06e4423000 rw-p 00000000 00:00 0 
7f06e4423000-7f06e4426000 ---p 00000000 00:00 0 
7f06e4426000-7f06e4528000 rw-p 00000000 00:00 0 
7f06e4528000-7f06e4529000 r--s 00000000 08:03 655428                     /var/cache/fontconfig/30829fa25452a46451e813d634d7f916-le64.cache-6
7f06e4529000-7f06e452a000 r--s 00000000 08:03 655421                     /var/cache/fontconfig/0c9eb80ebd1c36541ebe2852d3bb0c49-le64.cache-6
7f06e452a000-7f06e452e000 r--s 00000000 08:03 656860                     /var/cache/fontconfig/7ef2298fde41cc6eeb7af42e48b7d293-le64.cache-6
7f06e452e000-7f06e4533000 r--s 002f9000 08:03 1316498                    /usr/lib/jvm/java-8-oracle/jre/lib/charsets.jar
7f06e4533000-7f06e453b000 rw-s 00000000 08:03 925209                     /tmp/hsperfdata_paulo/24975
7f06e453b000-7f06e453c000 rw-p 00000000 00:00 0 
7f06e453c000-7f06e453d000 ---p 00000000 00:00 0 
7f06e453d000-7f06e453f000 rw-p 00000000 00:00 0 
7f06e453f000-7f06e4540000 r--p 00025000 08:03 11014596                   /lib/x86_64-linux-gnu/ld-2.23.so
7f06e4540000-7f06e4541000 rw-p 00026000 08:03 11014596                   /lib/x86_64-linux-gnu/ld-2.23.so
7f06e4541000-7f06e4542000 rw-p 00000000 00:00 0 
7ffdcc254000-7ffdcc275000 rw-p 00000000 00:00 0                          [stack]
7ffdcc3f8000-7ffdcc3fa000 r--p 00000000 00:00 0                          [vvar]
7ffdcc3fa000-7ffdcc3fc000 r-xp 00000000 00:00 0                          [vdso]
ffffffffff600000-ffffffffff601000 r-xp 00000000 00:00 0                  [vsyscall]

VM Arguments:
jvm_args: -Dfile.encoding=UTF-8 
java_command: org.gui.TrapezoidCircuitSimulator
java_class_path (initial): /home/paulo/Documentos/UEFS/TCC/Cdigo/trapezoidCircuitSimulator/interface_java/CircuitSimulator/build/classes
Launcher Type: SUN_STANDARD

Environment Variables:
PATH=/home/paulo/bin:/home/paulo/.local/bin:/usr/local/sbin:/usr/local/bin:/usr/sbin:/usr/bin:/sbin:/bin:/usr/games:/usr/local/games
LD_LIBRARY_PATH=/usr/lib/jvm/java-8-oracle/jre/lib/amd64:/usr/lib/jvm/java-8-oracle/jre/lib/i386:
SHELL=/bin/bash
DISPLAY=:0

Signal Handlers:
SIGSEGV: [libjvm.so+0xacbe10], sa_mask[0]=11111111011111111101111111111110, sa_flags=SA_RESTART|SA_SIGINFO
SIGBUS: [libjvm.so+0xacbe10], sa_mask[0]=11111111011111111101111111111110, sa_flags=SA_RESTART|SA_SIGINFO
SIGFPE: [libjvm.so+0x924f90], sa_mask[0]=11111111011111111101111111111110, sa_flags=SA_RESTART|SA_SIGINFO
SIGPIPE: [libjvm.so+0x924f90], sa_mask[0]=11111111011111111101111111111110, sa_flags=SA_RESTART|SA_SIGINFO
SIGXFSZ: [libjvm.so+0x924f90], sa_mask[0]=11111111011111111101111111111110, sa_flags=SA_RESTART|SA_SIGINFO
SIGILL: [libjvm.so+0x924f90], sa_mask[0]=11111111011111111101111111111110, sa_flags=SA_RESTART|SA_SIGINFO
SIGUSR1: SIG_DFL, sa_mask[0]=00000000000000000000000000000000, sa_flags=none
SIGUSR2: [libjvm.so+0x9267d0], sa_mask[0]=00100000000000000000000000000000, sa_flags=SA_RESTART|SA_SIGINFO
SIGHUP: [libjvm.so+0x927bd0], sa_mask[0]=11111111011111111101111111111110, sa_flags=SA_RESTART|SA_SIGINFO
SIGINT: SIG_IGN, sa_mask[0]=00000000000000000000000000000000, sa_flags=none
SIGTERM: [libjvm.so+0x927bd0], sa_mask[0]=11111111011111111101111111111110, sa_flags=SA_RESTART|SA_SIGINFO
SIGQUIT: [libjvm.so+0x927bd0], sa_mask[0]=11111111011111111101111111111110, sa_flags=SA_RESTART|SA_SIGINFO


---------------  S Y S T E M  ---------------

OS:DISTRIB_ID="elementary"
DISTRIB_RELEASE=0.4.1
DISTRIB_CODENAME=loki
DISTRIB_DESCRIPTION="elementary OS 0.4.1 Loki"

uname:Linux 4.10.0-38-generic #42~16.04.1-Ubuntu SMP Tue Oct 10 16:32:20 UTC 2017 x86_64
libc:glibc 2.23 NPTL 2.23 
rlimit: STACK 8192k, CORE 0k, NPROC 13407, NOFILE 1048576, AS infinity
load average:3,21 2,96 2,72

/proc/meminfo:
MemTotal:        3476960 kB
MemFree:          344596 kB
MemAvailable:     635820 kB
Buffers:           41340 kB
Cached:           486664 kB
SwapCached:        22828 kB
Active:          2133720 kB
Inactive:         621612 kB
Active(anon):    1791144 kB
Inactive(anon):   506800 kB
Active(file):     342576 kB
Inactive(file):   114812 kB
Unevictable:         616 kB
Mlocked:             616 kB
SwapTotal:      20477948 kB
SwapFree:       20094744 kB
Dirty:               148 kB
Writeback:             0 kB
AnonPages:       2169296 kB
Mapped:           246800 kB
Shmem:             70608 kB
Slab:             111124 kB
SReclaimable:      69492 kB
SUnreclaim:        41632 kB
KernelStack:       10240 kB
PageTables:        46732 kB
NFS_Unstable:          0 kB
Bounce:                0 kB
WritebackTmp:          0 kB
CommitLimit:    22216428 kB
Committed_AS:    7383708 kB
VmallocTotal:   34359738367 kB
VmallocUsed:           0 kB
VmallocChunk:          0 kB
HardwareCorrupted:     0 kB
AnonHugePages:   1091584 kB
ShmemHugePages:        0 kB
ShmemPmdMapped:        0 kB
CmaTotal:              0 kB
CmaFree:               0 kB
HugePages_Total:       0
HugePages_Free:        0
HugePages_Rsvd:        0
HugePages_Surp:        0
Hugepagesize:       2048 kB
DirectMap4k:      491260 kB
DirectMap2M:     3127296 kB
DirectMap1G:           0 kB


CPU:total 2 (initial active 2) (2 cores per cpu, 1 threads per core) family 22 model 0 stepping 1, cmov, cx8, fxsr, mmx, sse, sse2, sse3, ssse3, sse4.1, sse4.2, popcnt, avx, aes, clmul, mmxext, 3dnowpref, lzcnt, sse4a, tsc, tscinvbit, tscinv, bmi1

/proc/cpuinfo:
processor	: 0
vendor_id	: AuthenticAMD
cpu family	: 22
model		: 0
model name	: AMD E1-2100 APU with Radeon(TM) HD Graphics
stepping	: 1
microcode	: 0x700010b
cpu MHz		: 900.000
cache size	: 1024 KB
physical id	: 0
siblings	: 2
core id		: 0
cpu cores	: 2
apicid		: 0
initial apicid	: 0
fpu		: yes
fpu_exception	: yes
cpuid level	: 13
wp		: yes
flags		: fpu vme de pse tsc msr pae mce cx8 apic sep mtrr pge mca cmov pat pse36 clflush mmx fxsr sse sse2 ht syscall nx mmxext fxsr_opt pdpe1gb rdtscp lm constant_tsc rep_good nopl nonstop_tsc extd_apicid aperfmperf pni pclmulqdq monitor ssse3 cx16 sse4_1 sse4_2 movbe popcnt aes xsave avx f16c lahf_lm cmp_legacy svm extapic cr8_legacy abm sse4a misalignsse 3dnowprefetch osvw ibs skinit wdt topoext perfctr_nb bpext perfctr_l2 hw_pstate proc_feedback vmmcall bmi1 xsaveopt arat npt lbrv svm_lock nrip_save tsc_scale flushbyasid decodeassists pausefilter pfthreshold overflow_recov
bugs		: fxsave_leak sysret_ss_attrs null_seg
bogomips	: 1996.39
TLB size	: 1024 4K pages
clflush size	: 64
cache_alignment	: 64
address sizes	: 40 bits physical, 48 bits virtual
power management: ts ttp tm 100mhzsteps hwpstate proc_feedback

processor	: 1
vendor_id	: AuthenticAMD
cpu family	: 22
model		: 0
model name	: AMD E1-2100 APU with Radeon(TM) HD Graphics
stepping	: 1
microcode	: 0x700010b
cpu MHz		: 1000.000
cache size	: 1024 KB
physical id	: 0
siblings	: 2
core id		: 1
cpu cores	: 2
apicid		: 1
initial apicid	: 1
fpu		: yes
fpu_exception	: yes
cpuid level	: 13
wp		: yes
flags		: fpu vme de pse tsc msr pae mce cx8 apic sep mtrr pge mca cmov pat pse36 clflush mmx fxsr sse sse2 ht syscall nx mmxext fxsr_opt pdpe1gb rdtscp lm constant_tsc rep_good nopl nonstop_tsc extd_apicid aperfmperf pni pclmulqdq monitor ssse3 cx16 sse4_1 sse4_2 movbe popcnt aes xsave avx f16c lahf_lm cmp_legacy svm extapic cr8_legacy abm sse4a misalignsse 3dnowprefetch osvw ibs skinit wdt topoext perfctr_nb bpext perfctr_l2 hw_pstate proc_feedback vmmcall bmi1 xsaveopt arat npt lbrv svm_lock nrip_save tsc_scale flushbyasid decodeassists pausefilter pfthreshold overflow_recov
bugs		: fxsave_leak sysret_ss_attrs null_seg
bogomips	: 1996.39
TLB size	: 1024 4K pages
clflush size	: 64
cache_alignment	: 64
address sizes	: 40 bits physical, 48 bits virtual
power management: ts ttp tm 100mhzsteps hwpstate proc_feedback



Memory: 4k page, physical 3476960k(344596k free), swap 20477948k(20094744k free)

vm_info: Java HotSpot(TM) 64-Bit Server VM (25.151-b12) for linux-amd64 JRE (1.8.0_151-b12), built on Sep  5 2017 19:20:58 by "java_re" with gcc 4.3.0 20080428 (Red Hat 4.3.0-8)

time: Sat Nov 18 13:09:39 2017
elapsed time: 106 seconds (0d 0h 1m 46s)

