#
# A fatal error has been detected by the Java Runtime Environment:
#
#  SIGSEGV (0xb) at pc=0x00007f6f7493e894, pid=28802, tid=0x00007f6f332d4700
#
# JRE version: Java(TM) SE Runtime Environment (8.0_151-b12) (build 1.8.0_151-b12)
# Java VM: Java HotSpot(TM) 64-Bit Server VM (25.151-b12 mixed mode linux-amd64 compressed oops)
# Problematic frame:
# C  [libc.so.6+0x3f894]
#
# Failed to write core dump. Core dumps have been disabled. To enable core dumping, try "ulimit -c unlimited" before starting Java again
#
# If you would like to submit a bug report, please visit:
#   http://bugreport.java.com/bugreport/crash.jsp
# The crash happened outside the Java Virtual Machine in native code.
# See problematic frame for where to report the bug.
#

---------------  T H R E A D  ---------------

Current thread (0x00007f6f6c241800):  JavaThread "AWT-EventQueue-0" [_thread_in_native, id=28823, stack(0x00007f6f331d4000,0x00007f6f332d5000)]

siginfo: si_signo: 11 (SIGSEGV), si_code: 1 (SEGV_MAPERR), si_addr: 0x00000000b155be99

Registers:
RAX=0x00007f6f74cc4420, RBX=0x0000000000000000, RCX=0x0000000000000000, RDX=0x00007f6f5608b37c
RSP=0x00007f6f332d0590, RBP=0x00007f6f332d0a40, RSI=0x00007f6f6c081930, RDI=0x00007f6f566fa020
R8 =0x0000000000000000, R9 =0x00000000b155be99, R10=0x000000000000066f, R11=0x00007f6f74935e70
R12=0x00007f6f332d0a70, R13=0x00007f6f3275da08, R14=0x00007f6f566fa020, R15=0x00007f6f6c241800
RIP=0x00007f6f7493e894, EFLAGS=0x0000000000010206, CSGSFS=0x002b000000000033, ERR=0x0000000000000004
  TRAPNO=0x000000000000000e

Top of Stack: (sp=0x00007f6f332d0590)
0x00007f6f332d0590:   00007f6f7490fff8 00007f6f74cc4420
0x00007f6f332d05a0:   0000000000000000 00000000b155be99
0x00007f6f332d05b0:   0000000000000000 0000000000000001
0x00007f6f332d05c0:   0000000000000278 00007f6f31ad0880
0x00007f6f332d05d0:   00007f6f18067280 0000000000000114
0x00007f6f332d05e0:   00007f6f18067280 00007f6f75309e14
0x00007f6f332d05f0:   00007f6f31ad0880 000000000000066f
0x00007f6f332d0600:   00007f6f7550d9f0 00007f6f74902d80
0x00007f6f332d0610:   00007f6f7490fff8 0000000000000000
0x00007f6f332d0620:   000000000000066f 00007f6f7490fff8
0x00007f6f332d0630:   00007f6f7550d9f0 00007f6f332d06d8
0x00007f6f332d0640:   00007f6f332d06d4 00007f6f75309fe1
0x00007f6f332d0650:   00007f6f18067280 00007f6f31ad9f57
0x00007f6f332d0660:   00007f6f31acc878 00007f6f332d06d8
0x00007f6f332d0670:   000000007c943c6f 0000000001f250f1
0x00007f6f332d0680:   00007f6f0000002f 00007f6f332d07b0
0x00007f6f332d0690:   00007f6f7490fff8 00007f6f74902d80
0x00007f6f332d06a0:   00007f6f332d06d4 00007f6f332d07a0
0x00007f6f332d06b0:   00007f6f6c16b700 00007f6f00000000
0x00007f6f332d06c0:   0000000000000014 00007f6f332d07c0
0x00007f6f332d06d0:   00000000180589d8 0000000000000000
0x00007f6f332d06e0:   0000000000000006 00007f6f180675d8
0x00007f6f332d06f0:   00007f6f332d0840 00007f6f180903c8
0x00007f6f332d0700:   0000000000000000 00007f6f18067280
0x00007f6f332d0710:   00007f6f332d0868 00007f6f7530ab1f
0x00007f6f332d0720:   0000000000000004 00007f6f180903c8
0x00007f6f332d0730:   0000000000000005 0000000000000000
0x00007f6f332d0740:   0000000000000001 00007f6f18067280
0x00007f6f332d0750:   0000000000000005 0000000000000000
0x00007f6f332d0760:   0000000000000001 0000000000000000
0x00007f6f332d0770:   00007f6f180675d8 00007f6f332d07b0
0x00007f6f332d0780:   00000001332d07b4 00007f6f332d07a0 

Instructions: (pc=0x00007f6f7493e894)
0x00007f6f7493e874:   44 24 18 48 c7 84 24 88 00 00 00 00 00 00 00 4c
0x00007f6f7493e884:   8d 48 ff 48 8b 44 24 08 48 8b 50 68 49 83 c1 01
0x00007f6f7493e894:   49 0f be 01 f6 44 42 01 20 49 89 c5 75 ee 3c 2d
0x00007f6f7493e8a4:   0f 84 6a 04 00 00 3c 2b c7 44 24 20 00 00 00 00 

Register to memory mapping:

RAX=0x00007f6f74cc4420: <offset 0x3c5420> in /lib/x86_64-linux-gnu/libc.so.6 at 0x00007f6f748ff000
RBX=0x0000000000000000 is an unknown value
RCX=0x0000000000000000 is an unknown value
RDX=0x00007f6f5608b37c is an unknown value
RSP=0x00007f6f332d0590 is pointing into the stack for thread: 0x00007f6f6c241800
RBP=0x00007f6f332d0a40 is pointing into the stack for thread: 0x00007f6f6c241800
RSI=0x00007f6f6c081930 is an unknown value
RDI=0x00007f6f566fa020 is an unknown value
R8 =0x0000000000000000 is an unknown value
R9 =0x00000000b155be99 is an unknown value
R10=0x000000000000066f is an unknown value
R11=0x00007f6f74935e70: atof+0 in /lib/x86_64-linux-gnu/libc.so.6 at 0x00007f6f748ff000
R12=0x00007f6f332d0a70 is pointing into the stack for thread: 0x00007f6f6c241800
R13={method} {0x00007f6f3275da08} 'run_analysis' '(Ljava/lang/String;)Ljava/lang/String;' in 'org/jni/InterfaceJNI'
R14=0x00007f6f566fa020 is an unknown value
R15=0x00007f6f6c241800 is a thread


Stack: [0x00007f6f331d4000,0x00007f6f332d5000],  sp=0x00007f6f332d0590,  free space=1009k
Native frames: (J=compiled Java code, j=interpreted, Vv=VM code, C=native code)
C  [libc.so.6+0x3f894]
C  [libsimulation_jni.so+0x1667b]  Circuit::add_element(std::vector<std::__cxx11::basic_string<char, std::char_traits<char>, std::allocator<char> >, std::allocator<std::__cxx11::basic_string<char, std::char_traits<char>, std::allocator<char> > > >)+0xbb
C  [libsimulation_jni.so+0x21616]  Simulator::parser_simulator(std::basic_ifstream<char, std::char_traits<char> >&)+0x402
C  [libsimulation_jni.so+0x211aa]  Simulator::Simulator(std::basic_ifstream<char, std::char_traits<char> >&, Simulation*)+0x32
C  [libsimulation_jni.so+0x1d817]  Java_org_jni_InterfaceJNI_run_1analysis+0xfd
j  org.jni.InterfaceJNI.run_analysis(Ljava/lang/String;)Ljava/lang/String;+0
j  org.gui.MainWindow.actionPerformed(Ljava/awt/event/ActionEvent;)V+112
j  javax.swing.AbstractButton.fireActionPerformed(Ljava/awt/event/ActionEvent;)V+83
j  javax.swing.AbstractButton$Handler.actionPerformed(Ljava/awt/event/ActionEvent;)V+5
j  javax.swing.DefaultButtonModel.fireActionPerformed(Ljava/awt/event/ActionEvent;)V+34
j  javax.swing.DefaultButtonModel.setPressed(Z)V+117
j  javax.swing.plaf.basic.BasicButtonListener.mouseReleased(Ljava/awt/event/MouseEvent;)V+35
j  java.awt.AWTEventMulticaster.mouseReleased(Ljava/awt/event/MouseEvent;)V+8
j  java.awt.Component.processMouseEvent(Ljava/awt/event/MouseEvent;)V+64
j  javax.swing.JComponent.processMouseEvent(Ljava/awt/event/MouseEvent;)V+23
J 1191 C1 java.awt.Component.processEvent(Ljava/awt/AWTEvent;)V (220 bytes) @ 0x00007f6f5d414a9c [0x00007f6f5d414580+0x51c]
J 1303 C1 java.awt.Container.processEvent(Ljava/awt/AWTEvent;)V (22 bytes) @ 0x00007f6f5d48ba04 [0x00007f6f5d48b6e0+0x324]
J 1159 C1 java.awt.Component.dispatchEventImpl(Ljava/awt/AWTEvent;)V (883 bytes) @ 0x00007f6f5d3f55bc [0x00007f6f5d3f0140+0x547c]
J 1062 C1 java.awt.Container.dispatchEventImpl(Ljava/awt/AWTEvent;)V (129 bytes) @ 0x00007f6f5d399b24 [0x00007f6f5d3999e0+0x144]
J 1310 C1 java.awt.LightweightDispatcher.retargetMouseEvent(Ljava/awt/Component;ILjava/awt/event/MouseEvent;)V (350 bytes) @ 0x00007f6f5d491df4 [0x00007f6f5d48f8a0+0x2554]
J 1498 C1 java.awt.LightweightDispatcher.processMouseEvent(Ljava/awt/event/MouseEvent;)Z (286 bytes) @ 0x00007f6f5d50eabc [0x00007f6f5d50d3c0+0x16fc]
J 1318 C1 java.awt.LightweightDispatcher.dispatchEvent(Ljava/awt/AWTEvent;)Z (73 bytes) @ 0x00007f6f5d49e4f4 [0x00007f6f5d49e0c0+0x434]
J 1062 C1 java.awt.Container.dispatchEventImpl(Ljava/awt/AWTEvent;)V (129 bytes) @ 0x00007f6f5d399ac4 [0x00007f6f5d3999e0+0xe4]
J 1323 C1 java.awt.Window.dispatchEventImpl(Ljava/awt/AWTEvent;)V (23 bytes) @ 0x00007f6f5d4a5684 [0x00007f6f5d4a50a0+0x5e4]
J 1212 C1 java.awt.EventQueue.dispatchEventImpl(Ljava/awt/AWTEvent;Ljava/lang/Object;)V (149 bytes) @ 0x00007f6f5d424ff4 [0x00007f6f5d4237c0+0x1834]
J 1210 C1 java.awt.EventQueue$3.run()Ljava/lang/Void; (60 bytes) @ 0x00007f6f5d422bc4 [0x00007f6f5d4229c0+0x204]
J 1209 C1 java.awt.EventQueue$3.run()Ljava/lang/Object; (5 bytes) @ 0x00007f6f5d41f10c [0x00007f6f5d41f080+0x8c]
v  ~StubRoutines::call_stub
V  [libjvm.so+0x693e76]  JavaCalls::call_helper(JavaValue*, methodHandle*, JavaCallArguments*, Thread*)+0x1056
V  [libjvm.so+0x72d14c]  JVM_DoPrivileged+0x27c
J 319  java.security.AccessController.doPrivileged(Ljava/security/PrivilegedAction;Ljava/security/AccessControlContext;)Ljava/lang/Object; (0 bytes) @ 0x00007f6f5d1c5415 [0x00007f6f5d1c5340+0xd5]
J 1240 C1 java.awt.EventQueue$4.run()Ljava/lang/Object; (5 bytes) @ 0x00007f6f5d458ca4 [0x00007f6f5d458880+0x424]
v  ~StubRoutines::call_stub
V  [libjvm.so+0x693e76]  JavaCalls::call_helper(JavaValue*, methodHandle*, JavaCallArguments*, Thread*)+0x1056
V  [libjvm.so+0x72d14c]  JVM_DoPrivileged+0x27c
J 319  java.security.AccessController.doPrivileged(Ljava/security/PrivilegedAction;Ljava/security/AccessControlContext;)Ljava/lang/Object; (0 bytes) @ 0x00007f6f5d1c5415 [0x00007f6f5d1c5340+0xd5]
J 1133 C1 java.awt.EventQueue.dispatchEvent(Ljava/awt/AWTEvent;)V (80 bytes) @ 0x00007f6f5d3c1cb4 [0x00007f6f5d3c0e40+0xe74]
J 1275 C1 java.awt.EventDispatchThread.pumpOneEventForFilters(I)V (295 bytes) @ 0x00007f6f5d472814 [0x00007f6f5d470cc0+0x1b54]
j  java.awt.EventDispatchThread.pumpEventsForFilter(ILjava/awt/Conditional;Ljava/awt/EventFilter;)V+35
j  java.awt.EventDispatchThread.pumpEventsForHierarchy(ILjava/awt/Conditional;Ljava/awt/Component;)V+11
j  java.awt.EventDispatchThread.pumpEvents(ILjava/awt/Conditional;)V+4
j  java.awt.EventDispatchThread.pumpEvents(Ljava/awt/Conditional;)V+3
j  java.awt.EventDispatchThread.run()V+9
v  ~StubRoutines::call_stub
V  [libjvm.so+0x693e76]  JavaCalls::call_helper(JavaValue*, methodHandle*, JavaCallArguments*, Thread*)+0x1056
V  [libjvm.so+0x694381]  JavaCalls::call_virtual(JavaValue*, KlassHandle, Symbol*, Symbol*, JavaCallArguments*, Thread*)+0x321
V  [libjvm.so+0x694827]  JavaCalls::call_virtual(JavaValue*, Handle, KlassHandle, Symbol*, Symbol*, Thread*)+0x47
V  [libjvm.so+0x72fbb0]  thread_entry(JavaThread*, Thread*)+0xa0
V  [libjvm.so+0xa79b53]  JavaThread::thread_main_inner()+0x103
V  [libjvm.so+0xa79c9c]  JavaThread::run()+0x11c
V  [libjvm.so+0x92a728]  java_start(Thread*)+0x108
C  [libpthread.so.0+0x76ba]  start_thread+0xca

Java frames: (J=compiled Java code, j=interpreted, Vv=VM code)
j  org.jni.InterfaceJNI.run_analysis(Ljava/lang/String;)Ljava/lang/String;+0
j  org.gui.MainWindow.actionPerformed(Ljava/awt/event/ActionEvent;)V+112
j  javax.swing.AbstractButton.fireActionPerformed(Ljava/awt/event/ActionEvent;)V+83
j  javax.swing.AbstractButton$Handler.actionPerformed(Ljava/awt/event/ActionEvent;)V+5
j  javax.swing.DefaultButtonModel.fireActionPerformed(Ljava/awt/event/ActionEvent;)V+34
j  javax.swing.DefaultButtonModel.setPressed(Z)V+117
j  javax.swing.plaf.basic.BasicButtonListener.mouseReleased(Ljava/awt/event/MouseEvent;)V+35
j  java.awt.AWTEventMulticaster.mouseReleased(Ljava/awt/event/MouseEvent;)V+8
j  java.awt.Component.processMouseEvent(Ljava/awt/event/MouseEvent;)V+64
j  javax.swing.JComponent.processMouseEvent(Ljava/awt/event/MouseEvent;)V+23
J 1191 C1 java.awt.Component.processEvent(Ljava/awt/AWTEvent;)V (220 bytes) @ 0x00007f6f5d414a9c [0x00007f6f5d414580+0x51c]
J 1303 C1 java.awt.Container.processEvent(Ljava/awt/AWTEvent;)V (22 bytes) @ 0x00007f6f5d48ba04 [0x00007f6f5d48b6e0+0x324]
J 1159 C1 java.awt.Component.dispatchEventImpl(Ljava/awt/AWTEvent;)V (883 bytes) @ 0x00007f6f5d3f55bc [0x00007f6f5d3f0140+0x547c]
J 1062 C1 java.awt.Container.dispatchEventImpl(Ljava/awt/AWTEvent;)V (129 bytes) @ 0x00007f6f5d399b24 [0x00007f6f5d3999e0+0x144]
J 1310 C1 java.awt.LightweightDispatcher.retargetMouseEvent(Ljava/awt/Component;ILjava/awt/event/MouseEvent;)V (350 bytes) @ 0x00007f6f5d491df4 [0x00007f6f5d48f8a0+0x2554]
J 1498 C1 java.awt.LightweightDispatcher.processMouseEvent(Ljava/awt/event/MouseEvent;)Z (286 bytes) @ 0x00007f6f5d50eabc [0x00007f6f5d50d3c0+0x16fc]
J 1318 C1 java.awt.LightweightDispatcher.dispatchEvent(Ljava/awt/AWTEvent;)Z (73 bytes) @ 0x00007f6f5d49e4f4 [0x00007f6f5d49e0c0+0x434]
J 1062 C1 java.awt.Container.dispatchEventImpl(Ljava/awt/AWTEvent;)V (129 bytes) @ 0x00007f6f5d399ac4 [0x00007f6f5d3999e0+0xe4]
J 1323 C1 java.awt.Window.dispatchEventImpl(Ljava/awt/AWTEvent;)V (23 bytes) @ 0x00007f6f5d4a5684 [0x00007f6f5d4a50a0+0x5e4]
J 1212 C1 java.awt.EventQueue.dispatchEventImpl(Ljava/awt/AWTEvent;Ljava/lang/Object;)V (149 bytes) @ 0x00007f6f5d424ff4 [0x00007f6f5d4237c0+0x1834]
J 1210 C1 java.awt.EventQueue$3.run()Ljava/lang/Void; (60 bytes) @ 0x00007f6f5d422bc4 [0x00007f6f5d4229c0+0x204]
J 1209 C1 java.awt.EventQueue$3.run()Ljava/lang/Object; (5 bytes) @ 0x00007f6f5d41f10c [0x00007f6f5d41f080+0x8c]
v  ~StubRoutines::call_stub
J 319  java.security.AccessController.doPrivileged(Ljava/security/PrivilegedAction;Ljava/security/AccessControlContext;)Ljava/lang/Object; (0 bytes) @ 0x00007f6f5d1c53a3 [0x00007f6f5d1c5340+0x63]
J 1240 C1 java.awt.EventQueue$4.run()Ljava/lang/Object; (5 bytes) @ 0x00007f6f5d458ca4 [0x00007f6f5d458880+0x424]
v  ~StubRoutines::call_stub
J 319  java.security.AccessController.doPrivileged(Ljava/security/PrivilegedAction;Ljava/security/AccessControlContext;)Ljava/lang/Object; (0 bytes) @ 0x00007f6f5d1c53a3 [0x00007f6f5d1c5340+0x63]
J 1133 C1 java.awt.EventQueue.dispatchEvent(Ljava/awt/AWTEvent;)V (80 bytes) @ 0x00007f6f5d3c1cb4 [0x00007f6f5d3c0e40+0xe74]
J 1275 C1 java.awt.EventDispatchThread.pumpOneEventForFilters(I)V (295 bytes) @ 0x00007f6f5d472814 [0x00007f6f5d470cc0+0x1b54]
j  java.awt.EventDispatchThread.pumpEventsForFilter(ILjava/awt/Conditional;Ljava/awt/EventFilter;)V+35
j  java.awt.EventDispatchThread.pumpEventsForHierarchy(ILjava/awt/Conditional;Ljava/awt/Component;)V+11
j  java.awt.EventDispatchThread.pumpEvents(ILjava/awt/Conditional;)V+4
j  java.awt.EventDispatchThread.pumpEvents(Ljava/awt/Conditional;)V+3
j  java.awt.EventDispatchThread.run()V+9
v  ~StubRoutines::call_stub

---------------  P R O C E S S  ---------------

Java Threads: ( => current thread )
  0x00007f6f18041800 JavaThread "TimerQueue" daemon [_thread_blocked, id=28825, stack(0x00007f6f336d7000,0x00007f6f337d8000)]
  0x00007f6f6c009800 JavaThread "DestroyJavaVM" [_thread_blocked, id=28807, stack(0x00007f6f75409000,0x00007f6f7550a000)]
=>0x00007f6f6c241800 JavaThread "AWT-EventQueue-0" [_thread_in_native, id=28823, stack(0x00007f6f331d4000,0x00007f6f332d5000)]
  0x00007f6f6c240000 JavaThread "AWT-Shutdown" [_thread_blocked, id=28822, stack(0x00007f6f332d5000,0x00007f6f333d6000)]
  0x00007f6f6c1f4800 JavaThread "AWT-XAWT" daemon [_thread_in_native, id=28819, stack(0x00007f6f337d8000,0x00007f6f338d9000)]
  0x00007f6f6c1d2000 JavaThread "Java2D Disposer" daemon [_thread_blocked, id=28818, stack(0x00007f6f33ce9000,0x00007f6f33dea000)]
  0x00007f6f6c0b9800 JavaThread "Service Thread" daemon [_thread_blocked, id=28816, stack(0x00007f6f55aec000,0x00007f6f55bed000)]
  0x00007f6f6c0b7000 JavaThread "C1 CompilerThread1" daemon [_thread_blocked, id=28815, stack(0x00007f6f55bed000,0x00007f6f55cee000)]
  0x00007f6f6c0b4000 JavaThread "C2 CompilerThread0" daemon [_thread_in_native, id=28814, stack(0x00007f6f55cee000,0x00007f6f55def000)]
  0x00007f6f6c0b2800 JavaThread "Signal Dispatcher" daemon [_thread_blocked, id=28813, stack(0x00007f6f55def000,0x00007f6f55ef0000)]
  0x00007f6f6c07f800 JavaThread "Finalizer" daemon [_thread_blocked, id=28812, stack(0x00007f6f579d9000,0x00007f6f57ada000)]
  0x00007f6f6c07b000 JavaThread "Reference Handler" daemon [_thread_blocked, id=28811, stack(0x00007f6f57ada000,0x00007f6f57bdb000)]

Other Threads:
  0x00007f6f6c073800 VMThread [stack: 0x00007f6f57bdb000,0x00007f6f57cdc000] [id=28810]
  0x00007f6f6c0bd000 WatcherThread [stack: 0x00007f6f559eb000,0x00007f6f55aec000] [id=28817]

VM state:not at safepoint (normal execution)

VM Mutex/Monitor currently owned by a thread: None

Heap:
 PSYoungGen      total 16384K, used 5552K [0x00000000ee500000, 0x00000000f0500000, 0x0000000100000000)
  eden space 14336K, 24% used [0x00000000ee500000,0x00000000ee8739b8,0x00000000ef300000)
  from space 2048K, 98% used [0x00000000f0300000,0x00000000f04f8830,0x00000000f0500000)
  to   space 2048K, 0% used [0x00000000ef300000,0x00000000ef300000,0x00000000ef500000)
 ParOldGen       total 36864K, used 5675K [0x00000000cae00000, 0x00000000cd200000, 0x00000000ee500000)
  object space 36864K, 15% used [0x00000000cae00000,0x00000000cb38ae70,0x00000000cd200000)
 Metaspace       used 16133K, capacity 16406K, committed 16768K, reserved 1064960K
  class space    used 1972K, capacity 2067K, committed 2176K, reserved 1048576K

Card table byte_map: [0x00007f6f71ff6000,0x00007f6f721a0000] byte_map_base: 0x00007f6f7199f000

Marking Bits: (ParMarkBitMap*) 0x00007f6f748d1f80
 Begin Bits: [0x00007f6f70248000, 0x00007f6f70f90000)
 End Bits:   [0x00007f6f70f90000, 0x00007f6f71cd8000)

Polling page: 0x00007f6f75522000

CodeCache: size=245760Kb used=6271Kb max_used=6271Kb free=239489Kb
 bounds [0x00007f6f5d000000, 0x00007f6f5d630000, 0x00007f6f6c000000]
 total_blobs=2454 nmethods=1870 adapters=498
 compilation: enabled

Compilation events (10 events):
Event: 62,337 Thread 0x00007f6f6c0b7000 1981       3       javax.swing.DefaultButtonModel::isRollover (16 bytes)
Event: 62,338 Thread 0x00007f6f6c0b7000 nmethod 1981 0x00007f6f5d621410 code [0x00007f6f5d621580, 0x00007f6f5d621730]
Event: 62,338 Thread 0x00007f6f6c0b7000 1982       3       javax.swing.plaf.basic.BasicButtonListener::propertyChange (80 bytes)
Event: 62,341 Thread 0x00007f6f6c0b7000 nmethod 1982 0x00007f6f5d625a90 code [0x00007f6f5d625ca0, 0x00007f6f5d6269c8]
Event: 62,341 Thread 0x00007f6f6c0b7000 1983       3       java.util.WeakHashMap::getTable (9 bytes)
Event: 62,342 Thread 0x00007f6f6c0b7000 nmethod 1983 0x00007f6f5d621050 code [0x00007f6f5d6211c0, 0x00007f6f5d621368]
Event: 62,480 Thread 0x00007f6f6c0b7000 1984       3       java.nio.ByteBuffer::arrayOffset (35 bytes)
Event: 62,481 Thread 0x00007f6f6c0b7000 nmethod 1984 0x00007f6f5d625490 code [0x00007f6f5d625620, 0x00007f6f5d625938]
Event: 62,493 Thread 0x00007f6f6c0b7000 1986       3       java.io.File::exists (43 bytes)
Event: 62,494 Thread 0x00007f6f6c0b7000 nmethod 1986 0x00007f6f5d624d50 code [0x00007f6f5d624f00, 0x00007f6f5d625368]

GC Heap History (4 events):
Event: 6,514 GC heap before
{Heap before GC invocations=1 (full 0):
 PSYoungGen      total 16384K, used 14326K [0x00000000ee500000, 0x00000000ef700000, 0x0000000100000000)
  eden space 14336K, 99% used [0x00000000ee500000,0x00000000ef2fdad8,0x00000000ef300000)
  from space 2048K, 0% used [0x00000000ef500000,0x00000000ef500000,0x00000000ef700000)
  to   space 2048K, 0% used [0x00000000ef300000,0x00000000ef300000,0x00000000ef500000)
 ParOldGen       total 36864K, used 0K [0x00000000cae00000, 0x00000000cd200000, 0x00000000ee500000)
  object space 36864K, 0% used [0x00000000cae00000,0x00000000cae00000,0x00000000cd200000)
 Metaspace       used 12785K, capacity 13036K, committed 13440K, reserved 1060864K
  class space    used 1517K, capacity 1586K, committed 1664K, reserved 1048576K
Event: 6,595 GC heap after
Heap after GC invocations=1 (full 0):
 PSYoungGen      total 16384K, used 2048K [0x00000000ee500000, 0x00000000f0500000, 0x0000000100000000)
  eden space 14336K, 0% used [0x00000000ee500000,0x00000000ee500000,0x00000000ef300000)
  from space 2048K, 100% used [0x00000000ef300000,0x00000000ef500000,0x00000000ef500000)
  to   space 2048K, 0% used [0x00000000f0300000,0x00000000f0300000,0x00000000f0500000)
 ParOldGen       total 36864K, used 3058K [0x00000000cae00000, 0x00000000cd200000, 0x00000000ee500000)
  object space 36864K, 8% used [0x00000000cae00000,0x00000000cb0fca48,0x00000000cd200000)
 Metaspace       used 12785K, capacity 13036K, committed 13440K, reserved 1060864K
  class space    used 1517K, capacity 1586K, committed 1664K, reserved 1048576K
}
Event: 45,752 GC heap before
{Heap before GC invocations=2 (full 0):
 PSYoungGen      total 16384K, used 16384K [0x00000000ee500000, 0x00000000f0500000, 0x0000000100000000)
  eden space 14336K, 100% used [0x00000000ee500000,0x00000000ef300000,0x00000000ef300000)
  from space 2048K, 100% used [0x00000000ef300000,0x00000000ef500000,0x00000000ef500000)
  to   space 2048K, 0% used [0x00000000f0300000,0x00000000f0300000,0x00000000f0500000)
 ParOldGen       total 36864K, used 3058K [0x00000000cae00000, 0x00000000cd200000, 0x00000000ee500000)
  object space 36864K, 8% used [0x00000000cae00000,0x00000000cb0fca48,0x00000000cd200000)
 Metaspace       used 14870K, capacity 15184K, committed 15488K, reserved 1062912K
  class space    used 1729K, capacity 1810K, committed 1920K, reserved 1048576K
Event: 45,804 GC heap after
Heap after GC invocations=2 (full 0):
 PSYoungGen      total 16384K, used 2018K [0x00000000ee500000, 0x00000000f0500000, 0x0000000100000000)
  eden space 14336K, 0% used [0x00000000ee500000,0x00000000ee500000,0x00000000ef300000)
  from space 2048K, 98% used [0x00000000f0300000,0x00000000f04f8830,0x00000000f0500000)
  to   space 2048K, 0% used [0x00000000ef300000,0x00000000ef300000,0x00000000ef500000)
 ParOldGen       total 36864K, used 5675K [0x00000000cae00000, 0x00000000cd200000, 0x00000000ee500000)
  object space 36864K, 15% used [0x00000000cae00000,0x00000000cb38ae70,0x00000000cd200000)
 Metaspace       used 14870K, capacity 15184K, committed 15488K, reserved 1062912K
  class space    used 1729K, capacity 1810K, committed 1920K, reserved 1048576K
}

Deoptimization events (9 events):
Event: 4,694 Thread 0x00007f6f6c009800 Uncommon trap: reason=unstable_if action=reinterpret pc=0x00007f6f5d2182d4 method=java.lang.String.<init>([CII)V @ 18
Event: 6,731 Thread 0x00007f6f6c009800 Uncommon trap: reason=unstable_if action=reinterpret pc=0x00007f6f5d2dd804 method=java.lang.CharacterData.of(I)Ljava/lang/CharacterData; @ 4
Event: 16,479 Thread 0x00007f6f6c241800 Uncommon trap: reason=class_check action=maybe_recompile pc=0x00007f6f5d171530 method=java.lang.String.equals(Ljava/lang/Object;)Z @ 8
Event: 40,913 Thread 0x00007f6f6c241800 Uncommon trap: reason=class_check action=maybe_recompile pc=0x00007f6f5d171530 method=java.lang.String.equals(Ljava/lang/Object;)Z @ 8
Event: 40,913 Thread 0x00007f6f6c241800 Uncommon trap: reason=class_check action=maybe_recompile pc=0x00007f6f5d171530 method=java.lang.String.equals(Ljava/lang/Object;)Z @ 8
Event: 40,914 Thread 0x00007f6f6c241800 Uncommon trap: reason=class_check action=maybe_recompile pc=0x00007f6f5d171530 method=java.lang.String.equals(Ljava/lang/Object;)Z @ 8
Event: 45,812 Thread 0x00007f6f6c241800 Uncommon trap: reason=null_check action=make_not_entrant pc=0x00007f6f5d342114 method=java.lang.StringCoding.decode(Ljava/lang/String;[BII)[C @ 6
Event: 45,944 Thread 0x00007f6f6c241800 Uncommon trap: reason=unstable_if action=reinterpret pc=0x00007f6f5d4fcf94 method=java.security.AccessControlContext.optimize()Ljava/security/AccessControlContext; @ 220
Event: 46,142 Thread 0x00007f6f6c241800 Uncommon trap: reason=unstable_if action=reinterpret pc=0x00007f6f5d29bec0 method=java.io.UnixFileSystem.normalize(Ljava/lang/String;)Ljava/lang/String; @ 60

Internal exceptions (10 events):
Event: 0,311 Thread 0x00007f6f6c009800 Exception <a 'java/lang/NoSuchMethodError': Method sun.misc.Unsafe.prefetchRead(Ljava/lang/Object;J)V name or signature does not match> (0x00000000ee507f90) thrown at [/HUDSON/workspace/8-2-build-linux-amd64/jdk8u151/9699/hotspot/src/share/vm/prims/jni.cp
Event: 0,954 Thread 0x00007f6f6c009800 Exception <a 'java/security/PrivilegedActionException'> (0x00000000ee5de618) thrown at [/HUDSON/workspace/8-2-build-linux-amd64/jdk8u151/9699/hotspot/src/share/vm/prims/jvm.cpp, line 1390]
Event: 0,954 Thread 0x00007f6f6c009800 Exception <a 'java/security/PrivilegedActionException'> (0x00000000ee5de828) thrown at [/HUDSON/workspace/8-2-build-linux-amd64/jdk8u151/9699/hotspot/src/share/vm/prims/jvm.cpp, line 1390]
Event: 0,960 Thread 0x00007f6f6c009800 Exception <a 'java/security/PrivilegedActionException'> (0x00000000ee5e0c90) thrown at [/HUDSON/workspace/8-2-build-linux-amd64/jdk8u151/9699/hotspot/src/share/vm/prims/jvm.cpp, line 1390]
Event: 0,961 Thread 0x00007f6f6c009800 Exception <a 'java/security/PrivilegedActionException'> (0x00000000ee5e0ea0) thrown at [/HUDSON/workspace/8-2-build-linux-amd64/jdk8u151/9699/hotspot/src/share/vm/prims/jvm.cpp, line 1390]
Event: 1,626 Thread 0x00007f6f6c009800 Exception <a 'java/lang/NoSuchFieldError': method resolution failed> (0x00000000ee6b2de8) thrown at [/HUDSON/workspace/8-2-build-linux-amd64/jdk8u151/9699/hotspot/src/share/vm/prims/methodHandles.cpp, line 1146]
Event: 1,680 Thread 0x00007f6f6c009800 Exception <a 'java/lang/NoSuchFieldError': method resolution failed> (0x00000000ee6c05b8) thrown at [/HUDSON/workspace/8-2-build-linux-amd64/jdk8u151/9699/hotspot/src/share/vm/prims/methodHandles.cpp, line 1146]
Event: 1,974 Thread 0x00007f6f6c009800 Exception <a 'java/io/FileNotFoundException'> (0x00000000ee73eec8) thrown at [/HUDSON/workspace/8-2-build-linux-amd64/jdk8u151/9699/hotspot/src/share/vm/prims/jni.cpp, line 709]
Event: 1,974 Thread 0x00007f6f6c009800 Exception <a 'java/io/FileNotFoundException'> (0x00000000ee73f9c8) thrown at [/HUDSON/workspace/8-2-build-linux-amd64/jdk8u151/9699/hotspot/src/share/vm/prims/jni.cpp, line 709]
Event: 45,812 Thread 0x00007f6f6c241800 Implicit null exception at 0x00007f6f5d340f5f to 0x00007f6f5d342105

Events (10 events):
Event: 62,326 Executing VM operation: RevokeBias
Event: 62,326 Executing VM operation: RevokeBias done
Event: 62,373 loading class java/io/PrintWriter
Event: 62,374 loading class java/io/PrintWriter done
Event: 62,430 loading class org/gui/elements/Simulation
Event: 62,430 loading class org/gui/elements/Simulation done
Event: 62,432 loading class java/io/FileWriter
Event: 62,432 loading class java/io/FileWriter done
Event: 62,486 loading class org/jni/InterfaceJNI
Event: 62,486 loading class org/jni/InterfaceJNI done


Dynamic libraries:
00400000-00401000 r-xp 00000000 08:03 1056627                            /usr/lib/jvm/java-8-oracle/bin/java
00600000-00601000 rw-p 00000000 08:03 1056627                            /usr/lib/jvm/java-8-oracle/bin/java
02360000-02381000 rw-p 00000000 00:00 0                                  [heap]
cae00000-cd200000 rw-p 00000000 00:00 0 
cd200000-ee500000 ---p 00000000 00:00 0 
ee500000-f0500000 rw-p 00000000 00:00 0 
f0500000-100000000 ---p 00000000 00:00 0 
100000000-100220000 rw-p 00000000 00:00 0 
100220000-140000000 ---p 00000000 00:00 0 
7f6f18000000-7f6f18364000 rw-p 00000000 00:00 0 
7f6f18364000-7f6f1c000000 ---p 00000000 00:00 0 
7f6f1cfff000-7f6f20000000 rw-p 00000000 00:00 0 
7f6f20000000-7f6f20029000 rw-p 00000000 00:00 0 
7f6f20029000-7f6f24000000 ---p 00000000 00:00 0 
7f6f24000000-7f6f242f0000 rw-p 00000000 00:00 0 
7f6f242f0000-7f6f28000000 ---p 00000000 00:00 0 
7f6f28000000-7f6f28021000 rw-p 00000000 00:00 0 
7f6f28021000-7f6f2c000000 ---p 00000000 00:00 0 
7f6f2c000000-7f6f2c021000 rw-p 00000000 00:00 0 
7f6f2c021000-7f6f30000000 ---p 00000000 00:00 0 
7f6f31749000-7f6f318bb000 r-xp 00000000 08:03 786613                     /usr/lib/x86_64-linux-gnu/libstdc++.so.6.0.21
7f6f318bb000-7f6f31abb000 ---p 00172000 08:03 786613                     /usr/lib/x86_64-linux-gnu/libstdc++.so.6.0.21
7f6f31abb000-7f6f31ac5000 r--p 00172000 08:03 786613                     /usr/lib/x86_64-linux-gnu/libstdc++.so.6.0.21
7f6f31ac5000-7f6f31ac7000 rw-p 0017c000 08:03 786613                     /usr/lib/x86_64-linux-gnu/libstdc++.so.6.0.21
7f6f31ac7000-7f6f31acb000 rw-p 00000000 00:00 0 
7f6f31acb000-7f6f31af6000 r-xp 00000000 08:03 798629                     /usr/lib/libsimulation_jni.so
7f6f31af6000-7f6f31cf5000 ---p 0002b000 08:03 798629                     /usr/lib/libsimulation_jni.so
7f6f31cf5000-7f6f31cf6000 r--p 0002a000 08:03 798629                     /usr/lib/libsimulation_jni.so
7f6f31cf6000-7f6f31cf8000 rw-p 0002b000 08:03 798629                     /usr/lib/libsimulation_jni.so
7f6f31cf8000-7f6f31cff000 r--s 00000000 08:03 655432                     /var/cache/fontconfig/4be9850f182b35c1350b6bbf2e42601c-le64.cache-6
7f6f31cff000-7f6f31d0a000 r--s 00000000 08:03 655447                     /var/cache/fontconfig/945677eb7aeaf62f1d50efc3fb3ec7d8-le64.cache-6
7f6f31d0a000-7f6f31d13000 r--s 00000000 08:03 655451                     /var/cache/fontconfig/a6d8cf8e4ec09cdbc8633c31745a07dd-le64.cache-6
7f6f31d13000-7f6f31d19000 r--s 00000000 08:03 655426                     /var/cache/fontconfig/2cd17615ca594fa2959ae173292e504c-le64.cache-6
7f6f31d19000-7f6f31d1a000 r--s 00000000 08:03 655422                     /var/cache/fontconfig/0d8c3b2ac0904cb8a57a757ad11a4a08-le64.cache-6
7f6f31d1a000-7f6f31d2f000 r--s 00000000 08:03 655414                     /var/cache/fontconfig/04aabc0a78ac019cf9454389977116d2-le64.cache-6
7f6f31d2f000-7f6f31d30000 r--s 00000000 08:03 655424                     /var/cache/fontconfig/1ac9eb803944fde146138c791f5cc56a-le64.cache-6
7f6f31d30000-7f6f31d35000 r--s 00000000 08:03 655469                     /var/cache/fontconfig/eb48934c523a49add3824bfad8846c40-le64.cache-6
7f6f31d35000-7f6f31d3a000 r--s 00000000 08:03 655430                     /var/cache/fontconfig/385c0604a188198f04d133e54aba7fe7-le64.cache-6
7f6f31d3a000-7f6f31d3b000 r--s 00000000 08:03 655464                     /var/cache/fontconfig/dc05db6664285cc2f12bf69c139ae4c3-le64.cache-6
7f6f31d3b000-7f6f31d3f000 r--s 00000000 08:03 655470                     /var/cache/fontconfig/f0b0891f3a988e97b2aa7c076a1430f3-le64.cache-6
7f6f31d3f000-7f6f31d41000 r--s 00000000 08:03 655441                     /var/cache/fontconfig/6adb16404e170b9523f41c0701dd4690-le64.cache-6
7f6f31d41000-7f6f31d45000 r--s 00000000 08:03 655444                     /var/cache/fontconfig/7b79abe4499501fcd4e4826394083a53-le64.cache-6
7f6f31d45000-7f6f31d48000 r--s 00000000 08:03 655431                     /var/cache/fontconfig/3a9914ff62a69b32234685a84fdc926d-le64.cache-6
7f6f31d48000-7f6f31d4b000 r--s 00000000 08:03 655443                     /var/cache/fontconfig/767a8244fc0220cfb567a839d0392e0b-le64.cache-6
7f6f31d4b000-7f6f31d4f000 r--s 00000000 08:03 655468                     /var/cache/fontconfig/ea32c683f96734b73b6a7acf745d6442-le64.cache-6
7f6f31d4f000-7f6f31d8f000 r--s 00000000 08:03 655420                     /var/cache/fontconfig/0bd3dc0958fa2205aaaa8ebb13e2872b-le64.cache-6
7f6f31d8f000-7f6f31d95000 r--s 00000000 08:03 655446                     /var/cache/fontconfig/8801497958630a81b71ace7c5f9b32a8-le64.cache-6
7f6f31d95000-7f6f31dd0000 r--s 00000000 08:03 665021                     /var/cache/fontconfig/365b55f210c0a22e9a19e35191240f32-le64.cache-6
7f6f31dd0000-7f6f31dd7000 r--s 00000000 08:03 655427                     /var/cache/fontconfig/3047814df9a2f067bd2d96a2b9c36e5a-le64.cache-6
7f6f31f12000-7f6f31f52000 rw-p 00000000 00:00 0 
7f6f31f52000-7f6f32115000 ---p 00000000 00:00 0 
7f6f32115000-7f6f32213000 rw-p 00000000 00:00 0 
7f6f32213000-7f6f32216000 ---p 00000000 00:00 0 
7f6f32216000-7f6f32314000 rw-p 00000000 00:00 0 
7f6f32314000-7f6f32327000 r--s 00345000 08:03 1316538                    /usr/lib/jvm/java-8-oracle/jre/lib/resources.jar
7f6f32327000-7f6f32351000 r-xp 00000000 08:03 1444477                    /usr/lib/jvm/java-8-oracle/jre/lib/amd64/libdcpr.so
7f6f32351000-7f6f32551000 ---p 0002a000 08:03 1444477                    /usr/lib/jvm/java-8-oracle/jre/lib/amd64/libdcpr.so
7f6f32551000-7f6f32554000 rw-p 0002a000 08:03 1444477                    /usr/lib/jvm/java-8-oracle/jre/lib/amd64/libdcpr.so
7f6f32554000-7f6f32729000 rw-s 00000000 00:05 692813835                  /SYSV00000000 (deleted)
7f6f32729000-7f6f32929000 rw-p 00000000 00:00 0 
7f6f3292c000-7f6f32b2c000 rw-p 00000000 00:00 0 
7f6f32b2c000-7f6f32b95000 r-xp 00000000 08:03 1444491                    /usr/lib/jvm/java-8-oracle/jre/lib/amd64/libt2k.so
7f6f32b95000-7f6f32d95000 ---p 00069000 08:03 1444491                    /usr/lib/jvm/java-8-oracle/jre/lib/amd64/libt2k.so
7f6f32d95000-7f6f32d9c000 rw-p 00069000 08:03 1444491                    /usr/lib/jvm/java-8-oracle/jre/lib/amd64/libt2k.so
7f6f32d9c000-7f6f32dac000 rw-p 00000000 00:00 0 
7f6f32dac000-7f6f32dbd000 r-xp 00000000 08:03 1445029                    /usr/lib/jvm/java-8-oracle/jre/lib/amd64/libnio.so
7f6f32dbd000-7f6f32fbc000 ---p 00011000 08:03 1445029                    /usr/lib/jvm/java-8-oracle/jre/lib/amd64/libnio.so
7f6f32fbc000-7f6f32fbd000 rw-p 00010000 08:03 1445029                    /usr/lib/jvm/java-8-oracle/jre/lib/amd64/libnio.so
7f6f32fbd000-7f6f32fd4000 r-xp 00000000 08:03 1445026                    /usr/lib/jvm/java-8-oracle/jre/lib/amd64/libnet.so
7f6f32fd4000-7f6f331d3000 ---p 00017000 08:03 1445026                    /usr/lib/jvm/java-8-oracle/jre/lib/amd64/libnet.so
7f6f331d3000-7f6f331d4000 rw-p 00016000 08:03 1445026                    /usr/lib/jvm/java-8-oracle/jre/lib/amd64/libnet.so
7f6f331d4000-7f6f331d7000 ---p 00000000 00:00 0 
7f6f331d7000-7f6f332d5000 rw-p 00000000 00:00 0 
7f6f332d5000-7f6f332d8000 ---p 00000000 00:00 0 
7f6f332d8000-7f6f335d6000 rw-p 00000000 00:00 0 
7f6f335d6000-7f6f335d9000 ---p 00000000 00:00 0 
7f6f335d9000-7f6f336d7000 rw-p 00000000 00:00 0 
7f6f336d7000-7f6f336da000 ---p 00000000 00:00 0 
7f6f336da000-7f6f337d8000 rw-p 00000000 00:00 0 
7f6f337d8000-7f6f337db000 ---p 00000000 00:00 0 
7f6f337db000-7f6f338d9000 rw-p 00000000 00:00 0 
7f6f338d9000-7f6f338de000 r-xp 00000000 08:03 794414                     /usr/lib/x86_64-linux-gnu/libXfixes.so.3.1.0
7f6f338de000-7f6f33add000 ---p 00005000 08:03 794414                     /usr/lib/x86_64-linux-gnu/libXfixes.so.3.1.0
7f6f33add000-7f6f33ade000 r--p 00004000 08:03 794414                     /usr/lib/x86_64-linux-gnu/libXfixes.so.3.1.0
7f6f33ade000-7f6f33adf000 rw-p 00005000 08:03 794414                     /usr/lib/x86_64-linux-gnu/libXfixes.so.3.1.0
7f6f33adf000-7f6f33ae8000 r-xp 00000000 08:03 794406                     /usr/lib/x86_64-linux-gnu/libXcursor.so.1.0.2
7f6f33ae8000-7f6f33ce7000 ---p 00009000 08:03 794406                     /usr/lib/x86_64-linux-gnu/libXcursor.so.1.0.2
7f6f33ce7000-7f6f33ce8000 r--p 00008000 08:03 794406                     /usr/lib/x86_64-linux-gnu/libXcursor.so.1.0.2
7f6f33ce8000-7f6f33ce9000 rw-p 00009000 08:03 794406                     /usr/lib/x86_64-linux-gnu/libXcursor.so.1.0.2
7f6f33ce9000-7f6f33cec000 ---p 00000000 00:00 0 
7f6f33cec000-7f6f33dea000 rw-p 00000000 00:00 0 
7f6f33dea000-7f6f33e00000 r-xp 00000000 08:03 11014662                   /lib/x86_64-linux-gnu/libgcc_s.so.1
7f6f33e00000-7f6f33fff000 ---p 00016000 08:03 11014662                   /lib/x86_64-linux-gnu/libgcc_s.so.1
7f6f33fff000-7f6f34000000 rw-p 00015000 08:03 11014662                   /lib/x86_64-linux-gnu/libgcc_s.so.1
7f6f34000000-7f6f34533000 rw-p 00000000 00:00 0 
7f6f34533000-7f6f38000000 ---p 00000000 00:00 0 
7f6f38000000-7f6f38021000 rw-p 00000000 00:00 0 
7f6f38021000-7f6f3c000000 ---p 00000000 00:00 0 
7f6f3c000000-7f6f3c021000 rw-p 00000000 00:00 0 
7f6f3c021000-7f6f40000000 ---p 00000000 00:00 0 
7f6f40000000-7f6f407ac000 rw-p 00000000 00:00 0 
7f6f407ac000-7f6f44000000 ---p 00000000 00:00 0 
7f6f44000000-7f6f44021000 rw-p 00000000 00:00 0 
7f6f44021000-7f6f48000000 ---p 00000000 00:00 0 
7f6f48000000-7f6f48021000 rw-p 00000000 00:00 0 
7f6f48021000-7f6f4c000000 ---p 00000000 00:00 0 
7f6f4c000000-7f6f4c0a1000 rw-p 00000000 00:00 0 
7f6f4c0a1000-7f6f50000000 ---p 00000000 00:00 0 
7f6f50000000-7f6f50021000 rw-p 00000000 00:00 0 
7f6f50021000-7f6f54000000 ---p 00000000 00:00 0 
7f6f54000000-7f6f54001000 r--s 00000000 08:03 655419                     /var/cache/fontconfig/0b41ebd278d9388cf5d83f81d476c672-le64.cache-6
7f6f54001000-7f6f54002000 r--s 00000000 08:03 655457                     /var/cache/fontconfig/bab58bb527bb656aaa9f116d68a48d89-le64.cache-6
7f6f54002000-7f6f54003000 r--s 00000000 08:03 655452                     /var/cache/fontconfig/b036df7bbb72844893df6bcf5570ea7f-le64.cache-6
7f6f54003000-7f6f54004000 r--s 00000000 08:03 655437                     /var/cache/fontconfig/575107dd7452b4b2b2b1361909925bb4-le64.cache-6
7f6f54004000-7f6f54005000 r--s 00000000 08:03 655435                     /var/cache/fontconfig/56cf4f4769d0f4abc89a4895d7bd3ae1-le64.cache-6
7f6f54005000-7f6f54006000 r--s 00000000 08:03 655456                     /var/cache/fontconfig/b9d506c9ac06c20b433354fa67a72993-le64.cache-6
7f6f54006000-7f6f5400c000 r--s 00000000 08:03 655455                     /var/cache/fontconfig/b47c4e1ecd0709278f4910c18777a504-le64.cache-6
7f6f5400c000-7f6f5400d000 r--s 00000000 08:03 655418                     /var/cache/fontconfig/0b3f2427388044a01a5738fa4b8cc9d1-le64.cache-6
7f6f5400d000-7f6f5400e000 r--s 00000000 08:03 655417                     /var/cache/fontconfig/0941b6d3777f1e64883d36fd6d84a52f-le64.cache-6
7f6f5400e000-7f6f54021000 r--s 00000000 08:03 655461                     /var/cache/fontconfig/d52a8644073d54c13679302ca1180695-le64.cache-6
7f6f54021000-7f6f5402c000 r--s 00000000 08:03 665019                     /var/cache/fontconfig/d589a48862398ed80a3d6066f4f56f4c-le64.cache-6
7f6f5402c000-7f6f54031000 r--s 00000000 08:03 655453                     /var/cache/fontconfig/b25010134a2e462c779c1c1d5ccbff7b-le64.cache-6
7f6f54031000-7f6f5403e000 r--s 00000000 08:03 656583                     /var/cache/fontconfig/089dead882dea3570ffc31a9898cfb69-le64.cache-6
7f6f5403e000-7f6f54050000 r--s 00000000 08:03 655449                     /var/cache/fontconfig/9b89f8e3dae116d678bbf48e5f21f69b-le64.cache-6
7f6f54050000-7f6f5405d000 r--s 00000000 08:03 4724048                    /home/paulo/.cache/fontconfig/e13b20fdb08344e0e664864cc2ede53d-le64.cache-6
7f6f5405d000-7f6f54079000 r--s 00393000 08:03 1316561                    /usr/lib/jvm/java-8-oracle/jre/lib/ext/cldrdata.jar
7f6f54079000-7f6f540de000 r-xp 00000000 08:03 1445007                    /usr/lib/jvm/java-8-oracle/jre/lib/amd64/libfontmanager.so
7f6f540de000-7f6f542dd000 ---p 00065000 08:03 1445007                    /usr/lib/jvm/java-8-oracle/jre/lib/amd64/libfontmanager.so
7f6f542dd000-7f6f542e2000 rw-p 00064000 08:03 1445007                    /usr/lib/jvm/java-8-oracle/jre/lib/amd64/libfontmanager.so
7f6f542e2000-7f6f542f2000 rw-p 00000000 00:00 0 
7f6f542f2000-7f6f54313000 r--p 00000000 08:03 2110781                    /usr/share/locale-langpack/pt_BR/LC_MESSAGES/libc.mo
7f6f54313000-7f6f54318000 r-xp 00000000 08:03 794410                     /usr/lib/x86_64-linux-gnu/libXdmcp.so.6.0.0
7f6f54318000-7f6f54517000 ---p 00005000 08:03 794410                     /usr/lib/x86_64-linux-gnu/libXdmcp.so.6.0.0
7f6f54517000-7f6f54518000 r--p 00004000 08:03 794410                     /usr/lib/x86_64-linux-gnu/libXdmcp.so.6.0.0
7f6f54518000-7f6f54519000 rw-p 00005000 08:03 794410                     /usr/lib/x86_64-linux-gnu/libXdmcp.so.6.0.0
7f6f54519000-7f6f5451b000 r-xp 00000000 08:03 794399                     /usr/lib/x86_64-linux-gnu/libXau.so.6.0.0
7f6f5451b000-7f6f5471b000 ---p 00002000 08:03 794399                     /usr/lib/x86_64-linux-gnu/libXau.so.6.0.0
7f6f5471b000-7f6f5471c000 r--p 00002000 08:03 794399                     /usr/lib/x86_64-linux-gnu/libXau.so.6.0.0
7f6f5471c000-7f6f5471d000 rw-p 00003000 08:03 794399                     /usr/lib/x86_64-linux-gnu/libXau.so.6.0.0
7f6f5471d000-7f6f5473e000 r-xp 00000000 08:03 795658                     /usr/lib/x86_64-linux-gnu/libxcb.so.1.1.0
7f6f5473e000-7f6f5493d000 ---p 00021000 08:03 795658                     /usr/lib/x86_64-linux-gnu/libxcb.so.1.1.0
7f6f5493d000-7f6f5493e000 r--p 00020000 08:03 795658                     /usr/lib/x86_64-linux-gnu/libxcb.so.1.1.0
7f6f5493e000-7f6f5493f000 rw-p 00021000 08:03 795658                     /usr/lib/x86_64-linux-gnu/libxcb.so.1.1.0
7f6f5493f000-7f6f5494e000 r-xp 00000000 08:03 794422                     /usr/lib/x86_64-linux-gnu/libXi.so.6.1.0
7f6f5494e000-7f6f54b4d000 ---p 0000f000 08:03 794422                     /usr/lib/x86_64-linux-gnu/libXi.so.6.1.0
7f6f54b4d000-7f6f54b4e000 r--p 0000e000 08:03 794422                     /usr/lib/x86_64-linux-gnu/libXi.so.6.1.0
7f6f54b4e000-7f6f54b4f000 rw-p 0000f000 08:03 794422                     /usr/lib/x86_64-linux-gnu/libXi.so.6.1.0
7f6f54b4f000-7f6f54b54000 r-xp 00000000 08:03 794440                     /usr/lib/x86_64-linux-gnu/libXtst.so.6.1.0
7f6f54b54000-7f6f54d53000 ---p 00005000 08:03 794440                     /usr/lib/x86_64-linux-gnu/libXtst.so.6.1.0
7f6f54d53000-7f6f54d54000 r--p 00004000 08:03 794440                     /usr/lib/x86_64-linux-gnu/libXtst.so.6.1.0
7f6f54d54000-7f6f54d55000 rw-p 00005000 08:03 794440                     /usr/lib/x86_64-linux-gnu/libXtst.so.6.1.0
7f6f54d55000-7f6f54d5e000 r-xp 00000000 08:03 794434                     /usr/lib/x86_64-linux-gnu/libXrender.so.1.3.0
7f6f54d5e000-7f6f54f5d000 ---p 00009000 08:03 794434                     /usr/lib/x86_64-linux-gnu/libXrender.so.1.3.0
7f6f54f5d000-7f6f54f5e000 r--p 00008000 08:03 794434                     /usr/lib/x86_64-linux-gnu/libXrender.so.1.3.0
7f6f54f5e000-7f6f54f5f000 rw-p 00009000 08:03 794434                     /usr/lib/x86_64-linux-gnu/libXrender.so.1.3.0
7f6f54f5f000-7f6f55094000 r-xp 00000000 08:03 794395                     /usr/lib/x86_64-linux-gnu/libX11.so.6.3.0
7f6f55094000-7f6f55294000 ---p 00135000 08:03 794395                     /usr/lib/x86_64-linux-gnu/libX11.so.6.3.0
7f6f55294000-7f6f55295000 r--p 00135000 08:03 794395                     /usr/lib/x86_64-linux-gnu/libX11.so.6.3.0
7f6f55295000-7f6f55299000 rw-p 00136000 08:03 794395                     /usr/lib/x86_64-linux-gnu/libX11.so.6.3.0
7f6f55299000-7f6f552aa000 r-xp 00000000 08:03 794412                     /usr/lib/x86_64-linux-gnu/libXext.so.6.4.0
7f6f552aa000-7f6f554a9000 ---p 00011000 08:03 794412                     /usr/lib/x86_64-linux-gnu/libXext.so.6.4.0
7f6f554a9000-7f6f554aa000 r--p 00010000 08:03 794412                     /usr/lib/x86_64-linux-gnu/libXext.so.6.4.0
7f6f554aa000-7f6f554ab000 rw-p 00011000 08:03 794412                     /usr/lib/x86_64-linux-gnu/libXext.so.6.4.0
7f6f554ab000-7f6f554ad000 r--s 00000000 08:03 655467                     /var/cache/fontconfig/e8d703157d3641d20c7e900be2e8d091-le64.cache-6
7f6f554ad000-7f6f554af000 r--s 00000000 08:03 655440                     /var/cache/fontconfig/6a6dfed4a7d1e4367ef225093de82110-le64.cache-6
7f6f554af000-7f6f554b3000 r--s 00000000 08:03 655415                     /var/cache/fontconfig/0843ca893a93b5446bad221815920e23-le64.cache-6
7f6f554b3000-7f6f554b6000 r--s 00000000 08:03 655454                     /var/cache/fontconfig/b2d60264172c9fafc2f82e9237d8d959-le64.cache-6
7f6f554b6000-7f6f554c0000 r--s 00116000 08:03 1316568                    /usr/lib/jvm/java-8-oracle/jre/lib/ext/localedata.jar
7f6f554c0000-7f6f55514000 r-xp 00000000 08:03 1445033                    /usr/lib/jvm/java-8-oracle/jre/lib/amd64/libawt_xawt.so
7f6f55514000-7f6f55714000 ---p 00054000 08:03 1445033                    /usr/lib/jvm/java-8-oracle/jre/lib/amd64/libawt_xawt.so
7f6f55714000-7f6f55718000 rw-p 00054000 08:03 1445033                    /usr/lib/jvm/java-8-oracle/jre/lib/amd64/libawt_xawt.so
7f6f55718000-7f6f55719000 rw-p 00000000 00:00 0 
7f6f55719000-7f6f557bb000 r-xp 00000000 08:03 1445019                    /usr/lib/jvm/java-8-oracle/jre/lib/amd64/libawt.so
7f6f557bb000-7f6f559bb000 ---p 000a2000 08:03 1445019                    /usr/lib/jvm/java-8-oracle/jre/lib/amd64/libawt.so
7f6f559bb000-7f6f559c7000 rw-p 000a2000 08:03 1445019                    /usr/lib/jvm/java-8-oracle/jre/lib/amd64/libawt.so
7f6f559c7000-7f6f559eb000 rw-p 00000000 00:00 0 
7f6f559eb000-7f6f559ec000 ---p 00000000 00:00 0 
7f6f559ec000-7f6f55aec000 rw-p 00000000 00:00 0 
7f6f55aec000-7f6f55aef000 ---p 00000000 00:00 0 
7f6f55aef000-7f6f55bed000 rw-p 00000000 00:00 0 
7f6f55bed000-7f6f55bf0000 ---p 00000000 00:00 0 
7f6f55bf0000-7f6f55cee000 rw-p 00000000 00:00 0 
7f6f55cee000-7f6f55cf1000 ---p 00000000 00:00 0 
7f6f55cf1000-7f6f55def000 rw-p 00000000 00:00 0 
7f6f55def000-7f6f55df2000 ---p 00000000 00:00 0 
7f6f55df2000-7f6f55ef0000 rw-p 00000000 00:00 0 
7f6f55ef0000-7f6f579d9000 r--p 00000000 08:03 791802                     /usr/lib/locale/locale-archive
7f6f579d9000-7f6f579dc000 ---p 00000000 00:00 0 
7f6f579dc000-7f6f57ada000 rw-p 00000000 00:00 0 
7f6f57ada000-7f6f57add000 ---p 00000000 00:00 0 
7f6f57add000-7f6f57bdb000 rw-p 00000000 00:00 0 
7f6f57bdb000-7f6f57bdc000 ---p 00000000 00:00 0 
7f6f57bdc000-7f6f58000000 rw-p 00000000 00:00 0 
7f6f58000000-7f6f58021000 rw-p 00000000 00:00 0 
7f6f58021000-7f6f5c000000 ---p 00000000 00:00 0 
7f6f5c000000-7f6f5c627000 rw-p 00000000 00:00 0 
7f6f5c627000-7f6f5c800000 r--s 03d5a000 08:03 1316500                    /usr/lib/jvm/java-8-oracle/jre/lib/rt.jar
7f6f5c800000-7f6f5d000000 rw-p 00000000 00:00 0 
7f6f5d000000-7f6f5d630000 rwxp 00000000 00:00 0 
7f6f5d630000-7f6f6c000000 ---p 00000000 00:00 0 
7f6f6c000000-7f6f6c4f6000 rw-p 00000000 00:00 0 
7f6f6c4f6000-7f6f70000000 ---p 00000000 00:00 0 
7f6f70000000-7f6f70001000 r--s 00000000 08:03 655434                     /var/cache/fontconfig/551ecf3b0e8b0bca0f25c0944f561853-le64.cache-6
7f6f70001000-7f6f70008000 r--s 00000000 08:03 919920                     /usr/lib/x86_64-linux-gnu/gconv/gconv-modules.cache
7f6f70008000-7f6f71cd8000 rw-p 00000000 00:00 0 
7f6f71cd8000-7f6f71cd9000 ---p 00000000 00:00 0 
7f6f71cd9000-7f6f71dd9000 rw-p 00000000 00:00 0 
7f6f71dd9000-7f6f71dda000 ---p 00000000 00:00 0 
7f6f71dda000-7f6f71eec000 rw-p 00000000 00:00 0 
7f6f71eec000-7f6f71ff6000 ---p 00000000 00:00 0 
7f6f71ff6000-7f6f72008000 rw-p 00000000 00:00 0 
7f6f72008000-7f6f72111000 ---p 00000000 00:00 0 
7f6f72111000-7f6f72122000 rw-p 00000000 00:00 0 
7f6f72122000-7f6f7219f000 ---p 00000000 00:00 0 
7f6f7219f000-7f6f721b9000 rw-p 00000000 00:00 0 
7f6f721b9000-7f6f72560000 ---p 00000000 00:00 0 
7f6f72560000-7f6f7257b000 r-xp 00000000 08:03 1445022                    /usr/lib/jvm/java-8-oracle/jre/lib/amd64/libzip.so
7f6f7257b000-7f6f7277b000 ---p 0001b000 08:03 1445022                    /usr/lib/jvm/java-8-oracle/jre/lib/amd64/libzip.so
7f6f7277b000-7f6f7277c000 rw-p 0001b000 08:03 1445022                    /usr/lib/jvm/java-8-oracle/jre/lib/amd64/libzip.so
7f6f7277c000-7f6f72787000 r-xp 00000000 08:03 11014723                   /lib/x86_64-linux-gnu/libnss_files-2.23.so
7f6f72787000-7f6f72986000 ---p 0000b000 08:03 11014723                   /lib/x86_64-linux-gnu/libnss_files-2.23.so
7f6f72986000-7f6f72987000 r--p 0000a000 08:03 11014723                   /lib/x86_64-linux-gnu/libnss_files-2.23.so
7f6f72987000-7f6f72988000 rw-p 0000b000 08:03 11014723                   /lib/x86_64-linux-gnu/libnss_files-2.23.so
7f6f72988000-7f6f7298e000 rw-p 00000000 00:00 0 
7f6f7298e000-7f6f72999000 r-xp 00000000 08:03 11014733                   /lib/x86_64-linux-gnu/libnss_nis-2.23.so
7f6f72999000-7f6f72b98000 ---p 0000b000 08:03 11014733                   /lib/x86_64-linux-gnu/libnss_nis-2.23.so
7f6f72b98000-7f6f72b99000 r--p 0000a000 08:03 11014733                   /lib/x86_64-linux-gnu/libnss_nis-2.23.so
7f6f72b99000-7f6f72b9a000 rw-p 0000b000 08:03 11014733                   /lib/x86_64-linux-gnu/libnss_nis-2.23.so
7f6f72b9a000-7f6f72bb0000 r-xp 00000000 08:03 11014717                   /lib/x86_64-linux-gnu/libnsl-2.23.so
7f6f72bb0000-7f6f72daf000 ---p 00016000 08:03 11014717                   /lib/x86_64-linux-gnu/libnsl-2.23.so
7f6f72daf000-7f6f72db0000 r--p 00015000 08:03 11014717                   /lib/x86_64-linux-gnu/libnsl-2.23.so
7f6f72db0000-7f6f72db1000 rw-p 00016000 08:03 11014717                   /lib/x86_64-linux-gnu/libnsl-2.23.so
7f6f72db1000-7f6f72db3000 rw-p 00000000 00:00 0 
7f6f72db3000-7f6f72dbb000 r-xp 00000000 08:03 11014719                   /lib/x86_64-linux-gnu/libnss_compat-2.23.so
7f6f72dbb000-7f6f72fba000 ---p 00008000 08:03 11014719                   /lib/x86_64-linux-gnu/libnss_compat-2.23.so
7f6f72fba000-7f6f72fbb000 r--p 00007000 08:03 11014719                   /lib/x86_64-linux-gnu/libnss_compat-2.23.so
7f6f72fbb000-7f6f72fbc000 rw-p 00008000 08:03 11014719                   /lib/x86_64-linux-gnu/libnss_compat-2.23.so
7f6f72fbc000-7f6f72fe7000 r-xp 00000000 08:03 1445016                    /usr/lib/jvm/java-8-oracle/jre/lib/amd64/libjava.so
7f6f72fe7000-7f6f731e6000 ---p 0002b000 08:03 1445016                    /usr/lib/jvm/java-8-oracle/jre/lib/amd64/libjava.so
7f6f731e6000-7f6f731e8000 rw-p 0002a000 08:03 1445016                    /usr/lib/jvm/java-8-oracle/jre/lib/amd64/libjava.so
7f6f731e8000-7f6f731f5000 r-xp 00000000 08:03 1445021                    /usr/lib/jvm/java-8-oracle/jre/lib/amd64/libverify.so
7f6f731f5000-7f6f733f5000 ---p 0000d000 08:03 1445021                    /usr/lib/jvm/java-8-oracle/jre/lib/amd64/libverify.so
7f6f733f5000-7f6f733f7000 rw-p 0000d000 08:03 1445021                    /usr/lib/jvm/java-8-oracle/jre/lib/amd64/libverify.so
7f6f733f7000-7f6f733fe000 r-xp 00000000 08:03 11014778                   /lib/x86_64-linux-gnu/librt-2.23.so
7f6f733fe000-7f6f735fd000 ---p 00007000 08:03 11014778                   /lib/x86_64-linux-gnu/librt-2.23.so
7f6f735fd000-7f6f735fe000 r--p 00006000 08:03 11014778                   /lib/x86_64-linux-gnu/librt-2.23.so
7f6f735fe000-7f6f735ff000 rw-p 00007000 08:03 11014778                   /lib/x86_64-linux-gnu/librt-2.23.so
7f6f735ff000-7f6f73707000 r-xp 00000000 08:03 11014694                   /lib/x86_64-linux-gnu/libm-2.23.so
7f6f73707000-7f6f73906000 ---p 00108000 08:03 11014694                   /lib/x86_64-linux-gnu/libm-2.23.so
7f6f73906000-7f6f73907000 r--p 00107000 08:03 11014694                   /lib/x86_64-linux-gnu/libm-2.23.so
7f6f73907000-7f6f73908000 rw-p 00108000 08:03 11014694                   /lib/x86_64-linux-gnu/libm-2.23.so
7f6f73908000-7f6f745db000 r-xp 00000000 08:03 1444999                    /usr/lib/jvm/java-8-oracle/jre/lib/amd64/server/libjvm.so
7f6f745db000-7f6f747da000 ---p 00cd3000 08:03 1444999                    /usr/lib/jvm/java-8-oracle/jre/lib/amd64/server/libjvm.so
7f6f747da000-7f6f748b4000 rw-p 00cd2000 08:03 1444999                    /usr/lib/jvm/java-8-oracle/jre/lib/amd64/server/libjvm.so
7f6f748b4000-7f6f748ff000 rw-p 00000000 00:00 0 
7f6f748ff000-7f6f74abf000 r-xp 00000000 08:03 11014624                   /lib/x86_64-linux-gnu/libc-2.23.so
7f6f74abf000-7f6f74cbf000 ---p 001c0000 08:03 11014624                   /lib/x86_64-linux-gnu/libc-2.23.so
7f6f74cbf000-7f6f74cc3000 r--p 001c0000 08:03 11014624                   /lib/x86_64-linux-gnu/libc-2.23.so
7f6f74cc3000-7f6f74cc5000 rw-p 001c4000 08:03 11014624                   /lib/x86_64-linux-gnu/libc-2.23.so
7f6f74cc5000-7f6f74cc9000 rw-p 00000000 00:00 0 
7f6f74cc9000-7f6f74ccc000 r-xp 00000000 08:03 11014648                   /lib/x86_64-linux-gnu/libdl-2.23.so
7f6f74ccc000-7f6f74ecb000 ---p 00003000 08:03 11014648                   /lib/x86_64-linux-gnu/libdl-2.23.so
7f6f74ecb000-7f6f74ecc000 r--p 00002000 08:03 11014648                   /lib/x86_64-linux-gnu/libdl-2.23.so
7f6f74ecc000-7f6f74ecd000 rw-p 00003000 08:03 11014648                   /lib/x86_64-linux-gnu/libdl-2.23.so
7f6f74ecd000-7f6f74ee3000 r-xp 00000000 08:03 1316320                    /usr/lib/jvm/java-8-oracle/lib/amd64/jli/libjli.so
7f6f74ee3000-7f6f750e2000 ---p 00016000 08:03 1316320                    /usr/lib/jvm/java-8-oracle/lib/amd64/jli/libjli.so
7f6f750e2000-7f6f750e3000 rw-p 00015000 08:03 1316320                    /usr/lib/jvm/java-8-oracle/lib/amd64/jli/libjli.so
7f6f750e3000-7f6f750fb000 r-xp 00000000 08:03 11014770                   /lib/x86_64-linux-gnu/libpthread-2.23.so
7f6f750fb000-7f6f752fa000 ---p 00018000 08:03 11014770                   /lib/x86_64-linux-gnu/libpthread-2.23.so
7f6f752fa000-7f6f752fb000 r--p 00017000 08:03 11014770                   /lib/x86_64-linux-gnu/libpthread-2.23.so
7f6f752fb000-7f6f752fc000 rw-p 00018000 08:03 11014770                   /lib/x86_64-linux-gnu/libpthread-2.23.so
7f6f752fc000-7f6f75300000 rw-p 00000000 00:00 0 
7f6f75300000-7f6f75326000 r-xp 00000000 08:03 11014596                   /lib/x86_64-linux-gnu/ld-2.23.so
7f6f75326000-7f6f75409000 rw-p 00000000 00:00 0 
7f6f75409000-7f6f7540c000 ---p 00000000 00:00 0 
7f6f7540c000-7f6f7550e000 rw-p 00000000 00:00 0 
7f6f7550e000-7f6f7550f000 r--s 00000000 08:03 655428                     /var/cache/fontconfig/30829fa25452a46451e813d634d7f916-le64.cache-6
7f6f7550f000-7f6f75510000 r--s 00000000 08:03 655421                     /var/cache/fontconfig/0c9eb80ebd1c36541ebe2852d3bb0c49-le64.cache-6
7f6f75510000-7f6f75514000 r--s 00000000 08:03 656860                     /var/cache/fontconfig/7ef2298fde41cc6eeb7af42e48b7d293-le64.cache-6
7f6f75514000-7f6f75519000 r--s 002f9000 08:03 1316498                    /usr/lib/jvm/java-8-oracle/jre/lib/charsets.jar
7f6f75519000-7f6f75521000 rw-s 00000000 08:03 925219                     /tmp/hsperfdata_paulo/28802
7f6f75521000-7f6f75522000 rw-p 00000000 00:00 0 
7f6f75522000-7f6f75523000 r--p 00000000 00:00 0 
7f6f75523000-7f6f75525000 rw-p 00000000 00:00 0 
7f6f75525000-7f6f75526000 r--p 00025000 08:03 11014596                   /lib/x86_64-linux-gnu/ld-2.23.so
7f6f75526000-7f6f75527000 rw-p 00026000 08:03 11014596                   /lib/x86_64-linux-gnu/ld-2.23.so
7f6f75527000-7f6f75528000 rw-p 00000000 00:00 0 
7ffeab9ac000-7ffeab9cd000 rw-p 00000000 00:00 0                          [stack]
7ffeab9f1000-7ffeab9f3000 r--p 00000000 00:00 0                          [vvar]
7ffeab9f3000-7ffeab9f5000 r-xp 00000000 00:00 0                          [vdso]
ffffffffff600000-ffffffffff601000 r-xp 00000000 00:00 0                  [vsyscall]

VM Arguments:
jvm_args: -Dfile.encoding=UTF-8 
java_command: org.gui.TrapezoidCircuitSimulator
java_class_path (initial): /home/paulo/Documentos/UEFS/TCC/Cdigo/trapezoidCircuitSimulator/interface_java/CircuitSimulator/build/classes
Launcher Type: SUN_STANDARD

Environment Variables:
PATH=/home/paulo/bin:/home/paulo/.local/bin:/usr/local/sbin:/usr/local/bin:/usr/sbin:/usr/bin:/sbin:/bin:/usr/games:/usr/local/games
LD_LIBRARY_PATH=/usr/lib/jvm/java-8-oracle/jre/lib/amd64:/usr/lib/jvm/java-8-oracle/jre/lib/i386:
SHELL=/bin/bash
DISPLAY=:0

Signal Handlers:
SIGSEGV: [libjvm.so+0xacbe10], sa_mask[0]=11111111011111111101111111111110, sa_flags=SA_RESTART|SA_SIGINFO
SIGBUS: [libjvm.so+0xacbe10], sa_mask[0]=11111111011111111101111111111110, sa_flags=SA_RESTART|SA_SIGINFO
SIGFPE: [libjvm.so+0x924f90], sa_mask[0]=11111111011111111101111111111110, sa_flags=SA_RESTART|SA_SIGINFO
SIGPIPE: [libjvm.so+0x924f90], sa_mask[0]=11111111011111111101111111111110, sa_flags=SA_RESTART|SA_SIGINFO
SIGXFSZ: [libjvm.so+0x924f90], sa_mask[0]=11111111011111111101111111111110, sa_flags=SA_RESTART|SA_SIGINFO
SIGILL: [libjvm.so+0x924f90], sa_mask[0]=11111111011111111101111111111110, sa_flags=SA_RESTART|SA_SIGINFO
SIGUSR1: SIG_DFL, sa_mask[0]=00000000000000000000000000000000, sa_flags=none
SIGUSR2: [libjvm.so+0x9267d0], sa_mask[0]=00100000000000000000000000000000, sa_flags=SA_RESTART|SA_SIGINFO
SIGHUP: [libjvm.so+0x927bd0], sa_mask[0]=11111111011111111101111111111110, sa_flags=SA_RESTART|SA_SIGINFO
SIGINT: SIG_IGN, sa_mask[0]=00000000000000000000000000000000, sa_flags=none
SIGTERM: [libjvm.so+0x927bd0], sa_mask[0]=11111111011111111101111111111110, sa_flags=SA_RESTART|SA_SIGINFO
SIGQUIT: [libjvm.so+0x927bd0], sa_mask[0]=11111111011111111101111111111110, sa_flags=SA_RESTART|SA_SIGINFO


---------------  S Y S T E M  ---------------

OS:DISTRIB_ID="elementary"
DISTRIB_RELEASE=0.4.1
DISTRIB_CODENAME=loki
DISTRIB_DESCRIPTION="elementary OS 0.4.1 Loki"

uname:Linux 4.10.0-38-generic #42~16.04.1-Ubuntu SMP Tue Oct 10 16:32:20 UTC 2017 x86_64
libc:glibc 2.23 NPTL 2.23 
rlimit: STACK 8192k, CORE 0k, NPROC 13407, NOFILE 1048576, AS infinity
load average:3,65 3,39 3,07

/proc/meminfo:
MemTotal:        3476960 kB
MemFree:          212920 kB
MemAvailable:     604756 kB
Buffers:           69884 kB
Cached:           536564 kB
SwapCached:        27236 kB
Active:          2255668 kB
Inactive:         619572 kB
Active(anon):    1849772 kB
Inactive(anon):   468224 kB
Active(file):     405896 kB
Inactive(file):   151348 kB
Unevictable:         616 kB
Mlocked:             616 kB
SwapTotal:      20477948 kB
SwapFree:       20117512 kB
Dirty:               304 kB
Writeback:             0 kB
AnonPages:       2196740 kB
Mapped:           224372 kB
Shmem:             49204 kB
Slab:             111872 kB
SReclaimable:      71004 kB
SUnreclaim:        40868 kB
KernelStack:        9676 kB
PageTables:        43668 kB
NFS_Unstable:          0 kB
Bounce:                0 kB
WritebackTmp:          0 kB
CommitLimit:    22216428 kB
Committed_AS:    6841904 kB
VmallocTotal:   34359738367 kB
VmallocUsed:           0 kB
VmallocChunk:          0 kB
HardwareCorrupted:     0 kB
AnonHugePages:   1153024 kB
ShmemHugePages:        0 kB
ShmemPmdMapped:        0 kB
CmaTotal:              0 kB
CmaFree:               0 kB
HugePages_Total:       0
HugePages_Free:        0
HugePages_Rsvd:        0
HugePages_Surp:        0
Hugepagesize:       2048 kB
DirectMap4k:      589564 kB
DirectMap2M:     3028992 kB
DirectMap1G:           0 kB


CPU:total 2 (initial active 2) (2 cores per cpu, 1 threads per core) family 22 model 0 stepping 1, cmov, cx8, fxsr, mmx, sse, sse2, sse3, ssse3, sse4.1, sse4.2, popcnt, avx, aes, clmul, mmxext, 3dnowpref, lzcnt, sse4a, tsc, tscinvbit, tscinv, bmi1

/proc/cpuinfo:
processor	: 0
vendor_id	: AuthenticAMD
cpu family	: 22
model		: 0
model name	: AMD E1-2100 APU with Radeon(TM) HD Graphics
stepping	: 1
microcode	: 0x700010b
cpu MHz		: 1000.000
cache size	: 1024 KB
physical id	: 0
siblings	: 2
core id		: 0
cpu cores	: 2
apicid		: 0
initial apicid	: 0
fpu		: yes
fpu_exception	: yes
cpuid level	: 13
wp		: yes
flags		: fpu vme de pse tsc msr pae mce cx8 apic sep mtrr pge mca cmov pat pse36 clflush mmx fxsr sse sse2 ht syscall nx mmxext fxsr_opt pdpe1gb rdtscp lm constant_tsc rep_good nopl nonstop_tsc extd_apicid aperfmperf pni pclmulqdq monitor ssse3 cx16 sse4_1 sse4_2 movbe popcnt aes xsave avx f16c lahf_lm cmp_legacy svm extapic cr8_legacy abm sse4a misalignsse 3dnowprefetch osvw ibs skinit wdt topoext perfctr_nb bpext perfctr_l2 hw_pstate proc_feedback vmmcall bmi1 xsaveopt arat npt lbrv svm_lock nrip_save tsc_scale flushbyasid decodeassists pausefilter pfthreshold overflow_recov
bugs		: fxsave_leak sysret_ss_attrs null_seg
bogomips	: 1996.39
TLB size	: 1024 4K pages
clflush size	: 64
cache_alignment	: 64
address sizes	: 40 bits physical, 48 bits virtual
power management: ts ttp tm 100mhzsteps hwpstate proc_feedback

processor	: 1
vendor_id	: AuthenticAMD
cpu family	: 22
model		: 0
model name	: AMD E1-2100 APU with Radeon(TM) HD Graphics
stepping	: 1
microcode	: 0x700010b
cpu MHz		: 900.000
cache size	: 1024 KB
physical id	: 0
siblings	: 2
core id		: 1
cpu cores	: 2
apicid		: 1
initial apicid	: 1
fpu		: yes
fpu_exception	: yes
cpuid level	: 13
wp		: yes
flags		: fpu vme de pse tsc msr pae mce cx8 apic sep mtrr pge mca cmov pat pse36 clflush mmx fxsr sse sse2 ht syscall nx mmxext fxsr_opt pdpe1gb rdtscp lm constant_tsc rep_good nopl nonstop_tsc extd_apicid aperfmperf pni pclmulqdq monitor ssse3 cx16 sse4_1 sse4_2 movbe popcnt aes xsave avx f16c lahf_lm cmp_legacy svm extapic cr8_legacy abm sse4a misalignsse 3dnowprefetch osvw ibs skinit wdt topoext perfctr_nb bpext perfctr_l2 hw_pstate proc_feedback vmmcall bmi1 xsaveopt arat npt lbrv svm_lock nrip_save tsc_scale flushbyasid decodeassists pausefilter pfthreshold overflow_recov
bugs		: fxsave_leak sysret_ss_attrs null_seg
bogomips	: 1996.39
TLB size	: 1024 4K pages
clflush size	: 64
cache_alignment	: 64
address sizes	: 40 bits physical, 48 bits virtual
power management: ts ttp tm 100mhzsteps hwpstate proc_feedback



Memory: 4k page, physical 3476960k(212920k free), swap 20477948k(20117512k free)

vm_info: Java HotSpot(TM) 64-Bit Server VM (25.151-b12) for linux-amd64 JRE (1.8.0_151-b12), built on Sep  5 2017 19:20:58 by "java_re" with gcc 4.3.0 20080428 (Red Hat 4.3.0-8)

time: Sat Nov 18 22:17:41 2017
elapsed time: 62 seconds (0d 0h 1m 2s)

