#
# A fatal error has been detected by the Java Runtime Environment:
#
#  SIGSEGV (0xb) at pc=0x00007f75b4954430, pid=28495, tid=0x00007f75e116a700
#
# JRE version: Java(TM) SE Runtime Environment (8.0_151-b12) (build 1.8.0_151-b12)
# Java VM: Java HotSpot(TM) 64-Bit Server VM (25.151-b12 mixed mode linux-amd64 compressed oops)
# Problematic frame:
# C  [libstdc++.so.6+0x121430]  std::__cxx11::basic_string<char, std::char_traits<char>, std::allocator<char> >::compare(char const*) const+0x10
#
# Failed to write core dump. Core dumps have been disabled. To enable core dumping, try "ulimit -c unlimited" before starting Java again
#
# If you would like to submit a bug report, please visit:
#   http://bugreport.java.com/bugreport/crash.jsp
# The crash happened outside the Java Virtual Machine in native code.
# See problematic frame for where to report the bug.
#

---------------  T H R E A D  ---------------

Current thread (0x00007f7604235000):  JavaThread "AWT-EventQueue-0" [_thread_in_native, id=28517, stack(0x00007f75e106a000,0x00007f75e116b000)]

siginfo: si_signo: 11 (SIGSEGV), si_code: 1 (SEGV_MAPERR), si_addr: 0x0000000000000008

Registers:
RAX=0x0000000000000000, RBX=0x0000000000000001, RCX=0x0000000000000001, RDX=0x00007f75b4bf625a
RSP=0x00007f75e1166a30, RBP=0x00007f75e1166a70, RSI=0x00007f75b4bf625a, RDI=0x0000000000000000
R8 =0x00007f75b8037260, R9 =0x0000000000000001, R10=0x000000000000014f, R11=0x00007f75b4bee3de
R12=0x0000000000000000, R13=0x00007f75b4bf625a, R14=0x00007f75e1167178, R15=0x00007f7604235000
RIP=0x00007f75b4954430, EFLAGS=0x0000000000010206, CSGSFS=0x002b000000000033, ERR=0x0000000000000004
  TRAPNO=0x000000000000000e

Top of Stack: (sp=0x00007f75e1166a30)
0x00007f75e1166a30:   00007f75e1166a50 0000000000000001
0x00007f75e1166a40:   00007f75e1166a70 0000000000000001
0x00007f75e1166a50:   00007f75b80372f0 00007f75b4be9cdf
0x00007f75e1166a60:   00007f75b4bf625a 0000000000000000
0x00007f75e1166a70:   00007f75e1166dd0 00007f75b4bf3501
0x00007f75e1166a80:   0000000000000006 00007f75e1166b80
0x00007f75e1166a90:   00007f75e1166ed0 00007f75e1166e50
0x00007f75e1166aa0:   0000000000000006 00007f75b8049700
0x00007f75e1166ab0:   00007f75b80372b0 0000000000000000
0x00007f75e1166ac0:   00007f75b80372f0 00007f75b80493a0
0x00007f75e1166ad0:   00007f75b80372f0 00007f760b3cab1f
0x00007f75e1166ae0:   00007f75b80372f0 0000000000000000
0x00007f75e1166af0:   00007f75b8037050 ffffffffffffffff
0x00007f75e1166b00:   00007f75b80372b0 00007f75b80372f0
0x00007f75e1166b10:   00007f75b80372f0 0000000000000000
0x00007f75e1166b20:   0000000000000000 0000000000000000
0x00007f75e1166b30:   0000000000000000 00007f75e1166b70
0x00007f75e1166b40:   00007f75b80371a0 00007f75b8037260
0x00007f75e1166b50:   00007f75b8037260 00007f75b4be0736
0x00007f75e1166b60:   00000000ffffffff 00007f75e1166b80
0x00007f75e1166b70:   00007f75b4bd5d20 00007f75b80493a0
0x00007f75e1166b80:   00000000ffffffff 00007f760b3cfac6
0x00007f75e1166b90:   00007f75b4bd4490 00007f75b80493a0
0x00007f75e1166ba0:   00007f75e1166d90 00007f75b4bd4310
0x00007f75e1166bb0:   00007f75e1166d40 00007f760b3d7923
0x00007f75e1166bc0:   0000000000000000 0000000000000000
0x00007f75e1166bd0:   0000000000000000 00007f75b4dfd878
0x00007f75e1166be0:   0000000000000000 00007f75e0603a48
0x00007f75e1166bf0:   00007f75e1167178 00007f7604235000
0x00007f75e1166c00:   00007f75e1166e00 00007f760b3cfac6
0x00007f75e1166c10:   0000000000000005 0000000000000000
0x00007f75e1166c20:   00007f75e11670f0 00007f75b4bd5d20 

Instructions: (pc=0x00007f75b4954430)
0x00007f75b4954410:   01 00 48 89 d9 31 c0 e8 64 5b f6 ff 0f 1f 40 00
0x00007f75b4954420:   41 55 41 54 49 89 fc 55 53 49 89 f5 48 83 ec 08
0x00007f75b4954430:   48 8b 5f 08 48 89 f7 e8 d4 69 f6 ff 48 89 c5 48
0x00007f75b4954440:   39 d8 48 89 da 48 0f 46 d0 48 85 d2 74 22 49 8b 

Register to memory mapping:

RAX=0x0000000000000000 is an unknown value
RBX=0x0000000000000001 is an unknown value
RCX=0x0000000000000001 is an unknown value
RDX=0x00007f75b4bf625a: <offset 0x2425a> in /usr/lib/libsimulation_jni.so at 0x00007f75b4bd2000
RSP=0x00007f75e1166a30 is pointing into the stack for thread: 0x00007f7604235000
RBP=0x00007f75e1166a70 is pointing into the stack for thread: 0x00007f7604235000
RSI=0x00007f75b4bf625a: <offset 0x2425a> in /usr/lib/libsimulation_jni.so at 0x00007f75b4bd2000
RDI=0x0000000000000000 is an unknown value
R8 =0x00007f75b8037260 is an unknown value
R9 =0x0000000000000001 is an unknown value
R10=0x000000000000014f is an unknown value
R11=0x00007f75b4bee3de: _ZN7Element11set_num_varEi+0 in /usr/lib/libsimulation_jni.so at 0x00007f75b4bd2000
R12=0x0000000000000000 is an unknown value
R13=0x00007f75b4bf625a: <offset 0x2425a> in /usr/lib/libsimulation_jni.so at 0x00007f75b4bd2000
R14=0x00007f75e1167178 is pointing into the stack for thread: 0x00007f7604235000
R15=0x00007f7604235000 is a thread


Stack: [0x00007f75e106a000,0x00007f75e116b000],  sp=0x00007f75e1166a30,  free space=1010k
Native frames: (J=compiled Java code, j=interpreted, Vv=VM code, C=native code)
C  [libstdc++.so.6+0x121430]  std::__cxx11::basic_string<char, std::char_traits<char>, std::allocator<char> >::compare(char const*) const+0x10
C  [libsimulation_jni.so+0x21501]  Simulator::parser_simulator(std::basic_ifstream<char, std::char_traits<char> >&)+0x2ed
C  [libsimulation_jni.so+0x211aa]  Simulator::Simulator(std::basic_ifstream<char, std::char_traits<char> >&, Simulation*)+0x32
C  [libsimulation_jni.so+0x1d817]  Java_org_jni_InterfaceJNI_run_1analysis+0xfd
j  org.jni.InterfaceJNI.run_analysis(Ljava/lang/String;)Ljava/lang/String;+0
j  org.gui.MainWindow.actionPerformed(Ljava/awt/event/ActionEvent;)V+112
j  javax.swing.AbstractButton.fireActionPerformed(Ljava/awt/event/ActionEvent;)V+83
j  javax.swing.AbstractButton$Handler.actionPerformed(Ljava/awt/event/ActionEvent;)V+5
j  javax.swing.DefaultButtonModel.fireActionPerformed(Ljava/awt/event/ActionEvent;)V+34
j  javax.swing.DefaultButtonModel.setPressed(Z)V+117
j  javax.swing.plaf.basic.BasicButtonListener.mouseReleased(Ljava/awt/event/MouseEvent;)V+35
j  java.awt.AWTEventMulticaster.mouseReleased(Ljava/awt/event/MouseEvent;)V+8
j  java.awt.Component.processMouseEvent(Ljava/awt/event/MouseEvent;)V+64
j  javax.swing.JComponent.processMouseEvent(Ljava/awt/event/MouseEvent;)V+23
J 1219 C1 java.awt.Component.processEvent(Ljava/awt/AWTEvent;)V (220 bytes) @ 0x00007f75f54165dc [0x00007f75f54160c0+0x51c]
J 1266 C1 java.awt.Container.processEvent(Ljava/awt/AWTEvent;)V (22 bytes) @ 0x00007f75f5436804 [0x00007f75f54364e0+0x324]
J 1149 C1 java.awt.Component.dispatchEventImpl(Ljava/awt/AWTEvent;)V (883 bytes) @ 0x00007f75f53bde5c [0x00007f75f53b89c0+0x549c]
J 1176 C1 java.awt.Container.dispatchEventImpl(Ljava/awt/AWTEvent;)V (129 bytes) @ 0x00007f75f53efe24 [0x00007f75f53efce0+0x144]
J 1270 C1 java.awt.LightweightDispatcher.retargetMouseEvent(Ljava/awt/Component;ILjava/awt/event/MouseEvent;)V (350 bytes) @ 0x00007f75f545b834 [0x00007f75f54592e0+0x2554]
J 1465 C1 java.awt.LightweightDispatcher.processMouseEvent(Ljava/awt/event/MouseEvent;)Z (286 bytes) @ 0x00007f75f54e92fc [0x00007f75f54e7c00+0x16fc]
J 1265 C1 java.awt.LightweightDispatcher.dispatchEvent(Ljava/awt/AWTEvent;)Z (73 bytes) @ 0x00007f75f5435db4 [0x00007f75f5435980+0x434]
J 1176 C1 java.awt.Container.dispatchEventImpl(Ljava/awt/AWTEvent;)V (129 bytes) @ 0x00007f75f53efdc4 [0x00007f75f53efce0+0xe4]
J 1277 C1 java.awt.Window.dispatchEventImpl(Ljava/awt/AWTEvent;)V (23 bytes) @ 0x00007f75f54676c4 [0x00007f75f54670e0+0x5e4]
J 1243 C1 java.awt.EventQueue.dispatchEventImpl(Ljava/awt/AWTEvent;Ljava/lang/Object;)V (149 bytes) @ 0x00007f75f5425a74 [0x00007f75f5424240+0x1834]
J 1242 C1 java.awt.EventQueue$3.run()Ljava/lang/Void; (60 bytes) @ 0x00007f75f5423a04 [0x00007f75f5423800+0x204]
J 1147 C1 java.awt.EventQueue$3.run()Ljava/lang/Object; (5 bytes) @ 0x00007f75f53b320c [0x00007f75f53b3180+0x8c]
v  ~StubRoutines::call_stub
V  [libjvm.so+0x693e76]  JavaCalls::call_helper(JavaValue*, methodHandle*, JavaCallArguments*, Thread*)+0x1056
V  [libjvm.so+0x72d14c]  JVM_DoPrivileged+0x27c
J 328  java.security.AccessController.doPrivileged(Ljava/security/PrivilegedAction;Ljava/security/AccessControlContext;)Ljava/lang/Object; (0 bytes) @ 0x00007f75f51c9d95 [0x00007f75f51c9cc0+0xd5]
J 1162 C1 java.awt.EventQueue$4.run()Ljava/lang/Object; (5 bytes) @ 0x00007f75f53eb224 [0x00007f75f53eae00+0x424]
v  ~StubRoutines::call_stub
V  [libjvm.so+0x693e76]  JavaCalls::call_helper(JavaValue*, methodHandle*, JavaCallArguments*, Thread*)+0x1056
V  [libjvm.so+0x72d14c]  JVM_DoPrivileged+0x27c
J 328  java.security.AccessController.doPrivileged(Ljava/security/PrivilegedAction;Ljava/security/AccessControlContext;)Ljava/lang/Object; (0 bytes) @ 0x00007f75f51c9d95 [0x00007f75f51c9cc0+0xd5]
J 1146 C1 java.awt.EventQueue.dispatchEvent(Ljava/awt/AWTEvent;)V (80 bytes) @ 0x00007f75f53b6db4 [0x00007f75f53b5f40+0xe74]
J 1151 C1 java.awt.EventDispatchThread.pumpOneEventForFilters(I)V (295 bytes) @ 0x00007f75f53c6254 [0x00007f75f53c4700+0x1b54]
j  java.awt.EventDispatchThread.pumpEventsForFilter(ILjava/awt/Conditional;Ljava/awt/EventFilter;)V+35
j  java.awt.EventDispatchThread.pumpEventsForHierarchy(ILjava/awt/Conditional;Ljava/awt/Component;)V+11
j  java.awt.EventDispatchThread.pumpEvents(ILjava/awt/Conditional;)V+4
j  java.awt.EventDispatchThread.pumpEvents(Ljava/awt/Conditional;)V+3
j  java.awt.EventDispatchThread.run()V+9
v  ~StubRoutines::call_stub
V  [libjvm.so+0x693e76]  JavaCalls::call_helper(JavaValue*, methodHandle*, JavaCallArguments*, Thread*)+0x1056
V  [libjvm.so+0x694381]  JavaCalls::call_virtual(JavaValue*, KlassHandle, Symbol*, Symbol*, JavaCallArguments*, Thread*)+0x321
V  [libjvm.so+0x694827]  JavaCalls::call_virtual(JavaValue*, Handle, KlassHandle, Symbol*, Symbol*, Thread*)+0x47
V  [libjvm.so+0x72fbb0]  thread_entry(JavaThread*, Thread*)+0xa0
V  [libjvm.so+0xa79b53]  JavaThread::thread_main_inner()+0x103
V  [libjvm.so+0xa79c9c]  JavaThread::run()+0x11c
V  [libjvm.so+0x92a728]  java_start(Thread*)+0x108
C  [libpthread.so.0+0x76ba]  start_thread+0xca

Java frames: (J=compiled Java code, j=interpreted, Vv=VM code)
j  org.jni.InterfaceJNI.run_analysis(Ljava/lang/String;)Ljava/lang/String;+0
j  org.gui.MainWindow.actionPerformed(Ljava/awt/event/ActionEvent;)V+112
j  javax.swing.AbstractButton.fireActionPerformed(Ljava/awt/event/ActionEvent;)V+83
j  javax.swing.AbstractButton$Handler.actionPerformed(Ljava/awt/event/ActionEvent;)V+5
j  javax.swing.DefaultButtonModel.fireActionPerformed(Ljava/awt/event/ActionEvent;)V+34
j  javax.swing.DefaultButtonModel.setPressed(Z)V+117
j  javax.swing.plaf.basic.BasicButtonListener.mouseReleased(Ljava/awt/event/MouseEvent;)V+35
j  java.awt.AWTEventMulticaster.mouseReleased(Ljava/awt/event/MouseEvent;)V+8
j  java.awt.Component.processMouseEvent(Ljava/awt/event/MouseEvent;)V+64
j  javax.swing.JComponent.processMouseEvent(Ljava/awt/event/MouseEvent;)V+23
J 1219 C1 java.awt.Component.processEvent(Ljava/awt/AWTEvent;)V (220 bytes) @ 0x00007f75f54165dc [0x00007f75f54160c0+0x51c]
J 1266 C1 java.awt.Container.processEvent(Ljava/awt/AWTEvent;)V (22 bytes) @ 0x00007f75f5436804 [0x00007f75f54364e0+0x324]
J 1149 C1 java.awt.Component.dispatchEventImpl(Ljava/awt/AWTEvent;)V (883 bytes) @ 0x00007f75f53bde5c [0x00007f75f53b89c0+0x549c]
J 1176 C1 java.awt.Container.dispatchEventImpl(Ljava/awt/AWTEvent;)V (129 bytes) @ 0x00007f75f53efe24 [0x00007f75f53efce0+0x144]
J 1270 C1 java.awt.LightweightDispatcher.retargetMouseEvent(Ljava/awt/Component;ILjava/awt/event/MouseEvent;)V (350 bytes) @ 0x00007f75f545b834 [0x00007f75f54592e0+0x2554]
J 1465 C1 java.awt.LightweightDispatcher.processMouseEvent(Ljava/awt/event/MouseEvent;)Z (286 bytes) @ 0x00007f75f54e92fc [0x00007f75f54e7c00+0x16fc]
J 1265 C1 java.awt.LightweightDispatcher.dispatchEvent(Ljava/awt/AWTEvent;)Z (73 bytes) @ 0x00007f75f5435db4 [0x00007f75f5435980+0x434]
J 1176 C1 java.awt.Container.dispatchEventImpl(Ljava/awt/AWTEvent;)V (129 bytes) @ 0x00007f75f53efdc4 [0x00007f75f53efce0+0xe4]
J 1277 C1 java.awt.Window.dispatchEventImpl(Ljava/awt/AWTEvent;)V (23 bytes) @ 0x00007f75f54676c4 [0x00007f75f54670e0+0x5e4]
J 1243 C1 java.awt.EventQueue.dispatchEventImpl(Ljava/awt/AWTEvent;Ljava/lang/Object;)V (149 bytes) @ 0x00007f75f5425a74 [0x00007f75f5424240+0x1834]
J 1242 C1 java.awt.EventQueue$3.run()Ljava/lang/Void; (60 bytes) @ 0x00007f75f5423a04 [0x00007f75f5423800+0x204]
J 1147 C1 java.awt.EventQueue$3.run()Ljava/lang/Object; (5 bytes) @ 0x00007f75f53b320c [0x00007f75f53b3180+0x8c]
v  ~StubRoutines::call_stub
J 328  java.security.AccessController.doPrivileged(Ljava/security/PrivilegedAction;Ljava/security/AccessControlContext;)Ljava/lang/Object; (0 bytes) @ 0x00007f75f51c9d23 [0x00007f75f51c9cc0+0x63]
J 1162 C1 java.awt.EventQueue$4.run()Ljava/lang/Object; (5 bytes) @ 0x00007f75f53eb224 [0x00007f75f53eae00+0x424]
v  ~StubRoutines::call_stub
J 328  java.security.AccessController.doPrivileged(Ljava/security/PrivilegedAction;Ljava/security/AccessControlContext;)Ljava/lang/Object; (0 bytes) @ 0x00007f75f51c9d23 [0x00007f75f51c9cc0+0x63]
J 1146 C1 java.awt.EventQueue.dispatchEvent(Ljava/awt/AWTEvent;)V (80 bytes) @ 0x00007f75f53b6db4 [0x00007f75f53b5f40+0xe74]
J 1151 C1 java.awt.EventDispatchThread.pumpOneEventForFilters(I)V (295 bytes) @ 0x00007f75f53c6254 [0x00007f75f53c4700+0x1b54]
j  java.awt.EventDispatchThread.pumpEventsForFilter(ILjava/awt/Conditional;Ljava/awt/EventFilter;)V+35
j  java.awt.EventDispatchThread.pumpEventsForHierarchy(ILjava/awt/Conditional;Ljava/awt/Component;)V+11
j  java.awt.EventDispatchThread.pumpEvents(ILjava/awt/Conditional;)V+4
j  java.awt.EventDispatchThread.pumpEvents(Ljava/awt/Conditional;)V+3
j  java.awt.EventDispatchThread.run()V+9
v  ~StubRoutines::call_stub

---------------  P R O C E S S  ---------------

Java Threads: ( => current thread )
  0x00007f75b801f000 JavaThread "TimerQueue" daemon [_thread_blocked, id=28520, stack(0x00007f75e156d000,0x00007f75e166e000)]
  0x00007f7604009800 JavaThread "DestroyJavaVM" [_thread_blocked, id=28497, stack(0x00007f760b4c9000,0x00007f760b5ca000)]
=>0x00007f7604235000 JavaThread "AWT-EventQueue-0" [_thread_in_native, id=28517, stack(0x00007f75e106a000,0x00007f75e116b000)]
  0x00007f7604233000 JavaThread "AWT-Shutdown" [_thread_blocked, id=28516, stack(0x00007f75e116b000,0x00007f75e126c000)]
  0x00007f76041e4800 JavaThread "AWT-XAWT" daemon [_thread_in_native, id=28511, stack(0x00007f75e1870000,0x00007f75e1971000)]
  0x00007f76041c1800 JavaThread "Java2D Disposer" daemon [_thread_blocked, id=28510, stack(0x00007f75e1d81000,0x00007f75e1e82000)]
  0x00007f76040c4000 JavaThread "Service Thread" daemon [_thread_blocked, id=28508, stack(0x00007f75f167e000,0x00007f75f177f000)]
  0x00007f76040b7000 JavaThread "C1 CompilerThread1" daemon [_thread_blocked, id=28507, stack(0x00007f75f177f000,0x00007f75f1880000)]
  0x00007f76040b4000 JavaThread "C2 CompilerThread0" daemon [_thread_blocked, id=28506, stack(0x00007f75f1880000,0x00007f75f1981000)]
  0x00007f76040b2800 JavaThread "Signal Dispatcher" daemon [_thread_blocked, id=28505, stack(0x00007f75f1981000,0x00007f75f1a82000)]
  0x00007f760407f800 JavaThread "Finalizer" daemon [_thread_blocked, id=28504, stack(0x00007f75f1a82000,0x00007f75f1b83000)]
  0x00007f760407b000 JavaThread "Reference Handler" daemon [_thread_blocked, id=28503, stack(0x00007f75f1b83000,0x00007f75f1c84000)]

Other Threads:
  0x00007f7604073800 VMThread [stack: 0x00007f75f1c84000,0x00007f75f1d85000] [id=28502]
  0x00007f76040ce800 WatcherThread [stack: 0x00007f75f157d000,0x00007f75f167e000] [id=28509]

VM state:not at safepoint (normal execution)

VM Mutex/Monitor currently owned by a thread: None

Heap:
 PSYoungGen      total 16384K, used 6837K [0x00000000ee500000, 0x00000000f0500000, 0x0000000100000000)
  eden space 14336K, 33% used [0x00000000ee500000,0x00000000ee9b1660,0x00000000ef300000)
  from space 2048K, 99% used [0x00000000f0300000,0x00000000f04fc030,0x00000000f0500000)
  to   space 2048K, 0% used [0x00000000ef300000,0x00000000ef300000,0x00000000ef500000)
 ParOldGen       total 36864K, used 5467K [0x00000000cae00000, 0x00000000cd200000, 0x00000000ee500000)
  object space 36864K, 14% used [0x00000000cae00000,0x00000000cb356e90,0x00000000cd200000)
 Metaspace       used 16181K, capacity 16438K, committed 16640K, reserved 1064960K
  class space    used 1966K, capacity 2035K, committed 2048K, reserved 1048576K

Card table byte_map: [0x00007f76080b6000,0x00007f7608260000] byte_map_base: 0x00007f7607a5f000

Marking Bits: (ParMarkBitMap*) 0x00007f760a991f80
 Begin Bits: [0x00007f75f3252000, 0x00007f75f3f9a000)
 End Bits:   [0x00007f75f3f9a000, 0x00007f75f4ce2000)

Polling page: 0x00007f760b5e2000

CodeCache: size=245760Kb used=6507Kb max_used=6515Kb free=239252Kb
 bounds [0x00007f75f5000000, 0x00007f75f5670000, 0x00007f7604000000]
 total_blobs=2541 nmethods=1957 adapters=497
 compilation: enabled

Compilation events (10 events):
Event: 104,899 Thread 0x00007f76040b7000 2102       3       java.nio.charset.CoderResult::isOverflow (14 bytes)
Event: 104,899 Thread 0x00007f76040b7000 nmethod 2102 0x00007f75f5660890 code [0x00007f75f5660a00, 0x00007f75f5660bb0]
Event: 104,900 Thread 0x00007f76040b7000 2101       3       java.nio.ByteBuffer::arrayOffset (35 bytes)
Event: 104,901 Thread 0x00007f76040b7000 nmethod 2101 0x00007f75f5660290 code [0x00007f75f5660420, 0x00007f75f5660738]
Event: 104,901 Thread 0x00007f76040b7000 2100       3       java.nio.Buffer::clear (20 bytes)
Event: 104,902 Thread 0x00007f76040b7000 nmethod 2100 0x00007f75f565ff50 code [0x00007f75f56600a0, 0x00007f75f5660210]
Event: 104,936 Thread 0x00007f76040b7000 2103       3       java.nio.CharBuffer::arrayOffset (35 bytes)
Event: 104,937 Thread 0x00007f76040b7000 nmethod 2103 0x00007f75f51e9f90 code [0x00007f75f51ea120, 0x00007f75f51ea438]
Event: 104,960 Thread 0x00007f76040b7000 2104       3       java.nio.CharBuffer::<init> (22 bytes)
Event: 104,960 Thread 0x00007f76040b7000 nmethod 2104 0x00007f75f5248710 code [0x00007f75f5248880, 0x00007f75f5248a48]

GC Heap History (4 events):
Event: 6,881 GC heap before
{Heap before GC invocations=1 (full 0):
 PSYoungGen      total 16384K, used 14336K [0x00000000ee500000, 0x00000000ef700000, 0x0000000100000000)
  eden space 14336K, 100% used [0x00000000ee500000,0x00000000ef300000,0x00000000ef300000)
  from space 2048K, 0% used [0x00000000ef500000,0x00000000ef500000,0x00000000ef700000)
  to   space 2048K, 0% used [0x00000000ef300000,0x00000000ef300000,0x00000000ef500000)
 ParOldGen       total 36864K, used 0K [0x00000000cae00000, 0x00000000cd200000, 0x00000000ee500000)
  object space 36864K, 0% used [0x00000000cae00000,0x00000000cae00000,0x00000000cd200000)
 Metaspace       used 12792K, capacity 13036K, committed 13440K, reserved 1060864K
  class space    used 1521K, capacity 1586K, committed 1664K, reserved 1048576K
Event: 6,976 GC heap after
Heap after GC invocations=1 (full 0):
 PSYoungGen      total 16384K, used 2048K [0x00000000ee500000, 0x00000000f0500000, 0x0000000100000000)
  eden space 14336K, 0% used [0x00000000ee500000,0x00000000ee500000,0x00000000ef300000)
  from space 2048K, 100% used [0x00000000ef300000,0x00000000ef500000,0x00000000ef500000)
  to   space 2048K, 0% used [0x00000000f0300000,0x00000000f0300000,0x00000000f0500000)
 ParOldGen       total 36864K, used 2982K [0x00000000cae00000, 0x00000000cd200000, 0x00000000ee500000)
  object space 36864K, 8% used [0x00000000cae00000,0x00000000cb0e9a58,0x00000000cd200000)
 Metaspace       used 12792K, capacity 13036K, committed 13440K, reserved 1060864K
  class space    used 1521K, capacity 1586K, committed 1664K, reserved 1048576K
}
Event: 38,766 GC heap before
{Heap before GC invocations=2 (full 0):
 PSYoungGen      total 16384K, used 16384K [0x00000000ee500000, 0x00000000f0500000, 0x0000000100000000)
  eden space 14336K, 100% used [0x00000000ee500000,0x00000000ef300000,0x00000000ef300000)
  from space 2048K, 100% used [0x00000000ef300000,0x00000000ef500000,0x00000000ef500000)
  to   space 2048K, 0% used [0x00000000f0300000,0x00000000f0300000,0x00000000f0500000)
 ParOldGen       total 36864K, used 2982K [0x00000000cae00000, 0x00000000cd200000, 0x00000000ee500000)
  object space 36864K, 8% used [0x00000000cae00000,0x00000000cb0e9a58,0x00000000cd200000)
 Metaspace       used 14281K, capacity 14576K, committed 14848K, reserved 1062912K
  class space    used 1632K, capacity 1714K, committed 1792K, reserved 1048576K
Event: 38,837 GC heap after
Heap after GC invocations=2 (full 0):
 PSYoungGen      total 16384K, used 2032K [0x00000000ee500000, 0x00000000f0500000, 0x0000000100000000)
  eden space 14336K, 0% used [0x00000000ee500000,0x00000000ee500000,0x00000000ef300000)
  from space 2048K, 99% used [0x00000000f0300000,0x00000000f04fc030,0x00000000f0500000)
  to   space 2048K, 0% used [0x00000000ef300000,0x00000000ef300000,0x00000000ef500000)
 ParOldGen       total 36864K, used 5467K [0x00000000cae00000, 0x00000000cd200000, 0x00000000ee500000)
  object space 36864K, 14% used [0x00000000cae00000,0x00000000cb356e90,0x00000000cd200000)
 Metaspace       used 14281K, capacity 14576K, committed 14848K, reserved 1062912K
  class space    used 1632K, capacity 1714K, committed 1792K, reserved 1048576K
}

Deoptimization events (10 events):
Event: 31,156 Thread 0x00007f7604235000 Uncommon trap: reason=class_check action=maybe_recompile pc=0x00007f75f516ea70 method=java.lang.String.equals(Ljava/lang/Object;)Z @ 8
Event: 33,111 Thread 0x00007f7604235000 Uncommon trap: reason=unstable_if action=reinterpret pc=0x00007f75f54a31a4 method=java.lang.StrictMath.floorOrCeil(DDDD)D @ 38
Event: 33,111 Thread 0x00007f7604235000 Uncommon trap: reason=unstable_if action=reinterpret pc=0x00007f75f54a08bc method=java.lang.StrictMath.floorOrCeil(DDDD)D @ 38
Event: 41,684 Thread 0x00007f7604235000 Uncommon trap: reason=class_check action=maybe_recompile pc=0x00007f75f516ea70 method=java.lang.String.equals(Ljava/lang/Object;)Z @ 8
Event: 41,784 Thread 0x00007f7604235000 Uncommon trap: reason=class_check action=maybe_recompile pc=0x00007f75f516ea70 method=java.lang.String.equals(Ljava/lang/Object;)Z @ 8
Event: 84,382 Thread 0x00007f7604235000 Uncommon trap: reason=unstable_if action=reinterpret pc=0x00007f75f54fea8c method=java.security.AccessControlContext.optimize()Ljava/security/AccessControlContext; @ 220
Event: 84,601 Thread 0x00007f7604235000 Uncommon trap: reason=unstable_if action=reinterpret pc=0x00007f75f52a1a80 method=java.io.UnixFileSystem.normalize(Ljava/lang/String;)Ljava/lang/String; @ 60
Event: 102,402 Thread 0x00007f7604235000 Uncommon trap: reason=unstable_if action=reinterpret pc=0x00007f75f556d874 method=java.awt.Container.getMouseEventTargetImpl(IIZLjava/awt/Container$EventTargetFilter;ZZ)Ljava/awt/Component; @ 218
Event: 104,776 Thread 0x00007f7604235000 Uncommon trap: reason=unstable_if action=reinterpret pc=0x00007f75f5621748 method=java.awt.EventQueue.getPriority(Ljava/awt/AWTEvent;)I @ 4
Event: 104,776 Thread 0x00007f7604235000 Uncommon trap: reason=unstable_if action=reinterpret pc=0x00007f75f55cf3a0 method=java.awt.EventQueue.eventToCacheIndex(Ljava/awt/AWTEvent;)I @ 71

Internal exceptions (10 events):
Event: 0,317 Thread 0x00007f7604009800 Exception <a 'java/lang/NoSuchMethodError': Method sun.misc.Unsafe.defineClass(Ljava/lang/String;[BII)Ljava/lang/Class; name or signature does not match> (0x00000000ee507ca8) thrown at [/HUDSON/workspace/8-2-build-linux-amd64/jdk8u151/9699/hotspot/src/sha
Event: 0,317 Thread 0x00007f7604009800 Exception <a 'java/lang/NoSuchMethodError': Method sun.misc.Unsafe.prefetchRead(Ljava/lang/Object;J)V name or signature does not match> (0x00000000ee507f90) thrown at [/HUDSON/workspace/8-2-build-linux-amd64/jdk8u151/9699/hotspot/src/share/vm/prims/jni.cp
Event: 1,061 Thread 0x00007f7604009800 Exception <a 'java/security/PrivilegedActionException'> (0x00000000ee5de618) thrown at [/HUDSON/workspace/8-2-build-linux-amd64/jdk8u151/9699/hotspot/src/share/vm/prims/jvm.cpp, line 1390]
Event: 1,061 Thread 0x00007f7604009800 Exception <a 'java/security/PrivilegedActionException'> (0x00000000ee5de828) thrown at [/HUDSON/workspace/8-2-build-linux-amd64/jdk8u151/9699/hotspot/src/share/vm/prims/jvm.cpp, line 1390]
Event: 1,072 Thread 0x00007f7604009800 Exception <a 'java/security/PrivilegedActionException'> (0x00000000ee5e0c90) thrown at [/HUDSON/workspace/8-2-build-linux-amd64/jdk8u151/9699/hotspot/src/share/vm/prims/jvm.cpp, line 1390]
Event: 1,072 Thread 0x00007f7604009800 Exception <a 'java/security/PrivilegedActionException'> (0x00000000ee5e0ea0) thrown at [/HUDSON/workspace/8-2-build-linux-amd64/jdk8u151/9699/hotspot/src/share/vm/prims/jvm.cpp, line 1390]
Event: 1,797 Thread 0x00007f7604009800 Exception <a 'java/lang/NoSuchFieldError': method resolution failed> (0x00000000ee6b2db0) thrown at [/HUDSON/workspace/8-2-build-linux-amd64/jdk8u151/9699/hotspot/src/share/vm/prims/methodHandles.cpp, line 1146]
Event: 1,837 Thread 0x00007f7604009800 Exception <a 'java/lang/NoSuchFieldError': method resolution failed> (0x00000000ee6c0580) thrown at [/HUDSON/workspace/8-2-build-linux-amd64/jdk8u151/9699/hotspot/src/share/vm/prims/methodHandles.cpp, line 1146]
Event: 2,129 Thread 0x00007f7604009800 Exception <a 'java/io/FileNotFoundException'> (0x00000000ee73ee90) thrown at [/HUDSON/workspace/8-2-build-linux-amd64/jdk8u151/9699/hotspot/src/share/vm/prims/jni.cpp, line 709]
Event: 2,129 Thread 0x00007f7604009800 Exception <a 'java/io/FileNotFoundException'> (0x00000000ee73f990) thrown at [/HUDSON/workspace/8-2-build-linux-amd64/jdk8u151/9699/hotspot/src/share/vm/prims/jni.cpp, line 709]

Events (10 events):
Event: 104,911 Executing VM operation: RevokeBias done
Event: 104,916 Executing VM operation: RevokeBias
Event: 104,917 Executing VM operation: RevokeBias done
Event: 104,918 Executing VM operation: RevokeBias
Event: 104,918 Executing VM operation: RevokeBias done
Event: 104,918 loading class java/io/FileWriter
Event: 104,918 loading class java/io/FileWriter done
Event: 104,938 Thread 0x00007f76040b7000 flushing nmethod 0x00007f75f5248450
Event: 104,976 loading class org/jni/InterfaceJNI
Event: 104,976 loading class org/jni/InterfaceJNI done


Dynamic libraries:
00400000-00401000 r-xp 00000000 08:03 1056627                            /usr/lib/jvm/java-8-oracle/bin/java
00600000-00601000 rw-p 00000000 08:03 1056627                            /usr/lib/jvm/java-8-oracle/bin/java
0140e000-0142f000 rw-p 00000000 00:00 0                                  [heap]
cae00000-cd200000 rw-p 00000000 00:00 0 
cd200000-ee500000 ---p 00000000 00:00 0 
ee500000-f0500000 rw-p 00000000 00:00 0 
f0500000-100000000 ---p 00000000 00:00 0 
100000000-100200000 rw-p 00000000 00:00 0 
100200000-140000000 ---p 00000000 00:00 0 
7f75b0000000-7f75b0036000 rw-p 00000000 00:00 0 
7f75b0036000-7f75b4000000 ---p 00000000 00:00 0 
7f75b4833000-7f75b49a5000 r-xp 00000000 08:03 786613                     /usr/lib/x86_64-linux-gnu/libstdc++.so.6.0.21
7f75b49a5000-7f75b4ba5000 ---p 00172000 08:03 786613                     /usr/lib/x86_64-linux-gnu/libstdc++.so.6.0.21
7f75b4ba5000-7f75b4baf000 r--p 00172000 08:03 786613                     /usr/lib/x86_64-linux-gnu/libstdc++.so.6.0.21
7f75b4baf000-7f75b4bb1000 rw-p 0017c000 08:03 786613                     /usr/lib/x86_64-linux-gnu/libstdc++.so.6.0.21
7f75b4bb1000-7f75b4bb5000 rw-p 00000000 00:00 0 
7f75b4bb5000-7f75b4bc0000 r--s 00000000 08:03 655447                     /var/cache/fontconfig/945677eb7aeaf62f1d50efc3fb3ec7d8-le64.cache-6
7f75b4bd2000-7f75b4bfd000 r-xp 00000000 08:03 798629                     /usr/lib/libsimulation_jni.so
7f75b4bfd000-7f75b4dfc000 ---p 0002b000 08:03 798629                     /usr/lib/libsimulation_jni.so
7f75b4dfc000-7f75b4dfd000 r--p 0002a000 08:03 798629                     /usr/lib/libsimulation_jni.so
7f75b4dfd000-7f75b4dff000 rw-p 0002b000 08:03 798629                     /usr/lib/libsimulation_jni.so
7f75b4dff000-7f75b4e3f000 rw-p 00000000 00:00 0 
7f75b4e3f000-7f75b4fff000 ---p 00000000 00:00 0 
7f75b4fff000-7f75b8000000 rw-p 00000000 00:00 0 
7f75b8000000-7f75b8306000 rw-p 00000000 00:00 0 
7f75b8306000-7f75bc000000 ---p 00000000 00:00 0 
7f75bc000000-7f75bc062000 rw-p 00000000 00:00 0 
7f75bc062000-7f75c0000000 ---p 00000000 00:00 0 
7f75c0000000-7f75c0021000 rw-p 00000000 00:00 0 
7f75c0021000-7f75c4000000 ---p 00000000 00:00 0 
7f75c4000000-7f75c4021000 rw-p 00000000 00:00 0 
7f75c4021000-7f75c8000000 ---p 00000000 00:00 0 
7f75c8000000-7f75c8854000 rw-p 00000000 00:00 0 
7f75c8854000-7f75cc000000 ---p 00000000 00:00 0 
7f75cc000000-7f75cc021000 rw-p 00000000 00:00 0 
7f75cc021000-7f75d0000000 ---p 00000000 00:00 0 
7f75d0000000-7f75d0021000 rw-p 00000000 00:00 0 
7f75d0021000-7f75d4000000 ---p 00000000 00:00 0 
7f75d4000000-7f75d442c000 rw-p 00000000 00:00 0 
7f75d442c000-7f75d8000000 ---p 00000000 00:00 0 
7f75d8000000-7f75d8021000 rw-p 00000000 00:00 0 
7f75d8021000-7f75dc000000 ---p 00000000 00:00 0 
7f75dc000000-7f75dc021000 rw-p 00000000 00:00 0 
7f75dc021000-7f75e0000000 ---p 00000000 00:00 0 
7f75e0000000-7f75e0007000 r--s 00000000 08:03 655432                     /var/cache/fontconfig/4be9850f182b35c1350b6bbf2e42601c-le64.cache-6
7f75e0007000-7f75e0010000 r--s 00000000 08:03 655451                     /var/cache/fontconfig/a6d8cf8e4ec09cdbc8633c31745a07dd-le64.cache-6
7f75e0010000-7f75e0016000 r--s 00000000 08:03 655426                     /var/cache/fontconfig/2cd17615ca594fa2959ae173292e504c-le64.cache-6
7f75e0016000-7f75e0017000 r--s 00000000 08:03 655422                     /var/cache/fontconfig/0d8c3b2ac0904cb8a57a757ad11a4a08-le64.cache-6
7f75e0017000-7f75e002c000 r--s 00000000 08:03 655414                     /var/cache/fontconfig/04aabc0a78ac019cf9454389977116d2-le64.cache-6
7f75e002c000-7f75e0031000 r--s 00000000 08:03 655469                     /var/cache/fontconfig/eb48934c523a49add3824bfad8846c40-le64.cache-6
7f75e0031000-7f75e0071000 r--s 00000000 08:03 655420                     /var/cache/fontconfig/0bd3dc0958fa2205aaaa8ebb13e2872b-le64.cache-6
7f75e0071000-7f75e00ac000 r--s 00000000 08:03 665021                     /var/cache/fontconfig/365b55f210c0a22e9a19e35191240f32-le64.cache-6
7f75e01aa000-7f75e01bd000 r--s 00345000 08:03 1316538                    /usr/lib/jvm/java-8-oracle/jre/lib/resources.jar
7f75e01bd000-7f75e01e7000 r-xp 00000000 08:03 1444477                    /usr/lib/jvm/java-8-oracle/jre/lib/amd64/libdcpr.so
7f75e01e7000-7f75e03e7000 ---p 0002a000 08:03 1444477                    /usr/lib/jvm/java-8-oracle/jre/lib/amd64/libdcpr.so
7f75e03e7000-7f75e03ea000 rw-p 0002a000 08:03 1444477                    /usr/lib/jvm/java-8-oracle/jre/lib/amd64/libdcpr.so
7f75e03ea000-7f75e05bf000 rw-s 00000000 00:05 607551499                  /SYSV00000000 (deleted)
7f75e05bf000-7f75e07bf000 rw-p 00000000 00:00 0 
7f75e07c2000-7f75e09c2000 rw-p 00000000 00:00 0 
7f75e09c2000-7f75e0a2b000 r-xp 00000000 08:03 1444491                    /usr/lib/jvm/java-8-oracle/jre/lib/amd64/libt2k.so
7f75e0a2b000-7f75e0c2b000 ---p 00069000 08:03 1444491                    /usr/lib/jvm/java-8-oracle/jre/lib/amd64/libt2k.so
7f75e0c2b000-7f75e0c32000 rw-p 00069000 08:03 1444491                    /usr/lib/jvm/java-8-oracle/jre/lib/amd64/libt2k.so
7f75e0c32000-7f75e0c42000 rw-p 00000000 00:00 0 
7f75e0c42000-7f75e0c53000 r-xp 00000000 08:03 1445029                    /usr/lib/jvm/java-8-oracle/jre/lib/amd64/libnio.so
7f75e0c53000-7f75e0e52000 ---p 00011000 08:03 1445029                    /usr/lib/jvm/java-8-oracle/jre/lib/amd64/libnio.so
7f75e0e52000-7f75e0e53000 rw-p 00010000 08:03 1445029                    /usr/lib/jvm/java-8-oracle/jre/lib/amd64/libnio.so
7f75e0e53000-7f75e0e6a000 r-xp 00000000 08:03 1445026                    /usr/lib/jvm/java-8-oracle/jre/lib/amd64/libnet.so
7f75e0e6a000-7f75e1069000 ---p 00017000 08:03 1445026                    /usr/lib/jvm/java-8-oracle/jre/lib/amd64/libnet.so
7f75e1069000-7f75e106a000 rw-p 00016000 08:03 1445026                    /usr/lib/jvm/java-8-oracle/jre/lib/amd64/libnet.so
7f75e106a000-7f75e106d000 ---p 00000000 00:00 0 
7f75e106d000-7f75e116b000 rw-p 00000000 00:00 0 
7f75e116b000-7f75e116e000 ---p 00000000 00:00 0 
7f75e116e000-7f75e146c000 rw-p 00000000 00:00 0 
7f75e146c000-7f75e146f000 ---p 00000000 00:00 0 
7f75e146f000-7f75e156d000 rw-p 00000000 00:00 0 
7f75e156d000-7f75e1570000 ---p 00000000 00:00 0 
7f75e1570000-7f75e166e000 rw-p 00000000 00:00 0 
7f75e166e000-7f75e1671000 ---p 00000000 00:00 0 
7f75e1671000-7f75e176f000 rw-p 00000000 00:00 0 
7f75e176f000-7f75e1772000 ---p 00000000 00:00 0 
7f75e1772000-7f75e1870000 rw-p 00000000 00:00 0 
7f75e1870000-7f75e1873000 ---p 00000000 00:00 0 
7f75e1873000-7f75e1971000 rw-p 00000000 00:00 0 
7f75e1971000-7f75e1976000 r-xp 00000000 08:03 794414                     /usr/lib/x86_64-linux-gnu/libXfixes.so.3.1.0
7f75e1976000-7f75e1b75000 ---p 00005000 08:03 794414                     /usr/lib/x86_64-linux-gnu/libXfixes.so.3.1.0
7f75e1b75000-7f75e1b76000 r--p 00004000 08:03 794414                     /usr/lib/x86_64-linux-gnu/libXfixes.so.3.1.0
7f75e1b76000-7f75e1b77000 rw-p 00005000 08:03 794414                     /usr/lib/x86_64-linux-gnu/libXfixes.so.3.1.0
7f75e1b77000-7f75e1b80000 r-xp 00000000 08:03 794406                     /usr/lib/x86_64-linux-gnu/libXcursor.so.1.0.2
7f75e1b80000-7f75e1d7f000 ---p 00009000 08:03 794406                     /usr/lib/x86_64-linux-gnu/libXcursor.so.1.0.2
7f75e1d7f000-7f75e1d80000 r--p 00008000 08:03 794406                     /usr/lib/x86_64-linux-gnu/libXcursor.so.1.0.2
7f75e1d80000-7f75e1d81000 rw-p 00009000 08:03 794406                     /usr/lib/x86_64-linux-gnu/libXcursor.so.1.0.2
7f75e1d81000-7f75e1d84000 ---p 00000000 00:00 0 
7f75e1d84000-7f75e1e82000 rw-p 00000000 00:00 0 
7f75e1e82000-7f75e1e98000 r-xp 00000000 08:03 11014662                   /lib/x86_64-linux-gnu/libgcc_s.so.1
7f75e1e98000-7f75e2097000 ---p 00016000 08:03 11014662                   /lib/x86_64-linux-gnu/libgcc_s.so.1
7f75e2097000-7f75e2098000 rw-p 00015000 08:03 11014662                   /lib/x86_64-linux-gnu/libgcc_s.so.1
7f75e2098000-7f75e20fd000 r-xp 00000000 08:03 1445007                    /usr/lib/jvm/java-8-oracle/jre/lib/amd64/libfontmanager.so
7f75e20fd000-7f75e22fc000 ---p 00065000 08:03 1445007                    /usr/lib/jvm/java-8-oracle/jre/lib/amd64/libfontmanager.so
7f75e22fc000-7f75e2301000 rw-p 00064000 08:03 1445007                    /usr/lib/jvm/java-8-oracle/jre/lib/amd64/libfontmanager.so
7f75e2301000-7f75e2311000 rw-p 00000000 00:00 0 
7f75e2311000-7f75e2316000 r-xp 00000000 08:03 794410                     /usr/lib/x86_64-linux-gnu/libXdmcp.so.6.0.0
7f75e2316000-7f75e2515000 ---p 00005000 08:03 794410                     /usr/lib/x86_64-linux-gnu/libXdmcp.so.6.0.0
7f75e2515000-7f75e2516000 r--p 00004000 08:03 794410                     /usr/lib/x86_64-linux-gnu/libXdmcp.so.6.0.0
7f75e2516000-7f75e2517000 rw-p 00005000 08:03 794410                     /usr/lib/x86_64-linux-gnu/libXdmcp.so.6.0.0
7f75e2517000-7f75e4000000 r--p 00000000 08:03 791802                     /usr/lib/locale/locale-archive
7f75e4000000-7f75e4021000 rw-p 00000000 00:00 0 
7f75e4021000-7f75e8000000 ---p 00000000 00:00 0 
7f75e8000000-7f75e80b1000 rw-p 00000000 00:00 0 
7f75e80b1000-7f75ec000000 ---p 00000000 00:00 0 
7f75ec000000-7f75ec021000 rw-p 00000000 00:00 0 
7f75ec021000-7f75f0000000 ---p 00000000 00:00 0 
7f75f0000000-7f75f0001000 r--s 00000000 08:03 655424                     /var/cache/fontconfig/1ac9eb803944fde146138c791f5cc56a-le64.cache-6
7f75f0001000-7f75f0006000 r--s 00000000 08:03 655430                     /var/cache/fontconfig/385c0604a188198f04d133e54aba7fe7-le64.cache-6
7f75f0006000-7f75f0007000 r--s 00000000 08:03 655464                     /var/cache/fontconfig/dc05db6664285cc2f12bf69c139ae4c3-le64.cache-6
7f75f0007000-7f75f000b000 r--s 00000000 08:03 655470                     /var/cache/fontconfig/f0b0891f3a988e97b2aa7c076a1430f3-le64.cache-6
7f75f000b000-7f75f000d000 r--s 00000000 08:03 655441                     /var/cache/fontconfig/6adb16404e170b9523f41c0701dd4690-le64.cache-6
7f75f000d000-7f75f0011000 r--s 00000000 08:03 655444                     /var/cache/fontconfig/7b79abe4499501fcd4e4826394083a53-le64.cache-6
7f75f0011000-7f75f0014000 r--s 00000000 08:03 655431                     /var/cache/fontconfig/3a9914ff62a69b32234685a84fdc926d-le64.cache-6
7f75f0014000-7f75f0017000 r--s 00000000 08:03 655443                     /var/cache/fontconfig/767a8244fc0220cfb567a839d0392e0b-le64.cache-6
7f75f0017000-7f75f0018000 r--s 00000000 08:03 655419                     /var/cache/fontconfig/0b41ebd278d9388cf5d83f81d476c672-le64.cache-6
7f75f0018000-7f75f001c000 r--s 00000000 08:03 655468                     /var/cache/fontconfig/ea32c683f96734b73b6a7acf745d6442-le64.cache-6
7f75f001c000-7f75f0022000 r--s 00000000 08:03 655446                     /var/cache/fontconfig/8801497958630a81b71ace7c5f9b32a8-le64.cache-6
7f75f0022000-7f75f0023000 r--s 00000000 08:03 655457                     /var/cache/fontconfig/bab58bb527bb656aaa9f116d68a48d89-le64.cache-6
7f75f0023000-7f75f0024000 r--s 00000000 08:03 655452                     /var/cache/fontconfig/b036df7bbb72844893df6bcf5570ea7f-le64.cache-6
7f75f0024000-7f75f0025000 r--s 00000000 08:03 655437                     /var/cache/fontconfig/575107dd7452b4b2b2b1361909925bb4-le64.cache-6
7f75f0025000-7f75f002c000 r--s 00000000 08:03 655427                     /var/cache/fontconfig/3047814df9a2f067bd2d96a2b9c36e5a-le64.cache-6
7f75f002c000-7f75f002d000 r--s 00000000 08:03 655435                     /var/cache/fontconfig/56cf4f4769d0f4abc89a4895d7bd3ae1-le64.cache-6
7f75f002d000-7f75f002e000 r--s 00000000 08:03 655456                     /var/cache/fontconfig/b9d506c9ac06c20b433354fa67a72993-le64.cache-6
7f75f002e000-7f75f0034000 r--s 00000000 08:03 655455                     /var/cache/fontconfig/b47c4e1ecd0709278f4910c18777a504-le64.cache-6
7f75f0034000-7f75f0035000 r--s 00000000 08:03 655418                     /var/cache/fontconfig/0b3f2427388044a01a5738fa4b8cc9d1-le64.cache-6
7f75f0035000-7f75f0036000 r--s 00000000 08:03 655417                     /var/cache/fontconfig/0941b6d3777f1e64883d36fd6d84a52f-le64.cache-6
7f75f0036000-7f75f0049000 r--s 00000000 08:03 655461                     /var/cache/fontconfig/d52a8644073d54c13679302ca1180695-le64.cache-6
7f75f0049000-7f75f0054000 r--s 00000000 08:03 665019                     /var/cache/fontconfig/d589a48862398ed80a3d6066f4f56f4c-le64.cache-6
7f75f0054000-7f75f0056000 r--s 00000000 08:03 655467                     /var/cache/fontconfig/e8d703157d3641d20c7e900be2e8d091-le64.cache-6
7f75f0056000-7f75f005b000 r--s 00000000 08:03 655453                     /var/cache/fontconfig/b25010134a2e462c779c1c1d5ccbff7b-le64.cache-6
7f75f005b000-7f75f005d000 r--s 00000000 08:03 655440                     /var/cache/fontconfig/6a6dfed4a7d1e4367ef225093de82110-le64.cache-6
7f75f005d000-7f75f006a000 r--s 00000000 08:03 656583                     /var/cache/fontconfig/089dead882dea3570ffc31a9898cfb69-le64.cache-6
7f75f006a000-7f75f006e000 r--s 00000000 08:03 655415                     /var/cache/fontconfig/0843ca893a93b5446bad221815920e23-le64.cache-6
7f75f006e000-7f75f0080000 r--s 00000000 08:03 655449                     /var/cache/fontconfig/9b89f8e3dae116d678bbf48e5f21f69b-le64.cache-6
7f75f0080000-7f75f0083000 r--s 00000000 08:03 655454                     /var/cache/fontconfig/b2d60264172c9fafc2f82e9237d8d959-le64.cache-6
7f75f0083000-7f75f009f000 r--s 00393000 08:03 1316561                    /usr/lib/jvm/java-8-oracle/jre/lib/ext/cldrdata.jar
7f75f009f000-7f75f00c0000 r--p 00000000 08:03 2110781                    /usr/share/locale-langpack/pt_BR/LC_MESSAGES/libc.mo
7f75f00c0000-7f75f00c2000 r-xp 00000000 08:03 794399                     /usr/lib/x86_64-linux-gnu/libXau.so.6.0.0
7f75f00c2000-7f75f02c2000 ---p 00002000 08:03 794399                     /usr/lib/x86_64-linux-gnu/libXau.so.6.0.0
7f75f02c2000-7f75f02c3000 r--p 00002000 08:03 794399                     /usr/lib/x86_64-linux-gnu/libXau.so.6.0.0
7f75f02c3000-7f75f02c4000 rw-p 00003000 08:03 794399                     /usr/lib/x86_64-linux-gnu/libXau.so.6.0.0
7f75f02c4000-7f75f02e5000 r-xp 00000000 08:03 795658                     /usr/lib/x86_64-linux-gnu/libxcb.so.1.1.0
7f75f02e5000-7f75f04e4000 ---p 00021000 08:03 795658                     /usr/lib/x86_64-linux-gnu/libxcb.so.1.1.0
7f75f04e4000-7f75f04e5000 r--p 00020000 08:03 795658                     /usr/lib/x86_64-linux-gnu/libxcb.so.1.1.0
7f75f04e5000-7f75f04e6000 rw-p 00021000 08:03 795658                     /usr/lib/x86_64-linux-gnu/libxcb.so.1.1.0
7f75f04e6000-7f75f04f5000 r-xp 00000000 08:03 794422                     /usr/lib/x86_64-linux-gnu/libXi.so.6.1.0
7f75f04f5000-7f75f06f4000 ---p 0000f000 08:03 794422                     /usr/lib/x86_64-linux-gnu/libXi.so.6.1.0
7f75f06f4000-7f75f06f5000 r--p 0000e000 08:03 794422                     /usr/lib/x86_64-linux-gnu/libXi.so.6.1.0
7f75f06f5000-7f75f06f6000 rw-p 0000f000 08:03 794422                     /usr/lib/x86_64-linux-gnu/libXi.so.6.1.0
7f75f06f6000-7f75f06fb000 r-xp 00000000 08:03 794440                     /usr/lib/x86_64-linux-gnu/libXtst.so.6.1.0
7f75f06fb000-7f75f08fa000 ---p 00005000 08:03 794440                     /usr/lib/x86_64-linux-gnu/libXtst.so.6.1.0
7f75f08fa000-7f75f08fb000 r--p 00004000 08:03 794440                     /usr/lib/x86_64-linux-gnu/libXtst.so.6.1.0
7f75f08fb000-7f75f08fc000 rw-p 00005000 08:03 794440                     /usr/lib/x86_64-linux-gnu/libXtst.so.6.1.0
7f75f08fc000-7f75f0905000 r-xp 00000000 08:03 794434                     /usr/lib/x86_64-linux-gnu/libXrender.so.1.3.0
7f75f0905000-7f75f0b04000 ---p 00009000 08:03 794434                     /usr/lib/x86_64-linux-gnu/libXrender.so.1.3.0
7f75f0b04000-7f75f0b05000 r--p 00008000 08:03 794434                     /usr/lib/x86_64-linux-gnu/libXrender.so.1.3.0
7f75f0b05000-7f75f0b06000 rw-p 00009000 08:03 794434                     /usr/lib/x86_64-linux-gnu/libXrender.so.1.3.0
7f75f0b06000-7f75f0c3b000 r-xp 00000000 08:03 794395                     /usr/lib/x86_64-linux-gnu/libX11.so.6.3.0
7f75f0c3b000-7f75f0e3b000 ---p 00135000 08:03 794395                     /usr/lib/x86_64-linux-gnu/libX11.so.6.3.0
7f75f0e3b000-7f75f0e3c000 r--p 00135000 08:03 794395                     /usr/lib/x86_64-linux-gnu/libX11.so.6.3.0
7f75f0e3c000-7f75f0e40000 rw-p 00136000 08:03 794395                     /usr/lib/x86_64-linux-gnu/libX11.so.6.3.0
7f75f0e40000-7f75f0e51000 r-xp 00000000 08:03 794412                     /usr/lib/x86_64-linux-gnu/libXext.so.6.4.0
7f75f0e51000-7f75f1050000 ---p 00011000 08:03 794412                     /usr/lib/x86_64-linux-gnu/libXext.so.6.4.0
7f75f1050000-7f75f1051000 r--p 00010000 08:03 794412                     /usr/lib/x86_64-linux-gnu/libXext.so.6.4.0
7f75f1051000-7f75f1052000 rw-p 00011000 08:03 794412                     /usr/lib/x86_64-linux-gnu/libXext.so.6.4.0
7f75f1052000-7f75f10a6000 r-xp 00000000 08:03 1445033                    /usr/lib/jvm/java-8-oracle/jre/lib/amd64/libawt_xawt.so
7f75f10a6000-7f75f12a6000 ---p 00054000 08:03 1445033                    /usr/lib/jvm/java-8-oracle/jre/lib/amd64/libawt_xawt.so
7f75f12a6000-7f75f12aa000 rw-p 00054000 08:03 1445033                    /usr/lib/jvm/java-8-oracle/jre/lib/amd64/libawt_xawt.so
7f75f12aa000-7f75f12ab000 rw-p 00000000 00:00 0 
7f75f12ab000-7f75f134d000 r-xp 00000000 08:03 1445019                    /usr/lib/jvm/java-8-oracle/jre/lib/amd64/libawt.so
7f75f134d000-7f75f154d000 ---p 000a2000 08:03 1445019                    /usr/lib/jvm/java-8-oracle/jre/lib/amd64/libawt.so
7f75f154d000-7f75f1559000 rw-p 000a2000 08:03 1445019                    /usr/lib/jvm/java-8-oracle/jre/lib/amd64/libawt.so
7f75f1559000-7f75f157d000 rw-p 00000000 00:00 0 
7f75f157d000-7f75f157e000 ---p 00000000 00:00 0 
7f75f157e000-7f75f167e000 rw-p 00000000 00:00 0 
7f75f167e000-7f75f1681000 ---p 00000000 00:00 0 
7f75f1681000-7f75f177f000 rw-p 00000000 00:00 0 
7f75f177f000-7f75f1782000 ---p 00000000 00:00 0 
7f75f1782000-7f75f1880000 rw-p 00000000 00:00 0 
7f75f1880000-7f75f1883000 ---p 00000000 00:00 0 
7f75f1883000-7f75f1981000 rw-p 00000000 00:00 0 
7f75f1981000-7f75f1984000 ---p 00000000 00:00 0 
7f75f1984000-7f75f1a82000 rw-p 00000000 00:00 0 
7f75f1a82000-7f75f1a85000 ---p 00000000 00:00 0 
7f75f1a85000-7f75f1b83000 rw-p 00000000 00:00 0 
7f75f1b83000-7f75f1b86000 ---p 00000000 00:00 0 
7f75f1b86000-7f75f1c84000 rw-p 00000000 00:00 0 
7f75f1c84000-7f75f1c85000 ---p 00000000 00:00 0 
7f75f1c85000-7f75f26d0000 rw-p 00000000 00:00 0 
7f75f26d0000-7f75f28a9000 r--s 03d5a000 08:03 1316500                    /usr/lib/jvm/java-8-oracle/jre/lib/rt.jar
7f75f28a9000-7f75f4ce2000 rw-p 00000000 00:00 0 
7f75f4ce2000-7f75f4ce3000 ---p 00000000 00:00 0 
7f75f4ce3000-7f75f4de3000 rw-p 00000000 00:00 0 
7f75f4de3000-7f75f4de4000 ---p 00000000 00:00 0 
7f75f4de4000-7f75f4ef6000 rw-p 00000000 00:00 0 
7f75f4ef6000-7f75f5000000 ---p 00000000 00:00 0 
7f75f5000000-7f75f5670000 rwxp 00000000 00:00 0 
7f75f5670000-7f7604000000 ---p 00000000 00:00 0 
7f7604000000-7f76045c0000 rw-p 00000000 00:00 0 
7f76045c0000-7f7608000000 ---p 00000000 00:00 0 
7f7608000000-7f7608001000 r--s 00000000 08:03 655434                     /var/cache/fontconfig/551ecf3b0e8b0bca0f25c0944f561853-le64.cache-6
7f7608001000-7f760800e000 r--s 00000000 08:03 4724048                    /home/paulo/.cache/fontconfig/e13b20fdb08344e0e664864cc2ede53d-le64.cache-6
7f760800e000-7f7608018000 r--s 00116000 08:03 1316568                    /usr/lib/jvm/java-8-oracle/jre/lib/ext/localedata.jar
7f7608018000-7f760801f000 r--s 00000000 08:03 919920                     /usr/lib/x86_64-linux-gnu/gconv/gconv-modules.cache
7f760801f000-7f76080c8000 rw-p 00000000 00:00 0 
7f76080c8000-7f76081d1000 ---p 00000000 00:00 0 
7f76081d1000-7f76081e2000 rw-p 00000000 00:00 0 
7f76081e2000-7f760825f000 ---p 00000000 00:00 0 
7f760825f000-7f760827a000 rw-p 00000000 00:00 0 
7f760827a000-7f7608620000 ---p 00000000 00:00 0 
7f7608620000-7f760863b000 r-xp 00000000 08:03 1445022                    /usr/lib/jvm/java-8-oracle/jre/lib/amd64/libzip.so
7f760863b000-7f760883b000 ---p 0001b000 08:03 1445022                    /usr/lib/jvm/java-8-oracle/jre/lib/amd64/libzip.so
7f760883b000-7f760883c000 rw-p 0001b000 08:03 1445022                    /usr/lib/jvm/java-8-oracle/jre/lib/amd64/libzip.so
7f760883c000-7f7608847000 r-xp 00000000 08:03 11014723                   /lib/x86_64-linux-gnu/libnss_files-2.23.so
7f7608847000-7f7608a46000 ---p 0000b000 08:03 11014723                   /lib/x86_64-linux-gnu/libnss_files-2.23.so
7f7608a46000-7f7608a47000 r--p 0000a000 08:03 11014723                   /lib/x86_64-linux-gnu/libnss_files-2.23.so
7f7608a47000-7f7608a48000 rw-p 0000b000 08:03 11014723                   /lib/x86_64-linux-gnu/libnss_files-2.23.so
7f7608a48000-7f7608a4e000 rw-p 00000000 00:00 0 
7f7608a4e000-7f7608a59000 r-xp 00000000 08:03 11014733                   /lib/x86_64-linux-gnu/libnss_nis-2.23.so
7f7608a59000-7f7608c58000 ---p 0000b000 08:03 11014733                   /lib/x86_64-linux-gnu/libnss_nis-2.23.so
7f7608c58000-7f7608c59000 r--p 0000a000 08:03 11014733                   /lib/x86_64-linux-gnu/libnss_nis-2.23.so
7f7608c59000-7f7608c5a000 rw-p 0000b000 08:03 11014733                   /lib/x86_64-linux-gnu/libnss_nis-2.23.so
7f7608c5a000-7f7608c70000 r-xp 00000000 08:03 11014717                   /lib/x86_64-linux-gnu/libnsl-2.23.so
7f7608c70000-7f7608e6f000 ---p 00016000 08:03 11014717                   /lib/x86_64-linux-gnu/libnsl-2.23.so
7f7608e6f000-7f7608e70000 r--p 00015000 08:03 11014717                   /lib/x86_64-linux-gnu/libnsl-2.23.so
7f7608e70000-7f7608e71000 rw-p 00016000 08:03 11014717                   /lib/x86_64-linux-gnu/libnsl-2.23.so
7f7608e71000-7f7608e73000 rw-p 00000000 00:00 0 
7f7608e73000-7f7608e7b000 r-xp 00000000 08:03 11014719                   /lib/x86_64-linux-gnu/libnss_compat-2.23.so
7f7608e7b000-7f760907a000 ---p 00008000 08:03 11014719                   /lib/x86_64-linux-gnu/libnss_compat-2.23.so
7f760907a000-7f760907b000 r--p 00007000 08:03 11014719                   /lib/x86_64-linux-gnu/libnss_compat-2.23.so
7f760907b000-7f760907c000 rw-p 00008000 08:03 11014719                   /lib/x86_64-linux-gnu/libnss_compat-2.23.so
7f760907c000-7f76090a7000 r-xp 00000000 08:03 1445016                    /usr/lib/jvm/java-8-oracle/jre/lib/amd64/libjava.so
7f76090a7000-7f76092a6000 ---p 0002b000 08:03 1445016                    /usr/lib/jvm/java-8-oracle/jre/lib/amd64/libjava.so
7f76092a6000-7f76092a8000 rw-p 0002a000 08:03 1445016                    /usr/lib/jvm/java-8-oracle/jre/lib/amd64/libjava.so
7f76092a8000-7f76092b5000 r-xp 00000000 08:03 1445021                    /usr/lib/jvm/java-8-oracle/jre/lib/amd64/libverify.so
7f76092b5000-7f76094b5000 ---p 0000d000 08:03 1445021                    /usr/lib/jvm/java-8-oracle/jre/lib/amd64/libverify.so
7f76094b5000-7f76094b7000 rw-p 0000d000 08:03 1445021                    /usr/lib/jvm/java-8-oracle/jre/lib/amd64/libverify.so
7f76094b7000-7f76094be000 r-xp 00000000 08:03 11014778                   /lib/x86_64-linux-gnu/librt-2.23.so
7f76094be000-7f76096bd000 ---p 00007000 08:03 11014778                   /lib/x86_64-linux-gnu/librt-2.23.so
7f76096bd000-7f76096be000 r--p 00006000 08:03 11014778                   /lib/x86_64-linux-gnu/librt-2.23.so
7f76096be000-7f76096bf000 rw-p 00007000 08:03 11014778                   /lib/x86_64-linux-gnu/librt-2.23.so
7f76096bf000-7f76097c7000 r-xp 00000000 08:03 11014694                   /lib/x86_64-linux-gnu/libm-2.23.so
7f76097c7000-7f76099c6000 ---p 00108000 08:03 11014694                   /lib/x86_64-linux-gnu/libm-2.23.so
7f76099c6000-7f76099c7000 r--p 00107000 08:03 11014694                   /lib/x86_64-linux-gnu/libm-2.23.so
7f76099c7000-7f76099c8000 rw-p 00108000 08:03 11014694                   /lib/x86_64-linux-gnu/libm-2.23.so
7f76099c8000-7f760a69b000 r-xp 00000000 08:03 1444999                    /usr/lib/jvm/java-8-oracle/jre/lib/amd64/server/libjvm.so
7f760a69b000-7f760a89a000 ---p 00cd3000 08:03 1444999                    /usr/lib/jvm/java-8-oracle/jre/lib/amd64/server/libjvm.so
7f760a89a000-7f760a974000 rw-p 00cd2000 08:03 1444999                    /usr/lib/jvm/java-8-oracle/jre/lib/amd64/server/libjvm.so
7f760a974000-7f760a9bf000 rw-p 00000000 00:00 0 
7f760a9bf000-7f760ab7f000 r-xp 00000000 08:03 11014624                   /lib/x86_64-linux-gnu/libc-2.23.so
7f760ab7f000-7f760ad7f000 ---p 001c0000 08:03 11014624                   /lib/x86_64-linux-gnu/libc-2.23.so
7f760ad7f000-7f760ad83000 r--p 001c0000 08:03 11014624                   /lib/x86_64-linux-gnu/libc-2.23.so
7f760ad83000-7f760ad85000 rw-p 001c4000 08:03 11014624                   /lib/x86_64-linux-gnu/libc-2.23.so
7f760ad85000-7f760ad89000 rw-p 00000000 00:00 0 
7f760ad89000-7f760ad8c000 r-xp 00000000 08:03 11014648                   /lib/x86_64-linux-gnu/libdl-2.23.so
7f760ad8c000-7f760af8b000 ---p 00003000 08:03 11014648                   /lib/x86_64-linux-gnu/libdl-2.23.so
7f760af8b000-7f760af8c000 r--p 00002000 08:03 11014648                   /lib/x86_64-linux-gnu/libdl-2.23.so
7f760af8c000-7f760af8d000 rw-p 00003000 08:03 11014648                   /lib/x86_64-linux-gnu/libdl-2.23.so
7f760af8d000-7f760afa3000 r-xp 00000000 08:03 1316320                    /usr/lib/jvm/java-8-oracle/lib/amd64/jli/libjli.so
7f760afa3000-7f760b1a2000 ---p 00016000 08:03 1316320                    /usr/lib/jvm/java-8-oracle/lib/amd64/jli/libjli.so
7f760b1a2000-7f760b1a3000 rw-p 00015000 08:03 1316320                    /usr/lib/jvm/java-8-oracle/lib/amd64/jli/libjli.so
7f760b1a3000-7f760b1bb000 r-xp 00000000 08:03 11014770                   /lib/x86_64-linux-gnu/libpthread-2.23.so
7f760b1bb000-7f760b3ba000 ---p 00018000 08:03 11014770                   /lib/x86_64-linux-gnu/libpthread-2.23.so
7f760b3ba000-7f760b3bb000 r--p 00017000 08:03 11014770                   /lib/x86_64-linux-gnu/libpthread-2.23.so
7f760b3bb000-7f760b3bc000 rw-p 00018000 08:03 11014770                   /lib/x86_64-linux-gnu/libpthread-2.23.so
7f760b3bc000-7f760b3c0000 rw-p 00000000 00:00 0 
7f760b3c0000-7f760b3e6000 r-xp 00000000 08:03 11014596                   /lib/x86_64-linux-gnu/ld-2.23.so
7f760b3e6000-7f760b4c9000 rw-p 00000000 00:00 0 
7f760b4c9000-7f760b4cc000 ---p 00000000 00:00 0 
7f760b4cc000-7f760b5ce000 rw-p 00000000 00:00 0 
7f760b5ce000-7f760b5cf000 r--s 00000000 08:03 655428                     /var/cache/fontconfig/30829fa25452a46451e813d634d7f916-le64.cache-6
7f760b5cf000-7f760b5d0000 r--s 00000000 08:03 655421                     /var/cache/fontconfig/0c9eb80ebd1c36541ebe2852d3bb0c49-le64.cache-6
7f760b5d0000-7f760b5d4000 r--s 00000000 08:03 656860                     /var/cache/fontconfig/7ef2298fde41cc6eeb7af42e48b7d293-le64.cache-6
7f760b5d4000-7f760b5d9000 r--s 002f9000 08:03 1316498                    /usr/lib/jvm/java-8-oracle/jre/lib/charsets.jar
7f760b5d9000-7f760b5e1000 rw-s 00000000 08:03 925219                     /tmp/hsperfdata_paulo/28495
7f760b5e1000-7f760b5e2000 rw-p 00000000 00:00 0 
7f760b5e2000-7f760b5e3000 r--p 00000000 00:00 0 
7f760b5e3000-7f760b5e5000 rw-p 00000000 00:00 0 
7f760b5e5000-7f760b5e6000 r--p 00025000 08:03 11014596                   /lib/x86_64-linux-gnu/ld-2.23.so
7f760b5e6000-7f760b5e7000 rw-p 00026000 08:03 11014596                   /lib/x86_64-linux-gnu/ld-2.23.so
7f760b5e7000-7f760b5e8000 rw-p 00000000 00:00 0 
7ffdf05ba000-7ffdf05db000 rw-p 00000000 00:00 0                          [stack]
7ffdf05f1000-7ffdf05f3000 r--p 00000000 00:00 0                          [vvar]
7ffdf05f3000-7ffdf05f5000 r-xp 00000000 00:00 0                          [vdso]
ffffffffff600000-ffffffffff601000 r-xp 00000000 00:00 0                  [vsyscall]

VM Arguments:
jvm_args: -Dfile.encoding=UTF-8 
java_command: org.gui.TrapezoidCircuitSimulator
java_class_path (initial): /home/paulo/Documentos/UEFS/TCC/Cdigo/trapezoidCircuitSimulator/interface_java/CircuitSimulator/build/classes
Launcher Type: SUN_STANDARD

Environment Variables:
PATH=/home/paulo/bin:/home/paulo/.local/bin:/usr/local/sbin:/usr/local/bin:/usr/sbin:/usr/bin:/sbin:/bin:/usr/games:/usr/local/games
LD_LIBRARY_PATH=/usr/lib/jvm/java-8-oracle/jre/lib/amd64:/usr/lib/jvm/java-8-oracle/jre/lib/i386:
SHELL=/bin/bash
DISPLAY=:0

Signal Handlers:
SIGSEGV: [libjvm.so+0xacbe10], sa_mask[0]=11111111011111111101111111111110, sa_flags=SA_RESTART|SA_SIGINFO
SIGBUS: [libjvm.so+0xacbe10], sa_mask[0]=11111111011111111101111111111110, sa_flags=SA_RESTART|SA_SIGINFO
SIGFPE: [libjvm.so+0x924f90], sa_mask[0]=11111111011111111101111111111110, sa_flags=SA_RESTART|SA_SIGINFO
SIGPIPE: [libjvm.so+0x924f90], sa_mask[0]=11111111011111111101111111111110, sa_flags=SA_RESTART|SA_SIGINFO
SIGXFSZ: [libjvm.so+0x924f90], sa_mask[0]=11111111011111111101111111111110, sa_flags=SA_RESTART|SA_SIGINFO
SIGILL: [libjvm.so+0x924f90], sa_mask[0]=11111111011111111101111111111110, sa_flags=SA_RESTART|SA_SIGINFO
SIGUSR1: SIG_DFL, sa_mask[0]=00000000000000000000000000000000, sa_flags=none
SIGUSR2: [libjvm.so+0x9267d0], sa_mask[0]=00100000000000000000000000000000, sa_flags=SA_RESTART|SA_SIGINFO
SIGHUP: [libjvm.so+0x927bd0], sa_mask[0]=11111111011111111101111111111110, sa_flags=SA_RESTART|SA_SIGINFO
SIGINT: SIG_IGN, sa_mask[0]=00000000000000000000000000000000, sa_flags=none
SIGTERM: [libjvm.so+0x927bd0], sa_mask[0]=11111111011111111101111111111110, sa_flags=SA_RESTART|SA_SIGINFO
SIGQUIT: [libjvm.so+0x927bd0], sa_mask[0]=11111111011111111101111111111110, sa_flags=SA_RESTART|SA_SIGINFO


---------------  S Y S T E M  ---------------

OS:DISTRIB_ID="elementary"
DISTRIB_RELEASE=0.4.1
DISTRIB_CODENAME=loki
DISTRIB_DESCRIPTION="elementary OS 0.4.1 Loki"

uname:Linux 4.10.0-38-generic #42~16.04.1-Ubuntu SMP Tue Oct 10 16:32:20 UTC 2017 x86_64
libc:glibc 2.23 NPTL 2.23 
rlimit: STACK 8192k, CORE 0k, NPROC 13407, NOFILE 1048576, AS infinity
load average:2,93 2,92 2,77

/proc/meminfo:
MemTotal:        3476960 kB
MemFree:          195616 kB
MemAvailable:     584416 kB
Buffers:           67328 kB
Cached:           537000 kB
SwapCached:        26784 kB
Active:          2241080 kB
Inactive:         652276 kB
Active(anon):    1835592 kB
Inactive(anon):   503320 kB
Active(file):     405488 kB
Inactive(file):   148956 kB
Unevictable:         616 kB
Mlocked:             616 kB
SwapTotal:      20477948 kB
SwapFree:       20116544 kB
Dirty:               112 kB
Writeback:             0 kB
AnonPages:       2217500 kB
Mapped:           232148 kB
Shmem:             49868 kB
Slab:             111452 kB
SReclaimable:      70536 kB
SUnreclaim:        40916 kB
KernelStack:        9552 kB
PageTables:        43940 kB
NFS_Unstable:          0 kB
Bounce:                0 kB
WritebackTmp:          0 kB
CommitLimit:    22216428 kB
Committed_AS:    6892824 kB
VmallocTotal:   34359738367 kB
VmallocUsed:           0 kB
VmallocChunk:          0 kB
HardwareCorrupted:     0 kB
AnonHugePages:   1128448 kB
ShmemHugePages:        0 kB
ShmemPmdMapped:        0 kB
CmaTotal:              0 kB
CmaFree:               0 kB
HugePages_Total:       0
HugePages_Free:        0
HugePages_Rsvd:        0
HugePages_Surp:        0
Hugepagesize:       2048 kB
DirectMap4k:      589564 kB
DirectMap2M:     3028992 kB
DirectMap1G:           0 kB


CPU:total 2 (initial active 2) (2 cores per cpu, 1 threads per core) family 22 model 0 stepping 1, cmov, cx8, fxsr, mmx, sse, sse2, sse3, ssse3, sse4.1, sse4.2, popcnt, avx, aes, clmul, mmxext, 3dnowpref, lzcnt, sse4a, tsc, tscinvbit, tscinv, bmi1

/proc/cpuinfo:
processor	: 0
vendor_id	: AuthenticAMD
cpu family	: 22
model		: 0
model name	: AMD E1-2100 APU with Radeon(TM) HD Graphics
stepping	: 1
microcode	: 0x700010b
cpu MHz		: 900.000
cache size	: 1024 KB
physical id	: 0
siblings	: 2
core id		: 0
cpu cores	: 2
apicid		: 0
initial apicid	: 0
fpu		: yes
fpu_exception	: yes
cpuid level	: 13
wp		: yes
flags		: fpu vme de pse tsc msr pae mce cx8 apic sep mtrr pge mca cmov pat pse36 clflush mmx fxsr sse sse2 ht syscall nx mmxext fxsr_opt pdpe1gb rdtscp lm constant_tsc rep_good nopl nonstop_tsc extd_apicid aperfmperf pni pclmulqdq monitor ssse3 cx16 sse4_1 sse4_2 movbe popcnt aes xsave avx f16c lahf_lm cmp_legacy svm extapic cr8_legacy abm sse4a misalignsse 3dnowprefetch osvw ibs skinit wdt topoext perfctr_nb bpext perfctr_l2 hw_pstate proc_feedback vmmcall bmi1 xsaveopt arat npt lbrv svm_lock nrip_save tsc_scale flushbyasid decodeassists pausefilter pfthreshold overflow_recov
bugs		: fxsave_leak sysret_ss_attrs null_seg
bogomips	: 1996.39
TLB size	: 1024 4K pages
clflush size	: 64
cache_alignment	: 64
address sizes	: 40 bits physical, 48 bits virtual
power management: ts ttp tm 100mhzsteps hwpstate proc_feedback

processor	: 1
vendor_id	: AuthenticAMD
cpu family	: 22
model		: 0
model name	: AMD E1-2100 APU with Radeon(TM) HD Graphics
stepping	: 1
microcode	: 0x700010b
cpu MHz		: 1000.000
cache size	: 1024 KB
physical id	: 0
siblings	: 2
core id		: 1
cpu cores	: 2
apicid		: 1
initial apicid	: 1
fpu		: yes
fpu_exception	: yes
cpuid level	: 13
wp		: yes
flags		: fpu vme de pse tsc msr pae mce cx8 apic sep mtrr pge mca cmov pat pse36 clflush mmx fxsr sse sse2 ht syscall nx mmxext fxsr_opt pdpe1gb rdtscp lm constant_tsc rep_good nopl nonstop_tsc extd_apicid aperfmperf pni pclmulqdq monitor ssse3 cx16 sse4_1 sse4_2 movbe popcnt aes xsave avx f16c lahf_lm cmp_legacy svm extapic cr8_legacy abm sse4a misalignsse 3dnowprefetch osvw ibs skinit wdt topoext perfctr_nb bpext perfctr_l2 hw_pstate proc_feedback vmmcall bmi1 xsaveopt arat npt lbrv svm_lock nrip_save tsc_scale flushbyasid decodeassists pausefilter pfthreshold overflow_recov
bugs		: fxsave_leak sysret_ss_attrs null_seg
bogomips	: 1996.39
TLB size	: 1024 4K pages
clflush size	: 64
cache_alignment	: 64
address sizes	: 40 bits physical, 48 bits virtual
power management: ts ttp tm 100mhzsteps hwpstate proc_feedback



Memory: 4k page, physical 3476960k(195592k free), swap 20477948k(20116544k free)

vm_info: Java HotSpot(TM) 64-Bit Server VM (25.151-b12) for linux-amd64 JRE (1.8.0_151-b12), built on Sep  5 2017 19:20:58 by "java_re" with gcc 4.3.0 20080428 (Red Hat 4.3.0-8)

time: Sat Nov 18 21:59:29 2017
elapsed time: 105 seconds (0d 0h 1m 45s)

