#
# A fatal error has been detected by the Java Runtime Environment:
#
#  SIGSEGV (0xb) at pc=0x00007fe5e2bddebb, pid=24368, tid=0x00007fe5f33e9700
#
# JRE version: Java(TM) SE Runtime Environment (8.0_151-b12) (build 1.8.0_151-b12)
# Java VM: Java HotSpot(TM) 64-Bit Server VM (25.151-b12 mixed mode linux-amd64 compressed oops)
# Problematic frame:
# C  [libsimulation_jni.so+0x22ebb]  Source::set_stamp(double**, double**, int)+0x1bb
#
# Failed to write core dump. Core dumps have been disabled. To enable core dumping, try "ulimit -c unlimited" before starting Java again
#
# If you would like to submit a bug report, please visit:
#   http://bugreport.java.com/bugreport/crash.jsp
# The crash happened outside the Java Virtual Machine in native code.
# See problematic frame for where to report the bug.
#

---------------  T H R E A D  ---------------

Current thread (0x00007fe63426b000):  JavaThread "AWT-EventQueue-0" [_thread_in_native, id=24390, stack(0x00007fe5f32e9000,0x00007fe5f33ea000)]

siginfo: si_signo: 11 (SIGSEGV), si_code: 1 (SEGV_MAPERR), si_addr: 0x000000000000002d

Registers:
RAX=0x000000000000002d, RBX=0x0000000000000025, RCX=0x0000000000000056, RDX=0xfffffffffffffff8
RSP=0x00007fe5f33e5ea0, RBP=0x00007fe5f33e5ee0, RSI=0x00007fe5e2bdf2a3, RDI=0x00007fe5ec02fb60
R8 =0x00007fe5ec02f970, R9 =0x00007fe63cecfd00, R10=0x00000000000000d8, R11=0x00007fe63cf0cf50
R12=0x0000000000000000, R13=0x0000000000000000, R14=0x00007fe5f33e63f8, R15=0x00007fe63426b000
RIP=0x00007fe5e2bddebb, EFLAGS=0x0000000000010206, CSGSFS=0x002b000000000033, ERR=0x0000000000000006
  TRAPNO=0x000000000000000e

Top of Stack: (sp=0x00007fe5f33e5ea0)
0x00007fe5f33e5ea0:   0000000300000000 00007fe5ec028f80
0x00007fe5f33e5eb0:   00007fe5ec028f60 00007fe5ec02fb60
0x00007fe5f33e5ec0:   00007fe5f33e5ee0 4014000000000000
0x00007fe5f33e5ed0:   00007fe5e2bddd00 0000000000000000
0x00007fe5f33e5ee0:   00007fe5f33e5fd0 00007fe5e2bdb1e0
0x00007fe5f33e5ef0:   0000000000000000 00007fe5ec043b00
0x00007fe5f33e5f00:   000000000300b802 00007fe5ec02fb60
0x00007fe5f33e5f10:   0000000000000000 0000000000000000
0x00007fe5f33e5f20:   00007fe5f33e5f30 0000000000000001
0x00007fe5f33e5f30:   0000000000000056 0000000000000000
0x00007fe5f33e5f40:   00007fe5f33e5f50 0000000000000001
0x00007fe5f33e5f50:   00007fe5ec020056 75e574b028387300
0x00007fe5f33e5f60:   00007fe5f33e5f70 0000000000000001
0x00007fe5f33e5f70:   00007fe5f33e0056 00007fe5e2bd9638
0x00007fe5f33e5f80:   00007fe5f33e5f90 0000000000000001
0x00007fe5f33e5f90:   00007fe5ec020056 00007fe5ec000028
0x00007fe5f33e5fa0:   00007fe5ec043b00 75e574b028387300
0x00007fe5f33e5fb0:   00007fe63cecfd00 00007fe5ec043b00
0x00007fe5f33e5fc0:   0000000000000000 00007fe5e32b9380
0x00007fe5f33e5fd0:   00007fe5f33e6060 00007fe5e2bdba0f
0x00007fe5f33e5fe0:   0000000000000003 00007fe5ec043b00
0x00007fe5f33e5ff0:   00007fe5ec028f80 00000000ec028f80
0x00007fe5f33e6000:   00007fe5ec043b00 00007fe5ec000020
0x00007fe5f33e6010:   0000000000000018 0000000000000200
0x00007fe5f33e6020:   00007fe5ec043b00 00007fe5ec0000a8
0x00007fe5f33e6030:   0000000000000000 0000000000000200
0x00007fe5f33e6040:   00007fe5f33e60c0 75e574b028387300
0x00007fe5f33e6050:   00007fe5ec043b00 0000000000000000
0x00007fe5f33e6060:   00007fe5f33e6080 00007fe5e2bdd359
0x00007fe5f33e6070:   00007fe5ec043b00 00007fe5f33e60c0
0x00007fe5f33e6080:   00007fe5f33e6370 00007fe5e2bd8880
0x00007fe5f33e6090:   0000000000000000 00007fe5f33e63f0 

Instructions: (pc=0x00007fe5e2bddebb)
0x00007fe5e2bdde9b:   8b 45 d8 48 89 c7 e8 4a 12 ff ff 48 98 48 c1 e0
0x00007fe5e2bddeab:   03 48 83 e8 08 48 01 d8 f2 0f 10 05 f5 13 00 00
0x00007fe5e2bddebb:   f2 0f 11 00 48 8b 45 d8 48 89 c7 e8 25 12 ff ff
0x00007fe5e2bddecb:   48 98 48 c1 e0 03 48 8d 50 f8 48 8b 45 d0 48 01 

Register to memory mapping:

RAX=0x000000000000002d is an unknown value
RBX=0x0000000000000025 is an unknown value
RCX=0x0000000000000056 is an unknown value
RDX=0xfffffffffffffff8 is an unknown value
RSP=0x00007fe5f33e5ea0 is pointing into the stack for thread: 0x00007fe63426b000
RBP=0x00007fe5f33e5ee0 is pointing into the stack for thread: 0x00007fe63426b000
RSI=0x00007fe5e2bdf2a3: <offset 0x242a3> in /usr/lib/libsimulation_jni.so at 0x00007fe5e2bbb000
RDI=0x00007fe5ec02fb60 is an unknown value
R8 =0x00007fe5ec02f970 is an unknown value
R9 =0x00007fe63cecfd00: <offset 0x157d00> in /lib/x86_64-linux-gnu/libc.so.6 at 0x00007fe63cd78000
R10=0x00000000000000d8 is an unknown value
R11=0x00007fe63cf0cf50: <offset 0x194f50> in /lib/x86_64-linux-gnu/libc.so.6 at 0x00007fe63cd78000
R12=0x0000000000000000 is an unknown value
R13=0x0000000000000000 is an unknown value
R14=0x00007fe5f33e63f8 is pointing into the stack for thread: 0x00007fe63426b000
R15=0x00007fe63426b000 is a thread


Stack: [0x00007fe5f32e9000,0x00007fe5f33ea000],  sp=0x00007fe5f33e5ea0,  free space=1011k
Native frames: (J=compiled Java code, j=interpreted, Vv=VM code, C=native code)
C  [libsimulation_jni.so+0x22ebb]  Source::set_stamp(double**, double**, int)+0x1bb
C  [libsimulation_jni.so+0x201e0]  Simulation::build_matriz_mna()+0x3ec
C  [libsimulation_jni.so+0x20a0f]  Simulation::run_analysis()+0x7f
C  [libsimulation_jni.so+0x22359]  Simulator::run_mna_analysis()+0x1b
C  [libsimulation_jni.so+0x1d880]  Java_org_jni_InterfaceJNI_run_1analysis+0x1b6
j  org.jni.InterfaceJNI.run_analysis(Ljava/lang/String;)Ljava/lang/String;+0
j  org.gui.MainWindow.actionPerformed(Ljava/awt/event/ActionEvent;)V+112
j  javax.swing.AbstractButton.fireActionPerformed(Ljava/awt/event/ActionEvent;)V+83
j  javax.swing.AbstractButton$Handler.actionPerformed(Ljava/awt/event/ActionEvent;)V+5
j  javax.swing.DefaultButtonModel.fireActionPerformed(Ljava/awt/event/ActionEvent;)V+34
j  javax.swing.DefaultButtonModel.setPressed(Z)V+117
j  javax.swing.plaf.basic.BasicButtonListener.mouseReleased(Ljava/awt/event/MouseEvent;)V+35
j  java.awt.AWTEventMulticaster.mouseReleased(Ljava/awt/event/MouseEvent;)V+8
j  java.awt.Component.processMouseEvent(Ljava/awt/event/MouseEvent;)V+64
j  javax.swing.JComponent.processMouseEvent(Ljava/awt/event/MouseEvent;)V+23
J 1221 C1 java.awt.Component.processEvent(Ljava/awt/AWTEvent;)V (220 bytes) @ 0x00007fe62541379c [0x00007fe625413280+0x51c]
J 1471 C1 java.awt.Container.processEvent(Ljava/awt/AWTEvent;)V (22 bytes) @ 0x00007fe6254d9b84 [0x00007fe6254d9860+0x324]
J 1205 C1 java.awt.Component.dispatchEventImpl(Ljava/awt/AWTEvent;)V (883 bytes) @ 0x00007fe6253f6c7c [0x00007fe6253f1800+0x547c]
J 1093 C1 java.awt.Container.dispatchEventImpl(Ljava/awt/AWTEvent;)V (129 bytes) @ 0x00007fe625392fa4 [0x00007fe625392e60+0x144]
J 1316 C1 java.awt.LightweightDispatcher.retargetMouseEvent(Ljava/awt/Component;ILjava/awt/event/MouseEvent;)V (350 bytes) @ 0x00007fe625474df4 [0x00007fe6254728a0+0x2554]
J 1539 C1 java.awt.LightweightDispatcher.processMouseEvent(Ljava/awt/event/MouseEvent;)Z (286 bytes) @ 0x00007fe62551adbc [0x00007fe6255196c0+0x16fc]
J 1315 C1 java.awt.LightweightDispatcher.dispatchEvent(Ljava/awt/AWTEvent;)Z (73 bytes) @ 0x00007fe62546fb34 [0x00007fe62546f700+0x434]
J 1093 C1 java.awt.Container.dispatchEventImpl(Ljava/awt/AWTEvent;)V (129 bytes) @ 0x00007fe625392f44 [0x00007fe625392e60+0xe4]
J 1377 C1 java.awt.Window.dispatchEventImpl(Ljava/awt/AWTEvent;)V (23 bytes) @ 0x00007fe6254ae084 [0x00007fe6254adaa0+0x5e4]
J 1246 C1 java.awt.EventQueue.dispatchEventImpl(Ljava/awt/AWTEvent;Ljava/lang/Object;)V (149 bytes) @ 0x00007fe62542c8f4 [0x00007fe62542b0c0+0x1834]
J 1244 C1 java.awt.EventQueue$3.run()Ljava/lang/Void; (60 bytes) @ 0x00007fe625429f84 [0x00007fe625429d80+0x204]
J 1243 C1 java.awt.EventQueue$3.run()Ljava/lang/Object; (5 bytes) @ 0x00007fe62542a64c [0x00007fe62542a5c0+0x8c]
v  ~StubRoutines::call_stub
V  [libjvm.so+0x693e76]  JavaCalls::call_helper(JavaValue*, methodHandle*, JavaCallArguments*, Thread*)+0x1056
V  [libjvm.so+0x72d14c]  JVM_DoPrivileged+0x27c
J 322  java.security.AccessController.doPrivileged(Ljava/security/PrivilegedAction;Ljava/security/AccessControlContext;)Ljava/lang/Object; (0 bytes) @ 0x00007fe6251cc695 [0x00007fe6251cc5c0+0xd5]
J 1270 C1 java.awt.EventQueue$4.run()Ljava/lang/Object; (5 bytes) @ 0x00007fe62543d924 [0x00007fe62543d500+0x424]
v  ~StubRoutines::call_stub
V  [libjvm.so+0x693e76]  JavaCalls::call_helper(JavaValue*, methodHandle*, JavaCallArguments*, Thread*)+0x1056
V  [libjvm.so+0x72d14c]  JVM_DoPrivileged+0x27c
J 322  java.security.AccessController.doPrivileged(Ljava/security/PrivilegedAction;Ljava/security/AccessControlContext;)Ljava/lang/Object; (0 bytes) @ 0x00007fe6251cc695 [0x00007fe6251cc5c0+0xd5]
J 1167 C1 java.awt.EventQueue.dispatchEvent(Ljava/awt/AWTEvent;)V (80 bytes) @ 0x00007fe6253bbab4 [0x00007fe6253bac40+0xe74]
J 1170 C1 java.awt.EventDispatchThread.pumpOneEventForFilters(I)V (295 bytes) @ 0x00007fe6253be814 [0x00007fe6253bccc0+0x1b54]
j  java.awt.EventDispatchThread.pumpEventsForFilter(ILjava/awt/Conditional;Ljava/awt/EventFilter;)V+35
j  java.awt.EventDispatchThread.pumpEventsForHierarchy(ILjava/awt/Conditional;Ljava/awt/Component;)V+11
j  java.awt.EventDispatchThread.pumpEvents(ILjava/awt/Conditional;)V+4
j  java.awt.EventDispatchThread.pumpEvents(Ljava/awt/Conditional;)V+3
j  java.awt.EventDispatchThread.run()V+9
v  ~StubRoutines::call_stub
V  [libjvm.so+0x693e76]  JavaCalls::call_helper(JavaValue*, methodHandle*, JavaCallArguments*, Thread*)+0x1056
V  [libjvm.so+0x694381]  JavaCalls::call_virtual(JavaValue*, KlassHandle, Symbol*, Symbol*, JavaCallArguments*, Thread*)+0x321
V  [libjvm.so+0x694827]  JavaCalls::call_virtual(JavaValue*, Handle, KlassHandle, Symbol*, Symbol*, Thread*)+0x47
V  [libjvm.so+0x72fbb0]  thread_entry(JavaThread*, Thread*)+0xa0
V  [libjvm.so+0xa79b53]  JavaThread::thread_main_inner()+0x103
V  [libjvm.so+0xa79c9c]  JavaThread::run()+0x11c
V  [libjvm.so+0x92a728]  java_start(Thread*)+0x108
C  [libpthread.so.0+0x76ba]  start_thread+0xca

Java frames: (J=compiled Java code, j=interpreted, Vv=VM code)
j  org.jni.InterfaceJNI.run_analysis(Ljava/lang/String;)Ljava/lang/String;+0
j  org.gui.MainWindow.actionPerformed(Ljava/awt/event/ActionEvent;)V+112
j  javax.swing.AbstractButton.fireActionPerformed(Ljava/awt/event/ActionEvent;)V+83
j  javax.swing.AbstractButton$Handler.actionPerformed(Ljava/awt/event/ActionEvent;)V+5
j  javax.swing.DefaultButtonModel.fireActionPerformed(Ljava/awt/event/ActionEvent;)V+34
j  javax.swing.DefaultButtonModel.setPressed(Z)V+117
j  javax.swing.plaf.basic.BasicButtonListener.mouseReleased(Ljava/awt/event/MouseEvent;)V+35
j  java.awt.AWTEventMulticaster.mouseReleased(Ljava/awt/event/MouseEvent;)V+8
j  java.awt.Component.processMouseEvent(Ljava/awt/event/MouseEvent;)V+64
j  javax.swing.JComponent.processMouseEvent(Ljava/awt/event/MouseEvent;)V+23
J 1221 C1 java.awt.Component.processEvent(Ljava/awt/AWTEvent;)V (220 bytes) @ 0x00007fe62541379c [0x00007fe625413280+0x51c]
J 1471 C1 java.awt.Container.processEvent(Ljava/awt/AWTEvent;)V (22 bytes) @ 0x00007fe6254d9b84 [0x00007fe6254d9860+0x324]
J 1205 C1 java.awt.Component.dispatchEventImpl(Ljava/awt/AWTEvent;)V (883 bytes) @ 0x00007fe6253f6c7c [0x00007fe6253f1800+0x547c]
J 1093 C1 java.awt.Container.dispatchEventImpl(Ljava/awt/AWTEvent;)V (129 bytes) @ 0x00007fe625392fa4 [0x00007fe625392e60+0x144]
J 1316 C1 java.awt.LightweightDispatcher.retargetMouseEvent(Ljava/awt/Component;ILjava/awt/event/MouseEvent;)V (350 bytes) @ 0x00007fe625474df4 [0x00007fe6254728a0+0x2554]
J 1539 C1 java.awt.LightweightDispatcher.processMouseEvent(Ljava/awt/event/MouseEvent;)Z (286 bytes) @ 0x00007fe62551adbc [0x00007fe6255196c0+0x16fc]
J 1315 C1 java.awt.LightweightDispatcher.dispatchEvent(Ljava/awt/AWTEvent;)Z (73 bytes) @ 0x00007fe62546fb34 [0x00007fe62546f700+0x434]
J 1093 C1 java.awt.Container.dispatchEventImpl(Ljava/awt/AWTEvent;)V (129 bytes) @ 0x00007fe625392f44 [0x00007fe625392e60+0xe4]
J 1377 C1 java.awt.Window.dispatchEventImpl(Ljava/awt/AWTEvent;)V (23 bytes) @ 0x00007fe6254ae084 [0x00007fe6254adaa0+0x5e4]
J 1246 C1 java.awt.EventQueue.dispatchEventImpl(Ljava/awt/AWTEvent;Ljava/lang/Object;)V (149 bytes) @ 0x00007fe62542c8f4 [0x00007fe62542b0c0+0x1834]
J 1244 C1 java.awt.EventQueue$3.run()Ljava/lang/Void; (60 bytes) @ 0x00007fe625429f84 [0x00007fe625429d80+0x204]
J 1243 C1 java.awt.EventQueue$3.run()Ljava/lang/Object; (5 bytes) @ 0x00007fe62542a64c [0x00007fe62542a5c0+0x8c]
v  ~StubRoutines::call_stub
J 322  java.security.AccessController.doPrivileged(Ljava/security/PrivilegedAction;Ljava/security/AccessControlContext;)Ljava/lang/Object; (0 bytes) @ 0x00007fe6251cc623 [0x00007fe6251cc5c0+0x63]
J 1270 C1 java.awt.EventQueue$4.run()Ljava/lang/Object; (5 bytes) @ 0x00007fe62543d924 [0x00007fe62543d500+0x424]
v  ~StubRoutines::call_stub
J 322  java.security.AccessController.doPrivileged(Ljava/security/PrivilegedAction;Ljava/security/AccessControlContext;)Ljava/lang/Object; (0 bytes) @ 0x00007fe6251cc623 [0x00007fe6251cc5c0+0x63]
J 1167 C1 java.awt.EventQueue.dispatchEvent(Ljava/awt/AWTEvent;)V (80 bytes) @ 0x00007fe6253bbab4 [0x00007fe6253bac40+0xe74]
J 1170 C1 java.awt.EventDispatchThread.pumpOneEventForFilters(I)V (295 bytes) @ 0x00007fe6253be814 [0x00007fe6253bccc0+0x1b54]
j  java.awt.EventDispatchThread.pumpEventsForFilter(ILjava/awt/Conditional;Ljava/awt/EventFilter;)V+35
j  java.awt.EventDispatchThread.pumpEventsForHierarchy(ILjava/awt/Conditional;Ljava/awt/Component;)V+11
j  java.awt.EventDispatchThread.pumpEvents(ILjava/awt/Conditional;)V+4
j  java.awt.EventDispatchThread.pumpEvents(Ljava/awt/Conditional;)V+3
j  java.awt.EventDispatchThread.run()V+9
v  ~StubRoutines::call_stub

---------------  P R O C E S S  ---------------

Java Threads: ( => current thread )
  0x00007fe5ec015800 JavaThread "TimerQueue" daemon [_thread_blocked, id=24391, stack(0x00007fe5f39ee000,0x00007fe5f3aef000)]
  0x00007fe634009800 JavaThread "DestroyJavaVM" [_thread_blocked, id=24372, stack(0x00007fe63d882000,0x00007fe63d983000)]
=>0x00007fe63426b000 JavaThread "AWT-EventQueue-0" [_thread_in_native, id=24390, stack(0x00007fe5f32e9000,0x00007fe5f33ea000)]
  0x00007fe634269000 JavaThread "AWT-Shutdown" [_thread_blocked, id=24389, stack(0x00007fe5f33ea000,0x00007fe5f34eb000)]
  0x00007fe63421c800 JavaThread "AWT-XAWT" daemon [_thread_in_native, id=24384, stack(0x00007fe5f3aef000,0x00007fe5f3bf0000)]
  0x00007fe6341f9800 JavaThread "Java2D Disposer" daemon [_thread_blocked, id=24383, stack(0x00007fe61c0bc000,0x00007fe61c1bd000)]
  0x00007fe6340cb800 JavaThread "Service Thread" daemon [_thread_blocked, id=24381, stack(0x00007fe61de10000,0x00007fe61df11000)]
  0x00007fe6340b7000 JavaThread "C1 CompilerThread1" daemon [_thread_blocked, id=24380, stack(0x00007fe61df11000,0x00007fe61e012000)]
  0x00007fe6340b4000 JavaThread "C2 CompilerThread0" daemon [_thread_blocked, id=24379, stack(0x00007fe61e012000,0x00007fe61e113000)]
  0x00007fe6340b2800 JavaThread "Signal Dispatcher" daemon [_thread_blocked, id=24378, stack(0x00007fe61e113000,0x00007fe61e214000)]
  0x00007fe63407f800 JavaThread "Finalizer" daemon [_thread_blocked, id=24377, stack(0x00007fe61fcfd000,0x00007fe61fdfe000)]
  0x00007fe63407b000 JavaThread "Reference Handler" daemon [_thread_blocked, id=24376, stack(0x00007fe61fdfe000,0x00007fe61feff000)]

Other Threads:
  0x00007fe634073800 VMThread [stack: 0x00007fe61feff000,0x00007fe620000000] [id=24375]
  0x00007fe6340ce800 WatcherThread [stack: 0x00007fe61dd0f000,0x00007fe61de10000] [id=24382]

VM state:not at safepoint (normal execution)

VM Mutex/Monitor currently owned by a thread: None

Heap:
 PSYoungGen      total 16384K, used 5715K [0x00000000ee500000, 0x00000000ef700000, 0x0000000100000000)
  eden space 14336K, 25% used [0x00000000ee500000,0x00000000ee898c58,0x00000000ef300000)
  from space 2048K, 99% used [0x00000000ef500000,0x00000000ef6fc010,0x00000000ef700000)
  to   space 2048K, 0% used [0x00000000ef300000,0x00000000ef300000,0x00000000ef500000)
 ParOldGen       total 36864K, used 5551K [0x00000000cae00000, 0x00000000cd200000, 0x00000000ee500000)
  object space 36864K, 15% used [0x00000000cae00000,0x00000000cb36bf70,0x00000000cd200000)
 Metaspace       used 16002K, capacity 16310K, committed 16640K, reserved 1064960K
  class space    used 1954K, capacity 2035K, committed 2048K, reserved 1048576K

Card table byte_map: [0x00007fe63a46f000,0x00007fe63a619000] byte_map_base: 0x00007fe639e18000

Marking Bits: (ParMarkBitMap*) 0x00007fe63cd4af80
 Begin Bits: [0x00007fe6386c1000, 0x00007fe639409000)
 End Bits:   [0x00007fe639409000, 0x00007fe63a151000)

Polling page: 0x00007fe63d99b000

CodeCache: size=245760Kb used=6018Kb max_used=6018Kb free=239741Kb
 bounds [0x00007fe625000000, 0x00007fe6255f0000, 0x00007fe634000000]
 total_blobs=2423 nmethods=1839 adapters=497
 compilation: enabled

Compilation events (10 events):
Event: 70,808 Thread 0x00007fe6340b7000 1926       1       sun.awt.X11.XEvent::getPData (5 bytes)
Event: 70,809 Thread 0x00007fe6340b7000 nmethod 1926 0x00007fe6255e2e90 code [0x00007fe6255e2fe0, 0x00007fe6255e30f0]
Event: 70,809 Thread 0x00007fe6340b7000 1927       3       sun.reflect.ReflectionFactory::inflationThreshold (4 bytes)
Event: 70,809 Thread 0x00007fe6340b7000 nmethod 1927 0x00007fe6255e2b90 code [0x00007fe6255e2ce0, 0x00007fe6255e2e10]
Event: 70,827 Thread 0x00007fe6340b7000 1928       3       java.util.LinkedList::listIterator (15 bytes)
Event: 70,829 Thread 0x00007fe6340b7000 nmethod 1928 0x00007fe6255e2350 code [0x00007fe6255e2500, 0x00007fe6255e2988]
Event: 70,829 Thread 0x00007fe6340b7000 1929       3       java.util.LinkedList$ListItr::<init> (47 bytes)
Event: 70,830 Thread 0x00007fe6340b7000 nmethod 1929 0x00007fe6255e4dd0 code [0x00007fe6255e4f40, 0x00007fe6255e51e8]
Event: 70,830 Thread 0x00007fe6340b7000 1930       3       javax.swing.plaf.basic.BasicLabelUI::propertyChange (70 bytes)
Event: 70,832 Thread 0x00007fe6340b7000 nmethod 1930 0x00007fe6255e5310 code [0x00007fe6255e54c0, 0x00007fe6255e5c18]

GC Heap History (4 events):
Event: 6,543 GC heap before
{Heap before GC invocations=1 (full 0):
 PSYoungGen      total 16384K, used 14336K [0x00000000ee500000, 0x00000000ef700000, 0x0000000100000000)
  eden space 14336K, 100% used [0x00000000ee500000,0x00000000ef300000,0x00000000ef300000)
  from space 2048K, 0% used [0x00000000ef500000,0x00000000ef500000,0x00000000ef700000)
  to   space 2048K, 0% used [0x00000000ef300000,0x00000000ef300000,0x00000000ef500000)
 ParOldGen       total 36864K, used 0K [0x00000000cae00000, 0x00000000cd200000, 0x00000000ee500000)
  object space 36864K, 0% used [0x00000000cae00000,0x00000000cae00000,0x00000000cd200000)
 Metaspace       used 12773K, capacity 12972K, committed 13184K, reserved 1060864K
  class space    used 1518K, capacity 1586K, committed 1664K, reserved 1048576K
Event: 6,603 GC heap after
Heap after GC invocations=1 (full 0):
 PSYoungGen      total 16384K, used 2034K [0x00000000ee500000, 0x00000000ef700000, 0x0000000100000000)
  eden space 14336K, 0% used [0x00000000ee500000,0x00000000ee500000,0x00000000ef300000)
  from space 2048K, 99% used [0x00000000ef300000,0x00000000ef4fc820,0x00000000ef500000)
  to   space 2048K, 0% used [0x00000000ef500000,0x00000000ef500000,0x00000000ef700000)
 ParOldGen       total 36864K, used 2990K [0x00000000cae00000, 0x00000000cd200000, 0x00000000ee500000)
  object space 36864K, 8% used [0x00000000cae00000,0x00000000cb0ebbc8,0x00000000cd200000)
 Metaspace       used 12773K, capacity 12972K, committed 13184K, reserved 1060864K
  class space    used 1518K, capacity 1586K, committed 1664K, reserved 1048576K
}
Event: 30,831 GC heap before
{Heap before GC invocations=2 (full 0):
 PSYoungGen      total 16384K, used 16370K [0x00000000ee500000, 0x00000000ef700000, 0x0000000100000000)
  eden space 14336K, 100% used [0x00000000ee500000,0x00000000ef300000,0x00000000ef300000)
  from space 2048K, 99% used [0x00000000ef300000,0x00000000ef4fc820,0x00000000ef500000)
  to   space 2048K, 0% used [0x00000000ef500000,0x00000000ef500000,0x00000000ef700000)
 ParOldGen       total 36864K, used 2990K [0x00000000cae00000, 0x00000000cd200000, 0x00000000ee500000)
  object space 36864K, 8% used [0x00000000cae00000,0x00000000cb0ebbc8,0x00000000cd200000)
 Metaspace       used 14372K, capacity 14672K, committed 14848K, reserved 1062912K
  class space    used 1657K, capacity 1746K, committed 1792K, reserved 1048576K
Event: 30,880 GC heap after
Heap after GC invocations=2 (full 0):
 PSYoungGen      total 16384K, used 2032K [0x00000000ee500000, 0x00000000ef700000, 0x0000000100000000)
  eden space 14336K, 0% used [0x00000000ee500000,0x00000000ee500000,0x00000000ef300000)
  from space 2048K, 99% used [0x00000000ef500000,0x00000000ef6fc010,0x00000000ef700000)
  to   space 2048K, 0% used [0x00000000ef300000,0x00000000ef300000,0x00000000ef500000)
 ParOldGen       total 36864K, used 5551K [0x00000000cae00000, 0x00000000cd200000, 0x00000000ee500000)
  object space 36864K, 15% used [0x00000000cae00000,0x00000000cb36bf70,0x00000000cd200000)
 Metaspace       used 14372K, capacity 14672K, committed 14848K, reserved 1062912K
  class space    used 1657K, capacity 1746K, committed 1792K, reserved 1048576K
}

Deoptimization events (10 events):
Event: 6,795 Thread 0x00007fe634009800 Uncommon trap: reason=unstable_if action=reinterpret pc=0x00007fe6252d8284 method=java.lang.CharacterData.of(I)Ljava/lang/CharacterData; @ 4
Event: 9,519 Thread 0x00007fe63426b000 Uncommon trap: reason=class_check action=maybe_recompile pc=0x00007fe625169e30 method=java.lang.String.equals(Ljava/lang/Object;)Z @ 8
Event: 9,521 Thread 0x00007fe63426b000 Uncommon trap: reason=class_check action=maybe_recompile pc=0x00007fe625169e30 method=java.lang.String.equals(Ljava/lang/Object;)Z @ 8
Event: 9,617 Thread 0x00007fe63426b000 Uncommon trap: reason=class_check action=maybe_recompile pc=0x00007fe625169e30 method=java.lang.String.equals(Ljava/lang/Object;)Z @ 8
Event: 10,385 Thread 0x00007fe63426b000 Uncommon trap: reason=class_check action=maybe_recompile pc=0x00007fe625169e30 method=java.lang.String.equals(Ljava/lang/Object;)Z @ 8
Event: 30,275 Thread 0x00007fe63426b000 Uncommon trap: reason=unstable_if action=reinterpret pc=0x00007fe6254933e4 method=java.lang.StrictMath.floorOrCeil(DDDD)D @ 38
Event: 30,275 Thread 0x00007fe63426b000 Uncommon trap: reason=unstable_if action=reinterpret pc=0x00007fe62549387c method=java.lang.StrictMath.floorOrCeil(DDDD)D @ 38
Event: 52,912 Thread 0x00007fe63426b000 Uncommon trap: reason=unstable_if action=reinterpret pc=0x00007fe6254e8714 method=java.security.AccessControlContext.optimize()Ljava/security/AccessControlContext; @ 220
Event: 53,106 Thread 0x00007fe63426b000 Uncommon trap: reason=unstable_if action=reinterpret pc=0x00007fe6252a4640 method=java.io.UnixFileSystem.normalize(Ljava/lang/String;)Ljava/lang/String; @ 60
Event: 70,809 Thread 0x00007fe63426b000 Uncommon trap: reason=unstable_if action=reinterpret pc=0x00007fe6255df3a0 method=java.awt.EventQueue.eventToCacheIndex(Ljava/awt/AWTEvent;)I @ 71

Internal exceptions (10 events):
Event: 0,232 Thread 0x00007fe634009800 Exception <a 'java/lang/NoSuchMethodError': Method sun.misc.Unsafe.defineClass(Ljava/lang/String;[BII)Ljava/lang/Class; name or signature does not match> (0x00000000ee507ca8) thrown at [/HUDSON/workspace/8-2-build-linux-amd64/jdk8u151/9699/hotspot/src/sha
Event: 0,232 Thread 0x00007fe634009800 Exception <a 'java/lang/NoSuchMethodError': Method sun.misc.Unsafe.prefetchRead(Ljava/lang/Object;J)V name or signature does not match> (0x00000000ee507f90) thrown at [/HUDSON/workspace/8-2-build-linux-amd64/jdk8u151/9699/hotspot/src/share/vm/prims/jni.cp
Event: 0,937 Thread 0x00007fe634009800 Exception <a 'java/security/PrivilegedActionException'> (0x00000000ee5de588) thrown at [/HUDSON/workspace/8-2-build-linux-amd64/jdk8u151/9699/hotspot/src/share/vm/prims/jvm.cpp, line 1390]
Event: 0,937 Thread 0x00007fe634009800 Exception <a 'java/security/PrivilegedActionException'> (0x00000000ee5de798) thrown at [/HUDSON/workspace/8-2-build-linux-amd64/jdk8u151/9699/hotspot/src/share/vm/prims/jvm.cpp, line 1390]
Event: 0,949 Thread 0x00007fe634009800 Exception <a 'java/security/PrivilegedActionException'> (0x00000000ee5e0c00) thrown at [/HUDSON/workspace/8-2-build-linux-amd64/jdk8u151/9699/hotspot/src/share/vm/prims/jvm.cpp, line 1390]
Event: 0,949 Thread 0x00007fe634009800 Exception <a 'java/security/PrivilegedActionException'> (0x00000000ee5e0e10) thrown at [/HUDSON/workspace/8-2-build-linux-amd64/jdk8u151/9699/hotspot/src/share/vm/prims/jvm.cpp, line 1390]
Event: 1,681 Thread 0x00007fe634009800 Exception <a 'java/lang/NoSuchFieldError': method resolution failed> (0x00000000ee6b2db0) thrown at [/HUDSON/workspace/8-2-build-linux-amd64/jdk8u151/9699/hotspot/src/share/vm/prims/methodHandles.cpp, line 1146]
Event: 1,738 Thread 0x00007fe634009800 Exception <a 'java/lang/NoSuchFieldError': method resolution failed> (0x00000000ee6c0580) thrown at [/HUDSON/workspace/8-2-build-linux-amd64/jdk8u151/9699/hotspot/src/share/vm/prims/methodHandles.cpp, line 1146]
Event: 2,054 Thread 0x00007fe634009800 Exception <a 'java/io/FileNotFoundException'> (0x00000000ee73ee90) thrown at [/HUDSON/workspace/8-2-build-linux-amd64/jdk8u151/9699/hotspot/src/share/vm/prims/jni.cpp, line 709]
Event: 2,054 Thread 0x00007fe634009800 Exception <a 'java/io/FileNotFoundException'> (0x00000000ee73f990) thrown at [/HUDSON/workspace/8-2-build-linux-amd64/jdk8u151/9699/hotspot/src/share/vm/prims/jni.cpp, line 709]

Events (10 events):
Event: 70,850 Executing VM operation: RevokeBias
Event: 70,850 Executing VM operation: RevokeBias done
Event: 70,851 Executing VM operation: RevokeBias
Event: 70,851 Executing VM operation: RevokeBias done
Event: 70,851 Executing VM operation: RevokeBias
Event: 70,851 Executing VM operation: RevokeBias done
Event: 70,851 loading class java/io/FileWriter
Event: 70,852 loading class java/io/FileWriter done
Event: 70,872 loading class org/jni/InterfaceJNI
Event: 70,872 loading class org/jni/InterfaceJNI done


Dynamic libraries:
00400000-00401000 r-xp 00000000 08:03 1056627                            /usr/lib/jvm/java-8-oracle/bin/java
00600000-00601000 rw-p 00000000 08:03 1056627                            /usr/lib/jvm/java-8-oracle/bin/java
00ca1000-00cc2000 rw-p 00000000 00:00 0                                  [heap]
cae00000-cd200000 rw-p 00000000 00:00 0 
cd200000-ee500000 ---p 00000000 00:00 0 
ee500000-ef700000 rw-p 00000000 00:00 0 
ef700000-100000000 ---p 00000000 00:00 0 
100000000-100200000 rw-p 00000000 00:00 0 
100200000-140000000 ---p 00000000 00:00 0 
7fe5e2839000-7fe5e29ab000 r-xp 00000000 08:03 786613                     /usr/lib/x86_64-linux-gnu/libstdc++.so.6.0.21
7fe5e29ab000-7fe5e2bab000 ---p 00172000 08:03 786613                     /usr/lib/x86_64-linux-gnu/libstdc++.so.6.0.21
7fe5e2bab000-7fe5e2bb5000 r--p 00172000 08:03 786613                     /usr/lib/x86_64-linux-gnu/libstdc++.so.6.0.21
7fe5e2bb5000-7fe5e2bb7000 rw-p 0017c000 08:03 786613                     /usr/lib/x86_64-linux-gnu/libstdc++.so.6.0.21
7fe5e2bb7000-7fe5e2bbb000 rw-p 00000000 00:00 0 
7fe5e2bbb000-7fe5e2be6000 r-xp 00000000 08:03 798629                     /usr/lib/libsimulation_jni.so
7fe5e2be6000-7fe5e2de5000 ---p 0002b000 08:03 798629                     /usr/lib/libsimulation_jni.so
7fe5e2de5000-7fe5e2de6000 r--p 0002a000 08:03 798629                     /usr/lib/libsimulation_jni.so
7fe5e2de6000-7fe5e2de8000 rw-p 0002b000 08:03 798629                     /usr/lib/libsimulation_jni.so
7fe5e2de8000-7fe5e2e28000 rw-p 00000000 00:00 0 
7fe5e2e28000-7fe5e2fe8000 ---p 00000000 00:00 0 
7fe5e2fe8000-7fe5e3012000 r-xp 00000000 08:03 1444477                    /usr/lib/jvm/java-8-oracle/jre/lib/amd64/libdcpr.so
7fe5e3012000-7fe5e3212000 ---p 0002a000 08:03 1444477                    /usr/lib/jvm/java-8-oracle/jre/lib/amd64/libdcpr.so
7fe5e3212000-7fe5e3215000 rw-p 0002a000 08:03 1444477                    /usr/lib/jvm/java-8-oracle/jre/lib/amd64/libdcpr.so
7fe5e3215000-7fe5e3415000 rw-p 00000000 00:00 0 
7fe5e35e7000-7fe5e37bc000 rw-s 00000000 00:05 334299143                  /SYSV00000000 (deleted)
7fe5e37bc000-7fe5e37d7000 r--s 00000000 08:03 1575803                    /usr/share/fonts/type1/gsfonts/p052023l.pfb
7fe5e37d7000-7fe5e37e7000 r--s 00000000 08:03 1575716                    /usr/share/fonts/type1/gsfonts/a010033l.pfb
7fe5e37f1000-7fe5e3804000 r--s 00000000 08:03 1575725                    /usr/share/fonts/type1/gsfonts/b018015l.pfb
7fe5e381b000-7fe5e3830000 r--s 00000000 08:03 1575728                    /usr/share/fonts/type1/gsfonts/b018032l.pfb
7fe5e3874000-7fe5e388d000 r--s 00000000 08:03 1575788                    /usr/share/fonts/type1/gsfonts/n022004l.pfb
7fe5e388d000-7fe5e3896000 r--s 00000000 08:03 1574732                    /usr/share/fonts/X11/Type1/c0648bt_.pfb
7fe5e38b9000-7fe5e38d5000 r--s 00000000 08:03 1575806                    /usr/share/fonts/type1/gsfonts/p052024l.pfb
7fe5e38de000-7fe5e38ef000 r--s 00000000 08:03 1575719                    /usr/share/fonts/type1/gsfonts/a010035l.pfb
7fe5e3955000-7fe5e396f000 r--s 00000000 08:03 1575734                    /usr/share/fonts/type1/gsfonts/c059013l.pfb
7fe5e396f000-7fe5e3b6f000 rw-p 00000000 00:00 0 
7fe5e3b6f000-7fe5e3bd8000 r-xp 00000000 08:03 1444491                    /usr/lib/jvm/java-8-oracle/jre/lib/amd64/libt2k.so
7fe5e3bd8000-7fe5e3dd8000 ---p 00069000 08:03 1444491                    /usr/lib/jvm/java-8-oracle/jre/lib/amd64/libt2k.so
7fe5e3dd8000-7fe5e3ddf000 rw-p 00069000 08:03 1444491                    /usr/lib/jvm/java-8-oracle/jre/lib/amd64/libt2k.so
7fe5e3ddf000-7fe5e3def000 rw-p 00000000 00:00 0 
7fe5e3def000-7fe5e3e00000 r-xp 00000000 08:03 1445029                    /usr/lib/jvm/java-8-oracle/jre/lib/amd64/libnio.so
7fe5e3e00000-7fe5e3fff000 ---p 00011000 08:03 1445029                    /usr/lib/jvm/java-8-oracle/jre/lib/amd64/libnio.so
7fe5e3fff000-7fe5e4000000 rw-p 00010000 08:03 1445029                    /usr/lib/jvm/java-8-oracle/jre/lib/amd64/libnio.so
7fe5e4000000-7fe5e4064000 rw-p 00000000 00:00 0 
7fe5e4064000-7fe5e8000000 ---p 00000000 00:00 0 
7fe5e8000000-7fe5e82bb000 rw-p 00000000 00:00 0 
7fe5e82bb000-7fe5ec000000 ---p 00000000 00:00 0 
7fe5ec000000-7fe5ec357000 rw-p 00000000 00:00 0 
7fe5ec357000-7fe5f0000000 ---p 00000000 00:00 0 
7fe5f0002000-7fe5f000c000 r--s 00000000 08:03 1574720                    /usr/share/fonts/X11/Type1/c0419bt_.pfb
7fe5f000c000-7fe5f0015000 r--s 00000000 08:03 1575809                    /usr/share/fonts/type1/gsfonts/s050000l.pfb
7fe5f0015000-7fe5f0028000 r--s 00000000 08:03 1575770                    /usr/share/fonts/type1/gsfonts/n019064l.pfb
7fe5f003f000-7fe5f005a000 r--s 00000000 08:03 1575737                    /usr/share/fonts/type1/gsfonts/c059016l.pfb
7fe5f00d1000-7fe5f30d2000 rw-p 00000000 00:00 0 
7fe5f30d2000-7fe5f30e9000 r-xp 00000000 08:03 1445026                    /usr/lib/jvm/java-8-oracle/jre/lib/amd64/libnet.so
7fe5f30e9000-7fe5f32e8000 ---p 00017000 08:03 1445026                    /usr/lib/jvm/java-8-oracle/jre/lib/amd64/libnet.so
7fe5f32e8000-7fe5f32e9000 rw-p 00016000 08:03 1445026                    /usr/lib/jvm/java-8-oracle/jre/lib/amd64/libnet.so
7fe5f32e9000-7fe5f32ec000 ---p 00000000 00:00 0 
7fe5f32ec000-7fe5f33ea000 rw-p 00000000 00:00 0 
7fe5f33ea000-7fe5f33ed000 ---p 00000000 00:00 0 
7fe5f33ed000-7fe5f36eb000 rw-p 00000000 00:00 0 
7fe5f36eb000-7fe5f36ee000 ---p 00000000 00:00 0 
7fe5f36ee000-7fe5f37ec000 rw-p 00000000 00:00 0 
7fe5f37ec000-7fe5f37ef000 ---p 00000000 00:00 0 
7fe5f37ef000-7fe5f38ed000 rw-p 00000000 00:00 0 
7fe5f38ed000-7fe5f38f0000 ---p 00000000 00:00 0 
7fe5f38f0000-7fe5f39ee000 rw-p 00000000 00:00 0 
7fe5f39ee000-7fe5f39f1000 ---p 00000000 00:00 0 
7fe5f39f1000-7fe5f3aef000 rw-p 00000000 00:00 0 
7fe5f3aef000-7fe5f3af2000 ---p 00000000 00:00 0 
7fe5f3af2000-7fe5f3bf0000 rw-p 00000000 00:00 0 
7fe5f3bf0000-7fe5f3bf5000 r-xp 00000000 08:03 794414                     /usr/lib/x86_64-linux-gnu/libXfixes.so.3.1.0
7fe5f3bf5000-7fe5f3df4000 ---p 00005000 08:03 794414                     /usr/lib/x86_64-linux-gnu/libXfixes.so.3.1.0
7fe5f3df4000-7fe5f3df5000 r--p 00004000 08:03 794414                     /usr/lib/x86_64-linux-gnu/libXfixes.so.3.1.0
7fe5f3df5000-7fe5f3df6000 rw-p 00005000 08:03 794414                     /usr/lib/x86_64-linux-gnu/libXfixes.so.3.1.0
7fe5f3df6000-7fe5f3dff000 r-xp 00000000 08:03 794406                     /usr/lib/x86_64-linux-gnu/libXcursor.so.1.0.2
7fe5f3dff000-7fe5f3ffe000 ---p 00009000 08:03 794406                     /usr/lib/x86_64-linux-gnu/libXcursor.so.1.0.2
7fe5f3ffe000-7fe5f3fff000 r--p 00008000 08:03 794406                     /usr/lib/x86_64-linux-gnu/libXcursor.so.1.0.2
7fe5f3fff000-7fe5f4000000 rw-p 00009000 08:03 794406                     /usr/lib/x86_64-linux-gnu/libXcursor.so.1.0.2
7fe5f4000000-7fe5f4021000 rw-p 00000000 00:00 0 
7fe5f4021000-7fe5f8000000 ---p 00000000 00:00 0 
7fe5f8000000-7fe5f8021000 rw-p 00000000 00:00 0 
7fe5f8021000-7fe5fc000000 ---p 00000000 00:00 0 
7fe5fc000000-7fe5fc6bd000 rw-p 00000000 00:00 0 
7fe5fc6bd000-7fe600000000 ---p 00000000 00:00 0 
7fe600000000-7fe600021000 rw-p 00000000 00:00 0 
7fe600021000-7fe604000000 ---p 00000000 00:00 0 
7fe604000000-7fe604021000 rw-p 00000000 00:00 0 
7fe604021000-7fe608000000 ---p 00000000 00:00 0 
7fe608000000-7fe60824e000 rw-p 00000000 00:00 0 
7fe60824e000-7fe60c000000 ---p 00000000 00:00 0 
7fe60c000000-7fe60c021000 rw-p 00000000 00:00 0 
7fe60c021000-7fe610000000 ---p 00000000 00:00 0 
7fe610000000-7fe610021000 rw-p 00000000 00:00 0 
7fe610021000-7fe614000000 ---p 00000000 00:00 0 
7fe614000000-7fe6140c1000 rw-p 00000000 00:00 0 
7fe6140c1000-7fe618000000 ---p 00000000 00:00 0 
7fe618000000-7fe618021000 rw-p 00000000 00:00 0 
7fe618021000-7fe61c000000 ---p 00000000 00:00 0 
7fe61c03d000-7fe61c049000 r--s 00000000 08:03 1575746                    /usr/share/fonts/type1/gsfonts/d050000l.pfb
7fe61c049000-7fe61c053000 r--s 00000000 08:03 1574726                    /usr/share/fonts/X11/Type1/c0611bt_.pfb
7fe61c058000-7fe61c06b000 r--s 00345000 08:03 1316538                    /usr/lib/jvm/java-8-oracle/jre/lib/resources.jar
7fe61c06b000-7fe61c081000 r--s 00000000 08:03 1575794                    /usr/share/fonts/type1/gsfonts/n022024l.pfb
7fe61c081000-7fe61c088000 r--s 00000000 08:03 655432                     /var/cache/fontconfig/4be9850f182b35c1350b6bbf2e42601c-le64.cache-6
7fe61c088000-7fe61c093000 r--s 00000000 08:03 655447                     /var/cache/fontconfig/945677eb7aeaf62f1d50efc3fb3ec7d8-le64.cache-6
7fe61c093000-7fe61c09c000 r--s 00000000 08:03 655451                     /var/cache/fontconfig/a6d8cf8e4ec09cdbc8633c31745a07dd-le64.cache-6
7fe61c09c000-7fe61c0a2000 r--s 00000000 08:03 655426                     /var/cache/fontconfig/2cd17615ca594fa2959ae173292e504c-le64.cache-6
7fe61c0a2000-7fe61c0b7000 r--s 00000000 08:03 655414                     /var/cache/fontconfig/04aabc0a78ac019cf9454389977116d2-le64.cache-6
7fe61c0b7000-7fe61c0bc000 r--s 00000000 08:03 655469                     /var/cache/fontconfig/eb48934c523a49add3824bfad8846c40-le64.cache-6
7fe61c0bc000-7fe61c0bf000 ---p 00000000 00:00 0 
7fe61c0bf000-7fe61c1bd000 rw-p 00000000 00:00 0 
7fe61c1bd000-7fe61c1d3000 r-xp 00000000 08:03 11014662                   /lib/x86_64-linux-gnu/libgcc_s.so.1
7fe61c1d3000-7fe61c3d2000 ---p 00016000 08:03 11014662                   /lib/x86_64-linux-gnu/libgcc_s.so.1
7fe61c3d2000-7fe61c3d3000 rw-p 00015000 08:03 11014662                   /lib/x86_64-linux-gnu/libgcc_s.so.1
7fe61c3d3000-7fe61c438000 r-xp 00000000 08:03 1445007                    /usr/lib/jvm/java-8-oracle/jre/lib/amd64/libfontmanager.so
7fe61c438000-7fe61c637000 ---p 00065000 08:03 1445007                    /usr/lib/jvm/java-8-oracle/jre/lib/amd64/libfontmanager.so
7fe61c637000-7fe61c63c000 rw-p 00064000 08:03 1445007                    /usr/lib/jvm/java-8-oracle/jre/lib/amd64/libfontmanager.so
7fe61c63c000-7fe61c64c000 rw-p 00000000 00:00 0 
7fe61c64c000-7fe61c651000 r-xp 00000000 08:03 794410                     /usr/lib/x86_64-linux-gnu/libXdmcp.so.6.0.0
7fe61c651000-7fe61c850000 ---p 00005000 08:03 794410                     /usr/lib/x86_64-linux-gnu/libXdmcp.so.6.0.0
7fe61c850000-7fe61c851000 r--p 00004000 08:03 794410                     /usr/lib/x86_64-linux-gnu/libXdmcp.so.6.0.0
7fe61c851000-7fe61c852000 rw-p 00005000 08:03 794410                     /usr/lib/x86_64-linux-gnu/libXdmcp.so.6.0.0
7fe61c852000-7fe61c854000 r-xp 00000000 08:03 794399                     /usr/lib/x86_64-linux-gnu/libXau.so.6.0.0
7fe61c854000-7fe61ca54000 ---p 00002000 08:03 794399                     /usr/lib/x86_64-linux-gnu/libXau.so.6.0.0
7fe61ca54000-7fe61ca55000 r--p 00002000 08:03 794399                     /usr/lib/x86_64-linux-gnu/libXau.so.6.0.0
7fe61ca55000-7fe61ca56000 rw-p 00003000 08:03 794399                     /usr/lib/x86_64-linux-gnu/libXau.so.6.0.0
7fe61ca56000-7fe61ca77000 r-xp 00000000 08:03 795658                     /usr/lib/x86_64-linux-gnu/libxcb.so.1.1.0
7fe61ca77000-7fe61cc76000 ---p 00021000 08:03 795658                     /usr/lib/x86_64-linux-gnu/libxcb.so.1.1.0
7fe61cc76000-7fe61cc77000 r--p 00020000 08:03 795658                     /usr/lib/x86_64-linux-gnu/libxcb.so.1.1.0
7fe61cc77000-7fe61cc78000 rw-p 00021000 08:03 795658                     /usr/lib/x86_64-linux-gnu/libxcb.so.1.1.0
7fe61cc78000-7fe61cc87000 r-xp 00000000 08:03 794422                     /usr/lib/x86_64-linux-gnu/libXi.so.6.1.0
7fe61cc87000-7fe61ce86000 ---p 0000f000 08:03 794422                     /usr/lib/x86_64-linux-gnu/libXi.so.6.1.0
7fe61ce86000-7fe61ce87000 r--p 0000e000 08:03 794422                     /usr/lib/x86_64-linux-gnu/libXi.so.6.1.0
7fe61ce87000-7fe61ce88000 rw-p 0000f000 08:03 794422                     /usr/lib/x86_64-linux-gnu/libXi.so.6.1.0
7fe61ce88000-7fe61ce8d000 r-xp 00000000 08:03 794440                     /usr/lib/x86_64-linux-gnu/libXtst.so.6.1.0
7fe61ce8d000-7fe61d08c000 ---p 00005000 08:03 794440                     /usr/lib/x86_64-linux-gnu/libXtst.so.6.1.0
7fe61d08c000-7fe61d08d000 r--p 00004000 08:03 794440                     /usr/lib/x86_64-linux-gnu/libXtst.so.6.1.0
7fe61d08d000-7fe61d08e000 rw-p 00005000 08:03 794440                     /usr/lib/x86_64-linux-gnu/libXtst.so.6.1.0
7fe61d08e000-7fe61d097000 r-xp 00000000 08:03 794434                     /usr/lib/x86_64-linux-gnu/libXrender.so.1.3.0
7fe61d097000-7fe61d296000 ---p 00009000 08:03 794434                     /usr/lib/x86_64-linux-gnu/libXrender.so.1.3.0
7fe61d296000-7fe61d297000 r--p 00008000 08:03 794434                     /usr/lib/x86_64-linux-gnu/libXrender.so.1.3.0
7fe61d297000-7fe61d298000 rw-p 00009000 08:03 794434                     /usr/lib/x86_64-linux-gnu/libXrender.so.1.3.0
7fe61d298000-7fe61d3cd000 r-xp 00000000 08:03 794395                     /usr/lib/x86_64-linux-gnu/libX11.so.6.3.0
7fe61d3cd000-7fe61d5cd000 ---p 00135000 08:03 794395                     /usr/lib/x86_64-linux-gnu/libX11.so.6.3.0
7fe61d5cd000-7fe61d5ce000 r--p 00135000 08:03 794395                     /usr/lib/x86_64-linux-gnu/libX11.so.6.3.0
7fe61d5ce000-7fe61d5d2000 rw-p 00136000 08:03 794395                     /usr/lib/x86_64-linux-gnu/libX11.so.6.3.0
7fe61d5d2000-7fe61d5e3000 r-xp 00000000 08:03 794412                     /usr/lib/x86_64-linux-gnu/libXext.so.6.4.0
7fe61d5e3000-7fe61d7e2000 ---p 00011000 08:03 794412                     /usr/lib/x86_64-linux-gnu/libXext.so.6.4.0
7fe61d7e2000-7fe61d7e3000 r--p 00010000 08:03 794412                     /usr/lib/x86_64-linux-gnu/libXext.so.6.4.0
7fe61d7e3000-7fe61d7e4000 rw-p 00011000 08:03 794412                     /usr/lib/x86_64-linux-gnu/libXext.so.6.4.0
7fe61d7e4000-7fe61d838000 r-xp 00000000 08:03 1445033                    /usr/lib/jvm/java-8-oracle/jre/lib/amd64/libawt_xawt.so
7fe61d838000-7fe61da38000 ---p 00054000 08:03 1445033                    /usr/lib/jvm/java-8-oracle/jre/lib/amd64/libawt_xawt.so
7fe61da38000-7fe61da3c000 rw-p 00054000 08:03 1445033                    /usr/lib/jvm/java-8-oracle/jre/lib/amd64/libawt_xawt.so
7fe61da3c000-7fe61da3d000 rw-p 00000000 00:00 0 
7fe61da3d000-7fe61dadf000 r-xp 00000000 08:03 1445019                    /usr/lib/jvm/java-8-oracle/jre/lib/amd64/libawt.so
7fe61dadf000-7fe61dcdf000 ---p 000a2000 08:03 1445019                    /usr/lib/jvm/java-8-oracle/jre/lib/amd64/libawt.so
7fe61dcdf000-7fe61dceb000 rw-p 000a2000 08:03 1445019                    /usr/lib/jvm/java-8-oracle/jre/lib/amd64/libawt.so
7fe61dceb000-7fe61dd0f000 rw-p 00000000 00:00 0 
7fe61dd0f000-7fe61dd10000 ---p 00000000 00:00 0 
7fe61dd10000-7fe61de10000 rw-p 00000000 00:00 0 
7fe61de10000-7fe61de13000 ---p 00000000 00:00 0 
7fe61de13000-7fe61df11000 rw-p 00000000 00:00 0 
7fe61df11000-7fe61df14000 ---p 00000000 00:00 0 
7fe61df14000-7fe61e012000 rw-p 00000000 00:00 0 
7fe61e012000-7fe61e015000 ---p 00000000 00:00 0 
7fe61e015000-7fe61e113000 rw-p 00000000 00:00 0 
7fe61e113000-7fe61e116000 ---p 00000000 00:00 0 
7fe61e116000-7fe61e214000 rw-p 00000000 00:00 0 
7fe61e214000-7fe61fcfd000 r--p 00000000 08:03 791802                     /usr/lib/locale/locale-archive
7fe61fcfd000-7fe61fd00000 ---p 00000000 00:00 0 
7fe61fd00000-7fe61fdfe000 rw-p 00000000 00:00 0 
7fe61fdfe000-7fe61fe01000 ---p 00000000 00:00 0 
7fe61fe01000-7fe61feff000 rw-p 00000000 00:00 0 
7fe61feff000-7fe61ff00000 ---p 00000000 00:00 0 
7fe61ff00000-7fe620000000 rw-p 00000000 00:00 0 
7fe620000000-7fe620021000 rw-p 00000000 00:00 0 
7fe620021000-7fe624000000 ---p 00000000 00:00 0 
7fe624002000-7fe624003000 r--s 00000000 08:03 655422                     /var/cache/fontconfig/0d8c3b2ac0904cb8a57a757ad11a4a08-le64.cache-6
7fe624003000-7fe624004000 r--s 00000000 08:03 655424                     /var/cache/fontconfig/1ac9eb803944fde146138c791f5cc56a-le64.cache-6
7fe624004000-7fe624009000 r--s 00000000 08:03 655430                     /var/cache/fontconfig/385c0604a188198f04d133e54aba7fe7-le64.cache-6
7fe624009000-7fe62400a000 r--s 00000000 08:03 655464                     /var/cache/fontconfig/dc05db6664285cc2f12bf69c139ae4c3-le64.cache-6
7fe62400a000-7fe62400e000 r--s 00000000 08:03 655470                     /var/cache/fontconfig/f0b0891f3a988e97b2aa7c076a1430f3-le64.cache-6
7fe62400e000-7fe624010000 r--s 00000000 08:03 655441                     /var/cache/fontconfig/6adb16404e170b9523f41c0701dd4690-le64.cache-6
7fe624010000-7fe624014000 r--s 00000000 08:03 655444                     /var/cache/fontconfig/7b79abe4499501fcd4e4826394083a53-le64.cache-6
7fe624014000-7fe624017000 r--s 00000000 08:03 655431                     /var/cache/fontconfig/3a9914ff62a69b32234685a84fdc926d-le64.cache-6
7fe624017000-7fe62401a000 r--s 00000000 08:03 655443                     /var/cache/fontconfig/767a8244fc0220cfb567a839d0392e0b-le64.cache-6
7fe62401a000-7fe62401b000 r--s 00000000 08:03 655419                     /var/cache/fontconfig/0b41ebd278d9388cf5d83f81d476c672-le64.cache-6
7fe62401b000-7fe62401f000 r--s 00000000 08:03 655468                     /var/cache/fontconfig/ea32c683f96734b73b6a7acf745d6442-le64.cache-6
7fe62401f000-7fe62405f000 r--s 00000000 08:03 655420                     /var/cache/fontconfig/0bd3dc0958fa2205aaaa8ebb13e2872b-le64.cache-6
7fe62405f000-7fe624065000 r--s 00000000 08:03 655446                     /var/cache/fontconfig/8801497958630a81b71ace7c5f9b32a8-le64.cache-6
7fe624065000-7fe6240a0000 r--s 00000000 08:03 665021                     /var/cache/fontconfig/365b55f210c0a22e9a19e35191240f32-le64.cache-6
7fe6240a0000-7fe6240a1000 r--s 00000000 08:03 655457                     /var/cache/fontconfig/bab58bb527bb656aaa9f116d68a48d89-le64.cache-6
7fe6240a1000-7fe6240a2000 r--s 00000000 08:03 655452                     /var/cache/fontconfig/b036df7bbb72844893df6bcf5570ea7f-le64.cache-6
7fe6240a2000-7fe6240a3000 r--s 00000000 08:03 655437                     /var/cache/fontconfig/575107dd7452b4b2b2b1361909925bb4-le64.cache-6
7fe6240a3000-7fe6240aa000 r--s 00000000 08:03 655427                     /var/cache/fontconfig/3047814df9a2f067bd2d96a2b9c36e5a-le64.cache-6
7fe6240aa000-7fe6240ab000 r--s 00000000 08:03 655435                     /var/cache/fontconfig/56cf4f4769d0f4abc89a4895d7bd3ae1-le64.cache-6
7fe6240ab000-7fe6240ac000 r--s 00000000 08:03 655456                     /var/cache/fontconfig/b9d506c9ac06c20b433354fa67a72993-le64.cache-6
7fe6240ac000-7fe6240b2000 r--s 00000000 08:03 655455                     /var/cache/fontconfig/b47c4e1ecd0709278f4910c18777a504-le64.cache-6
7fe6240b2000-7fe6240b3000 r--s 00000000 08:03 655418                     /var/cache/fontconfig/0b3f2427388044a01a5738fa4b8cc9d1-le64.cache-6
7fe6240b3000-7fe6240b4000 r--s 00000000 08:03 655417                     /var/cache/fontconfig/0941b6d3777f1e64883d36fd6d84a52f-le64.cache-6
7fe6240b4000-7fe6240c7000 r--s 00000000 08:03 655461                     /var/cache/fontconfig/d52a8644073d54c13679302ca1180695-le64.cache-6
7fe6240c7000-7fe6240c8000 r--s 00000000 08:03 655434                     /var/cache/fontconfig/551ecf3b0e8b0bca0f25c0944f561853-le64.cache-6
7fe6240c8000-7fe6240d3000 r--s 00000000 08:03 665019                     /var/cache/fontconfig/d589a48862398ed80a3d6066f4f56f4c-le64.cache-6
7fe6240d3000-7fe6240d5000 r--s 00000000 08:03 655467                     /var/cache/fontconfig/e8d703157d3641d20c7e900be2e8d091-le64.cache-6
7fe6240d5000-7fe6240da000 r--s 00000000 08:03 655453                     /var/cache/fontconfig/b25010134a2e462c779c1c1d5ccbff7b-le64.cache-6
7fe6240da000-7fe6240e7000 r--s 00000000 08:03 656583                     /var/cache/fontconfig/089dead882dea3570ffc31a9898cfb69-le64.cache-6
7fe6240e7000-7fe6240f9000 r--s 00000000 08:03 655449                     /var/cache/fontconfig/9b89f8e3dae116d678bbf48e5f21f69b-le64.cache-6
7fe6240f9000-7fe625000000 rw-p 00000000 00:00 0 
7fe625000000-7fe6255f0000 rwxp 00000000 00:00 0 
7fe6255f0000-7fe634000000 ---p 00000000 00:00 0 
7fe634000000-7fe63451b000 rw-p 00000000 00:00 0 
7fe63451b000-7fe638000000 ---p 00000000 00:00 0 
7fe638000000-7fe638002000 r--s 00000000 08:03 655440                     /var/cache/fontconfig/6a6dfed4a7d1e4367ef225093de82110-le64.cache-6
7fe638002000-7fe638006000 r--s 00000000 08:03 655415                     /var/cache/fontconfig/0843ca893a93b5446bad221815920e23-le64.cache-6
7fe638006000-7fe638009000 r--s 00000000 08:03 655454                     /var/cache/fontconfig/b2d60264172c9fafc2f82e9237d8d959-le64.cache-6
7fe638009000-7fe638016000 r--s 00000000 08:03 4724048                    /home/paulo/.cache/fontconfig/e13b20fdb08344e0e664864cc2ede53d-le64.cache-6
7fe638016000-7fe638020000 r--s 00116000 08:03 1316568                    /usr/lib/jvm/java-8-oracle/jre/lib/ext/localedata.jar
7fe638020000-7fe63803c000 r--s 00393000 08:03 1316561                    /usr/lib/jvm/java-8-oracle/jre/lib/ext/cldrdata.jar
7fe63803c000-7fe638043000 r--s 00000000 08:03 919920                     /usr/lib/x86_64-linux-gnu/gconv/gconv-modules.cache
7fe638043000-7fe638064000 r--p 00000000 08:03 2110781                    /usr/share/locale-langpack/pt_BR/LC_MESSAGES/libc.mo
7fe638064000-7fe6382c9000 rw-p 00000000 00:00 0 
7fe6382c9000-7fe6384a2000 r--s 03d5a000 08:03 1316500                    /usr/lib/jvm/java-8-oracle/jre/lib/rt.jar
7fe6384a2000-7fe63a151000 rw-p 00000000 00:00 0 
7fe63a151000-7fe63a152000 ---p 00000000 00:00 0 
7fe63a152000-7fe63a252000 rw-p 00000000 00:00 0 
7fe63a252000-7fe63a253000 ---p 00000000 00:00 0 
7fe63a253000-7fe63a365000 rw-p 00000000 00:00 0 
7fe63a365000-7fe63a46f000 ---p 00000000 00:00 0 
7fe63a46f000-7fe63a481000 rw-p 00000000 00:00 0 
7fe63a481000-7fe63a58a000 ---p 00000000 00:00 0 
7fe63a58a000-7fe63a594000 rw-p 00000000 00:00 0 
7fe63a594000-7fe63a618000 ---p 00000000 00:00 0 
7fe63a618000-7fe63a631000 rw-p 00000000 00:00 0 
7fe63a631000-7fe63a9d9000 ---p 00000000 00:00 0 
7fe63a9d9000-7fe63a9f4000 r-xp 00000000 08:03 1445022                    /usr/lib/jvm/java-8-oracle/jre/lib/amd64/libzip.so
7fe63a9f4000-7fe63abf4000 ---p 0001b000 08:03 1445022                    /usr/lib/jvm/java-8-oracle/jre/lib/amd64/libzip.so
7fe63abf4000-7fe63abf5000 rw-p 0001b000 08:03 1445022                    /usr/lib/jvm/java-8-oracle/jre/lib/amd64/libzip.so
7fe63abf5000-7fe63ac00000 r-xp 00000000 08:03 11014723                   /lib/x86_64-linux-gnu/libnss_files-2.23.so
7fe63ac00000-7fe63adff000 ---p 0000b000 08:03 11014723                   /lib/x86_64-linux-gnu/libnss_files-2.23.so
7fe63adff000-7fe63ae00000 r--p 0000a000 08:03 11014723                   /lib/x86_64-linux-gnu/libnss_files-2.23.so
7fe63ae00000-7fe63ae01000 rw-p 0000b000 08:03 11014723                   /lib/x86_64-linux-gnu/libnss_files-2.23.so
7fe63ae01000-7fe63ae07000 rw-p 00000000 00:00 0 
7fe63ae07000-7fe63ae12000 r-xp 00000000 08:03 11014733                   /lib/x86_64-linux-gnu/libnss_nis-2.23.so
7fe63ae12000-7fe63b011000 ---p 0000b000 08:03 11014733                   /lib/x86_64-linux-gnu/libnss_nis-2.23.so
7fe63b011000-7fe63b012000 r--p 0000a000 08:03 11014733                   /lib/x86_64-linux-gnu/libnss_nis-2.23.so
7fe63b012000-7fe63b013000 rw-p 0000b000 08:03 11014733                   /lib/x86_64-linux-gnu/libnss_nis-2.23.so
7fe63b013000-7fe63b029000 r-xp 00000000 08:03 11014717                   /lib/x86_64-linux-gnu/libnsl-2.23.so
7fe63b029000-7fe63b228000 ---p 00016000 08:03 11014717                   /lib/x86_64-linux-gnu/libnsl-2.23.so
7fe63b228000-7fe63b229000 r--p 00015000 08:03 11014717                   /lib/x86_64-linux-gnu/libnsl-2.23.so
7fe63b229000-7fe63b22a000 rw-p 00016000 08:03 11014717                   /lib/x86_64-linux-gnu/libnsl-2.23.so
7fe63b22a000-7fe63b22c000 rw-p 00000000 00:00 0 
7fe63b22c000-7fe63b234000 r-xp 00000000 08:03 11014719                   /lib/x86_64-linux-gnu/libnss_compat-2.23.so
7fe63b234000-7fe63b433000 ---p 00008000 08:03 11014719                   /lib/x86_64-linux-gnu/libnss_compat-2.23.so
7fe63b433000-7fe63b434000 r--p 00007000 08:03 11014719                   /lib/x86_64-linux-gnu/libnss_compat-2.23.so
7fe63b434000-7fe63b435000 rw-p 00008000 08:03 11014719                   /lib/x86_64-linux-gnu/libnss_compat-2.23.so
7fe63b435000-7fe63b460000 r-xp 00000000 08:03 1445016                    /usr/lib/jvm/java-8-oracle/jre/lib/amd64/libjava.so
7fe63b460000-7fe63b65f000 ---p 0002b000 08:03 1445016                    /usr/lib/jvm/java-8-oracle/jre/lib/amd64/libjava.so
7fe63b65f000-7fe63b661000 rw-p 0002a000 08:03 1445016                    /usr/lib/jvm/java-8-oracle/jre/lib/amd64/libjava.so
7fe63b661000-7fe63b66e000 r-xp 00000000 08:03 1445021                    /usr/lib/jvm/java-8-oracle/jre/lib/amd64/libverify.so
7fe63b66e000-7fe63b86e000 ---p 0000d000 08:03 1445021                    /usr/lib/jvm/java-8-oracle/jre/lib/amd64/libverify.so
7fe63b86e000-7fe63b870000 rw-p 0000d000 08:03 1445021                    /usr/lib/jvm/java-8-oracle/jre/lib/amd64/libverify.so
7fe63b870000-7fe63b877000 r-xp 00000000 08:03 11014778                   /lib/x86_64-linux-gnu/librt-2.23.so
7fe63b877000-7fe63ba76000 ---p 00007000 08:03 11014778                   /lib/x86_64-linux-gnu/librt-2.23.so
7fe63ba76000-7fe63ba77000 r--p 00006000 08:03 11014778                   /lib/x86_64-linux-gnu/librt-2.23.so
7fe63ba77000-7fe63ba78000 rw-p 00007000 08:03 11014778                   /lib/x86_64-linux-gnu/librt-2.23.so
7fe63ba78000-7fe63bb80000 r-xp 00000000 08:03 11014694                   /lib/x86_64-linux-gnu/libm-2.23.so
7fe63bb80000-7fe63bd7f000 ---p 00108000 08:03 11014694                   /lib/x86_64-linux-gnu/libm-2.23.so
7fe63bd7f000-7fe63bd80000 r--p 00107000 08:03 11014694                   /lib/x86_64-linux-gnu/libm-2.23.so
7fe63bd80000-7fe63bd81000 rw-p 00108000 08:03 11014694                   /lib/x86_64-linux-gnu/libm-2.23.so
7fe63bd81000-7fe63ca54000 r-xp 00000000 08:03 1444999                    /usr/lib/jvm/java-8-oracle/jre/lib/amd64/server/libjvm.so
7fe63ca54000-7fe63cc53000 ---p 00cd3000 08:03 1444999                    /usr/lib/jvm/java-8-oracle/jre/lib/amd64/server/libjvm.so
7fe63cc53000-7fe63cd2d000 rw-p 00cd2000 08:03 1444999                    /usr/lib/jvm/java-8-oracle/jre/lib/amd64/server/libjvm.so
7fe63cd2d000-7fe63cd78000 rw-p 00000000 00:00 0 
7fe63cd78000-7fe63cf38000 r-xp 00000000 08:03 11014624                   /lib/x86_64-linux-gnu/libc-2.23.so
7fe63cf38000-7fe63d138000 ---p 001c0000 08:03 11014624                   /lib/x86_64-linux-gnu/libc-2.23.so
7fe63d138000-7fe63d13c000 r--p 001c0000 08:03 11014624                   /lib/x86_64-linux-gnu/libc-2.23.so
7fe63d13c000-7fe63d13e000 rw-p 001c4000 08:03 11014624                   /lib/x86_64-linux-gnu/libc-2.23.so
7fe63d13e000-7fe63d142000 rw-p 00000000 00:00 0 
7fe63d142000-7fe63d145000 r-xp 00000000 08:03 11014648                   /lib/x86_64-linux-gnu/libdl-2.23.so
7fe63d145000-7fe63d344000 ---p 00003000 08:03 11014648                   /lib/x86_64-linux-gnu/libdl-2.23.so
7fe63d344000-7fe63d345000 r--p 00002000 08:03 11014648                   /lib/x86_64-linux-gnu/libdl-2.23.so
7fe63d345000-7fe63d346000 rw-p 00003000 08:03 11014648                   /lib/x86_64-linux-gnu/libdl-2.23.so
7fe63d346000-7fe63d35c000 r-xp 00000000 08:03 1316320                    /usr/lib/jvm/java-8-oracle/lib/amd64/jli/libjli.so
7fe63d35c000-7fe63d55b000 ---p 00016000 08:03 1316320                    /usr/lib/jvm/java-8-oracle/lib/amd64/jli/libjli.so
7fe63d55b000-7fe63d55c000 rw-p 00015000 08:03 1316320                    /usr/lib/jvm/java-8-oracle/lib/amd64/jli/libjli.so
7fe63d55c000-7fe63d574000 r-xp 00000000 08:03 11014770                   /lib/x86_64-linux-gnu/libpthread-2.23.so
7fe63d574000-7fe63d773000 ---p 00018000 08:03 11014770                   /lib/x86_64-linux-gnu/libpthread-2.23.so
7fe63d773000-7fe63d774000 r--p 00017000 08:03 11014770                   /lib/x86_64-linux-gnu/libpthread-2.23.so
7fe63d774000-7fe63d775000 rw-p 00018000 08:03 11014770                   /lib/x86_64-linux-gnu/libpthread-2.23.so
7fe63d775000-7fe63d779000 rw-p 00000000 00:00 0 
7fe63d779000-7fe63d79f000 r-xp 00000000 08:03 11014596                   /lib/x86_64-linux-gnu/ld-2.23.so
7fe63d79f000-7fe63d882000 rw-p 00000000 00:00 0 
7fe63d882000-7fe63d885000 ---p 00000000 00:00 0 
7fe63d885000-7fe63d987000 rw-p 00000000 00:00 0 
7fe63d987000-7fe63d988000 r--s 00000000 08:03 655428                     /var/cache/fontconfig/30829fa25452a46451e813d634d7f916-le64.cache-6
7fe63d988000-7fe63d989000 r--s 00000000 08:03 655421                     /var/cache/fontconfig/0c9eb80ebd1c36541ebe2852d3bb0c49-le64.cache-6
7fe63d989000-7fe63d98d000 r--s 00000000 08:03 656860                     /var/cache/fontconfig/7ef2298fde41cc6eeb7af42e48b7d293-le64.cache-6
7fe63d98d000-7fe63d992000 r--s 002f9000 08:03 1316498                    /usr/lib/jvm/java-8-oracle/jre/lib/charsets.jar
7fe63d992000-7fe63d99a000 rw-s 00000000 08:03 925209                     /tmp/hsperfdata_paulo/24368
7fe63d99a000-7fe63d99b000 rw-p 00000000 00:00 0 
7fe63d99b000-7fe63d99c000 r--p 00000000 00:00 0 
7fe63d99c000-7fe63d99e000 rw-p 00000000 00:00 0 
7fe63d99e000-7fe63d99f000 r--p 00025000 08:03 11014596                   /lib/x86_64-linux-gnu/ld-2.23.so
7fe63d99f000-7fe63d9a0000 rw-p 00026000 08:03 11014596                   /lib/x86_64-linux-gnu/ld-2.23.so
7fe63d9a0000-7fe63d9a1000 rw-p 00000000 00:00 0 
7ffcd1c6e000-7ffcd1c8f000 rw-p 00000000 00:00 0                          [stack]
7ffcd1d61000-7ffcd1d63000 r--p 00000000 00:00 0                          [vvar]
7ffcd1d63000-7ffcd1d65000 r-xp 00000000 00:00 0                          [vdso]
ffffffffff600000-ffffffffff601000 r-xp 00000000 00:00 0                  [vsyscall]

VM Arguments:
jvm_args: -Dfile.encoding=UTF-8 
java_command: org.gui.TrapezoidCircuitSimulator
java_class_path (initial): /home/paulo/Documentos/UEFS/TCC/Cdigo/trapezoidCircuitSimulator/interface_java/CircuitSimulator/build/classes
Launcher Type: SUN_STANDARD

Environment Variables:
PATH=/home/paulo/bin:/home/paulo/.local/bin:/usr/local/sbin:/usr/local/bin:/usr/sbin:/usr/bin:/sbin:/bin:/usr/games:/usr/local/games
LD_LIBRARY_PATH=/usr/lib/jvm/java-8-oracle/jre/lib/amd64:/usr/lib/jvm/java-8-oracle/jre/lib/i386:
SHELL=/bin/bash
DISPLAY=:0

Signal Handlers:
SIGSEGV: [libjvm.so+0xacbe10], sa_mask[0]=11111111011111111101111111111110, sa_flags=SA_RESTART|SA_SIGINFO
SIGBUS: [libjvm.so+0xacbe10], sa_mask[0]=11111111011111111101111111111110, sa_flags=SA_RESTART|SA_SIGINFO
SIGFPE: [libjvm.so+0x924f90], sa_mask[0]=11111111011111111101111111111110, sa_flags=SA_RESTART|SA_SIGINFO
SIGPIPE: [libjvm.so+0x924f90], sa_mask[0]=11111111011111111101111111111110, sa_flags=SA_RESTART|SA_SIGINFO
SIGXFSZ: [libjvm.so+0x924f90], sa_mask[0]=11111111011111111101111111111110, sa_flags=SA_RESTART|SA_SIGINFO
SIGILL: [libjvm.so+0x924f90], sa_mask[0]=11111111011111111101111111111110, sa_flags=SA_RESTART|SA_SIGINFO
SIGUSR1: SIG_DFL, sa_mask[0]=00000000000000000000000000000000, sa_flags=none
SIGUSR2: [libjvm.so+0x9267d0], sa_mask[0]=00100000000000000000000000000000, sa_flags=SA_RESTART|SA_SIGINFO
SIGHUP: [libjvm.so+0x927bd0], sa_mask[0]=11111111011111111101111111111110, sa_flags=SA_RESTART|SA_SIGINFO
SIGINT: SIG_IGN, sa_mask[0]=00000000000000000000000000000000, sa_flags=none
SIGTERM: [libjvm.so+0x927bd0], sa_mask[0]=11111111011111111101111111111110, sa_flags=SA_RESTART|SA_SIGINFO
SIGQUIT: [libjvm.so+0x927bd0], sa_mask[0]=11111111011111111101111111111110, sa_flags=SA_RESTART|SA_SIGINFO


---------------  S Y S T E M  ---------------

OS:DISTRIB_ID="elementary"
DISTRIB_RELEASE=0.4.1
DISTRIB_CODENAME=loki
DISTRIB_DESCRIPTION="elementary OS 0.4.1 Loki"

uname:Linux 4.10.0-38-generic #42~16.04.1-Ubuntu SMP Tue Oct 10 16:32:20 UTC 2017 x86_64
libc:glibc 2.23 NPTL 2.23 
rlimit: STACK 8192k, CORE 0k, NPROC 13407, NOFILE 1048576, AS infinity
load average:2,41 2,63 2,25

/proc/meminfo:
MemTotal:        3476960 kB
MemFree:          397664 kB
MemAvailable:     646084 kB
Buffers:           36596 kB
Cached:           449428 kB
SwapCached:        25336 kB
Active:          2097320 kB
Inactive:         604652 kB
Active(anon):    1773144 kB
Inactive(anon):   514248 kB
Active(file):     324176 kB
Inactive(file):    90404 kB
Unevictable:         616 kB
Mlocked:             616 kB
SwapTotal:      20477948 kB
SwapFree:       20093736 kB
Dirty:               152 kB
Writeback:             0 kB
AnonPages:       2161184 kB
Mapped:           247768 kB
Shmem:             71396 kB
Slab:             111180 kB
SReclaimable:      69504 kB
SUnreclaim:        41676 kB
KernelStack:       10256 kB
PageTables:        46748 kB
NFS_Unstable:          0 kB
Bounce:                0 kB
WritebackTmp:          0 kB
CommitLimit:    22216428 kB
Committed_AS:    7353680 kB
VmallocTotal:   34359738367 kB
VmallocUsed:           0 kB
VmallocChunk:          0 kB
HardwareCorrupted:     0 kB
AnonHugePages:   1079296 kB
ShmemHugePages:        0 kB
ShmemPmdMapped:        0 kB
CmaTotal:              0 kB
CmaFree:               0 kB
HugePages_Total:       0
HugePages_Free:        0
HugePages_Rsvd:        0
HugePages_Surp:        0
Hugepagesize:       2048 kB
DirectMap4k:      491260 kB
DirectMap2M:     3127296 kB
DirectMap1G:           0 kB


CPU:total 2 (initial active 2) (2 cores per cpu, 1 threads per core) family 22 model 0 stepping 1, cmov, cx8, fxsr, mmx, sse, sse2, sse3, ssse3, sse4.1, sse4.2, popcnt, avx, aes, clmul, mmxext, 3dnowpref, lzcnt, sse4a, tsc, tscinvbit, tscinv, bmi1

/proc/cpuinfo:
processor	: 0
vendor_id	: AuthenticAMD
cpu family	: 22
model		: 0
model name	: AMD E1-2100 APU with Radeon(TM) HD Graphics
stepping	: 1
microcode	: 0x700010b
cpu MHz		: 1000.000
cache size	: 1024 KB
physical id	: 0
siblings	: 2
core id		: 0
cpu cores	: 2
apicid		: 0
initial apicid	: 0
fpu		: yes
fpu_exception	: yes
cpuid level	: 13
wp		: yes
flags		: fpu vme de pse tsc msr pae mce cx8 apic sep mtrr pge mca cmov pat pse36 clflush mmx fxsr sse sse2 ht syscall nx mmxext fxsr_opt pdpe1gb rdtscp lm constant_tsc rep_good nopl nonstop_tsc extd_apicid aperfmperf pni pclmulqdq monitor ssse3 cx16 sse4_1 sse4_2 movbe popcnt aes xsave avx f16c lahf_lm cmp_legacy svm extapic cr8_legacy abm sse4a misalignsse 3dnowprefetch osvw ibs skinit wdt topoext perfctr_nb bpext perfctr_l2 hw_pstate proc_feedback vmmcall bmi1 xsaveopt arat npt lbrv svm_lock nrip_save tsc_scale flushbyasid decodeassists pausefilter pfthreshold overflow_recov
bugs		: fxsave_leak sysret_ss_attrs null_seg
bogomips	: 1996.39
TLB size	: 1024 4K pages
clflush size	: 64
cache_alignment	: 64
address sizes	: 40 bits physical, 48 bits virtual
power management: ts ttp tm 100mhzsteps hwpstate proc_feedback

processor	: 1
vendor_id	: AuthenticAMD
cpu family	: 22
model		: 0
model name	: AMD E1-2100 APU with Radeon(TM) HD Graphics
stepping	: 1
microcode	: 0x700010b
cpu MHz		: 1000.000
cache size	: 1024 KB
physical id	: 0
siblings	: 2
core id		: 1
cpu cores	: 2
apicid		: 1
initial apicid	: 1
fpu		: yes
fpu_exception	: yes
cpuid level	: 13
wp		: yes
flags		: fpu vme de pse tsc msr pae mce cx8 apic sep mtrr pge mca cmov pat pse36 clflush mmx fxsr sse sse2 ht syscall nx mmxext fxsr_opt pdpe1gb rdtscp lm constant_tsc rep_good nopl nonstop_tsc extd_apicid aperfmperf pni pclmulqdq monitor ssse3 cx16 sse4_1 sse4_2 movbe popcnt aes xsave avx f16c lahf_lm cmp_legacy svm extapic cr8_legacy abm sse4a misalignsse 3dnowprefetch osvw ibs skinit wdt topoext perfctr_nb bpext perfctr_l2 hw_pstate proc_feedback vmmcall bmi1 xsaveopt arat npt lbrv svm_lock nrip_save tsc_scale flushbyasid decodeassists pausefilter pfthreshold overflow_recov
bugs		: fxsave_leak sysret_ss_attrs null_seg
bogomips	: 1996.39
TLB size	: 1024 4K pages
clflush size	: 64
cache_alignment	: 64
address sizes	: 40 bits physical, 48 bits virtual
power management: ts ttp tm 100mhzsteps hwpstate proc_feedback



Memory: 4k page, physical 3476960k(397664k free), swap 20477948k(20093736k free)

vm_info: Java HotSpot(TM) 64-Bit Server VM (25.151-b12) for linux-amd64 JRE (1.8.0_151-b12), built on Sep  5 2017 19:20:58 by "java_re" with gcc 4.3.0 20080428 (Red Hat 4.3.0-8)

time: Sat Nov 18 12:48:44 2017
elapsed time: 71 seconds (0d 0h 1m 11s)

