#
# A fatal error has been detected by the Java Runtime Environment:
#
#  SIGSEGV (0xb) at pc=0x00007f684c925430, pid=5624, tid=0x00007f684e3f3700
#
# JRE version: Java(TM) SE Runtime Environment (8.0_151-b12) (build 1.8.0_151-b12)
# Java VM: Java HotSpot(TM) 64-Bit Server VM (25.151-b12 mixed mode linux-amd64 compressed oops)
# Problematic frame:
# C  [libstdc++.so.6+0x121430]  std::__cxx11::basic_string<char, std::char_traits<char>, std::allocator<char> >::compare(char const*) const+0x10
#
# Failed to write core dump. Core dumps have been disabled. To enable core dumping, try "ulimit -c unlimited" before starting Java again
#
# If you would like to submit a bug report, please visit:
#   http://bugreport.java.com/bugreport/crash.jsp
# The crash happened outside the Java Virtual Machine in native code.
# See problematic frame for where to report the bug.
#

---------------  T H R E A D  ---------------

Current thread (0x00007f6888249000):  JavaThread "AWT-EventQueue-0" [_thread_in_native, id=5647, stack(0x00007f684e2f3000,0x00007f684e3f4000)]

siginfo: si_signo: 11 (SIGSEGV), si_code: 1 (SEGV_MAPERR), si_addr: 0x0000000000000008

Registers:
RAX=0x0000000000000000, RBX=0x0000000000000001, RCX=0x0000000000000001, RDX=0x00007f684cbaab9a
RSP=0x00007f684e3efcb0, RBP=0x00007f684e3efcf0, RSI=0x00007f684cbaab9a, RDI=0x0000000000000000
R8 =0x00007f683c047cd0, R9 =0x0000000000000001, R10=0x0000000000000111, R11=0x00007f688fd64f50
R12=0x0000000000000000, R13=0x00007f684cbaab9a, R14=0x00007f684e3f03f8, R15=0x00007f6888249000
RIP=0x00007f684c925430, EFLAGS=0x0000000000010202, CSGSFS=0x002b000000000033, ERR=0x0000000000000004
  TRAPNO=0x000000000000000e

Top of Stack: (sp=0x00007f684e3efcb0)
0x00007f684e3efcb0:   00007f684e3efcd0 0000000000000001
0x00007f684e3efcc0:   00007f684e3efcf0 0000000000000001
0x00007f684e3efcd0:   00007f683c047a40 00007f684cb9e1d5
0x00007f684e3efce0:   00007f684cbaab9a 0000000000000000
0x00007f684e3efcf0:   00007f684e3f0050 00007f684cba7e0b
0x00007f684e3efd00:   0000000000000006 00007f684e3efe00
0x00007f684e3efd10:   00007f684e3f0150 00007f684e3f00d0
0x00007f684e3efd20:   0000000000000006 00007f683c046b40
0x00007f684e3efd30:   00007f683c047a00 0000000000000000
0x00007f684e3efd40:   00007f683c047a40 00007f683c0467e0
0x00007f684e3efd50:   00007f683c047a40 00007f68905dbb1f
0x00007f684e3efd60:   00007f683c047a40 0000000000000000
0x00007f684e3efd70:   00007f683c046640 ffffffffffffffff
0x00007f684e3efd80:   00007f683c047a00 00007f683c047a40
0x00007f684e3efd90:   00007f683c047a40 0000000000000000
0x00007f684e3efda0:   0000000000000000 0000000000000000
0x00007f684e3efdb0:   0000000000000000 00007f684e3efdf0
0x00007f684e3efdc0:   00007f683c047890 00007f683c0479b0
0x00007f684e3efdd0:   00007f683c0479b0 00007f684cb94877
0x00007f684e3efde0:   00007f683c047ce0 00007f683c047d60
0x00007f684e3efdf0:   00007f683c047d60 00007f683c0467e0
0x00007f684e3efe00:   00000000ffffffff 00007f68905e0ac6
0x00007f684e3efe10:   00007f684cb884b8 00007f683c0467e0
0x00007f684e3efe20:   00007f684e3f0010 00007f684cb88350
0x00007f684e3efe30:   00007f684e3effc0 00007f68905e8923
0x00007f684e3efe40:   0000000000000000 0000000000000000
0x00007f684e3efe50:   0000000000000000 00007f684cdb2890
0x00007f684e3efe60:   0000000000000000 00007f684da670e0
0x00007f684e3efe70:   00007f684e3f03f8 00007f6888249000
0x00007f684e3efe80:   00007f684e3f0080 00007f68905e0ac6
0x00007f684e3efe90:   0000000000000005 0000000000000000
0x00007f684e3efea0:   00007f684e3f0370 00007f684cb89d60 

Instructions: (pc=0x00007f684c925430)
0x00007f684c925410:   01 00 48 89 d9 31 c0 e8 64 5b f6 ff 0f 1f 40 00
0x00007f684c925420:   41 55 41 54 49 89 fc 55 53 49 89 f5 48 83 ec 08
0x00007f684c925430:   48 8b 5f 08 48 89 f7 e8 d4 69 f6 ff 48 89 c5 48
0x00007f684c925440:   39 d8 48 89 da 48 0f 46 d0 48 85 d2 74 22 49 8b 

Register to memory mapping:

RAX=0x0000000000000000 is an unknown value
RBX=0x0000000000000001 is an unknown value
RCX=0x0000000000000001 is an unknown value
RDX=0x00007f684cbaab9a: <offset 0x24b9a> in /usr/lib/libsimulation_jni.so at 0x00007f684cb86000
RSP=0x00007f684e3efcb0 is pointing into the stack for thread: 0x00007f6888249000
RBP=0x00007f684e3efcf0 is pointing into the stack for thread: 0x00007f6888249000
RSI=0x00007f684cbaab9a: <offset 0x24b9a> in /usr/lib/libsimulation_jni.so at 0x00007f684cb86000
RDI=0x0000000000000000 is an unknown value
R8 =0x00007f683c047cd0 is an unknown value
R9 =0x0000000000000001 is an unknown value
R10=0x0000000000000111 is an unknown value
R11=0x00007f688fd64f50: <offset 0x194f50> in /lib/x86_64-linux-gnu/libc.so.6 at 0x00007f688fbd0000
R12=0x0000000000000000 is an unknown value
R13=0x00007f684cbaab9a: <offset 0x24b9a> in /usr/lib/libsimulation_jni.so at 0x00007f684cb86000
R14=0x00007f684e3f03f8 is pointing into the stack for thread: 0x00007f6888249000
R15=0x00007f6888249000 is a thread


Stack: [0x00007f684e2f3000,0x00007f684e3f4000],  sp=0x00007f684e3efcb0,  free space=1011k
Native frames: (J=compiled Java code, j=interpreted, Vv=VM code, C=native code)
C  [libstdc++.so.6+0x121430]  std::__cxx11::basic_string<char, std::char_traits<char>, std::allocator<char> >::compare(char const*) const+0x10
C  [libsimulation_jni.so+0x21e0b]  Simulator::parser_simulator(std::basic_ifstream<char, std::char_traits<char> >&)+0x2ed
C  [libsimulation_jni.so+0x21ab4]  Simulator::Simulator(std::basic_ifstream<char, std::char_traits<char> >&, Simulation*)+0x32
C  [libsimulation_jni.so+0x1dd59]  Java_org_jni_InterfaceJNI_run_1analysis+0xfd
j  org.jni.InterfaceJNI.run_analysis(Ljava/lang/String;)Ljava/lang/String;+0
j  org.gui.MainWindow.actionPerformed(Ljava/awt/event/ActionEvent;)V+116
j  javax.swing.AbstractButton.fireActionPerformed(Ljava/awt/event/ActionEvent;)V+83
j  javax.swing.AbstractButton$Handler.actionPerformed(Ljava/awt/event/ActionEvent;)V+5
j  javax.swing.DefaultButtonModel.fireActionPerformed(Ljava/awt/event/ActionEvent;)V+34
j  javax.swing.DefaultButtonModel.setPressed(Z)V+117
j  javax.swing.plaf.basic.BasicButtonListener.mouseReleased(Ljava/awt/event/MouseEvent;)V+35
j  java.awt.AWTEventMulticaster.mouseReleased(Ljava/awt/event/MouseEvent;)V+8
j  java.awt.Component.processMouseEvent(Ljava/awt/event/MouseEvent;)V+64
j  javax.swing.JComponent.processMouseEvent(Ljava/awt/event/MouseEvent;)V+23
J 1276 C1 java.awt.Component.processEvent(Ljava/awt/AWTEvent;)V (220 bytes) @ 0x00007f687943009c [0x00007f687942fb80+0x51c]
J 1360 C1 java.awt.Container.processEvent(Ljava/awt/AWTEvent;)V (22 bytes) @ 0x00007f6879493484 [0x00007f6879493160+0x324]
J 1711 C1 java.awt.Component.dispatchEventImpl(Ljava/awt/AWTEvent;)V (883 bytes) @ 0x00007f68795dd3c4 [0x00007f68795d7f40+0x5484]
J 1111 C1 java.awt.Container.dispatchEventImpl(Ljava/awt/AWTEvent;)V (129 bytes) @ 0x00007f68793a0fa4 [0x00007f68793a0e60+0x144]
J 1369 C1 java.awt.LightweightDispatcher.retargetMouseEvent(Ljava/awt/Component;ILjava/awt/event/MouseEvent;)V (350 bytes) @ 0x00007f68794a0574 [0x00007f687949e020+0x2554]
J 1443 C1 java.awt.LightweightDispatcher.processMouseEvent(Ljava/awt/event/MouseEvent;)Z (286 bytes) @ 0x00007f68794ed31c [0x00007f68794ebc00+0x171c]
J 1571 C1 java.awt.LightweightDispatcher.dispatchEvent(Ljava/awt/AWTEvent;)Z (73 bytes) @ 0x00007f6879539cf4 [0x00007f68795398c0+0x434]
J 1111 C1 java.awt.Container.dispatchEventImpl(Ljava/awt/AWTEvent;)V (129 bytes) @ 0x00007f68793a0f44 [0x00007f68793a0e60+0xe4]
J 1377 C1 java.awt.Window.dispatchEventImpl(Ljava/awt/AWTEvent;)V (23 bytes) @ 0x00007f68794ab884 [0x00007f68794ab2a0+0x5e4]
J 1304 C1 java.awt.EventQueue.dispatchEventImpl(Ljava/awt/AWTEvent;Ljava/lang/Object;)V (149 bytes) @ 0x00007f6879440434 [0x00007f687943ec00+0x1834]
J 1302 C1 java.awt.EventQueue$3.run()Ljava/lang/Void; (60 bytes) @ 0x00007f687943e004 [0x00007f687943de00+0x204]
J 1301 C1 java.awt.EventQueue$3.run()Ljava/lang/Object; (5 bytes) @ 0x00007f687943da8c [0x00007f687943da00+0x8c]
v  ~StubRoutines::call_stub
V  [libjvm.so+0x693e76]  JavaCalls::call_helper(JavaValue*, methodHandle*, JavaCallArguments*, Thread*)+0x1056
V  [libjvm.so+0x72d14c]  JVM_DoPrivileged+0x27c
J 337  java.security.AccessController.doPrivileged(Ljava/security/PrivilegedAction;Ljava/security/AccessControlContext;)Ljava/lang/Object; (0 bytes) @ 0x00007f68791d09d5 [0x00007f68791d0900+0xd5]
J 1247 C1 java.awt.EventQueue$4.run()Ljava/lang/Object; (5 bytes) @ 0x00007f6879406be4 [0x00007f68794067c0+0x424]
v  ~StubRoutines::call_stub
V  [libjvm.so+0x693e76]  JavaCalls::call_helper(JavaValue*, methodHandle*, JavaCallArguments*, Thread*)+0x1056
V  [libjvm.so+0x72d14c]  JVM_DoPrivileged+0x27c
J 337  java.security.AccessController.doPrivileged(Ljava/security/PrivilegedAction;Ljava/security/AccessControlContext;)Ljava/lang/Object; (0 bytes) @ 0x00007f68791d09d5 [0x00007f68791d0900+0xd5]
J 1185 C1 java.awt.EventQueue.dispatchEvent(Ljava/awt/AWTEvent;)V (80 bytes) @ 0x00007f68793c62f4 [0x00007f68793c5480+0xe74]
J 1187 C1 java.awt.EventDispatchThread.pumpOneEventForFilters(I)V (295 bytes) @ 0x00007f68793ca7d4 [0x00007f68793c8c80+0x1b54]
j  java.awt.EventDispatchThread.pumpEventsForFilter(ILjava/awt/Conditional;Ljava/awt/EventFilter;)V+35
j  java.awt.EventDispatchThread.pumpEventsForHierarchy(ILjava/awt/Conditional;Ljava/awt/Component;)V+11
j  java.awt.EventDispatchThread.pumpEvents(ILjava/awt/Conditional;)V+4
j  java.awt.EventDispatchThread.pumpEvents(Ljava/awt/Conditional;)V+3
j  java.awt.EventDispatchThread.run()V+9
v  ~StubRoutines::call_stub
V  [libjvm.so+0x693e76]  JavaCalls::call_helper(JavaValue*, methodHandle*, JavaCallArguments*, Thread*)+0x1056
V  [libjvm.so+0x694381]  JavaCalls::call_virtual(JavaValue*, KlassHandle, Symbol*, Symbol*, JavaCallArguments*, Thread*)+0x321
V  [libjvm.so+0x694827]  JavaCalls::call_virtual(JavaValue*, Handle, KlassHandle, Symbol*, Symbol*, Thread*)+0x47
V  [libjvm.so+0x72fbb0]  thread_entry(JavaThread*, Thread*)+0xa0
V  [libjvm.so+0xa79b53]  JavaThread::thread_main_inner()+0x103
V  [libjvm.so+0xa79c9c]  JavaThread::run()+0x11c
V  [libjvm.so+0x92a728]  java_start(Thread*)+0x108
C  [libpthread.so.0+0x76ba]  start_thread+0xca

Java frames: (J=compiled Java code, j=interpreted, Vv=VM code)
j  org.jni.InterfaceJNI.run_analysis(Ljava/lang/String;)Ljava/lang/String;+0
j  org.gui.MainWindow.actionPerformed(Ljava/awt/event/ActionEvent;)V+116
j  javax.swing.AbstractButton.fireActionPerformed(Ljava/awt/event/ActionEvent;)V+83
j  javax.swing.AbstractButton$Handler.actionPerformed(Ljava/awt/event/ActionEvent;)V+5
j  javax.swing.DefaultButtonModel.fireActionPerformed(Ljava/awt/event/ActionEvent;)V+34
j  javax.swing.DefaultButtonModel.setPressed(Z)V+117
j  javax.swing.plaf.basic.BasicButtonListener.mouseReleased(Ljava/awt/event/MouseEvent;)V+35
j  java.awt.AWTEventMulticaster.mouseReleased(Ljava/awt/event/MouseEvent;)V+8
j  java.awt.Component.processMouseEvent(Ljava/awt/event/MouseEvent;)V+64
j  javax.swing.JComponent.processMouseEvent(Ljava/awt/event/MouseEvent;)V+23
J 1276 C1 java.awt.Component.processEvent(Ljava/awt/AWTEvent;)V (220 bytes) @ 0x00007f687943009c [0x00007f687942fb80+0x51c]
J 1360 C1 java.awt.Container.processEvent(Ljava/awt/AWTEvent;)V (22 bytes) @ 0x00007f6879493484 [0x00007f6879493160+0x324]
J 1711 C1 java.awt.Component.dispatchEventImpl(Ljava/awt/AWTEvent;)V (883 bytes) @ 0x00007f68795dd3c4 [0x00007f68795d7f40+0x5484]
J 1111 C1 java.awt.Container.dispatchEventImpl(Ljava/awt/AWTEvent;)V (129 bytes) @ 0x00007f68793a0fa4 [0x00007f68793a0e60+0x144]
J 1369 C1 java.awt.LightweightDispatcher.retargetMouseEvent(Ljava/awt/Component;ILjava/awt/event/MouseEvent;)V (350 bytes) @ 0x00007f68794a0574 [0x00007f687949e020+0x2554]
J 1443 C1 java.awt.LightweightDispatcher.processMouseEvent(Ljava/awt/event/MouseEvent;)Z (286 bytes) @ 0x00007f68794ed31c [0x00007f68794ebc00+0x171c]
J 1571 C1 java.awt.LightweightDispatcher.dispatchEvent(Ljava/awt/AWTEvent;)Z (73 bytes) @ 0x00007f6879539cf4 [0x00007f68795398c0+0x434]
J 1111 C1 java.awt.Container.dispatchEventImpl(Ljava/awt/AWTEvent;)V (129 bytes) @ 0x00007f68793a0f44 [0x00007f68793a0e60+0xe4]
J 1377 C1 java.awt.Window.dispatchEventImpl(Ljava/awt/AWTEvent;)V (23 bytes) @ 0x00007f68794ab884 [0x00007f68794ab2a0+0x5e4]
J 1304 C1 java.awt.EventQueue.dispatchEventImpl(Ljava/awt/AWTEvent;Ljava/lang/Object;)V (149 bytes) @ 0x00007f6879440434 [0x00007f687943ec00+0x1834]
J 1302 C1 java.awt.EventQueue$3.run()Ljava/lang/Void; (60 bytes) @ 0x00007f687943e004 [0x00007f687943de00+0x204]
J 1301 C1 java.awt.EventQueue$3.run()Ljava/lang/Object; (5 bytes) @ 0x00007f687943da8c [0x00007f687943da00+0x8c]
v  ~StubRoutines::call_stub
J 337  java.security.AccessController.doPrivileged(Ljava/security/PrivilegedAction;Ljava/security/AccessControlContext;)Ljava/lang/Object; (0 bytes) @ 0x00007f68791d0963 [0x00007f68791d0900+0x63]
J 1247 C1 java.awt.EventQueue$4.run()Ljava/lang/Object; (5 bytes) @ 0x00007f6879406be4 [0x00007f68794067c0+0x424]
v  ~StubRoutines::call_stub
J 337  java.security.AccessController.doPrivileged(Ljava/security/PrivilegedAction;Ljava/security/AccessControlContext;)Ljava/lang/Object; (0 bytes) @ 0x00007f68791d0963 [0x00007f68791d0900+0x63]
J 1185 C1 java.awt.EventQueue.dispatchEvent(Ljava/awt/AWTEvent;)V (80 bytes) @ 0x00007f68793c62f4 [0x00007f68793c5480+0xe74]
J 1187 C1 java.awt.EventDispatchThread.pumpOneEventForFilters(I)V (295 bytes) @ 0x00007f68793ca7d4 [0x00007f68793c8c80+0x1b54]
j  java.awt.EventDispatchThread.pumpEventsForFilter(ILjava/awt/Conditional;Ljava/awt/EventFilter;)V+35
j  java.awt.EventDispatchThread.pumpEventsForHierarchy(ILjava/awt/Conditional;Ljava/awt/Component;)V+11
j  java.awt.EventDispatchThread.pumpEvents(ILjava/awt/Conditional;)V+4
j  java.awt.EventDispatchThread.pumpEvents(Ljava/awt/Conditional;)V+3
j  java.awt.EventDispatchThread.run()V+9
v  ~StubRoutines::call_stub

---------------  P R O C E S S  ---------------

Java Threads: ( => current thread )
  0x00007f683c05e000 JavaThread "TimerQueue" daemon [_thread_blocked, id=5651, stack(0x00007f684d763000,0x00007f684d864000)]
  0x00007f688800a000 JavaThread "DestroyJavaVM" [_thread_blocked, id=5629, stack(0x00007f68906da000,0x00007f68907db000)]
=>0x00007f6888249000 JavaThread "AWT-EventQueue-0" [_thread_in_native, id=5647, stack(0x00007f684e2f3000,0x00007f684e3f4000)]
  0x00007f6888247800 JavaThread "AWT-Shutdown" [_thread_blocked, id=5646, stack(0x00007f684e3f4000,0x00007f684e4f5000)]
  0x00007f68881ff000 JavaThread "AWT-XAWT" daemon [_thread_in_native, id=5641, stack(0x00007f6874000000,0x00007f6874101000)]
  0x00007f68881dc000 JavaThread "Java2D Disposer" daemon [_thread_blocked, id=5640, stack(0x00007f6874101000,0x00007f6874202000)]
  0x00007f68880c4000 JavaThread "Service Thread" daemon [_thread_blocked, id=5638, stack(0x00007f6874d7a000,0x00007f6874e7b000)]
  0x00007f68880b7000 JavaThread "C1 CompilerThread1" daemon [_thread_blocked, id=5637, stack(0x00007f6874e7b000,0x00007f6874f7c000)]
  0x00007f68880b4000 JavaThread "C2 CompilerThread0" daemon [_thread_blocked, id=5636, stack(0x00007f6874f7c000,0x00007f687507d000)]
  0x00007f68880b2800 JavaThread "Signal Dispatcher" daemon [_thread_blocked, id=5635, stack(0x00007f687507d000,0x00007f687517e000)]
  0x00007f6888080000 JavaThread "Finalizer" daemon [_thread_blocked, id=5634, stack(0x00007f6876c67000,0x00007f6876d68000)]
  0x00007f688807b000 JavaThread "Reference Handler" daemon [_thread_blocked, id=5633, stack(0x00007f6876d68000,0x00007f6876e69000)]

Other Threads:
  0x00007f6888073800 VMThread [stack: 0x00007f6876e69000,0x00007f6876f6a000] [id=5632]
  0x00007f68880c7000 WatcherThread [stack: 0x00007f6874c79000,0x00007f6874d7a000] [id=5639]

VM state:not at safepoint (normal execution)

VM Mutex/Monitor currently owned by a thread: None

Heap:
 PSYoungGen      total 16384K, used 7684K [0x00000000ee500000, 0x00000000ef700000, 0x0000000100000000)
  eden space 14336K, 39% used [0x00000000ee500000,0x00000000eea85010,0x00000000ef300000)
  from space 2048K, 99% used [0x00000000ef500000,0x00000000ef6fc030,0x00000000ef700000)
  to   space 2048K, 0% used [0x00000000ef300000,0x00000000ef300000,0x00000000ef500000)
 ParOldGen       total 36864K, used 5605K [0x00000000cae00000, 0x00000000cd200000, 0x00000000ee500000)
  object space 36864K, 15% used [0x00000000cae00000,0x00000000cb379650,0x00000000cd200000)
 Metaspace       used 16889K, capacity 17110K, committed 17280K, reserved 1064960K
  class space    used 2076K, capacity 2131K, committed 2176K, reserved 1048576K

Card table byte_map: [0x00007f688d2c7000,0x00007f688d471000] byte_map_base: 0x00007f688cc70000

Marking Bits: (ParMarkBitMap*) 0x00007f688fba2f80
 Begin Bits: [0x00007f6877570000, 0x00007f68782b8000)
 End Bits:   [0x00007f68782b8000, 0x00007f6879000000)

Polling page: 0x00007f68907f3000

CodeCache: size=245760Kb used=6539Kb max_used=6539Kb free=239221Kb
 bounds [0x00007f6879000000, 0x00007f6879670000, 0x00007f6888000000]
 total_blobs=2607 nmethods=2016 adapters=504
 compilation: enabled

Compilation events (10 events):
Event: 75,712 Thread 0x00007f68880b7000 2196       3       java.util.LinkedList$ListItr::<init> (47 bytes)
Event: 75,713 Thread 0x00007f68880b7000 nmethod 2196 0x00007f6879555110 code [0x00007f6879555280, 0x00007f6879555528]
Event: 75,713 Thread 0x00007f68880b7000 2198       3       java.util.AbstractList::listIterator (6 bytes)
Event: 75,713 Thread 0x00007f68880b7000 nmethod 2198 0x00007f6879554d10 code [0x00007f6879554e80, 0x00007f6879555088]
Event: 75,782 Thread 0x00007f68880b7000 2200       3       java.lang.CharacterDataLatin1::toUpperCase (53 bytes)
Event: 75,784 Thread 0x00007f68880b7000 nmethod 2200 0x00007f68795543d0 code [0x00007f6879554540, 0x00007f6879554810]
Event: 75,787 Thread 0x00007f68880b7000 2201       3       java.util.Vector$Itr::hasNext (20 bytes)
Event: 75,788 Thread 0x00007f68880b7000 nmethod 2201 0x00007f6879554010 code [0x00007f6879554180, 0x00007f6879554330]
Event: 75,832 Thread 0x00007f68880b7000 2202       3       java.io.File::exists (43 bytes)
Event: 75,833 Thread 0x00007f68880b7000 nmethod 2202 0x00007f68795538d0 code [0x00007f6879553a80, 0x00007f6879553ee8]

GC Heap History (4 events):
Event: 5,559 GC heap before
{Heap before GC invocations=1 (full 0):
 PSYoungGen      total 16384K, used 14336K [0x00000000ee500000, 0x00000000ef700000, 0x0000000100000000)
  eden space 14336K, 100% used [0x00000000ee500000,0x00000000ef300000,0x00000000ef300000)
  from space 2048K, 0% used [0x00000000ef500000,0x00000000ef500000,0x00000000ef700000)
  to   space 2048K, 0% used [0x00000000ef300000,0x00000000ef300000,0x00000000ef500000)
 ParOldGen       total 36864K, used 0K [0x00000000cae00000, 0x00000000cd200000, 0x00000000ee500000)
  object space 36864K, 0% used [0x00000000cae00000,0x00000000cae00000,0x00000000cd200000)
 Metaspace       used 12795K, capacity 13100K, committed 13440K, reserved 1060864K
  class space    used 1520K, capacity 1586K, committed 1664K, reserved 1048576K
Event: 5,588 GC heap after
Heap after GC invocations=1 (full 0):
 PSYoungGen      total 16384K, used 2048K [0x00000000ee500000, 0x00000000ef700000, 0x0000000100000000)
  eden space 14336K, 0% used [0x00000000ee500000,0x00000000ee500000,0x00000000ef300000)
  from space 2048K, 100% used [0x00000000ef300000,0x00000000ef500000,0x00000000ef500000)
  to   space 2048K, 0% used [0x00000000ef500000,0x00000000ef500000,0x00000000ef700000)
 ParOldGen       total 36864K, used 2986K [0x00000000cae00000, 0x00000000cd200000, 0x00000000ee500000)
  object space 36864K, 8% used [0x00000000cae00000,0x00000000cb0eaa48,0x00000000cd200000)
 Metaspace       used 12795K, capacity 13100K, committed 13440K, reserved 1060864K
  class space    used 1520K, capacity 1586K, committed 1664K, reserved 1048576K
}
Event: 29,417 GC heap before
{Heap before GC invocations=2 (full 0):
 PSYoungGen      total 16384K, used 16384K [0x00000000ee500000, 0x00000000ef700000, 0x0000000100000000)
  eden space 14336K, 100% used [0x00000000ee500000,0x00000000ef300000,0x00000000ef300000)
  from space 2048K, 100% used [0x00000000ef300000,0x00000000ef500000,0x00000000ef500000)
  to   space 2048K, 0% used [0x00000000ef500000,0x00000000ef500000,0x00000000ef700000)
 ParOldGen       total 36864K, used 2986K [0x00000000cae00000, 0x00000000cd200000, 0x00000000ee500000)
  object space 36864K, 8% used [0x00000000cae00000,0x00000000cb0eaa48,0x00000000cd200000)
 Metaspace       used 14460K, capacity 14736K, committed 15104K, reserved 1062912K
  class space    used 1662K, capacity 1746K, committed 1792K, reserved 1048576K
Event: 29,443 GC heap after
Heap after GC invocations=2 (full 0):
 PSYoungGen      total 16384K, used 2032K [0x00000000ee500000, 0x00000000ef700000, 0x0000000100000000)
  eden space 14336K, 0% used [0x00000000ee500000,0x00000000ee500000,0x00000000ef300000)
  from space 2048K, 99% used [0x00000000ef500000,0x00000000ef6fc030,0x00000000ef700000)
  to   space 2048K, 0% used [0x00000000ef300000,0x00000000ef300000,0x00000000ef500000)
 ParOldGen       total 36864K, used 5605K [0x00000000cae00000, 0x00000000cd200000, 0x00000000ee500000)
  object space 36864K, 15% used [0x00000000cae00000,0x00000000cb379650,0x00000000cd200000)
 Metaspace       used 14460K, capacity 14736K, committed 15104K, reserved 1062912K
  class space    used 1662K, capacity 1746K, committed 1792K, reserved 1048576K
}

Deoptimization events (10 events):
Event: 41,176 Thread 0x00007f6888249000 Uncommon trap: reason=unstable_if action=reinterpret pc=0x00007f6879491f78 method=java.lang.StrictMath.floorOrCeil(DDDD)D @ 90
Event: 55,556 Thread 0x00007f6888249000 Uncommon trap: reason=unstable_if action=reinterpret pc=0x00007f6879604010 method=java.security.AccessControlContext.optimize()Ljava/security/AccessControlContext; @ 220
Event: 55,723 Thread 0x00007f6888249000 Uncommon trap: reason=unstable_if action=reinterpret pc=0x00007f6879296500 method=java.io.UnixFileSystem.normalize(Ljava/lang/String;)Ljava/lang/String; @ 60
Event: 55,838 Thread 0x00007f6888249000 Uncommon trap: reason=unstable_if action=reinterpret pc=0x00007f687952d90c method=java.security.AccessControlContext.optimize()Ljava/security/AccessControlContext; @ 220
Event: 56,631 Thread 0x00007f6888249000 Uncommon trap: reason=class_check action=maybe_recompile pc=0x00007f6879613334 method=java.awt.EventQueue.coalesceEvent(Ljava/awt/AWTEvent;I)Z @ 61
Event: 70,555 Thread 0x00007f68881ff000 Uncommon trap: reason=unstable_if action=reinterpret pc=0x00007f687954d094 method=sun.awt.X11.XWindow.getModifiers(III)I @ 16
Event: 70,759 Thread 0x00007f6888249000 Uncommon trap: reason=bimorphic action=maybe_recompile pc=0x00007f6879317c74 method=java.util.HashMap.putVal(ILjava/lang/Object;Ljava/lang/Object;ZZ)Ljava/lang/Object; @ 253
Event: 70,776 Thread 0x00007f6888249000 Uncommon trap: reason=bimorphic action=maybe_recompile pc=0x00007f6879317c74 method=java.util.HashMap.putVal(ILjava/lang/Object;Ljava/lang/Object;ZZ)Ljava/lang/Object; @ 253
Event: 70,794 Thread 0x00007f6888249000 Uncommon trap: reason=bimorphic action=maybe_recompile pc=0x00007f6879317c74 method=java.util.HashMap.putVal(ILjava/lang/Object;Ljava/lang/Object;ZZ)Ljava/lang/Object; @ 253
Event: 70,800 Thread 0x00007f6888249000 Uncommon trap: reason=bimorphic action=maybe_recompile pc=0x00007f6879317c74 method=java.util.HashMap.putVal(ILjava/lang/Object;Ljava/lang/Object;ZZ)Ljava/lang/Object; @ 253

Internal exceptions (10 events):
Event: 0,716 Thread 0x00007f688800a000 Exception <a 'java/security/PrivilegedActionException'> (0x00000000ee567b78) thrown at [/HUDSON/workspace/8-2-build-linux-amd64/jdk8u151/9699/hotspot/src/share/vm/prims/jvm.cpp, line 1390]
Event: 0,717 Thread 0x00007f688800a000 Exception <a 'java/security/PrivilegedActionException'> (0x00000000ee567d88) thrown at [/HUDSON/workspace/8-2-build-linux-amd64/jdk8u151/9699/hotspot/src/share/vm/prims/jvm.cpp, line 1390]
Event: 0,993 Thread 0x00007f688800a000 Exception <a 'java/security/PrivilegedActionException'> (0x00000000ee5ef938) thrown at [/HUDSON/workspace/8-2-build-linux-amd64/jdk8u151/9699/hotspot/src/share/vm/prims/jvm.cpp, line 1390]
Event: 0,993 Thread 0x00007f688800a000 Exception <a 'java/security/PrivilegedActionException'> (0x00000000ee5efb48) thrown at [/HUDSON/workspace/8-2-build-linux-amd64/jdk8u151/9699/hotspot/src/share/vm/prims/jvm.cpp, line 1390]
Event: 1,007 Thread 0x00007f688800a000 Exception <a 'java/security/PrivilegedActionException'> (0x00000000ee5f1fb0) thrown at [/HUDSON/workspace/8-2-build-linux-amd64/jdk8u151/9699/hotspot/src/share/vm/prims/jvm.cpp, line 1390]
Event: 1,007 Thread 0x00007f688800a000 Exception <a 'java/security/PrivilegedActionException'> (0x00000000ee5f21c0) thrown at [/HUDSON/workspace/8-2-build-linux-amd64/jdk8u151/9699/hotspot/src/share/vm/prims/jvm.cpp, line 1390]
Event: 1,742 Thread 0x00007f688800a000 Exception <a 'java/lang/NoSuchFieldError': method resolution failed> (0x00000000ee6c29d8) thrown at [/HUDSON/workspace/8-2-build-linux-amd64/jdk8u151/9699/hotspot/src/share/vm/prims/methodHandles.cpp, line 1146]
Event: 1,775 Thread 0x00007f688800a000 Exception <a 'java/lang/NoSuchFieldError': method resolution failed> (0x00000000ee6d01a8) thrown at [/HUDSON/workspace/8-2-build-linux-amd64/jdk8u151/9699/hotspot/src/share/vm/prims/methodHandles.cpp, line 1146]
Event: 2,157 Thread 0x00007f688800a000 Exception <a 'java/io/FileNotFoundException'> (0x00000000ee74ef28) thrown at [/HUDSON/workspace/8-2-build-linux-amd64/jdk8u151/9699/hotspot/src/share/vm/prims/jni.cpp, line 709]
Event: 2,158 Thread 0x00007f688800a000 Exception <a 'java/io/FileNotFoundException'> (0x00000000ee74fa28) thrown at [/HUDSON/workspace/8-2-build-linux-amd64/jdk8u151/9699/hotspot/src/share/vm/prims/jni.cpp, line 709]

Events (10 events):
Event: 75,716 loading class java/io/PrintWriter
Event: 75,740 loading class sun/awt/X11/XErrorEvent
Event: 75,742 loading class java/io/PrintWriter done
Event: 75,745 loading class org/gui/elements/Simulation
Event: 75,745 loading class org/gui/elements/Simulation done
Event: 75,762 loading class java/io/FileWriter
Event: 75,768 loading class sun/awt/X11/XErrorEvent done
Event: 75,769 loading class java/io/FileWriter done
Event: 75,774 loading class org/jni/InterfaceJNI
Event: 75,774 loading class org/jni/InterfaceJNI done


Dynamic libraries:
00400000-00401000 r-xp 00000000 08:03 1056627                            /usr/lib/jvm/java-8-oracle/bin/java
00600000-00601000 rw-p 00000000 08:03 1056627                            /usr/lib/jvm/java-8-oracle/bin/java
01151000-01172000 rw-p 00000000 00:00 0                                  [heap]
cae00000-cd200000 rw-p 00000000 00:00 0 
cd200000-ee500000 ---p 00000000 00:00 0 
ee500000-ef700000 rw-p 00000000 00:00 0 
ef700000-100000000 ---p 00000000 00:00 0 
100000000-100220000 rw-p 00000000 00:00 0 
100220000-140000000 ---p 00000000 00:00 0 
7f6834000000-7f6834038000 rw-p 00000000 00:00 0 
7f6834038000-7f6838000000 ---p 00000000 00:00 0 
7f6838fff000-7f683c000000 rw-p 00000000 00:00 0 
7f683c000000-7f683c31d000 rw-p 00000000 00:00 0 
7f683c31d000-7f6840000000 ---p 00000000 00:00 0 
7f6840000000-7f6840060000 rw-p 00000000 00:00 0 
7f6840060000-7f6844000000 ---p 00000000 00:00 0 
7f6844000000-7f684428e000 rw-p 00000000 00:00 0 
7f684428e000-7f6848000000 ---p 00000000 00:00 0 
7f6848000000-7f6848021000 rw-p 00000000 00:00 0 
7f6848021000-7f684c000000 ---p 00000000 00:00 0 
7f684c804000-7f684c976000 r-xp 00000000 08:03 786613                     /usr/lib/x86_64-linux-gnu/libstdc++.so.6.0.21
7f684c976000-7f684cb76000 ---p 00172000 08:03 786613                     /usr/lib/x86_64-linux-gnu/libstdc++.so.6.0.21
7f684cb76000-7f684cb80000 r--p 00172000 08:03 786613                     /usr/lib/x86_64-linux-gnu/libstdc++.so.6.0.21
7f684cb80000-7f684cb82000 rw-p 0017c000 08:03 786613                     /usr/lib/x86_64-linux-gnu/libstdc++.so.6.0.21
7f684cb82000-7f684cb86000 rw-p 00000000 00:00 0 
7f684cb86000-7f684cbb2000 r-xp 00000000 08:03 798629                     /usr/lib/libsimulation_jni.so
7f684cbb2000-7f684cdb1000 ---p 0002c000 08:03 798629                     /usr/lib/libsimulation_jni.so
7f684cdb1000-7f684cdb2000 r--p 0002b000 08:03 798629                     /usr/lib/libsimulation_jni.so
7f684cdb2000-7f684cdb4000 rw-p 0002c000 08:03 798629                     /usr/lib/libsimulation_jni.so
7f684cdb4000-7f684cdbb000 r--s 00000000 08:03 655432                     /var/cache/fontconfig/4be9850f182b35c1350b6bbf2e42601c-le64.cache-6
7f684cdbb000-7f684cdc6000 r--s 00000000 08:03 655447                     /var/cache/fontconfig/945677eb7aeaf62f1d50efc3fb3ec7d8-le64.cache-6
7f684cdc6000-7f684cdcf000 r--s 00000000 08:03 655451                     /var/cache/fontconfig/a6d8cf8e4ec09cdbc8633c31745a07dd-le64.cache-6
7f684cdcf000-7f684cdd5000 r--s 00000000 08:03 655426                     /var/cache/fontconfig/2cd17615ca594fa2959ae173292e504c-le64.cache-6
7f684cdd5000-7f684cdd6000 r--s 00000000 08:03 655422                     /var/cache/fontconfig/0d8c3b2ac0904cb8a57a757ad11a4a08-le64.cache-6
7f684cdd6000-7f684cdeb000 r--s 00000000 08:03 655414                     /var/cache/fontconfig/04aabc0a78ac019cf9454389977116d2-le64.cache-6
7f684cdeb000-7f684cdec000 r--s 00000000 08:03 655424                     /var/cache/fontconfig/1ac9eb803944fde146138c791f5cc56a-le64.cache-6
7f684cdec000-7f684cdf1000 r--s 00000000 08:03 655469                     /var/cache/fontconfig/eb48934c523a49add3824bfad8846c40-le64.cache-6
7f684cdf1000-7f684cdf6000 r--s 00000000 08:03 655430                     /var/cache/fontconfig/385c0604a188198f04d133e54aba7fe7-le64.cache-6
7f684cdf6000-7f684cdf7000 r--s 00000000 08:03 655464                     /var/cache/fontconfig/dc05db6664285cc2f12bf69c139ae4c3-le64.cache-6
7f684cdf7000-7f684cdfb000 r--s 00000000 08:03 655470                     /var/cache/fontconfig/f0b0891f3a988e97b2aa7c076a1430f3-le64.cache-6
7f684cdfb000-7f684cdfd000 r--s 00000000 08:03 655441                     /var/cache/fontconfig/6adb16404e170b9523f41c0701dd4690-le64.cache-6
7f684cdfd000-7f684ce01000 r--s 00000000 08:03 655444                     /var/cache/fontconfig/7b79abe4499501fcd4e4826394083a53-le64.cache-6
7f684ce01000-7f684ce04000 r--s 00000000 08:03 655431                     /var/cache/fontconfig/3a9914ff62a69b32234685a84fdc926d-le64.cache-6
7f684ce04000-7f684ce07000 r--s 00000000 08:03 655443                     /var/cache/fontconfig/767a8244fc0220cfb567a839d0392e0b-le64.cache-6
7f684ce07000-7f684ce08000 r--s 00000000 08:03 655419                     /var/cache/fontconfig/0b41ebd278d9388cf5d83f81d476c672-le64.cache-6
7f684ce08000-7f684ce0c000 r--s 00000000 08:03 655468                     /var/cache/fontconfig/ea32c683f96734b73b6a7acf745d6442-le64.cache-6
7f684ce0c000-7f684ce4c000 r--s 00000000 08:03 655420                     /var/cache/fontconfig/0bd3dc0958fa2205aaaa8ebb13e2872b-le64.cache-6
7f684ce4c000-7f684ce52000 r--s 00000000 08:03 655446                     /var/cache/fontconfig/8801497958630a81b71ace7c5f9b32a8-le64.cache-6
7f684ce52000-7f684ce8d000 r--s 00000000 08:03 665021                     /var/cache/fontconfig/365b55f210c0a22e9a19e35191240f32-le64.cache-6
7f684ce8d000-7f684ce8e000 r--s 00000000 08:03 655457                     /var/cache/fontconfig/bab58bb527bb656aaa9f116d68a48d89-le64.cache-6
7f684ce8e000-7f684ce8f000 r--s 00000000 08:03 655452                     /var/cache/fontconfig/b036df7bbb72844893df6bcf5570ea7f-le64.cache-6
7f684ce8f000-7f684ce90000 r--s 00000000 08:03 655437                     /var/cache/fontconfig/575107dd7452b4b2b2b1361909925bb4-le64.cache-6
7f684ce90000-7f684ce97000 r--s 00000000 08:03 655427                     /var/cache/fontconfig/3047814df9a2f067bd2d96a2b9c36e5a-le64.cache-6
7f684ce97000-7f684ce98000 r--s 00000000 08:03 655435                     /var/cache/fontconfig/56cf4f4769d0f4abc89a4895d7bd3ae1-le64.cache-6
7f684ce98000-7f684ce99000 r--s 00000000 08:03 655456                     /var/cache/fontconfig/b9d506c9ac06c20b433354fa67a72993-le64.cache-6
7f684ce99000-7f684ce9f000 r--s 00000000 08:03 655455                     /var/cache/fontconfig/b47c4e1ecd0709278f4910c18777a504-le64.cache-6
7f684ce9f000-7f684cea0000 r--s 00000000 08:03 655418                     /var/cache/fontconfig/0b3f2427388044a01a5738fa4b8cc9d1-le64.cache-6
7f684cea0000-7f684cea1000 r--s 00000000 08:03 655417                     /var/cache/fontconfig/0941b6d3777f1e64883d36fd6d84a52f-le64.cache-6
7f684cea1000-7f684ceb4000 r--s 00000000 08:03 655461                     /var/cache/fontconfig/d52a8644073d54c13679302ca1180695-le64.cache-6
7f684ceb4000-7f684ceb5000 r--s 00000000 08:03 655434                     /var/cache/fontconfig/551ecf3b0e8b0bca0f25c0944f561853-le64.cache-6
7f684ceb5000-7f684cec0000 r--s 00000000 08:03 665019                     /var/cache/fontconfig/d589a48862398ed80a3d6066f4f56f4c-le64.cache-6
7f684cec0000-7f684cec2000 r--s 00000000 08:03 655467                     /var/cache/fontconfig/e8d703157d3641d20c7e900be2e8d091-le64.cache-6
7f684cec2000-7f684cecf000 r--s 00000000 08:03 656583                     /var/cache/fontconfig/089dead882dea3570ffc31a9898cfb69-le64.cache-6
7f684cecf000-7f684cee1000 r--s 00000000 08:03 655449                     /var/cache/fontconfig/9b89f8e3dae116d678bbf48e5f21f69b-le64.cache-6
7f684cf61000-7f684d021000 rw-p 00000000 00:00 0 
7f684d021000-7f684d161000 ---p 00000000 00:00 0 
7f684d161000-7f684d18b000 r-xp 00000000 08:03 1444477                    /usr/lib/jvm/java-8-oracle/jre/lib/amd64/libdcpr.so
7f684d18b000-7f684d38b000 ---p 0002a000 08:03 1444477                    /usr/lib/jvm/java-8-oracle/jre/lib/amd64/libdcpr.so
7f684d38b000-7f684d38e000 rw-p 0002a000 08:03 1444477                    /usr/lib/jvm/java-8-oracle/jre/lib/amd64/libdcpr.so
7f684d38e000-7f684d58e000 rw-p 00000000 00:00 0 
7f684d58e000-7f684d763000 rw-s 00000000 00:05 70582278                   /SYSV00000000 (deleted)
7f684d763000-7f684d766000 ---p 00000000 00:00 0 
7f684d766000-7f684d864000 rw-p 00000000 00:00 0 
7f684da23000-7f684da36000 r--s 00345000 08:03 1316538                    /usr/lib/jvm/java-8-oracle/jre/lib/resources.jar
7f684da36000-7f684da3b000 r--s 00000000 08:03 655453                     /var/cache/fontconfig/b25010134a2e462c779c1c1d5ccbff7b-le64.cache-6
7f684da3b000-7f684da3d000 r--s 00000000 08:03 655440                     /var/cache/fontconfig/6a6dfed4a7d1e4367ef225093de82110-le64.cache-6
7f684da3d000-7f684da3e000 r--s 00000000 08:03 655428                     /var/cache/fontconfig/30829fa25452a46451e813d634d7f916-le64.cache-6
7f684da3e000-7f684da4b000 r--s 00000000 08:03 656943                     /var/cache/fontconfig/e13b20fdb08344e0e664864cc2ede53d-le64.cache-6
7f684da4b000-7f684dc4b000 rw-p 00000000 00:00 0 
7f684dc4b000-7f684dcb4000 r-xp 00000000 08:03 1444491                    /usr/lib/jvm/java-8-oracle/jre/lib/amd64/libt2k.so
7f684dcb4000-7f684deb4000 ---p 00069000 08:03 1444491                    /usr/lib/jvm/java-8-oracle/jre/lib/amd64/libt2k.so
7f684deb4000-7f684debb000 rw-p 00069000 08:03 1444491                    /usr/lib/jvm/java-8-oracle/jre/lib/amd64/libt2k.so
7f684debb000-7f684decb000 rw-p 00000000 00:00 0 
7f684decb000-7f684dedc000 r-xp 00000000 08:03 1445029                    /usr/lib/jvm/java-8-oracle/jre/lib/amd64/libnio.so
7f684dedc000-7f684e0db000 ---p 00011000 08:03 1445029                    /usr/lib/jvm/java-8-oracle/jre/lib/amd64/libnio.so
7f684e0db000-7f684e0dc000 rw-p 00010000 08:03 1445029                    /usr/lib/jvm/java-8-oracle/jre/lib/amd64/libnio.so
7f684e0dc000-7f684e0f3000 r-xp 00000000 08:03 1445026                    /usr/lib/jvm/java-8-oracle/jre/lib/amd64/libnet.so
7f684e0f3000-7f684e2f2000 ---p 00017000 08:03 1445026                    /usr/lib/jvm/java-8-oracle/jre/lib/amd64/libnet.so
7f684e2f2000-7f684e2f3000 rw-p 00016000 08:03 1445026                    /usr/lib/jvm/java-8-oracle/jre/lib/amd64/libnet.so
7f684e2f3000-7f684e2f6000 ---p 00000000 00:00 0 
7f684e2f6000-7f684e3f4000 rw-p 00000000 00:00 0 
7f684e3f4000-7f684e3f7000 ---p 00000000 00:00 0 
7f684e3f7000-7f684e6f5000 rw-p 00000000 00:00 0 
7f684e6f5000-7f684e6f8000 ---p 00000000 00:00 0 
7f684e6f8000-7f684e7f6000 rw-p 00000000 00:00 0 
7f684e7f6000-7f684e7f9000 ---p 00000000 00:00 0 
7f684e7f9000-7f684e8f7000 rw-p 00000000 00:00 0 
7f684e8f7000-7f684e8fa000 ---p 00000000 00:00 0 
7f684e8fa000-7f684e9f8000 rw-p 00000000 00:00 0 
7f684e9f8000-7f684ea14000 r--s 00393000 08:03 1316561                    /usr/lib/jvm/java-8-oracle/jre/lib/ext/cldrdata.jar
7f684ea14000-7f684ea17000 ---p 00000000 00:00 0 
7f684ea17000-7f684eb15000 rw-p 00000000 00:00 0 
7f684eb15000-7f684eb1a000 r-xp 00000000 08:03 794414                     /usr/lib/x86_64-linux-gnu/libXfixes.so.3.1.0
7f684eb1a000-7f684ed19000 ---p 00005000 08:03 794414                     /usr/lib/x86_64-linux-gnu/libXfixes.so.3.1.0
7f684ed19000-7f684ed1a000 r--p 00004000 08:03 794414                     /usr/lib/x86_64-linux-gnu/libXfixes.so.3.1.0
7f684ed1a000-7f684ed1b000 rw-p 00005000 08:03 794414                     /usr/lib/x86_64-linux-gnu/libXfixes.so.3.1.0
7f684ed1b000-7f684ed24000 r-xp 00000000 08:03 794406                     /usr/lib/x86_64-linux-gnu/libXcursor.so.1.0.2
7f684ed24000-7f684ef23000 ---p 00009000 08:03 794406                     /usr/lib/x86_64-linux-gnu/libXcursor.so.1.0.2
7f684ef23000-7f684ef24000 r--p 00008000 08:03 794406                     /usr/lib/x86_64-linux-gnu/libXcursor.so.1.0.2
7f684ef24000-7f684ef25000 rw-p 00009000 08:03 794406                     /usr/lib/x86_64-linux-gnu/libXcursor.so.1.0.2
7f684ef25000-7f684ef3b000 r-xp 00000000 08:03 11014662                   /lib/x86_64-linux-gnu/libgcc_s.so.1
7f684ef3b000-7f684f13a000 ---p 00016000 08:03 11014662                   /lib/x86_64-linux-gnu/libgcc_s.so.1
7f684f13a000-7f684f13b000 rw-p 00015000 08:03 11014662                   /lib/x86_64-linux-gnu/libgcc_s.so.1
7f684f13b000-7f684f1a0000 r-xp 00000000 08:03 1445007                    /usr/lib/jvm/java-8-oracle/jre/lib/amd64/libfontmanager.so
7f684f1a0000-7f684f39f000 ---p 00065000 08:03 1445007                    /usr/lib/jvm/java-8-oracle/jre/lib/amd64/libfontmanager.so
7f684f39f000-7f684f3a4000 rw-p 00064000 08:03 1445007                    /usr/lib/jvm/java-8-oracle/jre/lib/amd64/libfontmanager.so
7f684f3a4000-7f684f3b4000 rw-p 00000000 00:00 0 
7f684f3b4000-7f684f3b9000 r-xp 00000000 08:03 794410                     /usr/lib/x86_64-linux-gnu/libXdmcp.so.6.0.0
7f684f3b9000-7f684f5b8000 ---p 00005000 08:03 794410                     /usr/lib/x86_64-linux-gnu/libXdmcp.so.6.0.0
7f684f5b8000-7f684f5b9000 r--p 00004000 08:03 794410                     /usr/lib/x86_64-linux-gnu/libXdmcp.so.6.0.0
7f684f5b9000-7f684f5ba000 rw-p 00005000 08:03 794410                     /usr/lib/x86_64-linux-gnu/libXdmcp.so.6.0.0
7f684f5ba000-7f684f5bc000 r-xp 00000000 08:03 794399                     /usr/lib/x86_64-linux-gnu/libXau.so.6.0.0
7f684f5bc000-7f684f7bc000 ---p 00002000 08:03 794399                     /usr/lib/x86_64-linux-gnu/libXau.so.6.0.0
7f684f7bc000-7f684f7bd000 r--p 00002000 08:03 794399                     /usr/lib/x86_64-linux-gnu/libXau.so.6.0.0
7f684f7bd000-7f684f7be000 rw-p 00003000 08:03 794399                     /usr/lib/x86_64-linux-gnu/libXau.so.6.0.0
7f684f7be000-7f684f7df000 r-xp 00000000 08:03 795658                     /usr/lib/x86_64-linux-gnu/libxcb.so.1.1.0
7f684f7df000-7f684f9de000 ---p 00021000 08:03 795658                     /usr/lib/x86_64-linux-gnu/libxcb.so.1.1.0
7f684f9de000-7f684f9df000 r--p 00020000 08:03 795658                     /usr/lib/x86_64-linux-gnu/libxcb.so.1.1.0
7f684f9df000-7f684f9e0000 rw-p 00021000 08:03 795658                     /usr/lib/x86_64-linux-gnu/libxcb.so.1.1.0
7f684f9e0000-7f684f9ef000 r-xp 00000000 08:03 794422                     /usr/lib/x86_64-linux-gnu/libXi.so.6.1.0
7f684f9ef000-7f684fbee000 ---p 0000f000 08:03 794422                     /usr/lib/x86_64-linux-gnu/libXi.so.6.1.0
7f684fbee000-7f684fbef000 r--p 0000e000 08:03 794422                     /usr/lib/x86_64-linux-gnu/libXi.so.6.1.0
7f684fbef000-7f684fbf0000 rw-p 0000f000 08:03 794422                     /usr/lib/x86_64-linux-gnu/libXi.so.6.1.0
7f684fbf0000-7f684fbf5000 r-xp 00000000 08:03 794440                     /usr/lib/x86_64-linux-gnu/libXtst.so.6.1.0
7f684fbf5000-7f684fdf4000 ---p 00005000 08:03 794440                     /usr/lib/x86_64-linux-gnu/libXtst.so.6.1.0
7f684fdf4000-7f684fdf5000 r--p 00004000 08:03 794440                     /usr/lib/x86_64-linux-gnu/libXtst.so.6.1.0
7f684fdf5000-7f684fdf6000 rw-p 00005000 08:03 794440                     /usr/lib/x86_64-linux-gnu/libXtst.so.6.1.0
7f684fdf6000-7f684fdff000 r-xp 00000000 08:03 794434                     /usr/lib/x86_64-linux-gnu/libXrender.so.1.3.0
7f684fdff000-7f684fffe000 ---p 00009000 08:03 794434                     /usr/lib/x86_64-linux-gnu/libXrender.so.1.3.0
7f684fffe000-7f684ffff000 r--p 00008000 08:03 794434                     /usr/lib/x86_64-linux-gnu/libXrender.so.1.3.0
7f684ffff000-7f6850000000 rw-p 00009000 08:03 794434                     /usr/lib/x86_64-linux-gnu/libXrender.so.1.3.0
7f6850000000-7f6850858000 rw-p 00000000 00:00 0 
7f6850858000-7f6854000000 ---p 00000000 00:00 0 
7f6854000000-7f6854021000 rw-p 00000000 00:00 0 
7f6854021000-7f6858000000 ---p 00000000 00:00 0 
7f6858000000-7f6858021000 rw-p 00000000 00:00 0 
7f6858021000-7f685c000000 ---p 00000000 00:00 0 
7f685c000000-7f685c833000 rw-p 00000000 00:00 0 
7f685c833000-7f6860000000 ---p 00000000 00:00 0 
7f6860000000-7f6860021000 rw-p 00000000 00:00 0 
7f6860021000-7f6864000000 ---p 00000000 00:00 0 
7f6864000000-7f6864021000 rw-p 00000000 00:00 0 
7f6864021000-7f6868000000 ---p 00000000 00:00 0 
7f6868000000-7f6868021000 rw-p 00000000 00:00 0 
7f6868021000-7f686c000000 ---p 00000000 00:00 0 
7f686c000000-7f686c021000 rw-p 00000000 00:00 0 
7f686c021000-7f6870000000 ---p 00000000 00:00 0 
7f6870000000-7f6870021000 rw-p 00000000 00:00 0 
7f6870021000-7f6874000000 ---p 00000000 00:00 0 
7f6874000000-7f6874003000 ---p 00000000 00:00 0 
7f6874003000-7f6874101000 rw-p 00000000 00:00 0 
7f6874101000-7f6874104000 ---p 00000000 00:00 0 
7f6874104000-7f6874202000 rw-p 00000000 00:00 0 
7f6874202000-7f6874337000 r-xp 00000000 08:03 794395                     /usr/lib/x86_64-linux-gnu/libX11.so.6.3.0
7f6874337000-7f6874537000 ---p 00135000 08:03 794395                     /usr/lib/x86_64-linux-gnu/libX11.so.6.3.0
7f6874537000-7f6874538000 r--p 00135000 08:03 794395                     /usr/lib/x86_64-linux-gnu/libX11.so.6.3.0
7f6874538000-7f687453c000 rw-p 00136000 08:03 794395                     /usr/lib/x86_64-linux-gnu/libX11.so.6.3.0
7f687453c000-7f687454d000 r-xp 00000000 08:03 794412                     /usr/lib/x86_64-linux-gnu/libXext.so.6.4.0
7f687454d000-7f687474c000 ---p 00011000 08:03 794412                     /usr/lib/x86_64-linux-gnu/libXext.so.6.4.0
7f687474c000-7f687474d000 r--p 00010000 08:03 794412                     /usr/lib/x86_64-linux-gnu/libXext.so.6.4.0
7f687474d000-7f687474e000 rw-p 00011000 08:03 794412                     /usr/lib/x86_64-linux-gnu/libXext.so.6.4.0
7f687474e000-7f68747a2000 r-xp 00000000 08:03 1445033                    /usr/lib/jvm/java-8-oracle/jre/lib/amd64/libawt_xawt.so
7f68747a2000-7f68749a2000 ---p 00054000 08:03 1445033                    /usr/lib/jvm/java-8-oracle/jre/lib/amd64/libawt_xawt.so
7f68749a2000-7f68749a6000 rw-p 00054000 08:03 1445033                    /usr/lib/jvm/java-8-oracle/jre/lib/amd64/libawt_xawt.so
7f68749a6000-7f68749a7000 rw-p 00000000 00:00 0 
7f68749a7000-7f6874a49000 r-xp 00000000 08:03 1445019                    /usr/lib/jvm/java-8-oracle/jre/lib/amd64/libawt.so
7f6874a49000-7f6874c49000 ---p 000a2000 08:03 1445019                    /usr/lib/jvm/java-8-oracle/jre/lib/amd64/libawt.so
7f6874c49000-7f6874c55000 rw-p 000a2000 08:03 1445019                    /usr/lib/jvm/java-8-oracle/jre/lib/amd64/libawt.so
7f6874c55000-7f6874c79000 rw-p 00000000 00:00 0 
7f6874c79000-7f6874c7a000 ---p 00000000 00:00 0 
7f6874c7a000-7f6874d7a000 rw-p 00000000 00:00 0 
7f6874d7a000-7f6874d7d000 ---p 00000000 00:00 0 
7f6874d7d000-7f6874e7b000 rw-p 00000000 00:00 0 
7f6874e7b000-7f6874e7e000 ---p 00000000 00:00 0 
7f6874e7e000-7f6874f7c000 rw-p 00000000 00:00 0 
7f6874f7c000-7f6874f7f000 ---p 00000000 00:00 0 
7f6874f7f000-7f687507d000 rw-p 00000000 00:00 0 
7f687507d000-7f6875080000 ---p 00000000 00:00 0 
7f6875080000-7f687517e000 rw-p 00000000 00:00 0 
7f687517e000-7f6876c67000 r--p 00000000 08:03 791802                     /usr/lib/locale/locale-archive
7f6876c67000-7f6876c6a000 ---p 00000000 00:00 0 
7f6876c6a000-7f6876d68000 rw-p 00000000 00:00 0 
7f6876d68000-7f6876d6b000 ---p 00000000 00:00 0 
7f6876d6b000-7f6876e69000 rw-p 00000000 00:00 0 
7f6876e69000-7f6876e6a000 ---p 00000000 00:00 0 
7f6876e6a000-7f6879000000 rw-p 00000000 00:00 0 
7f6879000000-7f6879670000 rwxp 00000000 00:00 0 
7f6879670000-7f6888000000 ---p 00000000 00:00 0 
7f6888000000-7f68884f8000 rw-p 00000000 00:00 0 
7f68884f8000-7f688c000000 ---p 00000000 00:00 0 
7f688c000000-7f688c001000 r--s 00000000 08:03 655421                     /var/cache/fontconfig/0c9eb80ebd1c36541ebe2852d3bb0c49-le64.cache-6
7f688c001000-7f688c005000 r--s 00000000 08:03 655415                     /var/cache/fontconfig/0843ca893a93b5446bad221815920e23-le64.cache-6
7f688c005000-7f688c008000 r--s 00000000 08:03 655454                     /var/cache/fontconfig/b2d60264172c9fafc2f82e9237d8d959-le64.cache-6
7f688c008000-7f688c00c000 r--s 00000000 08:03 656860                     /var/cache/fontconfig/7ef2298fde41cc6eeb7af42e48b7d293-le64.cache-6
7f688c00c000-7f688c016000 r--s 00116000 08:03 1316568                    /usr/lib/jvm/java-8-oracle/jre/lib/ext/localedata.jar
7f688c016000-7f688c01d000 r--s 00000000 08:03 919920                     /usr/lib/x86_64-linux-gnu/gconv/gconv-modules.cache
7f688c01d000-7f688c03e000 r--p 00000000 08:03 2110781                    /usr/share/locale-langpack/pt_BR/LC_MESSAGES/libc.mo
7f688c03e000-7f688c04b000 r--s 000fa000 08:03 5774770                    /home/paulo/Documentos/UEFS/TCC/Código/trapezoidCircuitSimulator/interface_java/CircuitSimulator/jfreechart-1.0.1.jar
7f688c04b000-7f688c3b1000 rw-p 00000000 00:00 0 
7f688c3b1000-7f688c58a000 r--s 03d5a000 08:03 1316500                    /usr/lib/jvm/java-8-oracle/jre/lib/rt.jar
7f688c58a000-7f688cfa9000 rw-p 00000000 00:00 0 
7f688cfa9000-7f688cfaa000 ---p 00000000 00:00 0 
7f688cfaa000-7f688d0aa000 rw-p 00000000 00:00 0 
7f688d0aa000-7f688d0ab000 ---p 00000000 00:00 0 
7f688d0ab000-7f688d1bd000 rw-p 00000000 00:00 0 
7f688d1bd000-7f688d2c7000 ---p 00000000 00:00 0 
7f688d2c7000-7f688d2d9000 rw-p 00000000 00:00 0 
7f688d2d9000-7f688d3e2000 ---p 00000000 00:00 0 
7f688d3e2000-7f688d3ec000 rw-p 00000000 00:00 0 
7f688d3ec000-7f688d470000 ---p 00000000 00:00 0 
7f688d470000-7f688d48b000 rw-p 00000000 00:00 0 
7f688d48b000-7f688d831000 ---p 00000000 00:00 0 
7f688d831000-7f688d84c000 r-xp 00000000 08:03 1445022                    /usr/lib/jvm/java-8-oracle/jre/lib/amd64/libzip.so
7f688d84c000-7f688da4c000 ---p 0001b000 08:03 1445022                    /usr/lib/jvm/java-8-oracle/jre/lib/amd64/libzip.so
7f688da4c000-7f688da4d000 rw-p 0001b000 08:03 1445022                    /usr/lib/jvm/java-8-oracle/jre/lib/amd64/libzip.so
7f688da4d000-7f688da58000 r-xp 00000000 08:03 11014723                   /lib/x86_64-linux-gnu/libnss_files-2.23.so
7f688da58000-7f688dc57000 ---p 0000b000 08:03 11014723                   /lib/x86_64-linux-gnu/libnss_files-2.23.so
7f688dc57000-7f688dc58000 r--p 0000a000 08:03 11014723                   /lib/x86_64-linux-gnu/libnss_files-2.23.so
7f688dc58000-7f688dc59000 rw-p 0000b000 08:03 11014723                   /lib/x86_64-linux-gnu/libnss_files-2.23.so
7f688dc59000-7f688dc5f000 rw-p 00000000 00:00 0 
7f688dc5f000-7f688dc6a000 r-xp 00000000 08:03 11014733                   /lib/x86_64-linux-gnu/libnss_nis-2.23.so
7f688dc6a000-7f688de69000 ---p 0000b000 08:03 11014733                   /lib/x86_64-linux-gnu/libnss_nis-2.23.so
7f688de69000-7f688de6a000 r--p 0000a000 08:03 11014733                   /lib/x86_64-linux-gnu/libnss_nis-2.23.so
7f688de6a000-7f688de6b000 rw-p 0000b000 08:03 11014733                   /lib/x86_64-linux-gnu/libnss_nis-2.23.so
7f688de6b000-7f688de81000 r-xp 00000000 08:03 11014717                   /lib/x86_64-linux-gnu/libnsl-2.23.so
7f688de81000-7f688e080000 ---p 00016000 08:03 11014717                   /lib/x86_64-linux-gnu/libnsl-2.23.so
7f688e080000-7f688e081000 r--p 00015000 08:03 11014717                   /lib/x86_64-linux-gnu/libnsl-2.23.so
7f688e081000-7f688e082000 rw-p 00016000 08:03 11014717                   /lib/x86_64-linux-gnu/libnsl-2.23.so
7f688e082000-7f688e084000 rw-p 00000000 00:00 0 
7f688e084000-7f688e08c000 r-xp 00000000 08:03 11014719                   /lib/x86_64-linux-gnu/libnss_compat-2.23.so
7f688e08c000-7f688e28b000 ---p 00008000 08:03 11014719                   /lib/x86_64-linux-gnu/libnss_compat-2.23.so
7f688e28b000-7f688e28c000 r--p 00007000 08:03 11014719                   /lib/x86_64-linux-gnu/libnss_compat-2.23.so
7f688e28c000-7f688e28d000 rw-p 00008000 08:03 11014719                   /lib/x86_64-linux-gnu/libnss_compat-2.23.so
7f688e28d000-7f688e2b8000 r-xp 00000000 08:03 1445016                    /usr/lib/jvm/java-8-oracle/jre/lib/amd64/libjava.so
7f688e2b8000-7f688e4b7000 ---p 0002b000 08:03 1445016                    /usr/lib/jvm/java-8-oracle/jre/lib/amd64/libjava.so
7f688e4b7000-7f688e4b9000 rw-p 0002a000 08:03 1445016                    /usr/lib/jvm/java-8-oracle/jre/lib/amd64/libjava.so
7f688e4b9000-7f688e4c6000 r-xp 00000000 08:03 1445021                    /usr/lib/jvm/java-8-oracle/jre/lib/amd64/libverify.so
7f688e4c6000-7f688e6c6000 ---p 0000d000 08:03 1445021                    /usr/lib/jvm/java-8-oracle/jre/lib/amd64/libverify.so
7f688e6c6000-7f688e6c8000 rw-p 0000d000 08:03 1445021                    /usr/lib/jvm/java-8-oracle/jre/lib/amd64/libverify.so
7f688e6c8000-7f688e6cf000 r-xp 00000000 08:03 11014778                   /lib/x86_64-linux-gnu/librt-2.23.so
7f688e6cf000-7f688e8ce000 ---p 00007000 08:03 11014778                   /lib/x86_64-linux-gnu/librt-2.23.so
7f688e8ce000-7f688e8cf000 r--p 00006000 08:03 11014778                   /lib/x86_64-linux-gnu/librt-2.23.so
7f688e8cf000-7f688e8d0000 rw-p 00007000 08:03 11014778                   /lib/x86_64-linux-gnu/librt-2.23.so
7f688e8d0000-7f688e9d8000 r-xp 00000000 08:03 11014694                   /lib/x86_64-linux-gnu/libm-2.23.so
7f688e9d8000-7f688ebd7000 ---p 00108000 08:03 11014694                   /lib/x86_64-linux-gnu/libm-2.23.so
7f688ebd7000-7f688ebd8000 r--p 00107000 08:03 11014694                   /lib/x86_64-linux-gnu/libm-2.23.so
7f688ebd8000-7f688ebd9000 rw-p 00108000 08:03 11014694                   /lib/x86_64-linux-gnu/libm-2.23.so
7f688ebd9000-7f688f8ac000 r-xp 00000000 08:03 1444999                    /usr/lib/jvm/java-8-oracle/jre/lib/amd64/server/libjvm.so
7f688f8ac000-7f688faab000 ---p 00cd3000 08:03 1444999                    /usr/lib/jvm/java-8-oracle/jre/lib/amd64/server/libjvm.so
7f688faab000-7f688fb85000 rw-p 00cd2000 08:03 1444999                    /usr/lib/jvm/java-8-oracle/jre/lib/amd64/server/libjvm.so
7f688fb85000-7f688fbd0000 rw-p 00000000 00:00 0 
7f688fbd0000-7f688fd90000 r-xp 00000000 08:03 11014624                   /lib/x86_64-linux-gnu/libc-2.23.so
7f688fd90000-7f688ff90000 ---p 001c0000 08:03 11014624                   /lib/x86_64-linux-gnu/libc-2.23.so
7f688ff90000-7f688ff94000 r--p 001c0000 08:03 11014624                   /lib/x86_64-linux-gnu/libc-2.23.so
7f688ff94000-7f688ff96000 rw-p 001c4000 08:03 11014624                   /lib/x86_64-linux-gnu/libc-2.23.so
7f688ff96000-7f688ff9a000 rw-p 00000000 00:00 0 
7f688ff9a000-7f688ff9d000 r-xp 00000000 08:03 11014648                   /lib/x86_64-linux-gnu/libdl-2.23.so
7f688ff9d000-7f689019c000 ---p 00003000 08:03 11014648                   /lib/x86_64-linux-gnu/libdl-2.23.so
7f689019c000-7f689019d000 r--p 00002000 08:03 11014648                   /lib/x86_64-linux-gnu/libdl-2.23.so
7f689019d000-7f689019e000 rw-p 00003000 08:03 11014648                   /lib/x86_64-linux-gnu/libdl-2.23.so
7f689019e000-7f68901b4000 r-xp 00000000 08:03 1316320                    /usr/lib/jvm/java-8-oracle/lib/amd64/jli/libjli.so
7f68901b4000-7f68903b3000 ---p 00016000 08:03 1316320                    /usr/lib/jvm/java-8-oracle/lib/amd64/jli/libjli.so
7f68903b3000-7f68903b4000 rw-p 00015000 08:03 1316320                    /usr/lib/jvm/java-8-oracle/lib/amd64/jli/libjli.so
7f68903b4000-7f68903cc000 r-xp 00000000 08:03 11014770                   /lib/x86_64-linux-gnu/libpthread-2.23.so
7f68903cc000-7f68905cb000 ---p 00018000 08:03 11014770                   /lib/x86_64-linux-gnu/libpthread-2.23.so
7f68905cb000-7f68905cc000 r--p 00017000 08:03 11014770                   /lib/x86_64-linux-gnu/libpthread-2.23.so
7f68905cc000-7f68905cd000 rw-p 00018000 08:03 11014770                   /lib/x86_64-linux-gnu/libpthread-2.23.so
7f68905cd000-7f68905d1000 rw-p 00000000 00:00 0 
7f68905d1000-7f68905f7000 r-xp 00000000 08:03 11014596                   /lib/x86_64-linux-gnu/ld-2.23.so
7f68905f7000-7f68906da000 rw-p 00000000 00:00 0 
7f68906da000-7f68906dd000 ---p 00000000 00:00 0 
7f68906dd000-7f68907df000 rw-p 00000000 00:00 0 
7f68907df000-7f68907e4000 r--s 002f9000 08:03 1316498                    /usr/lib/jvm/java-8-oracle/jre/lib/charsets.jar
7f68907e4000-7f68907ea000 r--s 0004b000 08:03 5774827                    /home/paulo/Documentos/UEFS/TCC/Código/trapezoidCircuitSimulator/interface_java/CircuitSimulator/jcommon-1.0.23.jar
7f68907ea000-7f68907f2000 rw-s 00000000 08:03 1582322                    /tmp/hsperfdata_paulo/5624
7f68907f2000-7f68907f3000 rw-p 00000000 00:00 0 
7f68907f3000-7f68907f4000 r--p 00000000 00:00 0 
7f68907f4000-7f68907f6000 rw-p 00000000 00:00 0 
7f68907f6000-7f68907f7000 r--p 00025000 08:03 11014596                   /lib/x86_64-linux-gnu/ld-2.23.so
7f68907f7000-7f68907f8000 rw-p 00026000 08:03 11014596                   /lib/x86_64-linux-gnu/ld-2.23.so
7f68907f8000-7f68907f9000 rw-p 00000000 00:00 0 
7ffc71ece000-7ffc71eef000 rw-p 00000000 00:00 0                          [stack]
7ffc71fdb000-7ffc71fdd000 r--p 00000000 00:00 0                          [vvar]
7ffc71fdd000-7ffc71fdf000 r-xp 00000000 00:00 0                          [vdso]
ffffffffff600000-ffffffffff601000 r-xp 00000000 00:00 0                  [vsyscall]

VM Arguments:
jvm_args: -Dfile.encoding=UTF-8 
java_command: org.gui.TrapezoidCircuitSimulator
java_class_path (initial): /home/paulo/Documentos/UEFS/TCC/Código/trapezoidCircuitSimulator/interface_java/CircuitSimulator/jfreechart-1.0.1.jar:/home/paulo/Documentos/UEFS/TCC/Código/trapezoidCircuitSimulator/interface_java/CircuitSimulator/jcommon-1.0.23.jar:/home/paulo/Documentos/UEFS/TCC/Código/trapezoidCircuitSimulator/interface_java/CircuitSimulator/build/classes
Launcher Type: SUN_STANDARD

Environment Variables:
JAVA_HOME=/usr/lib/jvm/java-8-oracle
PATH=/home/paulo/bin:/home/paulo/.local/bin:/usr/local/sbin:/usr/local/bin:/usr/sbin:/usr/bin:/sbin:/bin:/usr/games:/usr/local/games:/usr/lib/jvm/java-8-oracle/bin:/usr/lib/jvm/java-8-oracle/db/bin:/usr/lib/jvm/java-8-oracle/jre/bin
LD_LIBRARY_PATH=/usr/lib/jvm/java-8-oracle/jre/lib/amd64:/usr/lib/jvm/java-8-oracle/jre/lib/i386:
SHELL=/bin/bash
DISPLAY=:0

Signal Handlers:
SIGSEGV: [libjvm.so+0xacbe10], sa_mask[0]=11111111011111111101111111111110, sa_flags=SA_RESTART|SA_SIGINFO
SIGBUS: [libjvm.so+0xacbe10], sa_mask[0]=11111111011111111101111111111110, sa_flags=SA_RESTART|SA_SIGINFO
SIGFPE: [libjvm.so+0x924f90], sa_mask[0]=11111111011111111101111111111110, sa_flags=SA_RESTART|SA_SIGINFO
SIGPIPE: [libjvm.so+0x924f90], sa_mask[0]=11111111011111111101111111111110, sa_flags=SA_RESTART|SA_SIGINFO
SIGXFSZ: [libjvm.so+0x924f90], sa_mask[0]=11111111011111111101111111111110, sa_flags=SA_RESTART|SA_SIGINFO
SIGILL: [libjvm.so+0x924f90], sa_mask[0]=11111111011111111101111111111110, sa_flags=SA_RESTART|SA_SIGINFO
SIGUSR1: SIG_DFL, sa_mask[0]=00000000000000000000000000000000, sa_flags=none
SIGUSR2: [libjvm.so+0x9267d0], sa_mask[0]=00100000000000000000000000000000, sa_flags=SA_RESTART|SA_SIGINFO
SIGHUP: [libjvm.so+0x927bd0], sa_mask[0]=11111111011111111101111111111110, sa_flags=SA_RESTART|SA_SIGINFO
SIGINT: SIG_IGN, sa_mask[0]=00000000000000000000000000000000, sa_flags=none
SIGTERM: [libjvm.so+0x927bd0], sa_mask[0]=11111111011111111101111111111110, sa_flags=SA_RESTART|SA_SIGINFO
SIGQUIT: [libjvm.so+0x927bd0], sa_mask[0]=11111111011111111101111111111110, sa_flags=SA_RESTART|SA_SIGINFO


---------------  S Y S T E M  ---------------

OS:DISTRIB_ID="elementary"
DISTRIB_RELEASE=0.4.1
DISTRIB_CODENAME=loki
DISTRIB_DESCRIPTION="elementary OS 0.4.1 Loki"

uname:Linux 4.10.0-38-generic #42~16.04.1-Ubuntu SMP Tue Oct 10 16:32:20 UTC 2017 x86_64
libc:glibc 2.23 NPTL 2.23 
rlimit: STACK 8192k, CORE 0k, NPROC 13407, NOFILE 1048576, AS infinity
load average:1,30 1,56 1,49

/proc/meminfo:
MemTotal:        3476968 kB
MemFree:          102964 kB
MemAvailable:     716424 kB
Buffers:           27292 kB
Cached:           823544 kB
SwapCached:         1340 kB
Active:          2261964 kB
Inactive:         850932 kB
Active(anon):    1863084 kB
Inactive(anon):   464572 kB
Active(file):     398880 kB
Inactive(file):   386360 kB
Unevictable:          64 kB
Mlocked:              64 kB
SwapTotal:      20477948 kB
SwapFree:       20472444 kB
Dirty:               560 kB
Writeback:             0 kB
AnonPages:       2191196 kB
Mapped:           380272 kB
Shmem:             65588 kB
Slab:              93592 kB
SReclaimable:      58304 kB
SUnreclaim:        35288 kB
KernelStack:        9376 kB
PageTables:        42636 kB
NFS_Unstable:          0 kB
Bounce:                0 kB
WritebackTmp:          0 kB
CommitLimit:    22216432 kB
Committed_AS:    6571088 kB
VmallocTotal:   34359738367 kB
VmallocUsed:           0 kB
VmallocChunk:          0 kB
HardwareCorrupted:     0 kB
AnonHugePages:    837632 kB
ShmemHugePages:        0 kB
ShmemPmdMapped:        0 kB
CmaTotal:              0 kB
CmaFree:               0 kB
HugePages_Total:       0
HugePages_Free:        0
HugePages_Rsvd:        0
HugePages_Surp:        0
Hugepagesize:       2048 kB
DirectMap4k:      229116 kB
DirectMap2M:     3389440 kB
DirectMap1G:           0 kB


CPU:total 2 (initial active 2) (2 cores per cpu, 1 threads per core) family 22 model 0 stepping 1, cmov, cx8, fxsr, mmx, sse, sse2, sse3, ssse3, sse4.1, sse4.2, popcnt, avx, aes, clmul, mmxext, 3dnowpref, lzcnt, sse4a, tsc, tscinvbit, tscinv, bmi1

/proc/cpuinfo:
processor	: 0
vendor_id	: AuthenticAMD
cpu family	: 22
model		: 0
model name	: AMD E1-2100 APU with Radeon(TM) HD Graphics
stepping	: 1
microcode	: 0x700010b
cpu MHz		: 800.000
cache size	: 1024 KB
physical id	: 0
siblings	: 2
core id		: 0
cpu cores	: 2
apicid		: 0
initial apicid	: 0
fpu		: yes
fpu_exception	: yes
cpuid level	: 13
wp		: yes
flags		: fpu vme de pse tsc msr pae mce cx8 apic sep mtrr pge mca cmov pat pse36 clflush mmx fxsr sse sse2 ht syscall nx mmxext fxsr_opt pdpe1gb rdtscp lm constant_tsc rep_good nopl nonstop_tsc extd_apicid aperfmperf pni pclmulqdq monitor ssse3 cx16 sse4_1 sse4_2 movbe popcnt aes xsave avx f16c lahf_lm cmp_legacy svm extapic cr8_legacy abm sse4a misalignsse 3dnowprefetch osvw ibs skinit wdt topoext perfctr_nb bpext perfctr_l2 hw_pstate proc_feedback vmmcall bmi1 xsaveopt arat npt lbrv svm_lock nrip_save tsc_scale flushbyasid decodeassists pausefilter pfthreshold overflow_recov
bugs		: fxsave_leak sysret_ss_attrs null_seg
bogomips	: 1996.23
TLB size	: 1024 4K pages
clflush size	: 64
cache_alignment	: 64
address sizes	: 40 bits physical, 48 bits virtual
power management: ts ttp tm 100mhzsteps hwpstate proc_feedback

processor	: 1
vendor_id	: AuthenticAMD
cpu family	: 22
model		: 0
model name	: AMD E1-2100 APU with Radeon(TM) HD Graphics
stepping	: 1
microcode	: 0x700010b
cpu MHz		: 1000.000
cache size	: 1024 KB
physical id	: 0
siblings	: 2
core id		: 1
cpu cores	: 2
apicid		: 1
initial apicid	: 1
fpu		: yes
fpu_exception	: yes
cpuid level	: 13
wp		: yes
flags		: fpu vme de pse tsc msr pae mce cx8 apic sep mtrr pge mca cmov pat pse36 clflush mmx fxsr sse sse2 ht syscall nx mmxext fxsr_opt pdpe1gb rdtscp lm constant_tsc rep_good nopl nonstop_tsc extd_apicid aperfmperf pni pclmulqdq monitor ssse3 cx16 sse4_1 sse4_2 movbe popcnt aes xsave avx f16c lahf_lm cmp_legacy svm extapic cr8_legacy abm sse4a misalignsse 3dnowprefetch osvw ibs skinit wdt topoext perfctr_nb bpext perfctr_l2 hw_pstate proc_feedback vmmcall bmi1 xsaveopt arat npt lbrv svm_lock nrip_save tsc_scale flushbyasid decodeassists pausefilter pfthreshold overflow_recov
bugs		: fxsave_leak sysret_ss_attrs null_seg
bogomips	: 1996.23
TLB size	: 1024 4K pages
clflush size	: 64
cache_alignment	: 64
address sizes	: 40 bits physical, 48 bits virtual
power management: ts ttp tm 100mhzsteps hwpstate proc_feedback



Memory: 4k page, physical 3476968k(102964k free), swap 20477948k(20472444k free)

vm_info: Java HotSpot(TM) 64-Bit Server VM (25.151-b12) for linux-amd64 JRE (1.8.0_151-b12), built on Sep  5 2017 19:20:58 by "java_re" with gcc 4.3.0 20080428 (Red Hat 4.3.0-8)

time: Tue Nov 28 14:12:27 2017
elapsed time: 75 seconds (0d 0h 1m 15s)

