#
# A fatal error has been detected by the Java Runtime Environment:
#
#  SIGSEGV (0xb) at pc=0x00007f2967b719bb, pid=9073, tid=0x00007f29986f5700
#
# JRE version: Java(TM) SE Runtime Environment (8.0_151-b12) (build 1.8.0_151-b12)
# Java VM: Java HotSpot(TM) 64-Bit Server VM (25.151-b12 mixed mode linux-amd64 compressed oops)
# Problematic frame:
# C  [libstdc++.so.6+0x1219bb]  std::__cxx11::basic_string<char, std::char_traits<char>, std::allocator<char> >::basic_string(std::__cxx11::basic_string<char, std::char_traits<char>, std::allocator<char> > const&)+0xb
#
# Failed to write core dump. Core dumps have been disabled. To enable core dumping, try "ulimit -c unlimited" before starting Java again
#
# If you would like to submit a bug report, please visit:
#   http://bugreport.java.com/bugreport/crash.jsp
# The crash happened outside the Java Virtual Machine in native code.
# See problematic frame for where to report the bug.
#

---------------  T H R E A D  ---------------

Current thread (0x00007f29bc28b800):  JavaThread "AWT-EventQueue-0" [_thread_in_native, id=9094, stack(0x00007f29985f5000,0x00007f29986f6000)]

siginfo: si_signo: 11 (SIGSEGV), si_code: 1 (SEGV_MAPERR), si_addr: 0x0000000000000008

Registers:
RAX=0x00007f29986f1cb0, RBX=0x0000000000000001, RCX=0x00000000544f4c50, RDX=0x0000000000000008
RSP=0x00007f29986f1be8, RBP=0x00007f29986f1c10, RSI=0x0000000000000008, RDI=0x00007f29986f1ca0
R8 =0x00007f29740000a8, R9 =0x00007f29c1fb0100, R10=0x0000000000000112, R11=0x00007f29c1fecf50
R12=0x0000000000000001, R13=0x00007f297410ac40, R14=0x00007f29986f23f8, R15=0x00007f29bc28b800
RIP=0x00007f2967b719bb, EFLAGS=0x0000000000010206, CSGSFS=0x002b000000000033, ERR=0x0000000000000004
  TRAPNO=0x000000000000000e

Top of Stack: (sp=0x00007f29986f1be8)
0x00007f29986f1be8:   00007f2967b7145a 0000000000000000
0x00007f29986f1bf8:   00007f2967deeb69 0000000000000000
0x00007f29986f1c08:   00007f29986f1ca0 00007f29986f1cf0
0x00007f29986f1c18:   00007f2967df2552 00007f29986f1de0
0x00007f29986f1c28:   00007f297410a8f0 0000000000000000
0x00007f29986f1c38:   0000000000000000 00007f29a9d05840
0x00007f29986f1c48:   0000000000000000 0000000000000000
0x00007f29986f1c58:   0000000000000000 00007f297410af50
0x00007f29986f1c68:   00007f29986f1c90 00007f29986f1cb0
0x00007f29986f1c78:   01007f2967de8157 00007f29986f1cb0
0x00007f29986f1c88:   00007f2967de8203 00007f297410afd0
0x00007f29986f1c98:   00007f2974109760 00007f29986f1cb0
0x00007f29986f1ca8:   0000000000000004 00007f29986f1de0
0x00007f29986f1cb8:   00007f29986f1de0 00007f297410a8f0
0x00007f29986f1cc8:   e349bf1f9538de00 0000000000000001
0x00007f29986f1cd8:   0000000000000001 00007f297410ac40
0x00007f29986f1ce8:   00007f29986f23f8 00007f29986f2050
0x00007f29986f1cf8:   00007f2967df4521 0000000000000006
0x00007f29986f1d08:   00007f29986f1e00 00007f29986f2150
0x00007f29986f1d18:   00007f29986f20d0 0000000000000006
0x00007f29986f1d28:   00007f2974109c10 00007f297410ac00
0x00007f29986f1d38:   0000000000000000 00007f297410ac40
0x00007f29986f1d48:   00007f29741098b0 00007f297410ac40
0x00007f29986f1d58:   00007f29c2863b1f 00007f297410ac40
0x00007f29986f1d68:   0000000000000000 00007f297410a8f0
0x00007f29986f1d78:   ffffffffffffffff 00007f297410ac00
0x00007f29986f1d88:   00007f297410ac40 00007f297410ac40
0x00007f29986f1d98:   0000000000000000 0000000000000000
0x00007f29986f1da8:   0000000000000000 0000000000000000
0x00007f29986f1db8:   00007f29986f1df0 00007f2974109760
0x00007f29986f1dc8:   00007f2974109820 00007f2974109820
0x00007f29986f1dd8:   00007f2967de08ed 00007f2974109760 

Instructions: (pc=0x00007f2967b719bb)
0x00007f2967b7199b:   eb 9d e8 4e 72 f6 ff 66 2e 0f 1f 84 00 00 00 00
0x00007f2967b719ab:   00 0f 1f 40 00 48 8d 47 10 48 83 ec 10 48 89 07
0x00007f2967b719bb:   48 8b 06 48 89 c2 48 03 56 08 6a 00 48 89 c6 e8
0x00007f2967b719cb:   d1 5c f6 ff 48 83 c4 18 c3 66 2e 0f 1f 84 00 00 

Register to memory mapping:

RAX=0x00007f29986f1cb0 is pointing into the stack for thread: 0x00007f29bc28b800
RBX=0x0000000000000001 is an unknown value
RCX=0x00000000544f4c50 is an unknown value
RDX=0x0000000000000008 is an unknown value
RSP=0x00007f29986f1be8 is pointing into the stack for thread: 0x00007f29bc28b800
RBP=0x00007f29986f1c10 is pointing into the stack for thread: 0x00007f29bc28b800
RSI=0x0000000000000008 is an unknown value
RDI=0x00007f29986f1ca0 is pointing into the stack for thread: 0x00007f29bc28b800
R8 =0x00007f29740000a8 is an unknown value
R9 =0x00007f29c1fb0100: <offset 0x158100> in /lib/x86_64-linux-gnu/libc.so.6 at 0x00007f29c1e58000
R10=0x0000000000000112 is an unknown value
R11=0x00007f29c1fecf50: <offset 0x194f50> in /lib/x86_64-linux-gnu/libc.so.6 at 0x00007f29c1e58000
R12=0x0000000000000001 is an unknown value
R13=0x00007f297410ac40 is an unknown value
R14=0x00007f29986f23f8 is pointing into the stack for thread: 0x00007f29bc28b800
R15=0x00007f29bc28b800 is a thread


Stack: [0x00007f29985f5000,0x00007f29986f6000],  sp=0x00007f29986f1be8,  free space=1010k
Native frames: (J=compiled Java code, j=interpreted, Vv=VM code, C=native code)
C  [libstdc++.so.6+0x1219bb]  std::__cxx11::basic_string<char, std::char_traits<char>, std::allocator<char> >::basic_string(std::__cxx11::basic_string<char, std::char_traits<char>, std::allocator<char> > const&)+0xb
C  [libsimulation_jni.so+0x20552]  Simulation::set_config_simulation(std::vector<std::__cxx11::basic_string<char, std::char_traits<char>, std::allocator<char> >, std::allocator<std::__cxx11::basic_string<char, std::char_traits<char>, std::allocator<char> > > >)+0x1ea
C  [libsimulation_jni.so+0x22521]  Simulator::parser_simulator(std::basic_ifstream<char, std::char_traits<char> >&)+0x7a9
C  [libsimulation_jni.so+0x21d0e]  Simulator::Simulator(std::basic_ifstream<char, std::char_traits<char> >&, Simulation*)+0x32
C  [libsimulation_jni.so+0x1dfaf]  Java_org_jni_InterfaceJNI_run_1analysis+0xfd
j  org.jni.InterfaceJNI.run_analysis(Ljava/lang/String;)Ljava/lang/String;+0
j  org.gui.MainWindow.actionPerformed(Ljava/awt/event/ActionEvent;)V+131
j  javax.swing.AbstractButton.fireActionPerformed(Ljava/awt/event/ActionEvent;)V+83
j  javax.swing.AbstractButton$Handler.actionPerformed(Ljava/awt/event/ActionEvent;)V+5
j  javax.swing.DefaultButtonModel.fireActionPerformed(Ljava/awt/event/ActionEvent;)V+34
j  javax.swing.DefaultButtonModel.setPressed(Z)V+117
j  javax.swing.plaf.basic.BasicButtonListener.mouseReleased(Ljava/awt/event/MouseEvent;)V+35
j  java.awt.AWTEventMulticaster.mouseReleased(Ljava/awt/event/MouseEvent;)V+8
j  java.awt.Component.processMouseEvent(Ljava/awt/event/MouseEvent;)V+64
j  javax.swing.JComponent.processMouseEvent(Ljava/awt/event/MouseEvent;)V+23
J 1341 C1 java.awt.Component.processEvent(Ljava/awt/AWTEvent;)V (220 bytes) @ 0x00007f29ace4fe9c [0x00007f29ace4f980+0x51c]
J 1395 C1 java.awt.Container.processEvent(Ljava/awt/AWTEvent;)V (22 bytes) @ 0x00007f29ace66204 [0x00007f29ace65ee0+0x324]
J 1620 C1 java.awt.Component.dispatchEventImpl(Ljava/awt/AWTEvent;)V (883 bytes) @ 0x00007f29acf30584 [0x00007f29acf2b100+0x5484]
J 1103 C1 java.awt.Container.dispatchEventImpl(Ljava/awt/AWTEvent;)V (129 bytes) @ 0x00007f29acd635a4 [0x00007f29acd63460+0x144]
J 1400 C1 java.awt.LightweightDispatcher.retargetMouseEvent(Ljava/awt/Component;ILjava/awt/event/MouseEvent;)V (350 bytes) @ 0x00007f29ace7af34 [0x00007f29ace789e0+0x2554]
J 1640 C1 java.awt.LightweightDispatcher.processMouseEvent(Ljava/awt/event/MouseEvent;)Z (286 bytes) @ 0x00007f29acf458bc [0x00007f29acf441c0+0x16fc]
J 1402 C1 java.awt.LightweightDispatcher.dispatchEvent(Ljava/awt/AWTEvent;)Z (73 bytes) @ 0x00007f29ace77db4 [0x00007f29ace77980+0x434]
J 1103 C1 java.awt.Container.dispatchEventImpl(Ljava/awt/AWTEvent;)V (129 bytes) @ 0x00007f29acd63544 [0x00007f29acd63460+0xe4]
J 1405 C1 java.awt.Window.dispatchEventImpl(Ljava/awt/AWTEvent;)V (23 bytes) @ 0x00007f29ace77484 [0x00007f29ace76ea0+0x5e4]
J 1263 C1 java.awt.EventQueue.dispatchEventImpl(Ljava/awt/AWTEvent;Ljava/lang/Object;)V (149 bytes) @ 0x00007f29acdf3434 [0x00007f29acdf1c00+0x1834]
J 1261 C1 java.awt.EventQueue$3.run()Ljava/lang/Void; (60 bytes) @ 0x00007f29acdf1004 [0x00007f29acdf0e00+0x204]
J 1260 C1 java.awt.EventQueue$3.run()Ljava/lang/Object; (5 bytes) @ 0x00007f29acdf0a8c [0x00007f29acdf0a00+0x8c]
v  ~StubRoutines::call_stub
V  [libjvm.so+0x693e76]  JavaCalls::call_helper(JavaValue*, methodHandle*, JavaCallArguments*, Thread*)+0x1056
V  [libjvm.so+0x72d14c]  JVM_DoPrivileged+0x27c
J 316  java.security.AccessController.doPrivileged(Ljava/security/PrivilegedAction;Ljava/security/AccessControlContext;)Ljava/lang/Object; (0 bytes) @ 0x00007f29acb85815 [0x00007f29acb85740+0xd5]
J 1210 C1 java.awt.EventQueue$4.run()Ljava/lang/Object; (5 bytes) @ 0x00007f29acdbd064 [0x00007f29acdbcc40+0x424]
v  ~StubRoutines::call_stub
V  [libjvm.so+0x693e76]  JavaCalls::call_helper(JavaValue*, methodHandle*, JavaCallArguments*, Thread*)+0x1056
V  [libjvm.so+0x72d14c]  JVM_DoPrivileged+0x27c
J 316  java.security.AccessController.doPrivileged(Ljava/security/PrivilegedAction;Ljava/security/AccessControlContext;)Ljava/lang/Object; (0 bytes) @ 0x00007f29acb85815 [0x00007f29acb85740+0xd5]
J 1159 C1 java.awt.EventQueue.dispatchEvent(Ljava/awt/AWTEvent;)V (80 bytes) @ 0x00007f29acd80cb4 [0x00007f29acd7fe40+0xe74]
J 1162 C1 java.awt.EventDispatchThread.pumpOneEventForFilters(I)V (295 bytes) @ 0x00007f29acd84dd4 [0x00007f29acd83280+0x1b54]
j  java.awt.EventDispatchThread.pumpEventsForFilter(ILjava/awt/Conditional;Ljava/awt/EventFilter;)V+35
j  java.awt.EventDispatchThread.pumpEventsForHierarchy(ILjava/awt/Conditional;Ljava/awt/Component;)V+11
j  java.awt.EventDispatchThread.pumpEvents(ILjava/awt/Conditional;)V+4
j  java.awt.EventDispatchThread.pumpEvents(Ljava/awt/Conditional;)V+3
j  java.awt.EventDispatchThread.run()V+9
v  ~StubRoutines::call_stub
V  [libjvm.so+0x693e76]  JavaCalls::call_helper(JavaValue*, methodHandle*, JavaCallArguments*, Thread*)+0x1056
V  [libjvm.so+0x694381]  JavaCalls::call_virtual(JavaValue*, KlassHandle, Symbol*, Symbol*, JavaCallArguments*, Thread*)+0x321
V  [libjvm.so+0x694827]  JavaCalls::call_virtual(JavaValue*, Handle, KlassHandle, Symbol*, Symbol*, Thread*)+0x47
V  [libjvm.so+0x72fbb0]  thread_entry(JavaThread*, Thread*)+0xa0
V  [libjvm.so+0xa79b53]  JavaThread::thread_main_inner()+0x103
V  [libjvm.so+0xa79c9c]  JavaThread::run()+0x11c
V  [libjvm.so+0x92a728]  java_start(Thread*)+0x108
C  [libpthread.so.0+0x76ba]  start_thread+0xca

Java frames: (J=compiled Java code, j=interpreted, Vv=VM code)
j  org.jni.InterfaceJNI.run_analysis(Ljava/lang/String;)Ljava/lang/String;+0
j  org.gui.MainWindow.actionPerformed(Ljava/awt/event/ActionEvent;)V+131
j  javax.swing.AbstractButton.fireActionPerformed(Ljava/awt/event/ActionEvent;)V+83
j  javax.swing.AbstractButton$Handler.actionPerformed(Ljava/awt/event/ActionEvent;)V+5
j  javax.swing.DefaultButtonModel.fireActionPerformed(Ljava/awt/event/ActionEvent;)V+34
j  javax.swing.DefaultButtonModel.setPressed(Z)V+117
j  javax.swing.plaf.basic.BasicButtonListener.mouseReleased(Ljava/awt/event/MouseEvent;)V+35
j  java.awt.AWTEventMulticaster.mouseReleased(Ljava/awt/event/MouseEvent;)V+8
j  java.awt.Component.processMouseEvent(Ljava/awt/event/MouseEvent;)V+64
j  javax.swing.JComponent.processMouseEvent(Ljava/awt/event/MouseEvent;)V+23
J 1341 C1 java.awt.Component.processEvent(Ljava/awt/AWTEvent;)V (220 bytes) @ 0x00007f29ace4fe9c [0x00007f29ace4f980+0x51c]
J 1395 C1 java.awt.Container.processEvent(Ljava/awt/AWTEvent;)V (22 bytes) @ 0x00007f29ace66204 [0x00007f29ace65ee0+0x324]
J 1620 C1 java.awt.Component.dispatchEventImpl(Ljava/awt/AWTEvent;)V (883 bytes) @ 0x00007f29acf30584 [0x00007f29acf2b100+0x5484]
J 1103 C1 java.awt.Container.dispatchEventImpl(Ljava/awt/AWTEvent;)V (129 bytes) @ 0x00007f29acd635a4 [0x00007f29acd63460+0x144]
J 1400 C1 java.awt.LightweightDispatcher.retargetMouseEvent(Ljava/awt/Component;ILjava/awt/event/MouseEvent;)V (350 bytes) @ 0x00007f29ace7af34 [0x00007f29ace789e0+0x2554]
J 1640 C1 java.awt.LightweightDispatcher.processMouseEvent(Ljava/awt/event/MouseEvent;)Z (286 bytes) @ 0x00007f29acf458bc [0x00007f29acf441c0+0x16fc]
J 1402 C1 java.awt.LightweightDispatcher.dispatchEvent(Ljava/awt/AWTEvent;)Z (73 bytes) @ 0x00007f29ace77db4 [0x00007f29ace77980+0x434]
J 1103 C1 java.awt.Container.dispatchEventImpl(Ljava/awt/AWTEvent;)V (129 bytes) @ 0x00007f29acd63544 [0x00007f29acd63460+0xe4]
J 1405 C1 java.awt.Window.dispatchEventImpl(Ljava/awt/AWTEvent;)V (23 bytes) @ 0x00007f29ace77484 [0x00007f29ace76ea0+0x5e4]
J 1263 C1 java.awt.EventQueue.dispatchEventImpl(Ljava/awt/AWTEvent;Ljava/lang/Object;)V (149 bytes) @ 0x00007f29acdf3434 [0x00007f29acdf1c00+0x1834]
J 1261 C1 java.awt.EventQueue$3.run()Ljava/lang/Void; (60 bytes) @ 0x00007f29acdf1004 [0x00007f29acdf0e00+0x204]
J 1260 C1 java.awt.EventQueue$3.run()Ljava/lang/Object; (5 bytes) @ 0x00007f29acdf0a8c [0x00007f29acdf0a00+0x8c]
v  ~StubRoutines::call_stub
J 316  java.security.AccessController.doPrivileged(Ljava/security/PrivilegedAction;Ljava/security/AccessControlContext;)Ljava/lang/Object; (0 bytes) @ 0x00007f29acb857a3 [0x00007f29acb85740+0x63]
J 1210 C1 java.awt.EventQueue$4.run()Ljava/lang/Object; (5 bytes) @ 0x00007f29acdbd064 [0x00007f29acdbcc40+0x424]
v  ~StubRoutines::call_stub
J 316  java.security.AccessController.doPrivileged(Ljava/security/PrivilegedAction;Ljava/security/AccessControlContext;)Ljava/lang/Object; (0 bytes) @ 0x00007f29acb857a3 [0x00007f29acb85740+0x63]
J 1159 C1 java.awt.EventQueue.dispatchEvent(Ljava/awt/AWTEvent;)V (80 bytes) @ 0x00007f29acd80cb4 [0x00007f29acd7fe40+0xe74]
J 1162 C1 java.awt.EventDispatchThread.pumpOneEventForFilters(I)V (295 bytes) @ 0x00007f29acd84dd4 [0x00007f29acd83280+0x1b54]
j  java.awt.EventDispatchThread.pumpEventsForFilter(ILjava/awt/Conditional;Ljava/awt/EventFilter;)V+35
j  java.awt.EventDispatchThread.pumpEventsForHierarchy(ILjava/awt/Conditional;Ljava/awt/Component;)V+11
j  java.awt.EventDispatchThread.pumpEvents(ILjava/awt/Conditional;)V+4
j  java.awt.EventDispatchThread.pumpEvents(Ljava/awt/Conditional;)V+3
j  java.awt.EventDispatchThread.run()V+9
v  ~StubRoutines::call_stub

---------------  P R O C E S S  ---------------

Java Threads: ( => current thread )
  0x00007f29740d6800 JavaThread "Image Fetcher 3" daemon [_thread_blocked, id=9114, stack(0x00007f2998af8000,0x00007f2998bf9000)]
  0x00007f29740af800 JavaThread "TimerQueue" daemon [_thread_blocked, id=9096, stack(0x00007f2998011000,0x00007f2998112000)]
  0x00007f29bc00a000 JavaThread "DestroyJavaVM" [_thread_blocked, id=9076, stack(0x00007f29c2962000,0x00007f29c2a63000)]
=>0x00007f29bc28b800 JavaThread "AWT-EventQueue-0" [_thread_in_native, id=9094, stack(0x00007f29985f5000,0x00007f29986f6000)]
  0x00007f29bc28a000 JavaThread "AWT-Shutdown" [_thread_blocked, id=9093, stack(0x00007f29986f6000,0x00007f29987f7000)]
  0x00007f29bc23f000 JavaThread "AWT-XAWT" daemon [_thread_in_native, id=9089, stack(0x00007f2998cfa000,0x00007f2998dfb000)]
  0x00007f29bc21c800 JavaThread "Java2D Disposer" daemon [_thread_blocked, id=9088, stack(0x00007f299920b000,0x00007f299930c000)]
  0x00007f29bc0cc000 JavaThread "Service Thread" daemon [_thread_blocked, id=9086, stack(0x00007f29a8b1c000,0x00007f29a8c1d000)]
  0x00007f29bc0b7000 JavaThread "C1 CompilerThread1" daemon [_thread_blocked, id=9085, stack(0x00007f29a8c1d000,0x00007f29a8d1e000)]
  0x00007f29bc0b4000 JavaThread "C2 CompilerThread0" daemon [_thread_in_native, id=9084, stack(0x00007f29a8d1e000,0x00007f29a8e1f000)]
  0x00007f29bc0b2800 JavaThread "Signal Dispatcher" daemon [_thread_blocked, id=9083, stack(0x00007f29a8e1f000,0x00007f29a8f20000)]
  0x00007f29bc080000 JavaThread "Finalizer" daemon [_thread_blocked, id=9082, stack(0x00007f29a8f20000,0x00007f29a9021000)]
  0x00007f29bc07b000 JavaThread "Reference Handler" daemon [_thread_blocked, id=9081, stack(0x00007f29a9021000,0x00007f29a9122000)]

Other Threads:
  0x00007f29bc073800 VMThread [stack: 0x00007f29a9122000,0x00007f29a9223000] [id=9080]
  0x00007f29bc0d6800 WatcherThread [stack: 0x00007f29a8a1b000,0x00007f29a8b1c000] [id=9087]

VM state:not at safepoint (normal execution)

VM Mutex/Monitor currently owned by a thread: None

Heap:
 PSYoungGen      total 16384K, used 11351K [0x00000000ee500000, 0x00000000f0500000, 0x0000000100000000)
  eden space 14336K, 64% used [0x00000000ee500000,0x00000000eee15cd0,0x00000000ef300000)
  from space 2048K, 100% used [0x00000000ef500000,0x00000000ef700000,0x00000000ef700000)
  to   space 2048K, 0% used [0x00000000ef300000,0x00000000ef300000,0x00000000ef500000)
 ParOldGen       total 36864K, used 5347K [0x00000000cae00000, 0x00000000cd200000, 0x00000000ee500000)
  object space 36864K, 14% used [0x00000000cae00000,0x00000000cb338e20,0x00000000cd200000)
 Metaspace       used 16684K, capacity 16952K, committed 17280K, reserved 1064960K
  class space    used 2092K, capacity 2164K, committed 2176K, reserved 1048576K

Card table byte_map: [0x00007f29ac45c000,0x00007f29ac606000] byte_map_base: 0x00007f29abe05000

Marking Bits: (ParMarkBitMap*) 0x00007f29c1e2af80
 Begin Bits: [0x00007f29aa6ae000, 0x00007f29ab3f6000)
 End Bits:   [0x00007f29ab3f6000, 0x00007f29ac13e000)

Polling page: 0x00007f29c2a7b000

CodeCache: size=245760Kb used=6008Kb max_used=6135Kb free=239751Kb
 bounds [0x00007f29ac9c6000, 0x00007f29acfd6000, 0x00007f29bb9c6000]
 total_blobs=2408 nmethods=1820 adapters=502
 compilation: enabled

Compilation events (10 events):
Event: 52,124 Thread 0x00007f29bc0b7000 nmethod 1961 0x00007f29acc02150 code [0x00007f29acc022e0, 0x00007f29acc02728]
Event: 52,133 Thread 0x00007f29bc0b7000 1962       3       java.awt.Component::<init> (147 bytes)
Event: 52,144 Thread 0x00007f29bc0b7000 nmethod 1962 0x00007f29acdec850 code [0x00007f29acdeca20, 0x00007f29acded0d8]
Event: 52,144 Thread 0x00007f29bc0b7000 1963       1       sun.awt.X11.XBaseWindow::getWindow (5 bytes)
Event: 52,145 Thread 0x00007f29bc0b7000 nmethod 1963 0x00007f29acc01e90 code [0x00007f29acc01fe0, 0x00007f29acc020f0]
Event: 52,145 Thread 0x00007f29bc0b7000 1964       3       java.util.Vector::<init> (49 bytes)
Event: 52,161 Thread 0x00007f29bc0b7000 nmethod 1964 0x00007f29acdeb7d0 code [0x00007f29acdeb9c0, 0x00007f29acdec3b8]
Event: 52,161 Thread 0x00007f29bc0b7000 1965  s    3       java.util.Vector::indexOf (67 bytes)
Event: 52,169 Thread 0x00007f29bc0b7000 nmethod 1965 0x00007f29acdeacd0 code [0x00007f29acdeae80, 0x00007f29acdeb528]
Event: 52,169 Thread 0x00007f29bc0b7000 1966   !   3       java.lang.ClassLoader::findNative (86 bytes)

GC Heap History (4 events):
Event: 4,192 GC heap before
{Heap before GC invocations=1 (full 0):
 PSYoungGen      total 16384K, used 14336K [0x00000000ee500000, 0x00000000ef700000, 0x0000000100000000)
  eden space 14336K, 100% used [0x00000000ee500000,0x00000000ef300000,0x00000000ef300000)
  from space 2048K, 0% used [0x00000000ef500000,0x00000000ef500000,0x00000000ef700000)
  to   space 2048K, 0% used [0x00000000ef300000,0x00000000ef300000,0x00000000ef500000)
 ParOldGen       total 36864K, used 0K [0x00000000cae00000, 0x00000000cd200000, 0x00000000ee500000)
  object space 36864K, 0% used [0x00000000cae00000,0x00000000cae00000,0x00000000cd200000)
 Metaspace       used 12790K, capacity 13032K, committed 13440K, reserved 1060864K
  class space    used 1521K, capacity 1586K, committed 1664K, reserved 1048576K
Event: 4,224 GC heap after
Heap after GC invocations=1 (full 0):
 PSYoungGen      total 16384K, used 2048K [0x00000000ee500000, 0x00000000ef700000, 0x0000000100000000)
  eden space 14336K, 0% used [0x00000000ee500000,0x00000000ee500000,0x00000000ef300000)
  from space 2048K, 100% used [0x00000000ef300000,0x00000000ef500000,0x00000000ef500000)
  to   space 2048K, 0% used [0x00000000ef500000,0x00000000ef500000,0x00000000ef700000)
 ParOldGen       total 36864K, used 3022K [0x00000000cae00000, 0x00000000cd200000, 0x00000000ee500000)
  object space 36864K, 8% used [0x00000000cae00000,0x00000000cb0f3a58,0x00000000cd200000)
 Metaspace       used 12790K, capacity 13032K, committed 13440K, reserved 1060864K
  class space    used 1521K, capacity 1586K, committed 1664K, reserved 1048576K
}
Event: 5,101 GC heap before
{Heap before GC invocations=2 (full 0):
 PSYoungGen      total 16384K, used 15762K [0x00000000ee500000, 0x00000000ef700000, 0x0000000100000000)
  eden space 14336K, 95% used [0x00000000ee500000,0x00000000ef264958,0x00000000ef300000)
  from space 2048K, 100% used [0x00000000ef300000,0x00000000ef500000,0x00000000ef500000)
  to   space 2048K, 0% used [0x00000000ef500000,0x00000000ef500000,0x00000000ef700000)
 ParOldGen       total 36864K, used 3022K [0x00000000cae00000, 0x00000000cd200000, 0x00000000ee500000)
  object space 36864K, 8% used [0x00000000cae00000,0x00000000cb0f3a58,0x00000000cd200000)
 Metaspace       used 13271K, capacity 13544K, committed 13696K, reserved 1060864K
  class space    used 1575K, capacity 1650K, committed 1664K, reserved 1048576K
Event: 5,176 GC heap after
Heap after GC invocations=2 (full 0):
 PSYoungGen      total 16384K, used 2048K [0x00000000ee500000, 0x00000000f0500000, 0x0000000100000000)
  eden space 14336K, 0% used [0x00000000ee500000,0x00000000ee500000,0x00000000ef300000)
  from space 2048K, 100% used [0x00000000ef500000,0x00000000ef700000,0x00000000ef700000)
  to   space 2048K, 0% used [0x00000000ef300000,0x00000000ef300000,0x00000000ef500000)
 ParOldGen       total 36864K, used 5347K [0x00000000cae00000, 0x00000000cd200000, 0x00000000ee500000)
  object space 36864K, 14% used [0x00000000cae00000,0x00000000cb338e20,0x00000000cd200000)
 Metaspace       used 13271K, capacity 13544K, committed 13696K, reserved 1060864K
  class space    used 1575K, capacity 1650K, committed 1664K, reserved 1048576K
}

Deoptimization events (10 events):
Event: 6,809 Thread 0x00007f29bc28b800 Uncommon trap: reason=class_check action=maybe_recompile pc=0x00007f29acb2b870 method=java.lang.String.equals(Ljava/lang/Object;)Z @ 8
Event: 6,906 Thread 0x00007f29bc28b800 Uncommon trap: reason=class_check action=maybe_recompile pc=0x00007f29acb2b870 method=java.lang.String.equals(Ljava/lang/Object;)Z @ 8
Event: 7,114 Thread 0x00007f29bc28b800 Uncommon trap: reason=class_check action=maybe_recompile pc=0x00007f29acb2b870 method=java.lang.String.equals(Ljava/lang/Object;)Z @ 8
Event: 33,358 Thread 0x00007f29bc28b800 Uncommon trap: reason=unstable_if action=reinterpret pc=0x00007f29acc9c984 method=java.lang.String.indexOf([CII[CIII)I @ 3
Event: 33,430 Thread 0x00007f29bc28b800 Uncommon trap: reason=unstable_if action=reinterpret pc=0x00007f29acec7484 method=java.awt.Component.getInputContext()Ljava/awt/im/InputContext; @ 6
Event: 33,705 Thread 0x00007f29bc28b800 Uncommon trap: reason=unstable_if action=reinterpret pc=0x00007f29ace547b8 method=java.lang.StrictMath.floorOrCeil(DDDD)D @ 90
Event: 45,237 Thread 0x00007f29bc28b800 Uncommon trap: reason=unstable_if action=reinterpret pc=0x00007f29acecad94 method=java.security.AccessControlContext.optimize()Ljava/security/AccessControlContext; @ 220
Event: 45,334 Thread 0x00007f29bc28b800 Uncommon trap: reason=unstable_if action=reinterpret pc=0x00007f29acc58300 method=java.io.UnixFileSystem.normalize(Ljava/lang/String;)Ljava/lang/String; @ 60
Event: 51,936 Thread 0x00007f29bc28b800 Uncommon trap: reason=class_check action=maybe_recompile pc=0x00007f29acbd4f10 method=java.util.Properties$LineReader.readLine()I @ 62
Event: 51,937 Thread 0x00007f29bc28b800 Uncommon trap: reason=unstable_if action=reinterpret pc=0x00007f29acbd4cb0 method=java.util.Properties$LineReader.readLine()I @ 206

Internal exceptions (10 events):
Event: 0,711 Thread 0x00007f29bc00a000 Exception <a 'java/security/PrivilegedActionException'> (0x00000000ee567b78) thrown at [/HUDSON/workspace/8-2-build-linux-amd64/jdk8u151/9699/hotspot/src/share/vm/prims/jvm.cpp, line 1390]
Event: 0,711 Thread 0x00007f29bc00a000 Exception <a 'java/security/PrivilegedActionException'> (0x00000000ee567d88) thrown at [/HUDSON/workspace/8-2-build-linux-amd64/jdk8u151/9699/hotspot/src/share/vm/prims/jvm.cpp, line 1390]
Event: 0,902 Thread 0x00007f29bc00a000 Exception <a 'java/security/PrivilegedActionException'> (0x00000000ee5ef708) thrown at [/HUDSON/workspace/8-2-build-linux-amd64/jdk8u151/9699/hotspot/src/share/vm/prims/jvm.cpp, line 1390]
Event: 0,902 Thread 0x00007f29bc00a000 Exception <a 'java/security/PrivilegedActionException'> (0x00000000ee5ef918) thrown at [/HUDSON/workspace/8-2-build-linux-amd64/jdk8u151/9699/hotspot/src/share/vm/prims/jvm.cpp, line 1390]
Event: 0,916 Thread 0x00007f29bc00a000 Exception <a 'java/security/PrivilegedActionException'> (0x00000000ee5f1d80) thrown at [/HUDSON/workspace/8-2-build-linux-amd64/jdk8u151/9699/hotspot/src/share/vm/prims/jvm.cpp, line 1390]
Event: 0,916 Thread 0x00007f29bc00a000 Exception <a 'java/security/PrivilegedActionException'> (0x00000000ee5f1f90) thrown at [/HUDSON/workspace/8-2-build-linux-amd64/jdk8u151/9699/hotspot/src/share/vm/prims/jvm.cpp, line 1390]
Event: 1,236 Thread 0x00007f29bc00a000 Exception <a 'java/lang/NoSuchFieldError': method resolution failed> (0x00000000ee6c2620) thrown at [/HUDSON/workspace/8-2-build-linux-amd64/jdk8u151/9699/hotspot/src/share/vm/prims/methodHandles.cpp, line 1146]
Event: 1,264 Thread 0x00007f29bc00a000 Exception <a 'java/lang/NoSuchFieldError': method resolution failed> (0x00000000ee6cfdf0) thrown at [/HUDSON/workspace/8-2-build-linux-amd64/jdk8u151/9699/hotspot/src/share/vm/prims/methodHandles.cpp, line 1146]
Event: 1,439 Thread 0x00007f29bc00a000 Exception <a 'java/io/FileNotFoundException'> (0x00000000ee74eb70) thrown at [/HUDSON/workspace/8-2-build-linux-amd64/jdk8u151/9699/hotspot/src/share/vm/prims/jni.cpp, line 709]
Event: 1,440 Thread 0x00007f29bc00a000 Exception <a 'java/io/FileNotFoundException'> (0x00000000ee74f670) thrown at [/HUDSON/workspace/8-2-build-linux-amd64/jdk8u151/9699/hotspot/src/share/vm/prims/jni.cpp, line 709]

Events (10 events):
Event: 52,051 loading class javax/swing/plaf/metal/MetalTitlePane$WindowHandler
Event: 52,052 loading class javax/swing/plaf/metal/MetalTitlePane$WindowHandler done
Event: 52,052 loading class javax/swing/plaf/metal/MetalTitlePane$PropertyChangeHandler
Event: 52,052 loading class javax/swing/plaf/metal/MetalTitlePane$PropertyChangeHandler done
Event: 52,070 Executing VM operation: BulkRevokeBias
Event: 52,072 Executing VM operation: BulkRevokeBias done
Event: 52,136 loading class java/io/FileWriter
Event: 52,136 loading class java/io/FileWriter done
Event: 52,155 loading class org/jni/InterfaceJNI
Event: 52,155 loading class org/jni/InterfaceJNI done


Dynamic libraries:
00400000-00401000 r-xp 00000000 08:03 1056627                            /usr/lib/jvm/java-8-oracle/bin/java
00600000-00601000 rw-p 00000000 08:03 1056627                            /usr/lib/jvm/java-8-oracle/bin/java
00774000-00795000 rw-p 00000000 00:00 0                                  [heap]
cae00000-cd200000 rw-p 00000000 00:00 0 
cd200000-ee500000 ---p 00000000 00:00 0 
ee500000-f0500000 rw-p 00000000 00:00 0 
f0500000-100000000 ---p 00000000 00:00 0 
100000000-100220000 rw-p 00000000 00:00 0 
100220000-140000000 ---p 00000000 00:00 0 
7f2967a50000-7f2967bc2000 r-xp 00000000 08:03 786613                     /usr/lib/x86_64-linux-gnu/libstdc++.so.6.0.21
7f2967bc2000-7f2967dc2000 ---p 00172000 08:03 786613                     /usr/lib/x86_64-linux-gnu/libstdc++.so.6.0.21
7f2967dc2000-7f2967dcc000 r--p 00172000 08:03 786613                     /usr/lib/x86_64-linux-gnu/libstdc++.so.6.0.21
7f2967dcc000-7f2967dce000 rw-p 0017c000 08:03 786613                     /usr/lib/x86_64-linux-gnu/libstdc++.so.6.0.21
7f2967dce000-7f2967dd2000 rw-p 00000000 00:00 0 
7f2967dd2000-7f2967dfe000 r-xp 00000000 08:03 798629                     /usr/lib/libsimulation_jni.so
7f2967dfe000-7f2967ffd000 ---p 0002c000 08:03 798629                     /usr/lib/libsimulation_jni.so
7f2967ffd000-7f2967ffe000 r--p 0002b000 08:03 798629                     /usr/lib/libsimulation_jni.so
7f2967ffe000-7f2968000000 rw-p 0002c000 08:03 798629                     /usr/lib/libsimulation_jni.so
7f2968000000-7f2968024000 rw-p 00000000 00:00 0 
7f2968024000-7f296c000000 ---p 00000000 00:00 0 
7f296c203000-7f296c2c3000 rw-p 00000000 00:00 0 
7f296c2c3000-7f296c403000 ---p 00000000 00:00 0 
7f296c403000-7f296c5d8000 rw-s 00000000 00:05 880934917                  /SYSV00000000 (deleted)
7f296c5d8000-7f296c7d8000 rw-p 00000000 00:00 0 
7f296c93f000-7f296c952000 r--s 00345000 08:03 1316538                    /usr/lib/jvm/java-8-oracle/jre/lib/resources.jar
7f296c952000-7f296c97c000 r-xp 00000000 08:03 1444477                    /usr/lib/jvm/java-8-oracle/jre/lib/amd64/libdcpr.so
7f296c97c000-7f296cb7c000 ---p 0002a000 08:03 1444477                    /usr/lib/jvm/java-8-oracle/jre/lib/amd64/libdcpr.so
7f296cb7c000-7f296cb7f000 rw-p 0002a000 08:03 1444477                    /usr/lib/jvm/java-8-oracle/jre/lib/amd64/libdcpr.so
7f296cb7f000-7f296cd7f000 rw-p 00000000 00:00 0 
7f296cd7f000-7f296cde8000 r-xp 00000000 08:03 1444491                    /usr/lib/jvm/java-8-oracle/jre/lib/amd64/libt2k.so
7f296cde8000-7f296cfe8000 ---p 00069000 08:03 1444491                    /usr/lib/jvm/java-8-oracle/jre/lib/amd64/libt2k.so
7f296cfe8000-7f296cfef000 rw-p 00069000 08:03 1444491                    /usr/lib/jvm/java-8-oracle/jre/lib/amd64/libt2k.so
7f296cfef000-7f2970000000 rw-p 00000000 00:00 0 
7f2970000000-7f2970025000 rw-p 00000000 00:00 0 
7f2970025000-7f2974000000 ---p 00000000 00:00 0 
7f2974000000-7f29743b7000 rw-p 00000000 00:00 0 
7f29743b7000-7f2978000000 ---p 00000000 00:00 0 
7f2978000000-7f2978021000 rw-p 00000000 00:00 0 
7f2978021000-7f297c000000 ---p 00000000 00:00 0 
7f297c000000-7f297c021000 rw-p 00000000 00:00 0 
7f297c021000-7f2980000000 ---p 00000000 00:00 0 
7f2980000000-7f29807ca000 rw-p 00000000 00:00 0 
7f29807ca000-7f2984000000 ---p 00000000 00:00 0 
7f2984000000-7f2984021000 rw-p 00000000 00:00 0 
7f2984021000-7f2988000000 ---p 00000000 00:00 0 
7f2988000000-7f2988021000 rw-p 00000000 00:00 0 
7f2988021000-7f298c000000 ---p 00000000 00:00 0 
7f298c000000-7f298c43e000 rw-p 00000000 00:00 0 
7f298c43e000-7f2990000000 ---p 00000000 00:00 0 
7f2990000000-7f2990021000 rw-p 00000000 00:00 0 
7f2990021000-7f2994000000 ---p 00000000 00:00 0 
7f2994000000-7f2994021000 rw-p 00000000 00:00 0 
7f2994021000-7f2998000000 ---p 00000000 00:00 0 
7f2998011000-7f2998014000 ---p 00000000 00:00 0 
7f2998014000-7f2998112000 rw-p 00000000 00:00 0 
7f2998112000-7f2998119000 r--s 00000000 08:03 655432                     /var/cache/fontconfig/4be9850f182b35c1350b6bbf2e42601c-le64.cache-6
7f2998119000-7f2998124000 r--s 00000000 08:03 655447                     /var/cache/fontconfig/945677eb7aeaf62f1d50efc3fb3ec7d8-le64.cache-6
7f2998124000-7f299812d000 r--s 00000000 08:03 655451                     /var/cache/fontconfig/a6d8cf8e4ec09cdbc8633c31745a07dd-le64.cache-6
7f299812d000-7f2998133000 r--s 00000000 08:03 655426                     /var/cache/fontconfig/2cd17615ca594fa2959ae173292e504c-le64.cache-6
7f2998133000-7f2998148000 r--s 00000000 08:03 655414                     /var/cache/fontconfig/04aabc0a78ac019cf9454389977116d2-le64.cache-6
7f2998148000-7f299814d000 r--s 00000000 08:03 655469                     /var/cache/fontconfig/eb48934c523a49add3824bfad8846c40-le64.cache-6
7f299814d000-7f2998152000 r--s 00000000 08:03 655430                     /var/cache/fontconfig/385c0604a188198f04d133e54aba7fe7-le64.cache-6
7f2998152000-7f2998192000 r--s 00000000 08:03 655420                     /var/cache/fontconfig/0bd3dc0958fa2205aaaa8ebb13e2872b-le64.cache-6
7f2998192000-7f29981cd000 r--s 00000000 08:03 665021                     /var/cache/fontconfig/365b55f210c0a22e9a19e35191240f32-le64.cache-6
7f29981cd000-7f29981de000 r-xp 00000000 08:03 1445029                    /usr/lib/jvm/java-8-oracle/jre/lib/amd64/libnio.so
7f29981de000-7f29983dd000 ---p 00011000 08:03 1445029                    /usr/lib/jvm/java-8-oracle/jre/lib/amd64/libnio.so
7f29983dd000-7f29983de000 rw-p 00010000 08:03 1445029                    /usr/lib/jvm/java-8-oracle/jre/lib/amd64/libnio.so
7f29983de000-7f29983f5000 r-xp 00000000 08:03 1445026                    /usr/lib/jvm/java-8-oracle/jre/lib/amd64/libnet.so
7f29983f5000-7f29985f4000 ---p 00017000 08:03 1445026                    /usr/lib/jvm/java-8-oracle/jre/lib/amd64/libnet.so
7f29985f4000-7f29985f5000 rw-p 00016000 08:03 1445026                    /usr/lib/jvm/java-8-oracle/jre/lib/amd64/libnet.so
7f29985f5000-7f29985f8000 ---p 00000000 00:00 0 
7f29985f8000-7f29986f6000 rw-p 00000000 00:00 0 
7f29986f6000-7f29986f9000 ---p 00000000 00:00 0 
7f29986f9000-7f29989f7000 rw-p 00000000 00:00 0 
7f29989f7000-7f29989fa000 ---p 00000000 00:00 0 
7f29989fa000-7f2998af8000 rw-p 00000000 00:00 0 
7f2998af8000-7f2998afb000 ---p 00000000 00:00 0 
7f2998afb000-7f2998bf9000 rw-p 00000000 00:00 0 
7f2998bf9000-7f2998bfc000 ---p 00000000 00:00 0 
7f2998bfc000-7f2998cfa000 rw-p 00000000 00:00 0 
7f2998cfa000-7f2998cfd000 ---p 00000000 00:00 0 
7f2998cfd000-7f2998dfb000 rw-p 00000000 00:00 0 
7f2998dfb000-7f2998e00000 r-xp 00000000 08:03 794414                     /usr/lib/x86_64-linux-gnu/libXfixes.so.3.1.0
7f2998e00000-7f2998fff000 ---p 00005000 08:03 794414                     /usr/lib/x86_64-linux-gnu/libXfixes.so.3.1.0
7f2998fff000-7f2999000000 r--p 00004000 08:03 794414                     /usr/lib/x86_64-linux-gnu/libXfixes.so.3.1.0
7f2999000000-7f2999001000 rw-p 00005000 08:03 794414                     /usr/lib/x86_64-linux-gnu/libXfixes.so.3.1.0
7f2999001000-7f299900a000 r-xp 00000000 08:03 794406                     /usr/lib/x86_64-linux-gnu/libXcursor.so.1.0.2
7f299900a000-7f2999209000 ---p 00009000 08:03 794406                     /usr/lib/x86_64-linux-gnu/libXcursor.so.1.0.2
7f2999209000-7f299920a000 r--p 00008000 08:03 794406                     /usr/lib/x86_64-linux-gnu/libXcursor.so.1.0.2
7f299920a000-7f299920b000 rw-p 00009000 08:03 794406                     /usr/lib/x86_64-linux-gnu/libXcursor.so.1.0.2
7f299920b000-7f299920e000 ---p 00000000 00:00 0 
7f299920e000-7f299930c000 rw-p 00000000 00:00 0 
7f299930c000-7f2999322000 r-xp 00000000 08:03 11014662                   /lib/x86_64-linux-gnu/libgcc_s.so.1
7f2999322000-7f2999521000 ---p 00016000 08:03 11014662                   /lib/x86_64-linux-gnu/libgcc_s.so.1
7f2999521000-7f2999522000 rw-p 00015000 08:03 11014662                   /lib/x86_64-linux-gnu/libgcc_s.so.1
7f2999522000-7f2999587000 r-xp 00000000 08:03 1445007                    /usr/lib/jvm/java-8-oracle/jre/lib/amd64/libfontmanager.so
7f2999587000-7f2999786000 ---p 00065000 08:03 1445007                    /usr/lib/jvm/java-8-oracle/jre/lib/amd64/libfontmanager.so
7f2999786000-7f299978b000 rw-p 00064000 08:03 1445007                    /usr/lib/jvm/java-8-oracle/jre/lib/amd64/libfontmanager.so
7f299978b000-7f299979b000 rw-p 00000000 00:00 0 
7f299979b000-7f29997a0000 r-xp 00000000 08:03 794410                     /usr/lib/x86_64-linux-gnu/libXdmcp.so.6.0.0
7f29997a0000-7f299999f000 ---p 00005000 08:03 794410                     /usr/lib/x86_64-linux-gnu/libXdmcp.so.6.0.0
7f299999f000-7f29999a0000 r--p 00004000 08:03 794410                     /usr/lib/x86_64-linux-gnu/libXdmcp.so.6.0.0
7f29999a0000-7f29999a1000 rw-p 00005000 08:03 794410                     /usr/lib/x86_64-linux-gnu/libXdmcp.so.6.0.0
7f29999a1000-7f29999a3000 r-xp 00000000 08:03 794399                     /usr/lib/x86_64-linux-gnu/libXau.so.6.0.0
7f29999a3000-7f2999ba3000 ---p 00002000 08:03 794399                     /usr/lib/x86_64-linux-gnu/libXau.so.6.0.0
7f2999ba3000-7f2999ba4000 r--p 00002000 08:03 794399                     /usr/lib/x86_64-linux-gnu/libXau.so.6.0.0
7f2999ba4000-7f2999ba5000 rw-p 00003000 08:03 794399                     /usr/lib/x86_64-linux-gnu/libXau.so.6.0.0
7f2999ba5000-7f2999bc6000 r-xp 00000000 08:03 795658                     /usr/lib/x86_64-linux-gnu/libxcb.so.1.1.0
7f2999bc6000-7f2999dc5000 ---p 00021000 08:03 795658                     /usr/lib/x86_64-linux-gnu/libxcb.so.1.1.0
7f2999dc5000-7f2999dc6000 r--p 00020000 08:03 795658                     /usr/lib/x86_64-linux-gnu/libxcb.so.1.1.0
7f2999dc6000-7f2999dc7000 rw-p 00021000 08:03 795658                     /usr/lib/x86_64-linux-gnu/libxcb.so.1.1.0
7f2999dc7000-7f2999dd6000 r-xp 00000000 08:03 794422                     /usr/lib/x86_64-linux-gnu/libXi.so.6.1.0
7f2999dd6000-7f2999fd5000 ---p 0000f000 08:03 794422                     /usr/lib/x86_64-linux-gnu/libXi.so.6.1.0
7f2999fd5000-7f2999fd6000 r--p 0000e000 08:03 794422                     /usr/lib/x86_64-linux-gnu/libXi.so.6.1.0
7f2999fd6000-7f2999fd7000 rw-p 0000f000 08:03 794422                     /usr/lib/x86_64-linux-gnu/libXi.so.6.1.0
7f2999fd7000-7f2999fdc000 r-xp 00000000 08:03 794440                     /usr/lib/x86_64-linux-gnu/libXtst.so.6.1.0
7f2999fdc000-7f299a1db000 ---p 00005000 08:03 794440                     /usr/lib/x86_64-linux-gnu/libXtst.so.6.1.0
7f299a1db000-7f299a1dc000 r--p 00004000 08:03 794440                     /usr/lib/x86_64-linux-gnu/libXtst.so.6.1.0
7f299a1dc000-7f299a1dd000 rw-p 00005000 08:03 794440                     /usr/lib/x86_64-linux-gnu/libXtst.so.6.1.0
7f299a1dd000-7f299a312000 r-xp 00000000 08:03 794395                     /usr/lib/x86_64-linux-gnu/libX11.so.6.3.0
7f299a312000-7f299a512000 ---p 00135000 08:03 794395                     /usr/lib/x86_64-linux-gnu/libX11.so.6.3.0
7f299a512000-7f299a513000 r--p 00135000 08:03 794395                     /usr/lib/x86_64-linux-gnu/libX11.so.6.3.0
7f299a513000-7f299a517000 rw-p 00136000 08:03 794395                     /usr/lib/x86_64-linux-gnu/libX11.so.6.3.0
7f299a517000-7f299c000000 r--p 00000000 08:03 791802                     /usr/lib/locale/locale-archive
7f299c000000-7f299c021000 rw-p 00000000 00:00 0 
7f299c021000-7f29a0000000 ---p 00000000 00:00 0 
7f29a0000000-7f29a0079000 rw-p 00000000 00:00 0 
7f29a0079000-7f29a4000000 ---p 00000000 00:00 0 
7f29a4000000-7f29a4021000 rw-p 00000000 00:00 0 
7f29a4021000-7f29a8000000 ---p 00000000 00:00 0 
7f29a8000000-7f29a8001000 r--s 00000000 08:03 655422                     /var/cache/fontconfig/0d8c3b2ac0904cb8a57a757ad11a4a08-le64.cache-6
7f29a8001000-7f29a8002000 r--s 00000000 08:03 655424                     /var/cache/fontconfig/1ac9eb803944fde146138c791f5cc56a-le64.cache-6
7f29a8002000-7f29a8003000 r--s 00000000 08:03 655464                     /var/cache/fontconfig/dc05db6664285cc2f12bf69c139ae4c3-le64.cache-6
7f29a8003000-7f29a8007000 r--s 00000000 08:03 655470                     /var/cache/fontconfig/f0b0891f3a988e97b2aa7c076a1430f3-le64.cache-6
7f29a8007000-7f29a8009000 r--s 00000000 08:03 655441                     /var/cache/fontconfig/6adb16404e170b9523f41c0701dd4690-le64.cache-6
7f29a8009000-7f29a800d000 r--s 00000000 08:03 655444                     /var/cache/fontconfig/7b79abe4499501fcd4e4826394083a53-le64.cache-6
7f29a800d000-7f29a8010000 r--s 00000000 08:03 655431                     /var/cache/fontconfig/3a9914ff62a69b32234685a84fdc926d-le64.cache-6
7f29a8010000-7f29a8013000 r--s 00000000 08:03 655443                     /var/cache/fontconfig/767a8244fc0220cfb567a839d0392e0b-le64.cache-6
7f29a8013000-7f29a8014000 r--s 00000000 08:03 655419                     /var/cache/fontconfig/0b41ebd278d9388cf5d83f81d476c672-le64.cache-6
7f29a8014000-7f29a8018000 r--s 00000000 08:03 655468                     /var/cache/fontconfig/ea32c683f96734b73b6a7acf745d6442-le64.cache-6
7f29a8018000-7f29a801e000 r--s 00000000 08:03 655446                     /var/cache/fontconfig/8801497958630a81b71ace7c5f9b32a8-le64.cache-6
7f29a801e000-7f29a801f000 r--s 00000000 08:03 655457                     /var/cache/fontconfig/bab58bb527bb656aaa9f116d68a48d89-le64.cache-6
7f29a801f000-7f29a8020000 r--s 00000000 08:03 655452                     /var/cache/fontconfig/b036df7bbb72844893df6bcf5570ea7f-le64.cache-6
7f29a8020000-7f29a8021000 r--s 00000000 08:03 655437                     /var/cache/fontconfig/575107dd7452b4b2b2b1361909925bb4-le64.cache-6
7f29a8021000-7f29a8028000 r--s 00000000 08:03 655427                     /var/cache/fontconfig/3047814df9a2f067bd2d96a2b9c36e5a-le64.cache-6
7f29a8028000-7f29a8029000 r--s 00000000 08:03 655435                     /var/cache/fontconfig/56cf4f4769d0f4abc89a4895d7bd3ae1-le64.cache-6
7f29a8029000-7f29a802a000 r--s 00000000 08:03 655456                     /var/cache/fontconfig/b9d506c9ac06c20b433354fa67a72993-le64.cache-6
7f29a802a000-7f29a8030000 r--s 00000000 08:03 655455                     /var/cache/fontconfig/b47c4e1ecd0709278f4910c18777a504-le64.cache-6
7f29a8030000-7f29a8031000 r--s 00000000 08:03 655418                     /var/cache/fontconfig/0b3f2427388044a01a5738fa4b8cc9d1-le64.cache-6
7f29a8031000-7f29a8032000 r--s 00000000 08:03 655417                     /var/cache/fontconfig/0941b6d3777f1e64883d36fd6d84a52f-le64.cache-6
7f29a8032000-7f29a8045000 r--s 00000000 08:03 655461                     /var/cache/fontconfig/d52a8644073d54c13679302ca1180695-le64.cache-6
7f29a8045000-7f29a8046000 r--s 00000000 08:03 655434                     /var/cache/fontconfig/551ecf3b0e8b0bca0f25c0944f561853-le64.cache-6
7f29a8046000-7f29a8051000 r--s 00000000 08:03 665019                     /var/cache/fontconfig/d589a48862398ed80a3d6066f4f56f4c-le64.cache-6
7f29a8051000-7f29a8056000 r--s 00000000 08:03 655453                     /var/cache/fontconfig/b25010134a2e462c779c1c1d5ccbff7b-le64.cache-6
7f29a8056000-7f29a8063000 r--s 00000000 08:03 656583                     /var/cache/fontconfig/089dead882dea3570ffc31a9898cfb69-le64.cache-6
7f29a8063000-7f29a8075000 r--s 00000000 08:03 655449                     /var/cache/fontconfig/9b89f8e3dae116d678bbf48e5f21f69b-le64.cache-6
7f29a8075000-7f29a8082000 r--s 00000000 08:03 656943                     /var/cache/fontconfig/e13b20fdb08344e0e664864cc2ede53d-le64.cache-6
7f29a8082000-7f29a809e000 r--s 00393000 08:03 1316561                    /usr/lib/jvm/java-8-oracle/jre/lib/ext/cldrdata.jar
7f29a809e000-7f29a80bf000 r--p 00000000 08:03 2110781                    /usr/share/locale-langpack/pt_BR/LC_MESSAGES/libc.mo
7f29a80bf000-7f29a80c8000 r-xp 00000000 08:03 794434                     /usr/lib/x86_64-linux-gnu/libXrender.so.1.3.0
7f29a80c8000-7f29a82c7000 ---p 00009000 08:03 794434                     /usr/lib/x86_64-linux-gnu/libXrender.so.1.3.0
7f29a82c7000-7f29a82c8000 r--p 00008000 08:03 794434                     /usr/lib/x86_64-linux-gnu/libXrender.so.1.3.0
7f29a82c8000-7f29a82c9000 rw-p 00009000 08:03 794434                     /usr/lib/x86_64-linux-gnu/libXrender.so.1.3.0
7f29a82c9000-7f29a82da000 r-xp 00000000 08:03 794412                     /usr/lib/x86_64-linux-gnu/libXext.so.6.4.0
7f29a82da000-7f29a84d9000 ---p 00011000 08:03 794412                     /usr/lib/x86_64-linux-gnu/libXext.so.6.4.0
7f29a84d9000-7f29a84da000 r--p 00010000 08:03 794412                     /usr/lib/x86_64-linux-gnu/libXext.so.6.4.0
7f29a84da000-7f29a84db000 rw-p 00011000 08:03 794412                     /usr/lib/x86_64-linux-gnu/libXext.so.6.4.0
7f29a84db000-7f29a84dd000 r--s 00000000 08:03 655467                     /var/cache/fontconfig/e8d703157d3641d20c7e900be2e8d091-le64.cache-6
7f29a84dd000-7f29a84df000 r--s 00000000 08:03 655440                     /var/cache/fontconfig/6a6dfed4a7d1e4367ef225093de82110-le64.cache-6
7f29a84df000-7f29a84e3000 r--s 00000000 08:03 655415                     /var/cache/fontconfig/0843ca893a93b5446bad221815920e23-le64.cache-6
7f29a84e3000-7f29a84e6000 r--s 00000000 08:03 655454                     /var/cache/fontconfig/b2d60264172c9fafc2f82e9237d8d959-le64.cache-6
7f29a84e6000-7f29a84f0000 r--s 00116000 08:03 1316568                    /usr/lib/jvm/java-8-oracle/jre/lib/ext/localedata.jar
7f29a84f0000-7f29a8544000 r-xp 00000000 08:03 1445033                    /usr/lib/jvm/java-8-oracle/jre/lib/amd64/libawt_xawt.so
7f29a8544000-7f29a8744000 ---p 00054000 08:03 1445033                    /usr/lib/jvm/java-8-oracle/jre/lib/amd64/libawt_xawt.so
7f29a8744000-7f29a8748000 rw-p 00054000 08:03 1445033                    /usr/lib/jvm/java-8-oracle/jre/lib/amd64/libawt_xawt.so
7f29a8748000-7f29a8749000 rw-p 00000000 00:00 0 
7f29a8749000-7f29a87eb000 r-xp 00000000 08:03 1445019                    /usr/lib/jvm/java-8-oracle/jre/lib/amd64/libawt.so
7f29a87eb000-7f29a89eb000 ---p 000a2000 08:03 1445019                    /usr/lib/jvm/java-8-oracle/jre/lib/amd64/libawt.so
7f29a89eb000-7f29a89f7000 rw-p 000a2000 08:03 1445019                    /usr/lib/jvm/java-8-oracle/jre/lib/amd64/libawt.so
7f29a89f7000-7f29a8a1b000 rw-p 00000000 00:00 0 
7f29a8a1b000-7f29a8a1c000 ---p 00000000 00:00 0 
7f29a8a1c000-7f29a8b1c000 rw-p 00000000 00:00 0 
7f29a8b1c000-7f29a8b1f000 ---p 00000000 00:00 0 
7f29a8b1f000-7f29a8c1d000 rw-p 00000000 00:00 0 
7f29a8c1d000-7f29a8c20000 ---p 00000000 00:00 0 
7f29a8c20000-7f29a8d1e000 rw-p 00000000 00:00 0 
7f29a8d1e000-7f29a8d21000 ---p 00000000 00:00 0 
7f29a8d21000-7f29a8e1f000 rw-p 00000000 00:00 0 
7f29a8e1f000-7f29a8e22000 ---p 00000000 00:00 0 
7f29a8e22000-7f29a8f20000 rw-p 00000000 00:00 0 
7f29a8f20000-7f29a8f23000 ---p 00000000 00:00 0 
7f29a8f23000-7f29a9021000 rw-p 00000000 00:00 0 
7f29a9021000-7f29a9024000 ---p 00000000 00:00 0 
7f29a9024000-7f29a9122000 rw-p 00000000 00:00 0 
7f29a9122000-7f29a9123000 ---p 00000000 00:00 0 
7f29a9123000-7f29a9b2c000 rw-p 00000000 00:00 0 
7f29a9b2c000-7f29a9d05000 r--s 03d5a000 08:03 1316500                    /usr/lib/jvm/java-8-oracle/jre/lib/rt.jar
7f29a9d05000-7f29ac13e000 rw-p 00000000 00:00 0 
7f29ac13e000-7f29ac13f000 ---p 00000000 00:00 0 
7f29ac13f000-7f29ac23f000 rw-p 00000000 00:00 0 
7f29ac23f000-7f29ac240000 ---p 00000000 00:00 0 
7f29ac240000-7f29ac352000 rw-p 00000000 00:00 0 
7f29ac352000-7f29ac45c000 ---p 00000000 00:00 0 
7f29ac45c000-7f29ac46e000 rw-p 00000000 00:00 0 
7f29ac46e000-7f29ac577000 ---p 00000000 00:00 0 
7f29ac577000-7f29ac588000 rw-p 00000000 00:00 0 
7f29ac588000-7f29ac605000 ---p 00000000 00:00 0 
7f29ac605000-7f29ac61f000 rw-p 00000000 00:00 0 
7f29ac61f000-7f29ac9c6000 ---p 00000000 00:00 0 
7f29ac9c6000-7f29acfd6000 rwxp 00000000 00:00 0 
7f29acfd6000-7f29bb9c6000 ---p 00000000 00:00 0 
7f29bb9c6000-7f29bb9e1000 r-xp 00000000 08:03 1445022                    /usr/lib/jvm/java-8-oracle/jre/lib/amd64/libzip.so
7f29bb9e1000-7f29bbbe1000 ---p 0001b000 08:03 1445022                    /usr/lib/jvm/java-8-oracle/jre/lib/amd64/libzip.so
7f29bbbe1000-7f29bbbe2000 rw-p 0001b000 08:03 1445022                    /usr/lib/jvm/java-8-oracle/jre/lib/amd64/libzip.so
7f29bbbe2000-7f29bbbed000 r-xp 00000000 08:03 11014723                   /lib/x86_64-linux-gnu/libnss_files-2.23.so
7f29bbbed000-7f29bbdec000 ---p 0000b000 08:03 11014723                   /lib/x86_64-linux-gnu/libnss_files-2.23.so
7f29bbdec000-7f29bbded000 r--p 0000a000 08:03 11014723                   /lib/x86_64-linux-gnu/libnss_files-2.23.so
7f29bbded000-7f29bbdee000 rw-p 0000b000 08:03 11014723                   /lib/x86_64-linux-gnu/libnss_files-2.23.so
7f29bbdee000-7f29bbdf4000 rw-p 00000000 00:00 0 
7f29bbdf4000-7f29bbdff000 r-xp 00000000 08:03 11014733                   /lib/x86_64-linux-gnu/libnss_nis-2.23.so
7f29bbdff000-7f29bbffe000 ---p 0000b000 08:03 11014733                   /lib/x86_64-linux-gnu/libnss_nis-2.23.so
7f29bbffe000-7f29bbfff000 r--p 0000a000 08:03 11014733                   /lib/x86_64-linux-gnu/libnss_nis-2.23.so
7f29bbfff000-7f29bc000000 rw-p 0000b000 08:03 11014733                   /lib/x86_64-linux-gnu/libnss_nis-2.23.so
7f29bc000000-7f29bc620000 rw-p 00000000 00:00 0 
7f29bc620000-7f29c0000000 ---p 00000000 00:00 0 
7f29c0000000-7f29c0001000 r--s 00000000 08:03 655428                     /var/cache/fontconfig/30829fa25452a46451e813d634d7f916-le64.cache-6
7f29c0001000-7f29c0002000 r--s 00000000 08:03 655421                     /var/cache/fontconfig/0c9eb80ebd1c36541ebe2852d3bb0c49-le64.cache-6
7f29c0002000-7f29c0006000 r--s 00000000 08:03 656860                     /var/cache/fontconfig/7ef2298fde41cc6eeb7af42e48b7d293-le64.cache-6
7f29c0006000-7f29c000d000 r--s 00000000 08:03 919920                     /usr/lib/x86_64-linux-gnu/gconv/gconv-modules.cache
7f29c000d000-7f29c001a000 r--s 000fa000 08:03 5774770                    /home/paulo/Documentos/UEFS/TCC/Código/trapezoidCircuitSimulator/interface_java/CircuitSimulator/jfreechart-1.0.1.jar
7f29c001a000-7f29c00f3000 rw-p 00000000 00:00 0 
7f29c00f3000-7f29c0109000 r-xp 00000000 08:03 11014717                   /lib/x86_64-linux-gnu/libnsl-2.23.so
7f29c0109000-7f29c0308000 ---p 00016000 08:03 11014717                   /lib/x86_64-linux-gnu/libnsl-2.23.so
7f29c0308000-7f29c0309000 r--p 00015000 08:03 11014717                   /lib/x86_64-linux-gnu/libnsl-2.23.so
7f29c0309000-7f29c030a000 rw-p 00016000 08:03 11014717                   /lib/x86_64-linux-gnu/libnsl-2.23.so
7f29c030a000-7f29c030c000 rw-p 00000000 00:00 0 
7f29c030c000-7f29c0314000 r-xp 00000000 08:03 11014719                   /lib/x86_64-linux-gnu/libnss_compat-2.23.so
7f29c0314000-7f29c0513000 ---p 00008000 08:03 11014719                   /lib/x86_64-linux-gnu/libnss_compat-2.23.so
7f29c0513000-7f29c0514000 r--p 00007000 08:03 11014719                   /lib/x86_64-linux-gnu/libnss_compat-2.23.so
7f29c0514000-7f29c0515000 rw-p 00008000 08:03 11014719                   /lib/x86_64-linux-gnu/libnss_compat-2.23.so
7f29c0515000-7f29c0540000 r-xp 00000000 08:03 1445016                    /usr/lib/jvm/java-8-oracle/jre/lib/amd64/libjava.so
7f29c0540000-7f29c073f000 ---p 0002b000 08:03 1445016                    /usr/lib/jvm/java-8-oracle/jre/lib/amd64/libjava.so
7f29c073f000-7f29c0741000 rw-p 0002a000 08:03 1445016                    /usr/lib/jvm/java-8-oracle/jre/lib/amd64/libjava.so
7f29c0741000-7f29c074e000 r-xp 00000000 08:03 1445021                    /usr/lib/jvm/java-8-oracle/jre/lib/amd64/libverify.so
7f29c074e000-7f29c094e000 ---p 0000d000 08:03 1445021                    /usr/lib/jvm/java-8-oracle/jre/lib/amd64/libverify.so
7f29c094e000-7f29c0950000 rw-p 0000d000 08:03 1445021                    /usr/lib/jvm/java-8-oracle/jre/lib/amd64/libverify.so
7f29c0950000-7f29c0957000 r-xp 00000000 08:03 11014778                   /lib/x86_64-linux-gnu/librt-2.23.so
7f29c0957000-7f29c0b56000 ---p 00007000 08:03 11014778                   /lib/x86_64-linux-gnu/librt-2.23.so
7f29c0b56000-7f29c0b57000 r--p 00006000 08:03 11014778                   /lib/x86_64-linux-gnu/librt-2.23.so
7f29c0b57000-7f29c0b58000 rw-p 00007000 08:03 11014778                   /lib/x86_64-linux-gnu/librt-2.23.so
7f29c0b58000-7f29c0c60000 r-xp 00000000 08:03 11014694                   /lib/x86_64-linux-gnu/libm-2.23.so
7f29c0c60000-7f29c0e5f000 ---p 00108000 08:03 11014694                   /lib/x86_64-linux-gnu/libm-2.23.so
7f29c0e5f000-7f29c0e60000 r--p 00107000 08:03 11014694                   /lib/x86_64-linux-gnu/libm-2.23.so
7f29c0e60000-7f29c0e61000 rw-p 00108000 08:03 11014694                   /lib/x86_64-linux-gnu/libm-2.23.so
7f29c0e61000-7f29c1b34000 r-xp 00000000 08:03 1444999                    /usr/lib/jvm/java-8-oracle/jre/lib/amd64/server/libjvm.so
7f29c1b34000-7f29c1d33000 ---p 00cd3000 08:03 1444999                    /usr/lib/jvm/java-8-oracle/jre/lib/amd64/server/libjvm.so
7f29c1d33000-7f29c1e0d000 rw-p 00cd2000 08:03 1444999                    /usr/lib/jvm/java-8-oracle/jre/lib/amd64/server/libjvm.so
7f29c1e0d000-7f29c1e58000 rw-p 00000000 00:00 0 
7f29c1e58000-7f29c2018000 r-xp 00000000 08:03 11014624                   /lib/x86_64-linux-gnu/libc-2.23.so
7f29c2018000-7f29c2218000 ---p 001c0000 08:03 11014624                   /lib/x86_64-linux-gnu/libc-2.23.so
7f29c2218000-7f29c221c000 r--p 001c0000 08:03 11014624                   /lib/x86_64-linux-gnu/libc-2.23.so
7f29c221c000-7f29c221e000 rw-p 001c4000 08:03 11014624                   /lib/x86_64-linux-gnu/libc-2.23.so
7f29c221e000-7f29c2222000 rw-p 00000000 00:00 0 
7f29c2222000-7f29c2225000 r-xp 00000000 08:03 11014648                   /lib/x86_64-linux-gnu/libdl-2.23.so
7f29c2225000-7f29c2424000 ---p 00003000 08:03 11014648                   /lib/x86_64-linux-gnu/libdl-2.23.so
7f29c2424000-7f29c2425000 r--p 00002000 08:03 11014648                   /lib/x86_64-linux-gnu/libdl-2.23.so
7f29c2425000-7f29c2426000 rw-p 00003000 08:03 11014648                   /lib/x86_64-linux-gnu/libdl-2.23.so
7f29c2426000-7f29c243c000 r-xp 00000000 08:03 1316320                    /usr/lib/jvm/java-8-oracle/lib/amd64/jli/libjli.so
7f29c243c000-7f29c263b000 ---p 00016000 08:03 1316320                    /usr/lib/jvm/java-8-oracle/lib/amd64/jli/libjli.so
7f29c263b000-7f29c263c000 rw-p 00015000 08:03 1316320                    /usr/lib/jvm/java-8-oracle/lib/amd64/jli/libjli.so
7f29c263c000-7f29c2654000 r-xp 00000000 08:03 11014770                   /lib/x86_64-linux-gnu/libpthread-2.23.so
7f29c2654000-7f29c2853000 ---p 00018000 08:03 11014770                   /lib/x86_64-linux-gnu/libpthread-2.23.so
7f29c2853000-7f29c2854000 r--p 00017000 08:03 11014770                   /lib/x86_64-linux-gnu/libpthread-2.23.so
7f29c2854000-7f29c2855000 rw-p 00018000 08:03 11014770                   /lib/x86_64-linux-gnu/libpthread-2.23.so
7f29c2855000-7f29c2859000 rw-p 00000000 00:00 0 
7f29c2859000-7f29c287f000 r-xp 00000000 08:03 11014596                   /lib/x86_64-linux-gnu/ld-2.23.so
7f29c287f000-7f29c2962000 rw-p 00000000 00:00 0 
7f29c2962000-7f29c2965000 ---p 00000000 00:00 0 
7f29c2965000-7f29c2a67000 rw-p 00000000 00:00 0 
7f29c2a67000-7f29c2a6c000 r--s 002f9000 08:03 1316498                    /usr/lib/jvm/java-8-oracle/jre/lib/charsets.jar
7f29c2a6c000-7f29c2a72000 r--s 0004b000 08:03 5774827                    /home/paulo/Documentos/UEFS/TCC/Código/trapezoidCircuitSimulator/interface_java/CircuitSimulator/jcommon-1.0.23.jar
7f29c2a72000-7f29c2a7a000 rw-s 00000000 08:03 1582327                    /tmp/hsperfdata_paulo/9073
7f29c2a7a000-7f29c2a7b000 rw-p 00000000 00:00 0 
7f29c2a7b000-7f29c2a7c000 r--p 00000000 00:00 0 
7f29c2a7c000-7f29c2a7e000 rw-p 00000000 00:00 0 
7f29c2a7e000-7f29c2a7f000 r--p 00025000 08:03 11014596                   /lib/x86_64-linux-gnu/ld-2.23.so
7f29c2a7f000-7f29c2a80000 rw-p 00026000 08:03 11014596                   /lib/x86_64-linux-gnu/ld-2.23.so
7f29c2a80000-7f29c2a81000 rw-p 00000000 00:00 0 
7ffca5dae000-7ffca5dcf000 rw-p 00000000 00:00 0                          [stack]
7ffca5ddc000-7ffca5dde000 r--p 00000000 00:00 0                          [vvar]
7ffca5dde000-7ffca5de0000 r-xp 00000000 00:00 0                          [vdso]
ffffffffff600000-ffffffffff601000 r-xp 00000000 00:00 0                  [vsyscall]

VM Arguments:
jvm_args: -Dfile.encoding=UTF-8 
java_command: org.gui.TrapezoidCircuitSimulator
java_class_path (initial): /home/paulo/Documentos/UEFS/TCC/Código/trapezoidCircuitSimulator/interface_java/CircuitSimulator/jfreechart-1.0.1.jar:/home/paulo/Documentos/UEFS/TCC/Código/trapezoidCircuitSimulator/interface_java/CircuitSimulator/jcommon-1.0.23.jar:/home/paulo/Documentos/UEFS/TCC/Código/trapezoidCircuitSimulator/interface_java/CircuitSimulator/build/classes
Launcher Type: SUN_STANDARD

Environment Variables:
JAVA_HOME=/usr/lib/jvm/java-8-oracle
PATH=/home/paulo/bin:/home/paulo/.local/bin:/usr/local/sbin:/usr/local/bin:/usr/sbin:/usr/bin:/sbin:/bin:/usr/games:/usr/local/games:/usr/lib/jvm/java-8-oracle/bin:/usr/lib/jvm/java-8-oracle/db/bin:/usr/lib/jvm/java-8-oracle/jre/bin
LD_LIBRARY_PATH=/usr/lib/jvm/java-8-oracle/jre/lib/amd64:/usr/lib/jvm/java-8-oracle/jre/lib/i386:
SHELL=/bin/bash
DISPLAY=:0

Signal Handlers:
SIGSEGV: [libjvm.so+0xacbe10], sa_mask[0]=11111111011111111101111111111110, sa_flags=SA_RESTART|SA_SIGINFO
SIGBUS: [libjvm.so+0xacbe10], sa_mask[0]=11111111011111111101111111111110, sa_flags=SA_RESTART|SA_SIGINFO
SIGFPE: [libjvm.so+0x924f90], sa_mask[0]=11111111011111111101111111111110, sa_flags=SA_RESTART|SA_SIGINFO
SIGPIPE: [libjvm.so+0x924f90], sa_mask[0]=11111111011111111101111111111110, sa_flags=SA_RESTART|SA_SIGINFO
SIGXFSZ: [libjvm.so+0x924f90], sa_mask[0]=11111111011111111101111111111110, sa_flags=SA_RESTART|SA_SIGINFO
SIGILL: [libjvm.so+0x924f90], sa_mask[0]=11111111011111111101111111111110, sa_flags=SA_RESTART|SA_SIGINFO
SIGUSR1: SIG_DFL, sa_mask[0]=00000000000000000000000000000000, sa_flags=none
SIGUSR2: [libjvm.so+0x9267d0], sa_mask[0]=00100000000000000000000000000000, sa_flags=SA_RESTART|SA_SIGINFO
SIGHUP: [libjvm.so+0x927bd0], sa_mask[0]=11111111011111111101111111111110, sa_flags=SA_RESTART|SA_SIGINFO
SIGINT: SIG_IGN, sa_mask[0]=00000000000000000000000000000000, sa_flags=none
SIGTERM: [libjvm.so+0x927bd0], sa_mask[0]=11111111011111111101111111111110, sa_flags=SA_RESTART|SA_SIGINFO
SIGQUIT: [libjvm.so+0x927bd0], sa_mask[0]=11111111011111111101111111111110, sa_flags=SA_RESTART|SA_SIGINFO


---------------  S Y S T E M  ---------------

OS:DISTRIB_ID="elementary"
DISTRIB_RELEASE=0.4.1
DISTRIB_CODENAME=loki
DISTRIB_DESCRIPTION="elementary OS 0.4.1 Loki"

uname:Linux 4.10.0-38-generic #42~16.04.1-Ubuntu SMP Tue Oct 10 16:32:20 UTC 2017 x86_64
libc:glibc 2.23 NPTL 2.23 
rlimit: STACK 8192k, CORE 0k, NPROC 13407, NOFILE 1048576, AS infinity
load average:0,97 1,22 1,39

/proc/meminfo:
MemTotal:        3476968 kB
MemFree:          255972 kB
MemAvailable:     501436 kB
Buffers:           31500 kB
Cached:           489064 kB
SwapCached:        23508 kB
Active:          2295276 kB
Inactive:         713548 kB
Active(anon):    2053968 kB
Inactive(anon):   529108 kB
Active(file):     241308 kB
Inactive(file):   184440 kB
Unevictable:          80 kB
Mlocked:              80 kB
SwapTotal:      20477948 kB
SwapFree:       20145224 kB
Dirty:               200 kB
Writeback:             0 kB
AnonPages:       2432752 kB
Mapped:           267484 kB
Shmem:             94816 kB
Slab:              77556 kB
SReclaimable:      41292 kB
SUnreclaim:        36264 kB
KernelStack:        9168 kB
PageTables:        44628 kB
NFS_Unstable:          0 kB
Bounce:                0 kB
WritebackTmp:          0 kB
CommitLimit:    22216432 kB
Committed_AS:    7447592 kB
VmallocTotal:   34359738367 kB
VmallocUsed:           0 kB
VmallocChunk:          0 kB
HardwareCorrupted:     0 kB
AnonHugePages:    968704 kB
ShmemHugePages:        0 kB
ShmemPmdMapped:        0 kB
CmaTotal:              0 kB
CmaFree:               0 kB
HugePages_Total:       0
HugePages_Free:        0
HugePages_Rsvd:        0
HugePages_Surp:        0
Hugepagesize:       2048 kB
DirectMap4k:      206588 kB
DirectMap2M:     3411968 kB
DirectMap1G:           0 kB


CPU:total 2 (initial active 2) (2 cores per cpu, 1 threads per core) family 22 model 0 stepping 1, cmov, cx8, fxsr, mmx, sse, sse2, sse3, ssse3, sse4.1, sse4.2, popcnt, avx, aes, clmul, mmxext, 3dnowpref, lzcnt, sse4a, tsc, tscinvbit, tscinv, bmi1

/proc/cpuinfo:
processor	: 0
vendor_id	: AuthenticAMD
cpu family	: 22
model		: 0
model name	: AMD E1-2100 APU with Radeon(TM) HD Graphics
stepping	: 1
microcode	: 0x700010b
cpu MHz		: 1000.000
cache size	: 1024 KB
physical id	: 0
siblings	: 2
core id		: 0
cpu cores	: 2
apicid		: 0
initial apicid	: 0
fpu		: yes
fpu_exception	: yes
cpuid level	: 13
wp		: yes
flags		: fpu vme de pse tsc msr pae mce cx8 apic sep mtrr pge mca cmov pat pse36 clflush mmx fxsr sse sse2 ht syscall nx mmxext fxsr_opt pdpe1gb rdtscp lm constant_tsc rep_good nopl nonstop_tsc extd_apicid aperfmperf pni pclmulqdq monitor ssse3 cx16 sse4_1 sse4_2 movbe popcnt aes xsave avx f16c lahf_lm cmp_legacy svm extapic cr8_legacy abm sse4a misalignsse 3dnowprefetch osvw ibs skinit wdt topoext perfctr_nb bpext perfctr_l2 hw_pstate proc_feedback vmmcall bmi1 xsaveopt arat npt lbrv svm_lock nrip_save tsc_scale flushbyasid decodeassists pausefilter pfthreshold overflow_recov
bugs		: fxsave_leak sysret_ss_attrs null_seg
bogomips	: 1996.24
TLB size	: 1024 4K pages
clflush size	: 64
cache_alignment	: 64
address sizes	: 40 bits physical, 48 bits virtual
power management: ts ttp tm 100mhzsteps hwpstate proc_feedback

processor	: 1
vendor_id	: AuthenticAMD
cpu family	: 22
model		: 0
model name	: AMD E1-2100 APU with Radeon(TM) HD Graphics
stepping	: 1
microcode	: 0x700010b
cpu MHz		: 800.000
cache size	: 1024 KB
physical id	: 0
siblings	: 2
core id		: 1
cpu cores	: 2
apicid		: 1
initial apicid	: 1
fpu		: yes
fpu_exception	: yes
cpuid level	: 13
wp		: yes
flags		: fpu vme de pse tsc msr pae mce cx8 apic sep mtrr pge mca cmov pat pse36 clflush mmx fxsr sse sse2 ht syscall nx mmxext fxsr_opt pdpe1gb rdtscp lm constant_tsc rep_good nopl nonstop_tsc extd_apicid aperfmperf pni pclmulqdq monitor ssse3 cx16 sse4_1 sse4_2 movbe popcnt aes xsave avx f16c lahf_lm cmp_legacy svm extapic cr8_legacy abm sse4a misalignsse 3dnowprefetch osvw ibs skinit wdt topoext perfctr_nb bpext perfctr_l2 hw_pstate proc_feedback vmmcall bmi1 xsaveopt arat npt lbrv svm_lock nrip_save tsc_scale flushbyasid decodeassists pausefilter pfthreshold overflow_recov
bugs		: fxsave_leak sysret_ss_attrs null_seg
bogomips	: 1996.24
TLB size	: 1024 4K pages
clflush size	: 64
cache_alignment	: 64
address sizes	: 40 bits physical, 48 bits virtual
power management: ts ttp tm 100mhzsteps hwpstate proc_feedback



Memory: 4k page, physical 3476968k(255972k free), swap 20477948k(20145224k free)

vm_info: Java HotSpot(TM) 64-Bit Server VM (25.151-b12) for linux-amd64 JRE (1.8.0_151-b12), built on Sep  5 2017 19:20:58 by "java_re" with gcc 4.3.0 20080428 (Red Hat 4.3.0-8)

time: Tue Nov 28 22:39:04 2017
elapsed time: 52 seconds (0d 0h 0m 52s)

