#
# A fatal error has been detected by the Java Runtime Environment:
#
#  SIGSEGV (0xb) at pc=0x00007f5ada963430, pid=8865, tid=0x00007f5aef3d5700
#
# JRE version: Java(TM) SE Runtime Environment (8.0_151-b12) (build 1.8.0_151-b12)
# Java VM: Java HotSpot(TM) 64-Bit Server VM (25.151-b12 mixed mode linux-amd64 compressed oops)
# Problematic frame:
# C  [libstdc++.so.6+0x121430]  std::__cxx11::basic_string<char, std::char_traits<char>, std::allocator<char> >::compare(char const*) const+0x10
#
# Failed to write core dump. Core dumps have been disabled. To enable core dumping, try "ulimit -c unlimited" before starting Java again
#
# If you would like to submit a bug report, please visit:
#   http://bugreport.java.com/bugreport/crash.jsp
# The crash happened outside the Java Virtual Machine in native code.
# See problematic frame for where to report the bug.
#

---------------  T H R E A D  ---------------

Current thread (0x00007f5b28273000):  JavaThread "AWT-EventQueue-0" [_thread_in_native, id=8890, stack(0x00007f5aef2d5000,0x00007f5aef3d6000)]

siginfo: si_signo: 11 (SIGSEGV), si_code: 1 (SEGV_MAPERR), si_addr: 0x0000000000000008

Registers:
RAX=0x0000000000000000, RBX=0x0000000000000001, RCX=0x0000000000000001, RDX=0x00007f5adabe828a
RSP=0x00007f5aef3d1d20, RBP=0x00007f5aef3d1d60, RSI=0x00007f5adabe828a, RDI=0x0000000000000000
R8 =0x00007f5adc0767d0, R9 =0x0000000000000001, R10=0x00000000000000c0, R11=0x00007f5adabe6501
R12=0x0000000000000000, R13=0x00007f5adabe828a, R14=0x00007f5aef3d2470, R15=0x00007f5b28273000
RIP=0x00007f5ada963430, EFLAGS=0x0000000000010202, CSGSFS=0x002b000000000033, ERR=0x0000000000000004
  TRAPNO=0x000000000000000e

Top of Stack: (sp=0x00007f5aef3d1d20)
0x00007f5aef3d1d20:   00007f5aef3d1d40 0000000000000001
0x00007f5aef3d1d30:   00007f5aef3d1d60 0000000000000001
0x00007f5aef3d1d40:   0000000000000000 00007f5adabdbcdf
0x00007f5aef3d1d50:   00007f5adabe828a 0000000000000000
0x00007f5aef3d1d60:   00007f5aef3d20c0 00007f5adabe5515
0x00007f5aef3d1d70:   00000000dabc9880 0000000000000000
0x00007f5aef3d1d80:   00007f5aef3d21c0 00007f5aef3d2140
0x00007f5aef3d1d90:   00007f5aef3d1ee0 0000000000000000
0x00007f5aef3d1da0:   0000000000000000 00007f5adc02dbe0
0x00007f5aef3d1db0:   0000000000000000 00007f5b3146fb1f
0x00007f5aef3d1dc0:   0000000000000000 0000000000000000
0x00007f5aef3d1dd0:   0000000000000000 0000000000000000
0x00007f5aef3d1de0:   00007f5adc02e0a0 ffffffffffffffff
0x00007f5aef3d1df0:   0000000000000000 0000000000000000
0x00007f5aef3d1e00:   0000000000000000 0000000000000000
0x00007f5aef3d1e10:   0000000000000000 0000000000000000
0x00007f5aef3d1e20:   0000000000000000 00007f5aef3d1e40
0x00007f5aef3d1e30:   00007f5adc076730 00007f5adc0767d0
0x00007f5aef3d1e40:   00007f5adc0767d0 0000000000000000
0x00007f5aef3d1e50:   00007f5adabc7d20 00007f5adc02dbe0
0x00007f5aef3d1e60:   00000001ef3d2060 00007f5aef3d1e80
0x00007f5aef3d1e70:   00000000fb73e7cd 00007f5adabd0f47
0x00007f5aef3d1e80:   00000000ffffffff 00007f5adabc6310
0x00007f5aef3d1e90:   00007f5adabc6490 00007f5adc02dbe0
0x00007f5aef3d1ea0:   0000000000000000 0000000000000000
0x00007f5aef3d1eb0:   0000000000000000 00007f5adadef878
0x00007f5aef3d1ec0:   0000000000000000 00007f5adb420188
0x00007f5aef3d1ed0:   00007f5aef3d2470 00007f5b28273000
0x00007f5aef3d1ee0:   00007f5aef3d20f0 00007f5b31474ac6
0x00007f5aef3d1ef0:   0000000000000005 0000000000000000
0x00007f5aef3d1f00:   0000000000000000 00007f5adabc7d20
0x00007f5aef3d1f10:   00007f5aef3d20b0 00007f5b3147c923 

Instructions: (pc=0x00007f5ada963430)
0x00007f5ada963410:   01 00 48 89 d9 31 c0 e8 64 5b f6 ff 0f 1f 40 00
0x00007f5ada963420:   41 55 41 54 49 89 fc 55 53 49 89 f5 48 83 ec 08
0x00007f5ada963430:   48 8b 5f 08 48 89 f7 e8 d4 69 f6 ff 48 89 c5 48
0x00007f5ada963440:   39 d8 48 89 da 48 0f 46 d0 48 85 d2 74 22 49 8b 

Register to memory mapping:

RAX=0x0000000000000000 is an unknown value
RBX=0x0000000000000001 is an unknown value
RCX=0x0000000000000001 is an unknown value
RDX=0x00007f5adabe828a: <offset 0x2428a> in /usr/lib/libsimulation_jni.so at 0x00007f5adabc4000
RSP=0x00007f5aef3d1d20 is pointing into the stack for thread: 0x00007f5b28273000
RBP=0x00007f5aef3d1d60 is pointing into the stack for thread: 0x00007f5b28273000
RSI=0x00007f5adabe828a: <offset 0x2428a> in /usr/lib/libsimulation_jni.so at 0x00007f5adabc4000
RDI=0x0000000000000000 is an unknown value
R8 =0x00007f5adc0767d0 is an unknown value
R9 =0x0000000000000001 is an unknown value
R10=0x00000000000000c0 is an unknown value
R11=0x00007f5adabe6501: _ZStneIcSt11char_traitsIcESaIcEEbRKNSt7__cxx1112basic_stringIT_T0_T1_EEPKS5_+0 in /usr/lib/libsimulation_jni.so at 0x00007f5adabc4000
R12=0x0000000000000000 is an unknown value
R13=0x00007f5adabe828a: <offset 0x2428a> in /usr/lib/libsimulation_jni.so at 0x00007f5adabc4000
R14=0x00007f5aef3d2470 is pointing into the stack for thread: 0x00007f5b28273000
R15=0x00007f5b28273000 is a thread


Stack: [0x00007f5aef2d5000,0x00007f5aef3d6000],  sp=0x00007f5aef3d1d20,  free space=1011k
Native frames: (J=compiled Java code, j=interpreted, Vv=VM code, C=native code)
C  [libstdc++.so.6+0x121430]  std::__cxx11::basic_string<char, std::char_traits<char>, std::allocator<char> >::compare(char const*) const+0x10
C  [libsimulation_jni.so+0x21515]  Simulator::parser_simulator(std::basic_ifstream<char, std::char_traits<char> >&)+0x2ed
C  [libsimulation_jni.so+0x211be]  Simulator::Simulator(std::basic_ifstream<char, std::char_traits<char> >&, Simulation*)+0x32
C  [libsimulation_jni.so+0x1d817]  Java_org_jni_InterfaceJNI_run_1analysis+0xfd
j  org.jni.InterfaceJNI.run_analysis(Ljava/lang/String;)Ljava/lang/String;+0
j  org.gui.MainWindow.actionPerformed(Ljava/awt/event/ActionEvent;)V+112
j  javax.swing.AbstractButton.fireActionPerformed(Ljava/awt/event/ActionEvent;)V+83
j  javax.swing.AbstractButton$Handler.actionPerformed(Ljava/awt/event/ActionEvent;)V+5
j  javax.swing.DefaultButtonModel.fireActionPerformed(Ljava/awt/event/ActionEvent;)V+34
j  javax.swing.DefaultButtonModel.setPressed(Z)V+117
j  javax.swing.plaf.basic.BasicButtonListener.mouseReleased(Ljava/awt/event/MouseEvent;)V+35
j  java.awt.AWTEventMulticaster.mouseReleased(Ljava/awt/event/MouseEvent;)V+8
j  java.awt.Component.processMouseEvent(Ljava/awt/event/MouseEvent;)V+64
j  javax.swing.JComponent.processMouseEvent(Ljava/awt/event/MouseEvent;)V+23
J 1249 C1 java.awt.Component.processEvent(Ljava/awt/AWTEvent;)V (220 bytes) @ 0x00007f5b1942289c [0x00007f5b19422380+0x51c]
J 1331 C1 java.awt.Container.processEvent(Ljava/awt/AWTEvent;)V (22 bytes) @ 0x00007f5b19181b44 [0x00007f5b19181820+0x324]
J 1211 C1 java.awt.Component.dispatchEventImpl(Ljava/awt/AWTEvent;)V (883 bytes) @ 0x00007f5b193fcc7c [0x00007f5b193f7800+0x547c]
J 1107 C1 java.awt.Container.dispatchEventImpl(Ljava/awt/AWTEvent;)V (129 bytes) @ 0x00007f5b1939cc64 [0x00007f5b1939cb20+0x144]
J 1214 C1 java.awt.LightweightDispatcher.retargetMouseEvent(Ljava/awt/Component;ILjava/awt/event/MouseEvent;)V (350 bytes) @ 0x00007f5b19409bf4 [0x00007f5b194076a0+0x2554]
J 1505 C1 java.awt.LightweightDispatcher.processMouseEvent(Ljava/awt/event/MouseEvent;)Z (286 bytes) @ 0x00007f5b1927b0bc [0x00007f5b192799c0+0x16fc]
J 1237 C1 java.awt.LightweightDispatcher.dispatchEvent(Ljava/awt/AWTEvent;)Z (73 bytes) @ 0x00007f5b19415134 [0x00007f5b19414d00+0x434]
J 1107 C1 java.awt.Container.dispatchEventImpl(Ljava/awt/AWTEvent;)V (129 bytes) @ 0x00007f5b1939cc04 [0x00007f5b1939cb20+0xe4]
J 1334 C1 java.awt.Window.dispatchEventImpl(Ljava/awt/AWTEvent;)V (23 bytes) @ 0x00007f5b19258404 [0x00007f5b19257e20+0x5e4]
J 1348 C1 java.awt.EventQueue.dispatchEventImpl(Ljava/awt/AWTEvent;Ljava/lang/Object;)V (149 bytes) @ 0x00007f5b191d8fb4 [0x00007f5b191d7780+0x1834]
J 1356 C1 java.awt.EventQueue$3.run()Ljava/lang/Void; (60 bytes) @ 0x00007f5b191d2a44 [0x00007f5b191d2840+0x204]
J 1276 C1 java.awt.EventQueue$3.run()Ljava/lang/Object; (5 bytes) @ 0x00007f5b1944ad4c [0x00007f5b1944acc0+0x8c]
v  ~StubRoutines::call_stub
V  [libjvm.so+0x693e76]  JavaCalls::call_helper(JavaValue*, methodHandle*, JavaCallArguments*, Thread*)+0x1056
V  [libjvm.so+0x72d14c]  JVM_DoPrivileged+0x27c
J 321  java.security.AccessController.doPrivileged(Ljava/security/PrivilegedAction;Ljava/security/AccessControlContext;)Ljava/lang/Object; (0 bytes) @ 0x00007f5b191c7f95 [0x00007f5b191c7ec0+0xd5]
J 1210 C1 java.awt.EventQueue$4.run()Ljava/lang/Object; (5 bytes) @ 0x00007f5b193f66a4 [0x00007f5b193f6280+0x424]
v  ~StubRoutines::call_stub
V  [libjvm.so+0x693e76]  JavaCalls::call_helper(JavaValue*, methodHandle*, JavaCallArguments*, Thread*)+0x1056
V  [libjvm.so+0x72d14c]  JVM_DoPrivileged+0x27c
J 321  java.security.AccessController.doPrivileged(Ljava/security/PrivilegedAction;Ljava/security/AccessControlContext;)Ljava/lang/Object; (0 bytes) @ 0x00007f5b191c7f95 [0x00007f5b191c7ec0+0xd5]
J 1272 C1 java.awt.EventQueue.dispatchEvent(Ljava/awt/AWTEvent;)V (80 bytes) @ 0x00007f5b194425b4 [0x00007f5b19441740+0xe74]
J 1277 C1 java.awt.EventDispatchThread.pumpOneEventForFilters(I)V (295 bytes) @ 0x00007f5b194465d4 [0x00007f5b19444a80+0x1b54]
j  java.awt.EventDispatchThread.pumpEventsForFilter(ILjava/awt/Conditional;Ljava/awt/EventFilter;)V+35
j  java.awt.EventDispatchThread.pumpEventsForHierarchy(ILjava/awt/Conditional;Ljava/awt/Component;)V+11
j  java.awt.EventDispatchThread.pumpEvents(ILjava/awt/Conditional;)V+4
j  java.awt.EventDispatchThread.pumpEvents(Ljava/awt/Conditional;)V+3
j  java.awt.EventDispatchThread.run()V+9
v  ~StubRoutines::call_stub
V  [libjvm.so+0x693e76]  JavaCalls::call_helper(JavaValue*, methodHandle*, JavaCallArguments*, Thread*)+0x1056
V  [libjvm.so+0x694381]  JavaCalls::call_virtual(JavaValue*, KlassHandle, Symbol*, Symbol*, JavaCallArguments*, Thread*)+0x321
V  [libjvm.so+0x694827]  JavaCalls::call_virtual(JavaValue*, Handle, KlassHandle, Symbol*, Symbol*, Thread*)+0x47
V  [libjvm.so+0x72fbb0]  thread_entry(JavaThread*, Thread*)+0xa0
V  [libjvm.so+0xa79b53]  JavaThread::thread_main_inner()+0x103
V  [libjvm.so+0xa79c9c]  JavaThread::run()+0x11c
V  [libjvm.so+0x92a728]  java_start(Thread*)+0x108
C  [libpthread.so.0+0x76ba]  start_thread+0xca

Java frames: (J=compiled Java code, j=interpreted, Vv=VM code)
j  org.jni.InterfaceJNI.run_analysis(Ljava/lang/String;)Ljava/lang/String;+0
j  org.gui.MainWindow.actionPerformed(Ljava/awt/event/ActionEvent;)V+112
j  javax.swing.AbstractButton.fireActionPerformed(Ljava/awt/event/ActionEvent;)V+83
j  javax.swing.AbstractButton$Handler.actionPerformed(Ljava/awt/event/ActionEvent;)V+5
j  javax.swing.DefaultButtonModel.fireActionPerformed(Ljava/awt/event/ActionEvent;)V+34
j  javax.swing.DefaultButtonModel.setPressed(Z)V+117
j  javax.swing.plaf.basic.BasicButtonListener.mouseReleased(Ljava/awt/event/MouseEvent;)V+35
j  java.awt.AWTEventMulticaster.mouseReleased(Ljava/awt/event/MouseEvent;)V+8
j  java.awt.Component.processMouseEvent(Ljava/awt/event/MouseEvent;)V+64
j  javax.swing.JComponent.processMouseEvent(Ljava/awt/event/MouseEvent;)V+23
J 1249 C1 java.awt.Component.processEvent(Ljava/awt/AWTEvent;)V (220 bytes) @ 0x00007f5b1942289c [0x00007f5b19422380+0x51c]
J 1331 C1 java.awt.Container.processEvent(Ljava/awt/AWTEvent;)V (22 bytes) @ 0x00007f5b19181b44 [0x00007f5b19181820+0x324]
J 1211 C1 java.awt.Component.dispatchEventImpl(Ljava/awt/AWTEvent;)V (883 bytes) @ 0x00007f5b193fcc7c [0x00007f5b193f7800+0x547c]
J 1107 C1 java.awt.Container.dispatchEventImpl(Ljava/awt/AWTEvent;)V (129 bytes) @ 0x00007f5b1939cc64 [0x00007f5b1939cb20+0x144]
J 1214 C1 java.awt.LightweightDispatcher.retargetMouseEvent(Ljava/awt/Component;ILjava/awt/event/MouseEvent;)V (350 bytes) @ 0x00007f5b19409bf4 [0x00007f5b194076a0+0x2554]
J 1505 C1 java.awt.LightweightDispatcher.processMouseEvent(Ljava/awt/event/MouseEvent;)Z (286 bytes) @ 0x00007f5b1927b0bc [0x00007f5b192799c0+0x16fc]
J 1237 C1 java.awt.LightweightDispatcher.dispatchEvent(Ljava/awt/AWTEvent;)Z (73 bytes) @ 0x00007f5b19415134 [0x00007f5b19414d00+0x434]
J 1107 C1 java.awt.Container.dispatchEventImpl(Ljava/awt/AWTEvent;)V (129 bytes) @ 0x00007f5b1939cc04 [0x00007f5b1939cb20+0xe4]
J 1334 C1 java.awt.Window.dispatchEventImpl(Ljava/awt/AWTEvent;)V (23 bytes) @ 0x00007f5b19258404 [0x00007f5b19257e20+0x5e4]
J 1348 C1 java.awt.EventQueue.dispatchEventImpl(Ljava/awt/AWTEvent;Ljava/lang/Object;)V (149 bytes) @ 0x00007f5b191d8fb4 [0x00007f5b191d7780+0x1834]
J 1356 C1 java.awt.EventQueue$3.run()Ljava/lang/Void; (60 bytes) @ 0x00007f5b191d2a44 [0x00007f5b191d2840+0x204]
J 1276 C1 java.awt.EventQueue$3.run()Ljava/lang/Object; (5 bytes) @ 0x00007f5b1944ad4c [0x00007f5b1944acc0+0x8c]
v  ~StubRoutines::call_stub
J 321  java.security.AccessController.doPrivileged(Ljava/security/PrivilegedAction;Ljava/security/AccessControlContext;)Ljava/lang/Object; (0 bytes) @ 0x00007f5b191c7f23 [0x00007f5b191c7ec0+0x63]
J 1210 C1 java.awt.EventQueue$4.run()Ljava/lang/Object; (5 bytes) @ 0x00007f5b193f66a4 [0x00007f5b193f6280+0x424]
v  ~StubRoutines::call_stub
J 321  java.security.AccessController.doPrivileged(Ljava/security/PrivilegedAction;Ljava/security/AccessControlContext;)Ljava/lang/Object; (0 bytes) @ 0x00007f5b191c7f23 [0x00007f5b191c7ec0+0x63]
J 1272 C1 java.awt.EventQueue.dispatchEvent(Ljava/awt/AWTEvent;)V (80 bytes) @ 0x00007f5b194425b4 [0x00007f5b19441740+0xe74]
J 1277 C1 java.awt.EventDispatchThread.pumpOneEventForFilters(I)V (295 bytes) @ 0x00007f5b194465d4 [0x00007f5b19444a80+0x1b54]
j  java.awt.EventDispatchThread.pumpEventsForFilter(ILjava/awt/Conditional;Ljava/awt/EventFilter;)V+35
j  java.awt.EventDispatchThread.pumpEventsForHierarchy(ILjava/awt/Conditional;Ljava/awt/Component;)V+11
j  java.awt.EventDispatchThread.pumpEvents(ILjava/awt/Conditional;)V+4
j  java.awt.EventDispatchThread.pumpEvents(Ljava/awt/Conditional;)V+3
j  java.awt.EventDispatchThread.run()V+9
v  ~StubRoutines::call_stub

---------------  P R O C E S S  ---------------

Java Threads: ( => current thread )
  0x00007f5adc061000 JavaThread "TimerQueue" daemon [_thread_blocked, id=8894, stack(0x00007f5aef6d7000,0x00007f5aef7d8000)]
  0x00007f5b2800a000 JavaThread "DestroyJavaVM" [_thread_blocked, id=8870, stack(0x00007f5b3156e000,0x00007f5b3166f000)]
=>0x00007f5b28273000 JavaThread "AWT-EventQueue-0" [_thread_in_native, id=8890, stack(0x00007f5aef2d5000,0x00007f5aef3d6000)]
  0x00007f5b28271000 JavaThread "AWT-Shutdown" [_thread_blocked, id=8889, stack(0x00007f5aef3d6000,0x00007f5aef4d7000)]
  0x00007f5b28157000 JavaThread "AWT-XAWT" daemon [_thread_in_native, id=8883, stack(0x00007f5aef8d9000,0x00007f5aef9da000)]
  0x00007f5b281fc000 JavaThread "Java2D Disposer" daemon [_thread_blocked, id=8882, stack(0x00007f5b100d0000,0x00007f5b101d1000)]
  0x00007f5b280cc000 JavaThread "Service Thread" daemon [_thread_blocked, id=8880, stack(0x00007f5b11c0e000,0x00007f5b11d0f000)]
  0x00007f5b280b7000 JavaThread "C1 CompilerThread1" daemon [_thread_blocked, id=8879, stack(0x00007f5b11d0f000,0x00007f5b11e10000)]
  0x00007f5b280b4000 JavaThread "C2 CompilerThread0" daemon [_thread_blocked, id=8878, stack(0x00007f5b11e10000,0x00007f5b11f11000)]
  0x00007f5b280b2800 JavaThread "Signal Dispatcher" daemon [_thread_blocked, id=8877, stack(0x00007f5b11f11000,0x00007f5b12012000)]
  0x00007f5b28080000 JavaThread "Finalizer" daemon [_thread_blocked, id=8875, stack(0x00007f5b13afb000,0x00007f5b13bfc000)]
  0x00007f5b2807b000 JavaThread "Reference Handler" daemon [_thread_blocked, id=8874, stack(0x00007f5b13bfc000,0x00007f5b13cfd000)]

Other Threads:
  0x00007f5b28073800 VMThread [stack: 0x00007f5b13cfd000,0x00007f5b13dfe000] [id=8873]
  0x00007f5b280cf000 WatcherThread [stack: 0x00007f5b11b0d000,0x00007f5b11c0e000] [id=8881]

VM state:not at safepoint (normal execution)

VM Mutex/Monitor currently owned by a thread: None

Heap:
 PSYoungGen      total 16384K, used 7354K [0x00000000ee500000, 0x00000000ef700000, 0x0000000100000000)
  eden space 14336K, 37% used [0x00000000ee500000,0x00000000eea36060,0x00000000ef300000)
  from space 2048K, 98% used [0x00000000ef500000,0x00000000ef6f8830,0x00000000ef700000)
  to   space 2048K, 0% used [0x00000000ef300000,0x00000000ef300000,0x00000000ef500000)
 ParOldGen       total 36864K, used 5451K [0x00000000cae00000, 0x00000000cd200000, 0x00000000ee500000)
  object space 36864K, 14% used [0x00000000cae00000,0x00000000cb352fb0,0x00000000cd200000)
 Metaspace       used 16210K, capacity 16530K, committed 16768K, reserved 1064960K
  class space    used 1974K, capacity 2067K, committed 2176K, reserved 1048576K

Card table byte_map: [0x00007f5b2e15b000,0x00007f5b2e305000] byte_map_base: 0x00007f5b2db04000

Marking Bits: (ParMarkBitMap*) 0x00007f5b30a36f80
 Begin Bits: [0x00007f5b2c3ad000, 0x00007f5b2d0f5000)
 End Bits:   [0x00007f5b2d0f5000, 0x00007f5b2de3d000)

Polling page: 0x00007f5b31687000

CodeCache: size=245760Kb used=6349Kb max_used=6352Kb free=239410Kb
 bounds [0x00007f5b19000000, 0x00007f5b19640000, 0x00007f5b28000000]
 total_blobs=2494 nmethods=1909 adapters=498
 compilation: enabled

Compilation events (10 events):
Event: 324,661 Thread 0x00007f5b280b7000 2063       3       javax.swing.text.GapContent$MarkData::getOffset (46 bytes)
Event: 324,662 Thread 0x00007f5b280b7000 nmethod 2063 0x00007f5b193ce4d0 code [0x00007f5b193ce640, 0x00007f5b193ce9d0]
Event: 324,663 Thread 0x00007f5b280b7000 2064       3       javax.swing.SwingUtilities::computeUnion (149 bytes)
Event: 324,664 Thread 0x00007f5b280b7000 nmethod 2064 0x00007f5b193cdfd0 code [0x00007f5b193ce140, 0x00007f5b193ce3f0]
Event: 324,680 Thread 0x00007f5b280b7000 2065       3       java.util.WeakHashMap::eq (19 bytes)
Event: 324,681 Thread 0x00007f5b280b7000 nmethod 2065 0x00007f5b193cdb10 code [0x00007f5b193cdc80, 0x00007f5b193cdf08]
Event: 324,684 Thread 0x00007f5b280b7000 2066       3       javax.swing.plaf.basic.BasicButtonListener::propertyChange (80 bytes)
Event: 324,687 Thread 0x00007f5b280b7000 nmethod 2066 0x00007f5b193cc810 code [0x00007f5b193cca20, 0x00007f5b193cd748]
Event: 324,769 Thread 0x00007f5b280b7000 2067       3       java.io.File::<init> (47 bytes)
Event: 324,771 Thread 0x00007f5b280b7000 nmethod 2067 0x00007f5b193cbb90 code [0x00007f5b193cbd60, 0x00007f5b193cc488]

GC Heap History (4 events):
Event: 23,151 GC heap before
{Heap before GC invocations=1 (full 0):
 PSYoungGen      total 16384K, used 14336K [0x00000000ee500000, 0x00000000ef700000, 0x0000000100000000)
  eden space 14336K, 100% used [0x00000000ee500000,0x00000000ef300000,0x00000000ef300000)
  from space 2048K, 0% used [0x00000000ef500000,0x00000000ef500000,0x00000000ef700000)
  to   space 2048K, 0% used [0x00000000ef300000,0x00000000ef300000,0x00000000ef500000)
 ParOldGen       total 36864K, used 0K [0x00000000cae00000, 0x00000000cd200000, 0x00000000ee500000)
  object space 36864K, 0% used [0x00000000cae00000,0x00000000cae00000,0x00000000cd200000)
 Metaspace       used 12825K, capacity 13064K, committed 13440K, reserved 1060864K
  class space    used 1525K, capacity 1618K, committed 1664K, reserved 1048576K
Event: 23,175 GC heap after
Heap after GC invocations=1 (full 0):
 PSYoungGen      total 16384K, used 2048K [0x00000000ee500000, 0x00000000ef700000, 0x0000000100000000)
  eden space 14336K, 0% used [0x00000000ee500000,0x00000000ee500000,0x00000000ef300000)
  from space 2048K, 100% used [0x00000000ef300000,0x00000000ef500000,0x00000000ef500000)
  to   space 2048K, 0% used [0x00000000ef500000,0x00000000ef500000,0x00000000ef700000)
 ParOldGen       total 36864K, used 2934K [0x00000000cae00000, 0x00000000cd200000, 0x00000000ee500000)
  object space 36864K, 7% used [0x00000000cae00000,0x00000000cb0ddba8,0x00000000cd200000)
 Metaspace       used 12825K, capacity 13064K, committed 13440K, reserved 1060864K
  class space    used 1525K, capacity 1618K, committed 1664K, reserved 1048576K
}
Event: 79,436 GC heap before
{Heap before GC invocations=2 (full 0):
 PSYoungGen      total 16384K, used 16384K [0x00000000ee500000, 0x00000000ef700000, 0x0000000100000000)
  eden space 14336K, 100% used [0x00000000ee500000,0x00000000ef300000,0x00000000ef300000)
  from space 2048K, 100% used [0x00000000ef300000,0x00000000ef500000,0x00000000ef500000)
  to   space 2048K, 0% used [0x00000000ef500000,0x00000000ef500000,0x00000000ef700000)
 ParOldGen       total 36864K, used 2934K [0x00000000cae00000, 0x00000000cd200000, 0x00000000ee500000)
  object space 36864K, 7% used [0x00000000cae00000,0x00000000cb0ddba8,0x00000000cd200000)
 Metaspace       used 14222K, capacity 14508K, committed 14848K, reserved 1062912K
  class space    used 1631K, capacity 1714K, committed 1792K, reserved 1048576K
Event: 79,460 GC heap after
Heap after GC invocations=2 (full 0):
 PSYoungGen      total 16384K, used 2018K [0x00000000ee500000, 0x00000000ef700000, 0x0000000100000000)
  eden space 14336K, 0% used [0x00000000ee500000,0x00000000ee500000,0x00000000ef300000)
  from space 2048K, 98% used [0x00000000ef500000,0x00000000ef6f8830,0x00000000ef700000)
  to   space 2048K, 0% used [0x00000000ef300000,0x00000000ef300000,0x00000000ef500000)
 ParOldGen       total 36864K, used 5451K [0x00000000cae00000, 0x00000000cd200000, 0x00000000ee500000)
  object space 36864K, 14% used [0x00000000cae00000,0x00000000cb352fb0,0x00000000cd200000)
 Metaspace       used 14222K, capacity 14508K, committed 14848K, reserved 1062912K
  class space    used 1631K, capacity 1714K, committed 1792K, reserved 1048576K
}

Deoptimization events (8 events):
Event: 12,909 Thread 0x00007f5b2800a000 Uncommon trap: reason=unstable_if action=reinterpret pc=0x00007f5b1920ead4 method=java.lang.String.<init>([CII)V @ 18
Event: 24,260 Thread 0x00007f5b2800a000 Uncommon trap: reason=unstable_if action=reinterpret pc=0x00007f5b192c4204 method=java.lang.CharacterData.of(I)Ljava/lang/CharacterData; @ 4
Event: 39,859 Thread 0x00007f5b28273000 Uncommon trap: reason=class_check action=maybe_recompile pc=0x00007f5b191698f0 method=java.lang.String.equals(Ljava/lang/Object;)Z @ 8
Event: 44,267 Thread 0x00007f5b28273000 Uncommon trap: reason=class_check action=maybe_recompile pc=0x00007f5b191698f0 method=java.lang.String.equals(Ljava/lang/Object;)Z @ 8
Event: 297,678 Thread 0x00007f5b28273000 Uncommon trap: reason=class_check action=maybe_recompile pc=0x00007f5b191698f0 method=java.lang.String.equals(Ljava/lang/Object;)Z @ 8
Event: 297,678 Thread 0x00007f5b28273000 Uncommon trap: reason=class_check action=maybe_recompile pc=0x00007f5b191698f0 method=java.lang.String.equals(Ljava/lang/Object;)Z @ 8
Event: 303,599 Thread 0x00007f5b28273000 Uncommon trap: reason=unstable_if action=reinterpret pc=0x00007f5b19306e54 method=java.security.AccessControlContext.optimize()Ljava/security/AccessControlContext; @ 220
Event: 304,182 Thread 0x00007f5b28273000 Uncommon trap: reason=unstable_if action=reinterpret pc=0x00007f5b192ad9c8 method=java.io.UnixFileSystem.normalize(Ljava/lang/String;)Ljava/lang/String; @ 60

Internal exceptions (10 events):
Event: 2,389 Thread 0x00007f5b2800a000 Exception <a 'java/security/PrivilegedActionException'> (0x00000000ee567b78) thrown at [/HUDSON/workspace/8-2-build-linux-amd64/jdk8u151/9699/hotspot/src/share/vm/prims/jvm.cpp, line 1390]
Event: 2,389 Thread 0x00007f5b2800a000 Exception <a 'java/security/PrivilegedActionException'> (0x00000000ee567d88) thrown at [/HUDSON/workspace/8-2-build-linux-amd64/jdk8u151/9699/hotspot/src/share/vm/prims/jvm.cpp, line 1390]
Event: 3,295 Thread 0x00007f5b2800a000 Exception <a 'java/security/PrivilegedActionException'> (0x00000000ee5eeb90) thrown at [/HUDSON/workspace/8-2-build-linux-amd64/jdk8u151/9699/hotspot/src/share/vm/prims/jvm.cpp, line 1390]
Event: 3,295 Thread 0x00007f5b2800a000 Exception <a 'java/security/PrivilegedActionException'> (0x00000000ee5eeda0) thrown at [/HUDSON/workspace/8-2-build-linux-amd64/jdk8u151/9699/hotspot/src/share/vm/prims/jvm.cpp, line 1390]
Event: 3,297 Thread 0x00007f5b2800a000 Exception <a 'java/security/PrivilegedActionException'> (0x00000000ee5f1208) thrown at [/HUDSON/workspace/8-2-build-linux-amd64/jdk8u151/9699/hotspot/src/share/vm/prims/jvm.cpp, line 1390]
Event: 3,297 Thread 0x00007f5b2800a000 Exception <a 'java/security/PrivilegedActionException'> (0x00000000ee5f1418) thrown at [/HUDSON/workspace/8-2-build-linux-amd64/jdk8u151/9699/hotspot/src/share/vm/prims/jvm.cpp, line 1390]
Event: 4,214 Thread 0x00007f5b2800a000 Exception <a 'java/lang/NoSuchFieldError': method resolution failed> (0x00000000ee6c1aa8) thrown at [/HUDSON/workspace/8-2-build-linux-amd64/jdk8u151/9699/hotspot/src/share/vm/prims/methodHandles.cpp, line 1146]
Event: 4,244 Thread 0x00007f5b2800a000 Exception <a 'java/lang/NoSuchFieldError': method resolution failed> (0x00000000ee6cf278) thrown at [/HUDSON/workspace/8-2-build-linux-amd64/jdk8u151/9699/hotspot/src/share/vm/prims/methodHandles.cpp, line 1146]
Event: 5,087 Thread 0x00007f5b2800a000 Exception <a 'java/io/FileNotFoundException'> (0x00000000ee74e000) thrown at [/HUDSON/workspace/8-2-build-linux-amd64/jdk8u151/9699/hotspot/src/share/vm/prims/jni.cpp, line 709]
Event: 5,088 Thread 0x00007f5b2800a000 Exception <a 'java/io/FileNotFoundException'> (0x00000000ee74eb00) thrown at [/HUDSON/workspace/8-2-build-linux-amd64/jdk8u151/9699/hotspot/src/share/vm/prims/jni.cpp, line 709]

Events (10 events):
Event: 324,991 Executing VM operation: RevokeBias
Event: 324,991 Executing VM operation: RevokeBias done
Event: 324,993 Executing VM operation: RevokeBias
Event: 324,993 Executing VM operation: RevokeBias done
Event: 324,994 Executing VM operation: RevokeBias
Event: 324,994 Executing VM operation: RevokeBias done
Event: 324,994 loading class java/io/FileWriter
Event: 325,011 loading class java/io/FileWriter done
Event: 325,019 loading class org/jni/InterfaceJNI
Event: 325,019 loading class org/jni/InterfaceJNI done


Dynamic libraries:
00400000-00401000 r-xp 00000000 08:03 1056627                            /usr/lib/jvm/java-8-oracle/bin/java
00600000-00601000 rw-p 00000000 08:03 1056627                            /usr/lib/jvm/java-8-oracle/bin/java
0172a000-0174b000 rw-p 00000000 00:00 0                                  [heap]
cae00000-cd200000 rw-p 00000000 00:00 0 
cd200000-ee500000 ---p 00000000 00:00 0 
ee500000-ef700000 rw-p 00000000 00:00 0 
ef700000-100000000 ---p 00000000 00:00 0 
100000000-100220000 rw-p 00000000 00:00 0 
100220000-140000000 ---p 00000000 00:00 0 
7f5ad4000000-7f5ad402f000 rw-p 00000000 00:00 0 
7f5ad402f000-7f5ad8000000 ---p 00000000 00:00 0 
7f5ada842000-7f5ada9b4000 r-xp 00000000 08:03 786613                     /usr/lib/x86_64-linux-gnu/libstdc++.so.6.0.21
7f5ada9b4000-7f5adabb4000 ---p 00172000 08:03 786613                     /usr/lib/x86_64-linux-gnu/libstdc++.so.6.0.21
7f5adabb4000-7f5adabbe000 r--p 00172000 08:03 786613                     /usr/lib/x86_64-linux-gnu/libstdc++.so.6.0.21
7f5adabbe000-7f5adabc0000 rw-p 0017c000 08:03 786613                     /usr/lib/x86_64-linux-gnu/libstdc++.so.6.0.21
7f5adabc0000-7f5adabc4000 rw-p 00000000 00:00 0 
7f5adabc4000-7f5adabef000 r-xp 00000000 08:03 798629                     /usr/lib/libsimulation_jni.so
7f5adabef000-7f5adadee000 ---p 0002b000 08:03 798629                     /usr/lib/libsimulation_jni.so
7f5adadee000-7f5adadef000 r--p 0002a000 08:03 798629                     /usr/lib/libsimulation_jni.so
7f5adadef000-7f5adadf1000 rw-p 0002b000 08:03 798629                     /usr/lib/libsimulation_jni.so
7f5adadf1000-7f5adae31000 rw-p 00000000 00:00 0 
7f5adae31000-7f5adaff4000 ---p 00000000 00:00 0 
7f5adaff4000-7f5adb0f2000 rw-p 00000000 00:00 0 
7f5adb0f2000-7f5adb0f5000 ---p 00000000 00:00 0 
7f5adb0f5000-7f5adb1f3000 rw-p 00000000 00:00 0 
7f5adb1f3000-7f5adb3c8000 rw-s 00000000 00:05 790233105                  /SYSV00000000 (deleted)
7f5adb3c8000-7f5adb5c8000 rw-p 00000000 00:00 0 
7f5adb641000-7f5adb644000 ---p 00000000 00:00 0 
7f5adb644000-7f5adb742000 rw-p 00000000 00:00 0 
7f5adb742000-7f5adb76c000 r-xp 00000000 08:03 1444477                    /usr/lib/jvm/java-8-oracle/jre/lib/amd64/libdcpr.so
7f5adb76c000-7f5adb96c000 ---p 0002a000 08:03 1444477                    /usr/lib/jvm/java-8-oracle/jre/lib/amd64/libdcpr.so
7f5adb96c000-7f5adb96f000 rw-p 0002a000 08:03 1444477                    /usr/lib/jvm/java-8-oracle/jre/lib/amd64/libdcpr.so
7f5adb96f000-7f5adbb6f000 rw-p 00000000 00:00 0 
7f5adbb6f000-7f5adbbd8000 r-xp 00000000 08:03 1444491                    /usr/lib/jvm/java-8-oracle/jre/lib/amd64/libt2k.so
7f5adbbd8000-7f5adbdd8000 ---p 00069000 08:03 1444491                    /usr/lib/jvm/java-8-oracle/jre/lib/amd64/libt2k.so
7f5adbdd8000-7f5adbddf000 rw-p 00069000 08:03 1444491                    /usr/lib/jvm/java-8-oracle/jre/lib/amd64/libt2k.so
7f5adbddf000-7f5adbdef000 rw-p 00000000 00:00 0 
7f5adbdef000-7f5adbe00000 r-xp 00000000 08:03 1445029                    /usr/lib/jvm/java-8-oracle/jre/lib/amd64/libnio.so
7f5adbe00000-7f5adbfff000 ---p 00011000 08:03 1445029                    /usr/lib/jvm/java-8-oracle/jre/lib/amd64/libnio.so
7f5adbfff000-7f5adc000000 rw-p 00010000 08:03 1445029                    /usr/lib/jvm/java-8-oracle/jre/lib/amd64/libnio.so
7f5adc000000-7f5adc315000 rw-p 00000000 00:00 0 
7f5adc315000-7f5ae0000000 ---p 00000000 00:00 0 
7f5ae0000000-7f5ae006e000 rw-p 00000000 00:00 0 
7f5ae006e000-7f5ae4000000 ---p 00000000 00:00 0 
7f5ae4000000-7f5ae4021000 rw-p 00000000 00:00 0 
7f5ae4021000-7f5ae8000000 ---p 00000000 00:00 0 
7f5ae8000000-7f5ae8021000 rw-p 00000000 00:00 0 
7f5ae8021000-7f5aec000000 ---p 00000000 00:00 0 
7f5aec01c000-7f5aec02f000 r--s 00345000 08:03 1316538                    /usr/lib/jvm/java-8-oracle/jre/lib/resources.jar
7f5aec02f000-7f5aec036000 r--s 00000000 08:03 655432                     /var/cache/fontconfig/4be9850f182b35c1350b6bbf2e42601c-le64.cache-6
7f5aec036000-7f5aec041000 r--s 00000000 08:03 655447                     /var/cache/fontconfig/945677eb7aeaf62f1d50efc3fb3ec7d8-le64.cache-6
7f5aec041000-7f5aec04a000 r--s 00000000 08:03 655451                     /var/cache/fontconfig/a6d8cf8e4ec09cdbc8633c31745a07dd-le64.cache-6
7f5aec04a000-7f5aec050000 r--s 00000000 08:03 655426                     /var/cache/fontconfig/2cd17615ca594fa2959ae173292e504c-le64.cache-6
7f5aec050000-7f5aec051000 r--s 00000000 08:03 655422                     /var/cache/fontconfig/0d8c3b2ac0904cb8a57a757ad11a4a08-le64.cache-6
7f5aec051000-7f5aec066000 r--s 00000000 08:03 655414                     /var/cache/fontconfig/04aabc0a78ac019cf9454389977116d2-le64.cache-6
7f5aec066000-7f5aec067000 r--s 00000000 08:03 655424                     /var/cache/fontconfig/1ac9eb803944fde146138c791f5cc56a-le64.cache-6
7f5aec067000-7f5aec06c000 r--s 00000000 08:03 655469                     /var/cache/fontconfig/eb48934c523a49add3824bfad8846c40-le64.cache-6
7f5aec06c000-7f5aec071000 r--s 00000000 08:03 655430                     /var/cache/fontconfig/385c0604a188198f04d133e54aba7fe7-le64.cache-6
7f5aec071000-7f5aec072000 r--s 00000000 08:03 655464                     /var/cache/fontconfig/dc05db6664285cc2f12bf69c139ae4c3-le64.cache-6
7f5aec072000-7f5aec076000 r--s 00000000 08:03 655470                     /var/cache/fontconfig/f0b0891f3a988e97b2aa7c076a1430f3-le64.cache-6
7f5aec076000-7f5aec07a000 r--s 00000000 08:03 655444                     /var/cache/fontconfig/7b79abe4499501fcd4e4826394083a53-le64.cache-6
7f5aec07a000-7f5aec07d000 r--s 00000000 08:03 655431                     /var/cache/fontconfig/3a9914ff62a69b32234685a84fdc926d-le64.cache-6
7f5aec07d000-7f5aec0bd000 r--s 00000000 08:03 655420                     /var/cache/fontconfig/0bd3dc0958fa2205aaaa8ebb13e2872b-le64.cache-6
7f5aec0bd000-7f5aef0be000 rw-p 00000000 00:00 0 
7f5aef0be000-7f5aef0d5000 r-xp 00000000 08:03 1445026                    /usr/lib/jvm/java-8-oracle/jre/lib/amd64/libnet.so
7f5aef0d5000-7f5aef2d4000 ---p 00017000 08:03 1445026                    /usr/lib/jvm/java-8-oracle/jre/lib/amd64/libnet.so
7f5aef2d4000-7f5aef2d5000 rw-p 00016000 08:03 1445026                    /usr/lib/jvm/java-8-oracle/jre/lib/amd64/libnet.so
7f5aef2d5000-7f5aef2d8000 ---p 00000000 00:00 0 
7f5aef2d8000-7f5aef3d6000 rw-p 00000000 00:00 0 
7f5aef3d6000-7f5aef3d9000 ---p 00000000 00:00 0 
7f5aef3d9000-7f5aef6d7000 rw-p 00000000 00:00 0 
7f5aef6d7000-7f5aef6da000 ---p 00000000 00:00 0 
7f5aef6da000-7f5aef7d8000 rw-p 00000000 00:00 0 
7f5aef7d8000-7f5aef7db000 ---p 00000000 00:00 0 
7f5aef7db000-7f5aef8d9000 rw-p 00000000 00:00 0 
7f5aef8d9000-7f5aef8dc000 ---p 00000000 00:00 0 
7f5aef8dc000-7f5aef9da000 rw-p 00000000 00:00 0 
7f5aef9da000-7f5aef9df000 r-xp 00000000 08:03 794414                     /usr/lib/x86_64-linux-gnu/libXfixes.so.3.1.0
7f5aef9df000-7f5aefbde000 ---p 00005000 08:03 794414                     /usr/lib/x86_64-linux-gnu/libXfixes.so.3.1.0
7f5aefbde000-7f5aefbdf000 r--p 00004000 08:03 794414                     /usr/lib/x86_64-linux-gnu/libXfixes.so.3.1.0
7f5aefbdf000-7f5aefbe0000 rw-p 00005000 08:03 794414                     /usr/lib/x86_64-linux-gnu/libXfixes.so.3.1.0
7f5aefbe0000-7f5aefbe9000 r-xp 00000000 08:03 794406                     /usr/lib/x86_64-linux-gnu/libXcursor.so.1.0.2
7f5aefbe9000-7f5aefde8000 ---p 00009000 08:03 794406                     /usr/lib/x86_64-linux-gnu/libXcursor.so.1.0.2
7f5aefde8000-7f5aefde9000 r--p 00008000 08:03 794406                     /usr/lib/x86_64-linux-gnu/libXcursor.so.1.0.2
7f5aefde9000-7f5aefdea000 rw-p 00009000 08:03 794406                     /usr/lib/x86_64-linux-gnu/libXcursor.so.1.0.2
7f5aefdea000-7f5aefe00000 r-xp 00000000 08:03 11014662                   /lib/x86_64-linux-gnu/libgcc_s.so.1
7f5aefe00000-7f5aeffff000 ---p 00016000 08:03 11014662                   /lib/x86_64-linux-gnu/libgcc_s.so.1
7f5aeffff000-7f5af0000000 rw-p 00015000 08:03 11014662                   /lib/x86_64-linux-gnu/libgcc_s.so.1
7f5af0000000-7f5af07e5000 rw-p 00000000 00:00 0 
7f5af07e5000-7f5af4000000 ---p 00000000 00:00 0 
7f5af4000000-7f5af4021000 rw-p 00000000 00:00 0 
7f5af4021000-7f5af8000000 ---p 00000000 00:00 0 
7f5af8000000-7f5af8021000 rw-p 00000000 00:00 0 
7f5af8021000-7f5afc000000 ---p 00000000 00:00 0 
7f5afc000000-7f5afc984000 rw-p 00000000 00:00 0 
7f5afc984000-7f5b00000000 ---p 00000000 00:00 0 
7f5b00000000-7f5b00021000 rw-p 00000000 00:00 0 
7f5b00021000-7f5b04000000 ---p 00000000 00:00 0 
7f5b04000000-7f5b04021000 rw-p 00000000 00:00 0 
7f5b04021000-7f5b08000000 ---p 00000000 00:00 0 
7f5b08000000-7f5b08081000 rw-p 00000000 00:00 0 
7f5b08081000-7f5b0c000000 ---p 00000000 00:00 0 
7f5b0c000000-7f5b0c021000 rw-p 00000000 00:00 0 
7f5b0c021000-7f5b10000000 ---p 00000000 00:00 0 
7f5b10000000-7f5b10002000 r--s 00000000 08:03 655441                     /var/cache/fontconfig/6adb16404e170b9523f41c0701dd4690-le64.cache-6
7f5b10002000-7f5b10005000 r--s 00000000 08:03 655443                     /var/cache/fontconfig/767a8244fc0220cfb567a839d0392e0b-le64.cache-6
7f5b10005000-7f5b10006000 r--s 00000000 08:03 655419                     /var/cache/fontconfig/0b41ebd278d9388cf5d83f81d476c672-le64.cache-6
7f5b10006000-7f5b1000a000 r--s 00000000 08:03 655468                     /var/cache/fontconfig/ea32c683f96734b73b6a7acf745d6442-le64.cache-6
7f5b1000a000-7f5b10010000 r--s 00000000 08:03 655446                     /var/cache/fontconfig/8801497958630a81b71ace7c5f9b32a8-le64.cache-6
7f5b10010000-7f5b1004b000 r--s 00000000 08:03 665021                     /var/cache/fontconfig/365b55f210c0a22e9a19e35191240f32-le64.cache-6
7f5b1004b000-7f5b1004c000 r--s 00000000 08:03 655457                     /var/cache/fontconfig/bab58bb527bb656aaa9f116d68a48d89-le64.cache-6
7f5b1004c000-7f5b1004d000 r--s 00000000 08:03 655452                     /var/cache/fontconfig/b036df7bbb72844893df6bcf5570ea7f-le64.cache-6
7f5b1004d000-7f5b1004e000 r--s 00000000 08:03 655437                     /var/cache/fontconfig/575107dd7452b4b2b2b1361909925bb4-le64.cache-6
7f5b1004e000-7f5b10055000 r--s 00000000 08:03 655427                     /var/cache/fontconfig/3047814df9a2f067bd2d96a2b9c36e5a-le64.cache-6
7f5b10055000-7f5b10056000 r--s 00000000 08:03 655435                     /var/cache/fontconfig/56cf4f4769d0f4abc89a4895d7bd3ae1-le64.cache-6
7f5b10056000-7f5b10057000 r--s 00000000 08:03 655456                     /var/cache/fontconfig/b9d506c9ac06c20b433354fa67a72993-le64.cache-6
7f5b10057000-7f5b1005d000 r--s 00000000 08:03 655455                     /var/cache/fontconfig/b47c4e1ecd0709278f4910c18777a504-le64.cache-6
7f5b1005d000-7f5b1005e000 r--s 00000000 08:03 655418                     /var/cache/fontconfig/0b3f2427388044a01a5738fa4b8cc9d1-le64.cache-6
7f5b1005e000-7f5b1005f000 r--s 00000000 08:03 655417                     /var/cache/fontconfig/0941b6d3777f1e64883d36fd6d84a52f-le64.cache-6
7f5b1005f000-7f5b10072000 r--s 00000000 08:03 655461                     /var/cache/fontconfig/d52a8644073d54c13679302ca1180695-le64.cache-6
7f5b10072000-7f5b10073000 r--s 00000000 08:03 655434                     /var/cache/fontconfig/551ecf3b0e8b0bca0f25c0944f561853-le64.cache-6
7f5b10073000-7f5b1007e000 r--s 00000000 08:03 665019                     /var/cache/fontconfig/d589a48862398ed80a3d6066f4f56f4c-le64.cache-6
7f5b1007e000-7f5b10080000 r--s 00000000 08:03 655467                     /var/cache/fontconfig/e8d703157d3641d20c7e900be2e8d091-le64.cache-6
7f5b10080000-7f5b10085000 r--s 00000000 08:03 655453                     /var/cache/fontconfig/b25010134a2e462c779c1c1d5ccbff7b-le64.cache-6
7f5b10085000-7f5b10087000 r--s 00000000 08:03 655440                     /var/cache/fontconfig/6a6dfed4a7d1e4367ef225093de82110-le64.cache-6
7f5b10087000-7f5b10094000 r--s 00000000 08:03 656583                     /var/cache/fontconfig/089dead882dea3570ffc31a9898cfb69-le64.cache-6
7f5b10094000-7f5b10095000 r--s 00000000 08:03 655428                     /var/cache/fontconfig/30829fa25452a46451e813d634d7f916-le64.cache-6
7f5b10095000-7f5b100a7000 r--s 00000000 08:03 655449                     /var/cache/fontconfig/9b89f8e3dae116d678bbf48e5f21f69b-le64.cache-6
7f5b100a7000-7f5b100b4000 r--s 00000000 08:03 656943                     /var/cache/fontconfig/e13b20fdb08344e0e664864cc2ede53d-le64.cache-6
7f5b100b4000-7f5b100d0000 r--s 00393000 08:03 1316561                    /usr/lib/jvm/java-8-oracle/jre/lib/ext/cldrdata.jar
7f5b100d0000-7f5b100d3000 ---p 00000000 00:00 0 
7f5b100d3000-7f5b101d1000 rw-p 00000000 00:00 0 
7f5b101d1000-7f5b10236000 r-xp 00000000 08:03 1445007                    /usr/lib/jvm/java-8-oracle/jre/lib/amd64/libfontmanager.so
7f5b10236000-7f5b10435000 ---p 00065000 08:03 1445007                    /usr/lib/jvm/java-8-oracle/jre/lib/amd64/libfontmanager.so
7f5b10435000-7f5b1043a000 rw-p 00064000 08:03 1445007                    /usr/lib/jvm/java-8-oracle/jre/lib/amd64/libfontmanager.so
7f5b1043a000-7f5b1044a000 rw-p 00000000 00:00 0 
7f5b1044a000-7f5b1044f000 r-xp 00000000 08:03 794410                     /usr/lib/x86_64-linux-gnu/libXdmcp.so.6.0.0
7f5b1044f000-7f5b1064e000 ---p 00005000 08:03 794410                     /usr/lib/x86_64-linux-gnu/libXdmcp.so.6.0.0
7f5b1064e000-7f5b1064f000 r--p 00004000 08:03 794410                     /usr/lib/x86_64-linux-gnu/libXdmcp.so.6.0.0
7f5b1064f000-7f5b10650000 rw-p 00005000 08:03 794410                     /usr/lib/x86_64-linux-gnu/libXdmcp.so.6.0.0
7f5b10650000-7f5b10652000 r-xp 00000000 08:03 794399                     /usr/lib/x86_64-linux-gnu/libXau.so.6.0.0
7f5b10652000-7f5b10852000 ---p 00002000 08:03 794399                     /usr/lib/x86_64-linux-gnu/libXau.so.6.0.0
7f5b10852000-7f5b10853000 r--p 00002000 08:03 794399                     /usr/lib/x86_64-linux-gnu/libXau.so.6.0.0
7f5b10853000-7f5b10854000 rw-p 00003000 08:03 794399                     /usr/lib/x86_64-linux-gnu/libXau.so.6.0.0
7f5b10854000-7f5b10875000 r-xp 00000000 08:03 795658                     /usr/lib/x86_64-linux-gnu/libxcb.so.1.1.0
7f5b10875000-7f5b10a74000 ---p 00021000 08:03 795658                     /usr/lib/x86_64-linux-gnu/libxcb.so.1.1.0
7f5b10a74000-7f5b10a75000 r--p 00020000 08:03 795658                     /usr/lib/x86_64-linux-gnu/libxcb.so.1.1.0
7f5b10a75000-7f5b10a76000 rw-p 00021000 08:03 795658                     /usr/lib/x86_64-linux-gnu/libxcb.so.1.1.0
7f5b10a76000-7f5b10a85000 r-xp 00000000 08:03 794422                     /usr/lib/x86_64-linux-gnu/libXi.so.6.1.0
7f5b10a85000-7f5b10c84000 ---p 0000f000 08:03 794422                     /usr/lib/x86_64-linux-gnu/libXi.so.6.1.0
7f5b10c84000-7f5b10c85000 r--p 0000e000 08:03 794422                     /usr/lib/x86_64-linux-gnu/libXi.so.6.1.0
7f5b10c85000-7f5b10c86000 rw-p 0000f000 08:03 794422                     /usr/lib/x86_64-linux-gnu/libXi.so.6.1.0
7f5b10c86000-7f5b10c8b000 r-xp 00000000 08:03 794440                     /usr/lib/x86_64-linux-gnu/libXtst.so.6.1.0
7f5b10c8b000-7f5b10e8a000 ---p 00005000 08:03 794440                     /usr/lib/x86_64-linux-gnu/libXtst.so.6.1.0
7f5b10e8a000-7f5b10e8b000 r--p 00004000 08:03 794440                     /usr/lib/x86_64-linux-gnu/libXtst.so.6.1.0
7f5b10e8b000-7f5b10e8c000 rw-p 00005000 08:03 794440                     /usr/lib/x86_64-linux-gnu/libXtst.so.6.1.0
7f5b10e8c000-7f5b10e95000 r-xp 00000000 08:03 794434                     /usr/lib/x86_64-linux-gnu/libXrender.so.1.3.0
7f5b10e95000-7f5b11094000 ---p 00009000 08:03 794434                     /usr/lib/x86_64-linux-gnu/libXrender.so.1.3.0
7f5b11094000-7f5b11095000 r--p 00008000 08:03 794434                     /usr/lib/x86_64-linux-gnu/libXrender.so.1.3.0
7f5b11095000-7f5b11096000 rw-p 00009000 08:03 794434                     /usr/lib/x86_64-linux-gnu/libXrender.so.1.3.0
7f5b11096000-7f5b111cb000 r-xp 00000000 08:03 794395                     /usr/lib/x86_64-linux-gnu/libX11.so.6.3.0
7f5b111cb000-7f5b113cb000 ---p 00135000 08:03 794395                     /usr/lib/x86_64-linux-gnu/libX11.so.6.3.0
7f5b113cb000-7f5b113cc000 r--p 00135000 08:03 794395                     /usr/lib/x86_64-linux-gnu/libX11.so.6.3.0
7f5b113cc000-7f5b113d0000 rw-p 00136000 08:03 794395                     /usr/lib/x86_64-linux-gnu/libX11.so.6.3.0
7f5b113d0000-7f5b113e1000 r-xp 00000000 08:03 794412                     /usr/lib/x86_64-linux-gnu/libXext.so.6.4.0
7f5b113e1000-7f5b115e0000 ---p 00011000 08:03 794412                     /usr/lib/x86_64-linux-gnu/libXext.so.6.4.0
7f5b115e0000-7f5b115e1000 r--p 00010000 08:03 794412                     /usr/lib/x86_64-linux-gnu/libXext.so.6.4.0
7f5b115e1000-7f5b115e2000 rw-p 00011000 08:03 794412                     /usr/lib/x86_64-linux-gnu/libXext.so.6.4.0
7f5b115e2000-7f5b11636000 r-xp 00000000 08:03 1445033                    /usr/lib/jvm/java-8-oracle/jre/lib/amd64/libawt_xawt.so
7f5b11636000-7f5b11836000 ---p 00054000 08:03 1445033                    /usr/lib/jvm/java-8-oracle/jre/lib/amd64/libawt_xawt.so
7f5b11836000-7f5b1183a000 rw-p 00054000 08:03 1445033                    /usr/lib/jvm/java-8-oracle/jre/lib/amd64/libawt_xawt.so
7f5b1183a000-7f5b1183b000 rw-p 00000000 00:00 0 
7f5b1183b000-7f5b118dd000 r-xp 00000000 08:03 1445019                    /usr/lib/jvm/java-8-oracle/jre/lib/amd64/libawt.so
7f5b118dd000-7f5b11add000 ---p 000a2000 08:03 1445019                    /usr/lib/jvm/java-8-oracle/jre/lib/amd64/libawt.so
7f5b11add000-7f5b11ae9000 rw-p 000a2000 08:03 1445019                    /usr/lib/jvm/java-8-oracle/jre/lib/amd64/libawt.so
7f5b11ae9000-7f5b11b0d000 rw-p 00000000 00:00 0 
7f5b11b0d000-7f5b11b0e000 ---p 00000000 00:00 0 
7f5b11b0e000-7f5b11c0e000 rw-p 00000000 00:00 0 
7f5b11c0e000-7f5b11c11000 ---p 00000000 00:00 0 
7f5b11c11000-7f5b11d0f000 rw-p 00000000 00:00 0 
7f5b11d0f000-7f5b11d12000 ---p 00000000 00:00 0 
7f5b11d12000-7f5b11e10000 rw-p 00000000 00:00 0 
7f5b11e10000-7f5b11e13000 ---p 00000000 00:00 0 
7f5b11e13000-7f5b11f11000 rw-p 00000000 00:00 0 
7f5b11f11000-7f5b11f14000 ---p 00000000 00:00 0 
7f5b11f14000-7f5b12012000 rw-p 00000000 00:00 0 
7f5b12012000-7f5b13afb000 r--p 00000000 08:03 791802                     /usr/lib/locale/locale-archive
7f5b13afb000-7f5b13afe000 ---p 00000000 00:00 0 
7f5b13afe000-7f5b13bfc000 rw-p 00000000 00:00 0 
7f5b13bfc000-7f5b13bff000 ---p 00000000 00:00 0 
7f5b13bff000-7f5b13cfd000 rw-p 00000000 00:00 0 
7f5b13cfd000-7f5b13cfe000 ---p 00000000 00:00 0 
7f5b13cfe000-7f5b14000000 rw-p 00000000 00:00 0 
7f5b14000000-7f5b14021000 rw-p 00000000 00:00 0 
7f5b14021000-7f5b18000000 ---p 00000000 00:00 0 
7f5b18000000-7f5b18021000 r--p 00000000 08:03 2110781                    /usr/share/locale-langpack/pt_BR/LC_MESSAGES/libc.mo
7f5b18021000-7f5b18627000 rw-p 00000000 00:00 0 
7f5b18627000-7f5b18800000 r--s 03d5a000 08:03 1316500                    /usr/lib/jvm/java-8-oracle/jre/lib/rt.jar
7f5b18800000-7f5b19000000 rw-p 00000000 00:00 0 
7f5b19000000-7f5b19640000 rwxp 00000000 00:00 0 
7f5b19640000-7f5b28000000 ---p 00000000 00:00 0 
7f5b28000000-7f5b28502000 rw-p 00000000 00:00 0 
7f5b28502000-7f5b2c000000 ---p 00000000 00:00 0 
7f5b2c000000-7f5b2c001000 r--s 00000000 08:03 655421                     /var/cache/fontconfig/0c9eb80ebd1c36541ebe2852d3bb0c49-le64.cache-6
7f5b2c001000-7f5b2c005000 r--s 00000000 08:03 655415                     /var/cache/fontconfig/0843ca893a93b5446bad221815920e23-le64.cache-6
7f5b2c005000-7f5b2c008000 r--s 00000000 08:03 655454                     /var/cache/fontconfig/b2d60264172c9fafc2f82e9237d8d959-le64.cache-6
7f5b2c008000-7f5b2c00c000 r--s 00000000 08:03 656860                     /var/cache/fontconfig/7ef2298fde41cc6eeb7af42e48b7d293-le64.cache-6
7f5b2c00c000-7f5b2c016000 r--s 00116000 08:03 1316568                    /usr/lib/jvm/java-8-oracle/jre/lib/ext/localedata.jar
7f5b2c016000-7f5b2c01d000 r--s 00000000 08:03 919920                     /usr/lib/x86_64-linux-gnu/gconv/gconv-modules.cache
7f5b2c01d000-7f5b2c02a000 r--s 000fa000 08:03 5774770                    /home/paulo/Documentos/UEFS/TCC/Código/trapezoidCircuitSimulator/interface_java/CircuitSimulator/jfreechart-1.0.1.jar
7f5b2c02a000-7f5b2de3d000 rw-p 00000000 00:00 0 
7f5b2de3d000-7f5b2de3e000 ---p 00000000 00:00 0 
7f5b2de3e000-7f5b2df3e000 rw-p 00000000 00:00 0 
7f5b2df3e000-7f5b2df3f000 ---p 00000000 00:00 0 
7f5b2df3f000-7f5b2e051000 rw-p 00000000 00:00 0 
7f5b2e051000-7f5b2e15b000 ---p 00000000 00:00 0 
7f5b2e15b000-7f5b2e16d000 rw-p 00000000 00:00 0 
7f5b2e16d000-7f5b2e276000 ---p 00000000 00:00 0 
7f5b2e276000-7f5b2e280000 rw-p 00000000 00:00 0 
7f5b2e280000-7f5b2e304000 ---p 00000000 00:00 0 
7f5b2e304000-7f5b2e31e000 rw-p 00000000 00:00 0 
7f5b2e31e000-7f5b2e6c5000 ---p 00000000 00:00 0 
7f5b2e6c5000-7f5b2e6e0000 r-xp 00000000 08:03 1445022                    /usr/lib/jvm/java-8-oracle/jre/lib/amd64/libzip.so
7f5b2e6e0000-7f5b2e8e0000 ---p 0001b000 08:03 1445022                    /usr/lib/jvm/java-8-oracle/jre/lib/amd64/libzip.so
7f5b2e8e0000-7f5b2e8e1000 rw-p 0001b000 08:03 1445022                    /usr/lib/jvm/java-8-oracle/jre/lib/amd64/libzip.so
7f5b2e8e1000-7f5b2e8ec000 r-xp 00000000 08:03 11014723                   /lib/x86_64-linux-gnu/libnss_files-2.23.so
7f5b2e8ec000-7f5b2eaeb000 ---p 0000b000 08:03 11014723                   /lib/x86_64-linux-gnu/libnss_files-2.23.so
7f5b2eaeb000-7f5b2eaec000 r--p 0000a000 08:03 11014723                   /lib/x86_64-linux-gnu/libnss_files-2.23.so
7f5b2eaec000-7f5b2eaed000 rw-p 0000b000 08:03 11014723                   /lib/x86_64-linux-gnu/libnss_files-2.23.so
7f5b2eaed000-7f5b2eaf3000 rw-p 00000000 00:00 0 
7f5b2eaf3000-7f5b2eafe000 r-xp 00000000 08:03 11014733                   /lib/x86_64-linux-gnu/libnss_nis-2.23.so
7f5b2eafe000-7f5b2ecfd000 ---p 0000b000 08:03 11014733                   /lib/x86_64-linux-gnu/libnss_nis-2.23.so
7f5b2ecfd000-7f5b2ecfe000 r--p 0000a000 08:03 11014733                   /lib/x86_64-linux-gnu/libnss_nis-2.23.so
7f5b2ecfe000-7f5b2ecff000 rw-p 0000b000 08:03 11014733                   /lib/x86_64-linux-gnu/libnss_nis-2.23.so
7f5b2ecff000-7f5b2ed15000 r-xp 00000000 08:03 11014717                   /lib/x86_64-linux-gnu/libnsl-2.23.so
7f5b2ed15000-7f5b2ef14000 ---p 00016000 08:03 11014717                   /lib/x86_64-linux-gnu/libnsl-2.23.so
7f5b2ef14000-7f5b2ef15000 r--p 00015000 08:03 11014717                   /lib/x86_64-linux-gnu/libnsl-2.23.so
7f5b2ef15000-7f5b2ef16000 rw-p 00016000 08:03 11014717                   /lib/x86_64-linux-gnu/libnsl-2.23.so
7f5b2ef16000-7f5b2ef18000 rw-p 00000000 00:00 0 
7f5b2ef18000-7f5b2ef20000 r-xp 00000000 08:03 11014719                   /lib/x86_64-linux-gnu/libnss_compat-2.23.so
7f5b2ef20000-7f5b2f11f000 ---p 00008000 08:03 11014719                   /lib/x86_64-linux-gnu/libnss_compat-2.23.so
7f5b2f11f000-7f5b2f120000 r--p 00007000 08:03 11014719                   /lib/x86_64-linux-gnu/libnss_compat-2.23.so
7f5b2f120000-7f5b2f121000 rw-p 00008000 08:03 11014719                   /lib/x86_64-linux-gnu/libnss_compat-2.23.so
7f5b2f121000-7f5b2f14c000 r-xp 00000000 08:03 1445016                    /usr/lib/jvm/java-8-oracle/jre/lib/amd64/libjava.so
7f5b2f14c000-7f5b2f34b000 ---p 0002b000 08:03 1445016                    /usr/lib/jvm/java-8-oracle/jre/lib/amd64/libjava.so
7f5b2f34b000-7f5b2f34d000 rw-p 0002a000 08:03 1445016                    /usr/lib/jvm/java-8-oracle/jre/lib/amd64/libjava.so
7f5b2f34d000-7f5b2f35a000 r-xp 00000000 08:03 1445021                    /usr/lib/jvm/java-8-oracle/jre/lib/amd64/libverify.so
7f5b2f35a000-7f5b2f55a000 ---p 0000d000 08:03 1445021                    /usr/lib/jvm/java-8-oracle/jre/lib/amd64/libverify.so
7f5b2f55a000-7f5b2f55c000 rw-p 0000d000 08:03 1445021                    /usr/lib/jvm/java-8-oracle/jre/lib/amd64/libverify.so
7f5b2f55c000-7f5b2f563000 r-xp 00000000 08:03 11014778                   /lib/x86_64-linux-gnu/librt-2.23.so
7f5b2f563000-7f5b2f762000 ---p 00007000 08:03 11014778                   /lib/x86_64-linux-gnu/librt-2.23.so
7f5b2f762000-7f5b2f763000 r--p 00006000 08:03 11014778                   /lib/x86_64-linux-gnu/librt-2.23.so
7f5b2f763000-7f5b2f764000 rw-p 00007000 08:03 11014778                   /lib/x86_64-linux-gnu/librt-2.23.so
7f5b2f764000-7f5b2f86c000 r-xp 00000000 08:03 11014694                   /lib/x86_64-linux-gnu/libm-2.23.so
7f5b2f86c000-7f5b2fa6b000 ---p 00108000 08:03 11014694                   /lib/x86_64-linux-gnu/libm-2.23.so
7f5b2fa6b000-7f5b2fa6c000 r--p 00107000 08:03 11014694                   /lib/x86_64-linux-gnu/libm-2.23.so
7f5b2fa6c000-7f5b2fa6d000 rw-p 00108000 08:03 11014694                   /lib/x86_64-linux-gnu/libm-2.23.so
7f5b2fa6d000-7f5b30740000 r-xp 00000000 08:03 1444999                    /usr/lib/jvm/java-8-oracle/jre/lib/amd64/server/libjvm.so
7f5b30740000-7f5b3093f000 ---p 00cd3000 08:03 1444999                    /usr/lib/jvm/java-8-oracle/jre/lib/amd64/server/libjvm.so
7f5b3093f000-7f5b30a19000 rw-p 00cd2000 08:03 1444999                    /usr/lib/jvm/java-8-oracle/jre/lib/amd64/server/libjvm.so
7f5b30a19000-7f5b30a64000 rw-p 00000000 00:00 0 
7f5b30a64000-7f5b30c24000 r-xp 00000000 08:03 11014624                   /lib/x86_64-linux-gnu/libc-2.23.so
7f5b30c24000-7f5b30e24000 ---p 001c0000 08:03 11014624                   /lib/x86_64-linux-gnu/libc-2.23.so
7f5b30e24000-7f5b30e28000 r--p 001c0000 08:03 11014624                   /lib/x86_64-linux-gnu/libc-2.23.so
7f5b30e28000-7f5b30e2a000 rw-p 001c4000 08:03 11014624                   /lib/x86_64-linux-gnu/libc-2.23.so
7f5b30e2a000-7f5b30e2e000 rw-p 00000000 00:00 0 
7f5b30e2e000-7f5b30e31000 r-xp 00000000 08:03 11014648                   /lib/x86_64-linux-gnu/libdl-2.23.so
7f5b30e31000-7f5b31030000 ---p 00003000 08:03 11014648                   /lib/x86_64-linux-gnu/libdl-2.23.so
7f5b31030000-7f5b31031000 r--p 00002000 08:03 11014648                   /lib/x86_64-linux-gnu/libdl-2.23.so
7f5b31031000-7f5b31032000 rw-p 00003000 08:03 11014648                   /lib/x86_64-linux-gnu/libdl-2.23.so
7f5b31032000-7f5b31048000 r-xp 00000000 08:03 1316320                    /usr/lib/jvm/java-8-oracle/lib/amd64/jli/libjli.so
7f5b31048000-7f5b31247000 ---p 00016000 08:03 1316320                    /usr/lib/jvm/java-8-oracle/lib/amd64/jli/libjli.so
7f5b31247000-7f5b31248000 rw-p 00015000 08:03 1316320                    /usr/lib/jvm/java-8-oracle/lib/amd64/jli/libjli.so
7f5b31248000-7f5b31260000 r-xp 00000000 08:03 11014770                   /lib/x86_64-linux-gnu/libpthread-2.23.so
7f5b31260000-7f5b3145f000 ---p 00018000 08:03 11014770                   /lib/x86_64-linux-gnu/libpthread-2.23.so
7f5b3145f000-7f5b31460000 r--p 00017000 08:03 11014770                   /lib/x86_64-linux-gnu/libpthread-2.23.so
7f5b31460000-7f5b31461000 rw-p 00018000 08:03 11014770                   /lib/x86_64-linux-gnu/libpthread-2.23.so
7f5b31461000-7f5b31465000 rw-p 00000000 00:00 0 
7f5b31465000-7f5b3148b000 r-xp 00000000 08:03 11014596                   /lib/x86_64-linux-gnu/ld-2.23.so
7f5b3148b000-7f5b3156e000 rw-p 00000000 00:00 0 
7f5b3156e000-7f5b31571000 ---p 00000000 00:00 0 
7f5b31571000-7f5b31673000 rw-p 00000000 00:00 0 
7f5b31673000-7f5b31678000 r--s 002f9000 08:03 1316498                    /usr/lib/jvm/java-8-oracle/jre/lib/charsets.jar
7f5b31678000-7f5b3167e000 r--s 0004b000 08:03 5774827                    /home/paulo/Documentos/UEFS/TCC/Código/trapezoidCircuitSimulator/interface_java/CircuitSimulator/jcommon-1.0.23.jar
7f5b3167e000-7f5b31686000 rw-s 00000000 08:03 925317                     /tmp/hsperfdata_paulo/8865
7f5b31686000-7f5b31687000 rw-p 00000000 00:00 0 
7f5b31687000-7f5b31688000 r--p 00000000 00:00 0 
7f5b31688000-7f5b3168a000 rw-p 00000000 00:00 0 
7f5b3168a000-7f5b3168b000 r--p 00025000 08:03 11014596                   /lib/x86_64-linux-gnu/ld-2.23.so
7f5b3168b000-7f5b3168c000 rw-p 00026000 08:03 11014596                   /lib/x86_64-linux-gnu/ld-2.23.so
7f5b3168c000-7f5b3168d000 rw-p 00000000 00:00 0 
7ffc069c8000-7ffc069e9000 rw-p 00000000 00:00 0                          [stack]
7ffc069f4000-7ffc069f6000 r--p 00000000 00:00 0                          [vvar]
7ffc069f6000-7ffc069f8000 r-xp 00000000 00:00 0                          [vdso]
ffffffffff600000-ffffffffff601000 r-xp 00000000 00:00 0                  [vsyscall]

VM Arguments:
jvm_args: -Dfile.encoding=UTF-8 
java_command: org.gui.TrapezoidCircuitSimulator
java_class_path (initial): /home/paulo/Documentos/UEFS/TCC/Código/trapezoidCircuitSimulator/interface_java/CircuitSimulator/jfreechart-1.0.1.jar:/home/paulo/Documentos/UEFS/TCC/Código/trapezoidCircuitSimulator/interface_java/CircuitSimulator/jcommon-1.0.23.jar:/home/paulo/Documentos/UEFS/TCC/Código/trapezoidCircuitSimulator/interface_java/CircuitSimulator/build/classes
Launcher Type: SUN_STANDARD

Environment Variables:
JAVA_HOME=/usr/lib/jvm/java-8-oracle
PATH=/home/paulo/bin:/home/paulo/.local/bin:/usr/local/sbin:/usr/local/bin:/usr/sbin:/usr/bin:/sbin:/bin:/usr/games:/usr/local/games:/usr/lib/jvm/java-8-oracle/bin:/usr/lib/jvm/java-8-oracle/db/bin:/usr/lib/jvm/java-8-oracle/jre/bin
LD_LIBRARY_PATH=/usr/lib/jvm/java-8-oracle/jre/lib/amd64:/usr/lib/jvm/java-8-oracle/jre/lib/i386:
SHELL=/bin/bash
DISPLAY=:0

Signal Handlers:
SIGSEGV: [libjvm.so+0xacbe10], sa_mask[0]=11111111011111111101111111111110, sa_flags=SA_RESTART|SA_SIGINFO
SIGBUS: [libjvm.so+0xacbe10], sa_mask[0]=11111111011111111101111111111110, sa_flags=SA_RESTART|SA_SIGINFO
SIGFPE: [libjvm.so+0x924f90], sa_mask[0]=11111111011111111101111111111110, sa_flags=SA_RESTART|SA_SIGINFO
SIGPIPE: [libjvm.so+0x924f90], sa_mask[0]=11111111011111111101111111111110, sa_flags=SA_RESTART|SA_SIGINFO
SIGXFSZ: [libjvm.so+0x924f90], sa_mask[0]=11111111011111111101111111111110, sa_flags=SA_RESTART|SA_SIGINFO
SIGILL: [libjvm.so+0x924f90], sa_mask[0]=11111111011111111101111111111110, sa_flags=SA_RESTART|SA_SIGINFO
SIGUSR1: SIG_DFL, sa_mask[0]=00000000000000000000000000000000, sa_flags=none
SIGUSR2: [libjvm.so+0x9267d0], sa_mask[0]=00100000000000000000000000000000, sa_flags=SA_RESTART|SA_SIGINFO
SIGHUP: [libjvm.so+0x927bd0], sa_mask[0]=11111111011111111101111111111110, sa_flags=SA_RESTART|SA_SIGINFO
SIGINT: SIG_IGN, sa_mask[0]=00000000000000000000000000000000, sa_flags=none
SIGTERM: [libjvm.so+0x927bd0], sa_mask[0]=11111111011111111101111111111110, sa_flags=SA_RESTART|SA_SIGINFO
SIGQUIT: [libjvm.so+0x927bd0], sa_mask[0]=11111111011111111101111111111110, sa_flags=SA_RESTART|SA_SIGINFO


---------------  S Y S T E M  ---------------

OS:DISTRIB_ID="elementary"
DISTRIB_RELEASE=0.4.1
DISTRIB_CODENAME=loki
DISTRIB_DESCRIPTION="elementary OS 0.4.1 Loki"

uname:Linux 4.10.0-38-generic #42~16.04.1-Ubuntu SMP Tue Oct 10 16:32:20 UTC 2017 x86_64
libc:glibc 2.23 NPTL 2.23 
rlimit: STACK 8192k, CORE 0k, NPROC 13407, NOFILE 1048576, AS infinity
load average:3,91 1,79 1,45

/proc/meminfo:
MemTotal:        3476968 kB
MemFree:          120440 kB
MemAvailable:      99584 kB
Buffers:            5168 kB
Cached:           262720 kB
SwapCached:       100440 kB
Active:          2389976 kB
Inactive:         624000 kB
Active(anon):    2290720 kB
Inactive(anon):   572796 kB
Active(file):      99256 kB
Inactive(file):    51204 kB
Unevictable:        1144 kB
Mlocked:            1144 kB
SwapTotal:      20477948 kB
SwapFree:       19398596 kB
Dirty:              3228 kB
Writeback:             0 kB
AnonPages:       2721452 kB
Mapped:           240248 kB
Shmem:            117216 kB
Slab:              82848 kB
SReclaimable:      40740 kB
SUnreclaim:        42108 kB
KernelStack:       10544 kB
PageTables:        56576 kB
NFS_Unstable:          0 kB
Bounce:                0 kB
WritebackTmp:          0 kB
CommitLimit:    22216432 kB
Committed_AS:   10148760 kB
VmallocTotal:   34359738367 kB
VmallocUsed:           0 kB
VmallocChunk:          0 kB
HardwareCorrupted:     0 kB
AnonHugePages:    325632 kB
ShmemHugePages:        0 kB
ShmemPmdMapped:        0 kB
CmaTotal:              0 kB
CmaFree:               0 kB
HugePages_Total:       0
HugePages_Free:        0
HugePages_Rsvd:        0
HugePages_Surp:        0
Hugepagesize:       2048 kB
DirectMap4k:      464636 kB
DirectMap2M:     3153920 kB
DirectMap1G:           0 kB


CPU:total 2 (initial active 2) (2 cores per cpu, 1 threads per core) family 22 model 0 stepping 1, cmov, cx8, fxsr, mmx, sse, sse2, sse3, ssse3, sse4.1, sse4.2, popcnt, avx, aes, clmul, mmxext, 3dnowpref, lzcnt, sse4a, tsc, tscinvbit, tscinv, bmi1

/proc/cpuinfo:
processor	: 0
vendor_id	: AuthenticAMD
cpu family	: 22
model		: 0
model name	: AMD E1-2100 APU with Radeon(TM) HD Graphics
stepping	: 1
microcode	: 0x700010b
cpu MHz		: 800.000
cache size	: 1024 KB
physical id	: 0
siblings	: 2
core id		: 0
cpu cores	: 2
apicid		: 0
initial apicid	: 0
fpu		: yes
fpu_exception	: yes
cpuid level	: 13
wp		: yes
flags		: fpu vme de pse tsc msr pae mce cx8 apic sep mtrr pge mca cmov pat pse36 clflush mmx fxsr sse sse2 ht syscall nx mmxext fxsr_opt pdpe1gb rdtscp lm constant_tsc rep_good nopl nonstop_tsc extd_apicid aperfmperf pni pclmulqdq monitor ssse3 cx16 sse4_1 sse4_2 movbe popcnt aes xsave avx f16c lahf_lm cmp_legacy svm extapic cr8_legacy abm sse4a misalignsse 3dnowprefetch osvw ibs skinit wdt topoext perfctr_nb bpext perfctr_l2 hw_pstate proc_feedback vmmcall bmi1 xsaveopt arat npt lbrv svm_lock nrip_save tsc_scale flushbyasid decodeassists pausefilter pfthreshold overflow_recov
bugs		: fxsave_leak sysret_ss_attrs null_seg
bogomips	: 1996.43
TLB size	: 1024 4K pages
clflush size	: 64
cache_alignment	: 64
address sizes	: 40 bits physical, 48 bits virtual
power management: ts ttp tm 100mhzsteps hwpstate proc_feedback

processor	: 1
vendor_id	: AuthenticAMD
cpu family	: 22
model		: 0
model name	: AMD E1-2100 APU with Radeon(TM) HD Graphics
stepping	: 1
microcode	: 0x700010b
cpu MHz		: 1000.000
cache size	: 1024 KB
physical id	: 0
siblings	: 2
core id		: 1
cpu cores	: 2
apicid		: 1
initial apicid	: 1
fpu		: yes
fpu_exception	: yes
cpuid level	: 13
wp		: yes
flags		: fpu vme de pse tsc msr pae mce cx8 apic sep mtrr pge mca cmov pat pse36 clflush mmx fxsr sse sse2 ht syscall nx mmxext fxsr_opt pdpe1gb rdtscp lm constant_tsc rep_good nopl nonstop_tsc extd_apicid aperfmperf pni pclmulqdq monitor ssse3 cx16 sse4_1 sse4_2 movbe popcnt aes xsave avx f16c lahf_lm cmp_legacy svm extapic cr8_legacy abm sse4a misalignsse 3dnowprefetch osvw ibs skinit wdt topoext perfctr_nb bpext perfctr_l2 hw_pstate proc_feedback vmmcall bmi1 xsaveopt arat npt lbrv svm_lock nrip_save tsc_scale flushbyasid decodeassists pausefilter pfthreshold overflow_recov
bugs		: fxsave_leak sysret_ss_attrs null_seg
bogomips	: 1996.43
TLB size	: 1024 4K pages
clflush size	: 64
cache_alignment	: 64
address sizes	: 40 bits physical, 48 bits virtual
power management: ts ttp tm 100mhzsteps hwpstate proc_feedback



Memory: 4k page, physical 3476968k(120440k free), swap 20477948k(19398596k free)

vm_info: Java HotSpot(TM) 64-Bit Server VM (25.151-b12) for linux-amd64 JRE (1.8.0_151-b12), built on Sep  5 2017 19:20:58 by "java_re" with gcc 4.3.0 20080428 (Red Hat 4.3.0-8)

time: Wed Nov 22 15:45:28 2017
elapsed time: 328 seconds (0d 0h 5m 28s)

