#
# A fatal error has been detected by the Java Runtime Environment:
#
#  SIGSEGV (0xb) at pc=0x00007f73a77eff86, pid=22579, tid=0x00007f73afdff700
#
# JRE version: Java(TM) SE Runtime Environment (8.0_151-b12) (build 1.8.0_151-b12)
# Java VM: Java HotSpot(TM) 64-Bit Server VM (25.151-b12 mixed mode linux-amd64 compressed oops)
# Problematic frame:
# C  [libsimulation_jni.so+0x1ff86]  Resistor::set_stamp(double**, double**, int)+0x15e
#
# Failed to write core dump. Core dumps have been disabled. To enable core dumping, try "ulimit -c unlimited" before starting Java again
#
# If you would like to submit a bug report, please visit:
#   http://bugreport.java.com/bugreport/crash.jsp
# The crash happened outside the Java Virtual Machine in native code.
# See problematic frame for where to report the bug.
#

---------------  T H R E A D  ---------------

Current thread (0x00007f73fc281800):  JavaThread "AWT-EventQueue-0" [_thread_in_native, id=22601, stack(0x00007f73afcff000,0x00007f73afe00000)]

siginfo: si_signo: 11 (SIGSEGV), si_code: 1 (SEGV_MAPERR), si_addr: 0x000000000000009d

Registers:
RAX=0x000000000000009d, RBX=0x000000000000009d, RCX=0x0000000000000003, RDX=0x0000000000000018
RSP=0x00007f73afdfbdb0, RBP=0x00007f73afdfbdf0, RSI=0x00007f73b409ff30, RDI=0x00007f73b40faba0
R8 =0x00007f7401a0a780, R9 =0x00007f73afdff700, R10=0x0000000000000208, R11=0x00007f73a77ec98a
R12=0x0000000000000085, R13=0x0000000000000000, R14=0x00007f73afdfc308, R15=0x00007f73fc281800
RIP=0x00007f73a77eff86, EFLAGS=0x0000000000010202, CSGSFS=0x002b000000000033, ERR=0x0000000000000004
  TRAPNO=0x000000000000000e

Top of Stack: (sp=0x00007f73afdfbdb0)
0x00007f73afdfbdb0:   0000000000000000 0000000000000000
0x00007f73afdfbdc0:   0000000300000000 00007f73b40254e0
0x00007f73afdfbdd0:   00007f73b409ff30 00007f73b40faba0
0x00007f73afdfbde0:   00007f73a77efe28 0000000000000000
0x00007f73afdfbdf0:   00007f73afdfbee0 00007f73a77f0c97
0x00007f73afdfbe00:   00000002000a0000 00007f73b4099b50
0x00007f73afdfbe10:   0000000000000000 00007f73b40faba0
0x00007f73afdfbe20:   4824048b48ec8b4c 0000000000000000
0x00007f73afdfbe30:   00007f73afdfbe40 0000000000000001
0x00007f73afdfbe40:   00007f73b40f0052 00007f73afdfbe70
0x00007f73afdfbe50:   00007f73afdfbe60 0000000000000001
0x00007f73afdfbe60:   00007f73b40f0052 6938f23073d4f200
0x00007f73afdfbe70:   00007f73afdfbe80 0000000000000001
0x00007f73afdfbe80:   00007f73b4090052 00007f73b4104e00
0x00007f73afdfbe90:   00007f73afdfbea0 0000000000000001
0x00007f73afdfbea0:   00007f73b4090052 00007f73b4104e00
0x00007f73afdfbeb0:   00007f740179bd00 6938f23073d4f200
0x00007f73afdfbec0:   4824048b48ec8b4c 00007f73b4099b50
0x00007f73afdfbed0:   0000000000000000 00007f73a7d047e0
0x00007f73afdfbee0:   00007f73afdfbf70 00007f73a77f14ff
0x00007f73afdfbef0:   0000000000000000 00007f73b4099b50
0x00007f73afdfbf00:   0000000000000003 00000000b40254e0
0x00007f73afdfbf10:   00007f73b409ff30 0000000300000018
0x00007f73afdfbf20:   00007f73b4099b50 00007f73b4000020
0x00007f73afdfbf30:   0000000000000018 000000000402489c
0x00007f73afdfbf40:   00007f73b4099b50 00007f73b40000a8
0x00007f73afdfbf50:   0000000000000000 6938f23073d4f200
0x00007f73afdfbf60:   00007f73b4099b50 0000000000000000
0x00007f73afdfbf70:   00007f73afdfbf90 00007f73a77f2e4d
0x00007f73afdfbf80:   00007f73b4099b50 00007f73afdfbfd0
0x00007f73afdfbf90:   00007f73afdfc280 00007f73a77edfe6
0x00007f73afdfbfa0:   0000000000000000 00007f73afdfc300 

Instructions: (pc=0x00007f73a77eff86)
0x00007f73a77eff66:   e0 48 01 d0 4c 8b 20 48 8b 45 e8 48 89 c7 e8 27
0x00007f73a77eff76:   39 ff ff 48 98 48 c1 e0 03 48 83 e8 08 4c 01 e0
0x00007f73a77eff86:   f2 0f 10 20 f2 0f 11 65 c8 48 8b 45 e8 48 89 c7
0x00007f73a77eff96:   e8 45 48 ff ff 66 0f 28 c8 f2 0f 10 05 69 4c 00 

Register to memory mapping:

RAX=0x000000000000009d is an unknown value
RBX=0x000000000000009d is an unknown value
RCX=0x0000000000000003 is an unknown value
RDX=0x0000000000000018 is an unknown value
RSP=0x00007f73afdfbdb0 is pointing into the stack for thread: 0x00007f73fc281800
RBP=0x00007f73afdfbdf0 is pointing into the stack for thread: 0x00007f73fc281800
RSI=0x00007f73b409ff30 is an unknown value
RDI=0x00007f73b40faba0 is an unknown value
R8 =0x00007f7401a0a780: <offset 0x3c6780> in /lib/x86_64-linux-gnu/libc.so.6 at 0x00007f7401644000
R9 =0x00007f73afdff700 is pointing into the stack for thread: 0x00007f73fc281800
R10=0x0000000000000208 is an unknown value
R11=0x00007f73a77ec98a: _ZN7Element14get_resistanceEv+0 in /usr/lib/libsimulation_jni.so at 0x00007f73a77d0000
R12=0x0000000000000085 is an unknown value
R13=0x0000000000000000 is an unknown value
R14=0x00007f73afdfc308 is pointing into the stack for thread: 0x00007f73fc281800
R15=0x00007f73fc281800 is a thread


Stack: [0x00007f73afcff000,0x00007f73afe00000],  sp=0x00007f73afdfbdb0,  free space=1011k
Native frames: (J=compiled Java code, j=interpreted, Vv=VM code, C=native code)
C  [libsimulation_jni.so+0x1ff86]  Resistor::set_stamp(double**, double**, int)+0x15e
C  [libsimulation_jni.so+0x20c97]  Simulation::build_matriz_mna()+0x417
C  [libsimulation_jni.so+0x214ff]  Simulation::run_analysis()+0x7f
C  [libsimulation_jni.so+0x22e4d]  Simulator::run_mna_analysis()+0x1b
C  [libsimulation_jni.so+0x1dfe6]  Java_org_jni_InterfaceJNI_run_1analysis+0x1b6
j  org.jni.InterfaceJNI.run_analysis(Ljava/lang/String;)Ljava/lang/String;+0
j  org.gui.MainWindow.actionPerformed(Ljava/awt/event/ActionEvent;)V+131
j  javax.swing.AbstractButton.fireActionPerformed(Ljava/awt/event/ActionEvent;)V+83
j  javax.swing.AbstractButton$Handler.actionPerformed(Ljava/awt/event/ActionEvent;)V+5
j  javax.swing.DefaultButtonModel.fireActionPerformed(Ljava/awt/event/ActionEvent;)V+34
j  javax.swing.DefaultButtonModel.setPressed(Z)V+117
j  javax.swing.plaf.basic.BasicButtonListener.mouseReleased(Ljava/awt/event/MouseEvent;)V+35
j  java.awt.AWTEventMulticaster.mouseReleased(Ljava/awt/event/MouseEvent;)V+8
J 2067 C1 java.awt.Component.processMouseEvent(Ljava/awt/event/MouseEvent;)V (100 bytes) @ 0x00007f73ec67aa24 [0x00007f73ec67a6a0+0x384]
j  javax.swing.JComponent.processMouseEvent(Ljava/awt/event/MouseEvent;)V+23
J 1200 C1 java.awt.Component.processEvent(Ljava/awt/AWTEvent;)V (220 bytes) @ 0x00007f73ec58e5dc [0x00007f73ec58e0c0+0x51c]
J 1248 C1 java.awt.Container.processEvent(Ljava/awt/AWTEvent;)V (22 bytes) @ 0x00007f73ec5c11c4 [0x00007f73ec5c0ea0+0x324]
J 1911 C1 java.awt.Component.dispatchEventImpl(Ljava/awt/AWTEvent;)V (883 bytes) @ 0x00007f73ec797984 [0x00007f73ec792500+0x5484]
J 1066 C1 java.awt.Container.dispatchEventImpl(Ljava/awt/AWTEvent;)V (129 bytes) @ 0x00007f73ec510d24 [0x00007f73ec510be0+0x144]
J 1302 C1 java.awt.LightweightDispatcher.retargetMouseEvent(Ljava/awt/Component;ILjava/awt/event/MouseEvent;)V (350 bytes) @ 0x00007f73ec6030f4 [0x00007f73ec600ba0+0x2554]
J 1496 C1 java.awt.LightweightDispatcher.processMouseEvent(Ljava/awt/event/MouseEvent;)Z (286 bytes) @ 0x00007f73ec3caffc [0x00007f73ec3c9900+0x16fc]
J 1304 C1 java.awt.LightweightDispatcher.dispatchEvent(Ljava/awt/AWTEvent;)Z (73 bytes) @ 0x00007f73ec6053b4 [0x00007f73ec604f80+0x434]
J 1066 C1 java.awt.Container.dispatchEventImpl(Ljava/awt/AWTEvent;)V (129 bytes) @ 0x00007f73ec510cc4 [0x00007f73ec510be0+0xe4]
J 1319 C1 java.awt.Window.dispatchEventImpl(Ljava/awt/AWTEvent;)V (23 bytes) @ 0x00007f73ec60f084 [0x00007f73ec60eaa0+0x5e4]
J 1239 C1 java.awt.EventQueue.dispatchEventImpl(Ljava/awt/AWTEvent;Ljava/lang/Object;)V (149 bytes) @ 0x00007f73ec5b6474 [0x00007f73ec5b4c40+0x1834]
J 1237 C1 java.awt.EventQueue$3.run()Ljava/lang/Void; (60 bytes) @ 0x00007f73ec5b4044 [0x00007f73ec5b3e40+0x204]
J 1236 C1 java.awt.EventQueue$3.run()Ljava/lang/Object; (5 bytes) @ 0x00007f73ec5b3acc [0x00007f73ec5b3a40+0x8c]
v  ~StubRoutines::call_stub
V  [libjvm.so+0x693e76]  JavaCalls::call_helper(JavaValue*, methodHandle*, JavaCallArguments*, Thread*)+0x1056
V  [libjvm.so+0x72d14c]  JVM_DoPrivileged+0x27c
J 326  java.security.AccessController.doPrivileged(Ljava/security/PrivilegedAction;Ljava/security/AccessControlContext;)Ljava/lang/Object; (0 bytes) @ 0x00007f73ec330f95 [0x00007f73ec330ec0+0xd5]
J 1181 C1 java.awt.EventQueue$4.run()Ljava/lang/Object; (5 bytes) @ 0x00007f73ec56c5a4 [0x00007f73ec56c180+0x424]
v  ~StubRoutines::call_stub
V  [libjvm.so+0x693e76]  JavaCalls::call_helper(JavaValue*, methodHandle*, JavaCallArguments*, Thread*)+0x1056
V  [libjvm.so+0x72d14c]  JVM_DoPrivileged+0x27c
J 326  java.security.AccessController.doPrivileged(Ljava/security/PrivilegedAction;Ljava/security/AccessControlContext;)Ljava/lang/Object; (0 bytes) @ 0x00007f73ec330f95 [0x00007f73ec330ec0+0xd5]
J 1153 C1 java.awt.EventQueue.dispatchEvent(Ljava/awt/AWTEvent;)V (80 bytes) @ 0x00007f73ec55ea34 [0x00007f73ec55dbc0+0xe74]
J 1240 C1 java.awt.EventDispatchThread.pumpOneEventForFilters(I)V (295 bytes) @ 0x00007f73ec5b93d4 [0x00007f73ec5b7880+0x1b54]
j  java.awt.EventDispatchThread.pumpEventsForFilter(ILjava/awt/Conditional;Ljava/awt/EventFilter;)V+35
j  java.awt.EventDispatchThread.pumpEventsForHierarchy(ILjava/awt/Conditional;Ljava/awt/Component;)V+11
j  java.awt.EventDispatchThread.pumpEvents(ILjava/awt/Conditional;)V+4
j  java.awt.EventDispatchThread.pumpEvents(Ljava/awt/Conditional;)V+3
j  java.awt.EventDispatchThread.run()V+9
v  ~StubRoutines::call_stub
V  [libjvm.so+0x693e76]  JavaCalls::call_helper(JavaValue*, methodHandle*, JavaCallArguments*, Thread*)+0x1056
V  [libjvm.so+0x694381]  JavaCalls::call_virtual(JavaValue*, KlassHandle, Symbol*, Symbol*, JavaCallArguments*, Thread*)+0x321
V  [libjvm.so+0x694827]  JavaCalls::call_virtual(JavaValue*, Handle, KlassHandle, Symbol*, Symbol*, Thread*)+0x47
V  [libjvm.so+0x72fbb0]  thread_entry(JavaThread*, Thread*)+0xa0
V  [libjvm.so+0xa79b53]  JavaThread::thread_main_inner()+0x103
V  [libjvm.so+0xa79c9c]  JavaThread::run()+0x11c
V  [libjvm.so+0x92a728]  java_start(Thread*)+0x108
C  [libpthread.so.0+0x76ba]  start_thread+0xca

Java frames: (J=compiled Java code, j=interpreted, Vv=VM code)
j  org.jni.InterfaceJNI.run_analysis(Ljava/lang/String;)Ljava/lang/String;+0
j  org.gui.MainWindow.actionPerformed(Ljava/awt/event/ActionEvent;)V+131
j  javax.swing.AbstractButton.fireActionPerformed(Ljava/awt/event/ActionEvent;)V+83
j  javax.swing.AbstractButton$Handler.actionPerformed(Ljava/awt/event/ActionEvent;)V+5
j  javax.swing.DefaultButtonModel.fireActionPerformed(Ljava/awt/event/ActionEvent;)V+34
j  javax.swing.DefaultButtonModel.setPressed(Z)V+117
j  javax.swing.plaf.basic.BasicButtonListener.mouseReleased(Ljava/awt/event/MouseEvent;)V+35
j  java.awt.AWTEventMulticaster.mouseReleased(Ljava/awt/event/MouseEvent;)V+8
J 2067 C1 java.awt.Component.processMouseEvent(Ljava/awt/event/MouseEvent;)V (100 bytes) @ 0x00007f73ec67aa24 [0x00007f73ec67a6a0+0x384]
j  javax.swing.JComponent.processMouseEvent(Ljava/awt/event/MouseEvent;)V+23
J 1200 C1 java.awt.Component.processEvent(Ljava/awt/AWTEvent;)V (220 bytes) @ 0x00007f73ec58e5dc [0x00007f73ec58e0c0+0x51c]
J 1248 C1 java.awt.Container.processEvent(Ljava/awt/AWTEvent;)V (22 bytes) @ 0x00007f73ec5c11c4 [0x00007f73ec5c0ea0+0x324]
J 1911 C1 java.awt.Component.dispatchEventImpl(Ljava/awt/AWTEvent;)V (883 bytes) @ 0x00007f73ec797984 [0x00007f73ec792500+0x5484]
J 1066 C1 java.awt.Container.dispatchEventImpl(Ljava/awt/AWTEvent;)V (129 bytes) @ 0x00007f73ec510d24 [0x00007f73ec510be0+0x144]
J 1302 C1 java.awt.LightweightDispatcher.retargetMouseEvent(Ljava/awt/Component;ILjava/awt/event/MouseEvent;)V (350 bytes) @ 0x00007f73ec6030f4 [0x00007f73ec600ba0+0x2554]
J 1496 C1 java.awt.LightweightDispatcher.processMouseEvent(Ljava/awt/event/MouseEvent;)Z (286 bytes) @ 0x00007f73ec3caffc [0x00007f73ec3c9900+0x16fc]
J 1304 C1 java.awt.LightweightDispatcher.dispatchEvent(Ljava/awt/AWTEvent;)Z (73 bytes) @ 0x00007f73ec6053b4 [0x00007f73ec604f80+0x434]
J 1066 C1 java.awt.Container.dispatchEventImpl(Ljava/awt/AWTEvent;)V (129 bytes) @ 0x00007f73ec510cc4 [0x00007f73ec510be0+0xe4]
J 1319 C1 java.awt.Window.dispatchEventImpl(Ljava/awt/AWTEvent;)V (23 bytes) @ 0x00007f73ec60f084 [0x00007f73ec60eaa0+0x5e4]
J 1239 C1 java.awt.EventQueue.dispatchEventImpl(Ljava/awt/AWTEvent;Ljava/lang/Object;)V (149 bytes) @ 0x00007f73ec5b6474 [0x00007f73ec5b4c40+0x1834]
J 1237 C1 java.awt.EventQueue$3.run()Ljava/lang/Void; (60 bytes) @ 0x00007f73ec5b4044 [0x00007f73ec5b3e40+0x204]
J 1236 C1 java.awt.EventQueue$3.run()Ljava/lang/Object; (5 bytes) @ 0x00007f73ec5b3acc [0x00007f73ec5b3a40+0x8c]
v  ~StubRoutines::call_stub
J 326  java.security.AccessController.doPrivileged(Ljava/security/PrivilegedAction;Ljava/security/AccessControlContext;)Ljava/lang/Object; (0 bytes) @ 0x00007f73ec330f23 [0x00007f73ec330ec0+0x63]
J 1181 C1 java.awt.EventQueue$4.run()Ljava/lang/Object; (5 bytes) @ 0x00007f73ec56c5a4 [0x00007f73ec56c180+0x424]
v  ~StubRoutines::call_stub
J 326  java.security.AccessController.doPrivileged(Ljava/security/PrivilegedAction;Ljava/security/AccessControlContext;)Ljava/lang/Object; (0 bytes) @ 0x00007f73ec330f23 [0x00007f73ec330ec0+0x63]
J 1153 C1 java.awt.EventQueue.dispatchEvent(Ljava/awt/AWTEvent;)V (80 bytes) @ 0x00007f73ec55ea34 [0x00007f73ec55dbc0+0xe74]
J 1240 C1 java.awt.EventDispatchThread.pumpOneEventForFilters(I)V (295 bytes) @ 0x00007f73ec5b93d4 [0x00007f73ec5b7880+0x1b54]
j  java.awt.EventDispatchThread.pumpEventsForFilter(ILjava/awt/Conditional;Ljava/awt/EventFilter;)V+35
j  java.awt.EventDispatchThread.pumpEventsForHierarchy(ILjava/awt/Conditional;Ljava/awt/Component;)V+11
j  java.awt.EventDispatchThread.pumpEvents(ILjava/awt/Conditional;)V+4
j  java.awt.EventDispatchThread.pumpEvents(Ljava/awt/Conditional;)V+3
j  java.awt.EventDispatchThread.run()V+9
v  ~StubRoutines::call_stub

---------------  P R O C E S S  ---------------

Java Threads: ( => current thread )
  0x00007f73b4093800 JavaThread "Image Fetcher 2" daemon [_thread_blocked, id=22681, stack(0x00007f73d82b2000,0x00007f73d83b3000)]
  0x00007f73b40a0800 JavaThread "Image Fetcher 3" daemon [_thread_blocked, id=22680, stack(0x00007f73d83b3000,0x00007f73d84b4000)]
  0x00007f73b40aa000 JavaThread "TimerQueue" daemon [_thread_blocked, id=22605, stack(0x00007f73d81b1000,0x00007f73d82b2000)]
  0x00007f73fc00a000 JavaThread "DestroyJavaVM" [_thread_blocked, id=22584, stack(0x00007f740214d000,0x00007f740224e000)]
=>0x00007f73fc281800 JavaThread "AWT-EventQueue-0" [_thread_in_native, id=22601, stack(0x00007f73afcff000,0x00007f73afe00000)]
  0x00007f73fc27f800 JavaThread "AWT-Shutdown" [_thread_blocked, id=22600, stack(0x00007f73d80b0000,0x00007f73d81b1000)]
  0x00007f73fc237000 JavaThread "AWT-XAWT" daemon [_thread_in_native, id=22596, stack(0x00007f73d84b4000,0x00007f73d85b5000)]
  0x00007f73fc214000 JavaThread "Java2D Disposer" daemon [_thread_blocked, id=22595, stack(0x00007f73e80d2000,0x00007f73e81d3000)]
  0x00007f73fc0cc000 JavaThread "Service Thread" daemon [_thread_blocked, id=22593, stack(0x00007f73e82f5000,0x00007f73e83f6000)]
  0x00007f73fc0b7000 JavaThread "C1 CompilerThread1" daemon [_thread_blocked, id=22592, stack(0x00007f73e83f6000,0x00007f73e84f7000)]
  0x00007f73fc0b4000 JavaThread "C2 CompilerThread0" daemon [_thread_blocked, id=22591, stack(0x00007f73e84f7000,0x00007f73e85f8000)]
  0x00007f73fc0b2800 JavaThread "Signal Dispatcher" daemon [_thread_blocked, id=22590, stack(0x00007f73e85f8000,0x00007f73e86f9000)]
  0x00007f73fc080000 JavaThread "Finalizer" daemon [_thread_blocked, id=22589, stack(0x00007f73e86f9000,0x00007f73e87fa000)]
  0x00007f73fc07b000 JavaThread "Reference Handler" daemon [_thread_blocked, id=22588, stack(0x00007f73e87fa000,0x00007f73e88fb000)]

Other Threads:
  0x00007f73fc073800 VMThread [stack: 0x00007f73e88fb000,0x00007f73e89fc000] [id=22587]
  0x00007f73fc0ce800 WatcherThread [stack: 0x00007f73e81f4000,0x00007f73e82f5000] [id=22594]

VM state:not at safepoint (normal execution)

VM Mutex/Monitor currently owned by a thread: None

Heap:
 PSYoungGen      total 16384K, used 12679K [0x00000000ee500000, 0x00000000ef700000, 0x0000000100000000)
  eden space 14336K, 74% used [0x00000000ee500000,0x00000000eef656b8,0x00000000ef300000)
  from space 2048K, 99% used [0x00000000ef500000,0x00000000ef6fc840,0x00000000ef700000)
  to   space 2048K, 0% used [0x00000000ef300000,0x00000000ef300000,0x00000000ef500000)
 ParOldGen       total 36864K, used 5507K [0x00000000cae00000, 0x00000000cd200000, 0x00000000ee500000)
  object space 36864K, 14% used [0x00000000cae00000,0x00000000cb360e70,0x00000000cd200000)
 Metaspace       used 17221K, capacity 17506K, committed 17920K, reserved 1064960K
  class space    used 2128K, capacity 2197K, committed 2304K, reserved 1048576K

Card table byte_map: [0x00007f73ebbff000,0x00007f73ebda9000] byte_map_base: 0x00007f73eb5a8000

Marking Bits: (ParMarkBitMap*) 0x00007f7401616f80
 Begin Bits: [0x00007f73e9f6d000, 0x00007f73eacb5000)
 End Bits:   [0x00007f73eacb5000, 0x00007f73eb9fd000)

Polling page: 0x00007f7402267000

CodeCache: size=245760Kb used=7183Kb max_used=7230Kb free=238576Kb
 bounds [0x00007f73ec169000, 0x00007f73ec889000, 0x00007f73fb169000]
 total_blobs=2822 nmethods=2231 adapters=503
 compilation: enabled

Compilation events (10 events):
Event: 189,304 Thread 0x00007f73fc0b7000 nmethod 2478 0x00007f73ec7af4d0 code [0x00007f73ec7af660, 0x00007f73ec7afbf8]
Event: 189,311 Thread 0x00007f73fc0b4000 nmethod 2479 0x00007f73ec7abdd0 code [0x00007f73ec7abf40, 0x00007f73ec7ac2b8]
Event: 189,311 Thread 0x00007f73fc0b4000 2481       4       javax.swing.SwingUtilities::appContextGet (8 bytes)
Event: 189,315 Thread 0x00007f73fc0b4000 nmethod 2481 0x00007f73ec7aba90 code [0x00007f73ec7abbe0, 0x00007f73ec7abcc8]
Event: 189,360 Thread 0x00007f73fc0b7000 2482       3       sun.misc.FloatingDecimal$BinaryToASCIIBuffer::getChars (502 bytes)
Event: 189,366 Thread 0x00007f73fc0b7000 nmethod 2482 0x00007f73ec7ad950 code [0x00007f73ec7adbc0, 0x00007f73ec7aebd8]
Event: 189,366 Thread 0x00007f73fc0b7000 2483       3       java.io.File::exists (43 bytes)
Event: 189,368 Thread 0x00007f73fc0b7000 nmethod 2483 0x00007f73ec7ad210 code [0x00007f73ec7ad3c0, 0x00007f73ec7ad828]
Event: 189,573 Thread 0x00007f73fc0b7000 2484       3       sun.awt.X11.XDecoratedPeer::handlePropertyNotify (51 bytes)
Event: 189,581 Thread 0x00007f73fc0b7000 nmethod 2484 0x00007f73ec7a8f90 code [0x00007f73ec7a92c0, 0x00007f73ec7aabb8]

GC Heap History (4 events):
Event: 7,427 GC heap before
{Heap before GC invocations=1 (full 0):
 PSYoungGen      total 16384K, used 14336K [0x00000000ee500000, 0x00000000ef700000, 0x0000000100000000)
  eden space 14336K, 100% used [0x00000000ee500000,0x00000000ef300000,0x00000000ef300000)
  from space 2048K, 0% used [0x00000000ef500000,0x00000000ef500000,0x00000000ef700000)
  to   space 2048K, 0% used [0x00000000ef300000,0x00000000ef300000,0x00000000ef500000)
 ParOldGen       total 36864K, used 0K [0x00000000cae00000, 0x00000000cd200000, 0x00000000ee500000)
  object space 36864K, 0% used [0x00000000cae00000,0x00000000cae00000,0x00000000cd200000)
 Metaspace       used 12812K, capacity 13100K, committed 13440K, reserved 1060864K
  class space    used 1521K, capacity 1586K, committed 1664K, reserved 1048576K
Event: 7,498 GC heap after
Heap after GC invocations=1 (full 0):
 PSYoungGen      total 16384K, used 2048K [0x00000000ee500000, 0x00000000ef700000, 0x0000000100000000)
  eden space 14336K, 0% used [0x00000000ee500000,0x00000000ee500000,0x00000000ef300000)
  from space 2048K, 100% used [0x00000000ef300000,0x00000000ef500000,0x00000000ef500000)
  to   space 2048K, 0% used [0x00000000ef500000,0x00000000ef500000,0x00000000ef700000)
 ParOldGen       total 36864K, used 3026K [0x00000000cae00000, 0x00000000cd200000, 0x00000000ee500000)
  object space 36864K, 8% used [0x00000000cae00000,0x00000000cb0f4a48,0x00000000cd200000)
 Metaspace       used 12812K, capacity 13100K, committed 13440K, reserved 1060864K
  class space    used 1521K, capacity 1586K, committed 1664K, reserved 1048576K
}
Event: 53,502 GC heap before
{Heap before GC invocations=2 (full 0):
 PSYoungGen      total 16384K, used 16384K [0x00000000ee500000, 0x00000000ef700000, 0x0000000100000000)
  eden space 14336K, 100% used [0x00000000ee500000,0x00000000ef300000,0x00000000ef300000)
  from space 2048K, 100% used [0x00000000ef300000,0x00000000ef500000,0x00000000ef500000)
  to   space 2048K, 0% used [0x00000000ef500000,0x00000000ef500000,0x00000000ef700000)
 ParOldGen       total 36864K, used 3026K [0x00000000cae00000, 0x00000000cd200000, 0x00000000ee500000)
  object space 36864K, 8% used [0x00000000cae00000,0x00000000cb0f4a48,0x00000000cd200000)
 Metaspace       used 14382K, capacity 14672K, committed 14848K, reserved 1062912K
  class space    used 1660K, capacity 1746K, committed 1792K, reserved 1048576K
Event: 53,534 GC heap after
Heap after GC invocations=2 (full 0):
 PSYoungGen      total 16384K, used 2034K [0x00000000ee500000, 0x00000000ef700000, 0x0000000100000000)
  eden space 14336K, 0% used [0x00000000ee500000,0x00000000ee500000,0x00000000ef300000)
  from space 2048K, 99% used [0x00000000ef500000,0x00000000ef6fc840,0x00000000ef700000)
  to   space 2048K, 0% used [0x00000000ef300000,0x00000000ef300000,0x00000000ef500000)
 ParOldGen       total 36864K, used 5507K [0x00000000cae00000, 0x00000000cd200000, 0x00000000ee500000)
  object space 36864K, 14% used [0x00000000cae00000,0x00000000cb360e70,0x00000000cd200000)
 Metaspace       used 14382K, capacity 14672K, committed 14848K, reserved 1062912K
  class space    used 1660K, capacity 1746K, committed 1792K, reserved 1048576K
}

Deoptimization events (10 events):
Event: 92,968 Thread 0x00007f73fc281800 Uncommon trap: reason=class_check action=maybe_recompile pc=0x00007f73ec6beb78 method=java.awt.Container.getMouseEventTargetImpl(IIZLjava/awt/Container$EventTargetFilter;ZZ)Ljava/awt/Component; @ 191
Event: 92,979 Thread 0x00007f73fc281800 Uncommon trap: reason=class_check action=maybe_recompile pc=0x00007f73ec6beb78 method=java.awt.Container.getMouseEventTargetImpl(IIZLjava/awt/Container$EventTargetFilter;ZZ)Ljava/awt/Component; @ 191
Event: 92,992 Thread 0x00007f73fc281800 Uncommon trap: reason=class_check action=maybe_recompile pc=0x00007f73ec6beb78 method=java.awt.Container.getMouseEventTargetImpl(IIZLjava/awt/Container$EventTargetFilter;ZZ)Ljava/awt/Component; @ 191
Event: 93,003 Thread 0x00007f73fc281800 Uncommon trap: reason=class_check action=maybe_recompile pc=0x00007f73ec6b9e8c method=java.awt.Container.getMouseEventTargetImpl(IIZLjava/awt/Container$EventTargetFilter;ZZ)Ljava/awt/Component; @ 191
Event: 100,793 Thread 0x00007f73fc281800 Uncommon trap: reason=unstable_if action=reinterpret pc=0x00007f73ec6f29a0 method=java.awt.EventQueue.eventToCacheIndex(Ljava/awt/AWTEvent;)I @ 71
Event: 100,794 Thread 0x00007f73fc281800 Uncommon trap: reason=unstable_if action=reinterpret pc=0x00007f73ec76ef34 method=java.awt.EventQueue.eventToCacheIndex(Ljava/awt/AWTEvent;)I @ 71
Event: 102,505 Thread 0x00007f73fc281800 Uncommon trap: reason=unstable_if action=reinterpret pc=0x00007f73ec4544e8 method=java.lang.String.indexOf([CII[CIII)I @ 3
Event: 143,369 Thread 0x00007f73fc281800 Uncommon trap: reason=unstable_if action=reinterpret pc=0x00007f73ec280654 method=java.security.AccessControlContext.optimize()Ljava/security/AccessControlContext; @ 220
Event: 144,139 Thread 0x00007f73fc281800 Uncommon trap: reason=unstable_if action=reinterpret pc=0x00007f73ec405748 method=java.io.UnixFileSystem.normalize(Ljava/lang/String;)Ljava/lang/String; @ 60
Event: 178,258 Thread 0x00007f73fc237000 Uncommon trap: reason=unstable_if action=reinterpret pc=0x00007f73ec3e61d4 method=sun.awt.X11.XWindow.getModifiers(III)I @ 16

Internal exceptions (10 events):
Event: 0,744 Thread 0x00007f73fc00a000 Exception <a 'java/security/PrivilegedActionException'> (0x00000000ee567d88) thrown at [/HUDSON/workspace/8-2-build-linux-amd64/jdk8u151/9699/hotspot/src/share/vm/prims/jvm.cpp, line 1390]
Event: 1,150 Thread 0x00007f73fc00a000 Exception <a 'java/security/PrivilegedActionException'> (0x00000000ee5ef728) thrown at [/HUDSON/workspace/8-2-build-linux-amd64/jdk8u151/9699/hotspot/src/share/vm/prims/jvm.cpp, line 1390]
Event: 1,150 Thread 0x00007f73fc00a000 Exception <a 'java/security/PrivilegedActionException'> (0x00000000ee5ef938) thrown at [/HUDSON/workspace/8-2-build-linux-amd64/jdk8u151/9699/hotspot/src/share/vm/prims/jvm.cpp, line 1390]
Event: 1,161 Thread 0x00007f73fc00a000 Exception <a 'java/security/PrivilegedActionException'> (0x00000000ee5f1da0) thrown at [/HUDSON/workspace/8-2-build-linux-amd64/jdk8u151/9699/hotspot/src/share/vm/prims/jvm.cpp, line 1390]
Event: 1,161 Thread 0x00007f73fc00a000 Exception <a 'java/security/PrivilegedActionException'> (0x00000000ee5f1fb0) thrown at [/HUDSON/workspace/8-2-build-linux-amd64/jdk8u151/9699/hotspot/src/share/vm/prims/jvm.cpp, line 1390]
Event: 1,761 Thread 0x00007f73fc00a000 Exception <a 'java/lang/NoSuchFieldError': method resolution failed> (0x00000000ee6c2640) thrown at [/HUDSON/workspace/8-2-build-linux-amd64/jdk8u151/9699/hotspot/src/share/vm/prims/methodHandles.cpp, line 1146]
Event: 1,772 Thread 0x00007f73fc00a000 Exception <a 'java/lang/NoSuchFieldError': method resolution failed> (0x00000000ee6cfe10) thrown at [/HUDSON/workspace/8-2-build-linux-amd64/jdk8u151/9699/hotspot/src/share/vm/prims/methodHandles.cpp, line 1146]
Event: 2,203 Thread 0x00007f73fc00a000 Exception <a 'java/io/FileNotFoundException'> (0x00000000ee74eba0) thrown at [/HUDSON/workspace/8-2-build-linux-amd64/jdk8u151/9699/hotspot/src/share/vm/prims/jni.cpp, line 709]
Event: 2,203 Thread 0x00007f73fc00a000 Exception <a 'java/io/FileNotFoundException'> (0x00000000ee74f6a0) thrown at [/HUDSON/workspace/8-2-build-linux-amd64/jdk8u151/9699/hotspot/src/share/vm/prims/jni.cpp, line 709]
Event: 91,669 Thread 0x00007f73fc281800 Implicit null exception at 0x00007f73ec72c5f6 to 0x00007f73ec72f375

Events (10 events):
Event: 189,229 loading class javax/swing/plaf/metal/MetalTitlePane$PropertyChangeHandler
Event: 189,229 loading class javax/swing/plaf/metal/MetalTitlePane$PropertyChangeHandler done
Event: 189,255 Executing VM operation: RevokeBias
Event: 189,256 Executing VM operation: RevokeBias done
Event: 189,296 loading class java/io/FileWriter
Event: 189,358 loading class java/io/FileWriter done
Event: 189,361 loading class org/jni/InterfaceJNI
Event: 189,361 loading class org/jni/InterfaceJNI done
Event: 189,592 Executing VM operation: RevokeBias
Event: 189,593 Executing VM operation: RevokeBias done


Dynamic libraries:
00400000-00401000 r-xp 00000000 08:03 1056627                            /usr/lib/jvm/java-8-oracle/bin/java
00600000-00601000 rw-p 00000000 08:03 1056627                            /usr/lib/jvm/java-8-oracle/bin/java
0185c000-0187d000 rw-p 00000000 00:00 0                                  [heap]
cae00000-cd200000 rw-p 00000000 00:00 0 
cd200000-ee500000 ---p 00000000 00:00 0 
ee500000-ef700000 rw-p 00000000 00:00 0 
ef700000-100000000 ---p 00000000 00:00 0 
100000000-100240000 rw-p 00000000 00:00 0 
100240000-140000000 ---p 00000000 00:00 0 
7f73a744e000-7f73a75c0000 r-xp 00000000 08:03 786613                     /usr/lib/x86_64-linux-gnu/libstdc++.so.6.0.21
7f73a75c0000-7f73a77c0000 ---p 00172000 08:03 786613                     /usr/lib/x86_64-linux-gnu/libstdc++.so.6.0.21
7f73a77c0000-7f73a77ca000 r--p 00172000 08:03 786613                     /usr/lib/x86_64-linux-gnu/libstdc++.so.6.0.21
7f73a77ca000-7f73a77cc000 rw-p 0017c000 08:03 786613                     /usr/lib/x86_64-linux-gnu/libstdc++.so.6.0.21
7f73a77cc000-7f73a77d0000 rw-p 00000000 00:00 0 
7f73a77d0000-7f73a77fc000 r-xp 00000000 08:03 798629                     /usr/lib/libsimulation_jni.so
7f73a77fc000-7f73a79fb000 ---p 0002c000 08:03 798629                     /usr/lib/libsimulation_jni.so
7f73a79fb000-7f73a79fc000 r--p 0002b000 08:03 798629                     /usr/lib/libsimulation_jni.so
7f73a79fc000-7f73a79fe000 rw-p 0002c000 08:03 798629                     /usr/lib/libsimulation_jni.so
7f73a79fe000-7f73a7a01000 ---p 00000000 00:00 0 
7f73a7a01000-7f73a7aff000 rw-p 00000000 00:00 0 
7f73a7aff000-7f73a7b02000 ---p 00000000 00:00 0 
7f73a7b02000-7f73a7d40000 rw-p 00000000 00:00 0 
7f73a7d40000-7f73a7e00000 ---p 00000000 00:00 0 
7f73a7e00000-7f73a8000000 rw-p 00000000 00:00 0 
7f73a8000000-7f73a8034000 rw-p 00000000 00:00 0 
7f73a8034000-7f73ac000000 ---p 00000000 00:00 0 
7f73ac054000-7f73ac07e000 r-xp 00000000 08:03 1444477                    /usr/lib/jvm/java-8-oracle/jre/lib/amd64/libdcpr.so
7f73ac07e000-7f73ac27e000 ---p 0002a000 08:03 1444477                    /usr/lib/jvm/java-8-oracle/jre/lib/amd64/libdcpr.so
7f73ac27e000-7f73ac281000 rw-p 0002a000 08:03 1444477                    /usr/lib/jvm/java-8-oracle/jre/lib/amd64/libdcpr.so
7f73ac281000-7f73ac456000 rw-s 00000000 00:05 583368716                  /SYSV00000000 (deleted)
7f73ac456000-7f73ac656000 rw-p 00000000 00:00 0 
7f73ac656000-7f73ac6bf000 r-xp 00000000 08:03 1444491                    /usr/lib/jvm/java-8-oracle/jre/lib/amd64/libt2k.so
7f73ac6bf000-7f73ac8bf000 ---p 00069000 08:03 1444491                    /usr/lib/jvm/java-8-oracle/jre/lib/amd64/libt2k.so
7f73ac8bf000-7f73ac8c6000 rw-p 00069000 08:03 1444491                    /usr/lib/jvm/java-8-oracle/jre/lib/amd64/libt2k.so
7f73ac8c6000-7f73ac8d6000 rw-p 00000000 00:00 0 
7f73ac8d6000-7f73ac8e7000 r-xp 00000000 08:03 1445029                    /usr/lib/jvm/java-8-oracle/jre/lib/amd64/libnio.so
7f73ac8e7000-7f73acae6000 ---p 00011000 08:03 1445029                    /usr/lib/jvm/java-8-oracle/jre/lib/amd64/libnio.so
7f73acae6000-7f73acae7000 rw-p 00010000 08:03 1445029                    /usr/lib/jvm/java-8-oracle/jre/lib/amd64/libnio.so
7f73acae7000-7f73afae8000 rw-p 00000000 00:00 0 
7f73afae8000-7f73afaff000 r-xp 00000000 08:03 1445026                    /usr/lib/jvm/java-8-oracle/jre/lib/amd64/libnet.so
7f73afaff000-7f73afcfe000 ---p 00017000 08:03 1445026                    /usr/lib/jvm/java-8-oracle/jre/lib/amd64/libnet.so
7f73afcfe000-7f73afcff000 rw-p 00016000 08:03 1445026                    /usr/lib/jvm/java-8-oracle/jre/lib/amd64/libnet.so
7f73afcff000-7f73afd02000 ---p 00000000 00:00 0 
7f73afd02000-7f73b0000000 rw-p 00000000 00:00 0 
7f73b0000000-7f73b0295000 rw-p 00000000 00:00 0 
7f73b0295000-7f73b4000000 ---p 00000000 00:00 0 
7f73b4000000-7f73b43a3000 rw-p 00000000 00:00 0 
7f73b43a3000-7f73b8000000 ---p 00000000 00:00 0 
7f73b8000000-7f73b8021000 rw-p 00000000 00:00 0 
7f73b8021000-7f73bc000000 ---p 00000000 00:00 0 
7f73bc000000-7f73bc021000 rw-p 00000000 00:00 0 
7f73bc021000-7f73c0000000 ---p 00000000 00:00 0 
7f73c0000000-7f73c07d4000 rw-p 00000000 00:00 0 
7f73c07d4000-7f73c4000000 ---p 00000000 00:00 0 
7f73c4000000-7f73c4021000 rw-p 00000000 00:00 0 
7f73c4021000-7f73c8000000 ---p 00000000 00:00 0 
7f73c8000000-7f73c8021000 rw-p 00000000 00:00 0 
7f73c8021000-7f73cc000000 ---p 00000000 00:00 0 
7f73cc000000-7f73cca81000 rw-p 00000000 00:00 0 
7f73cca81000-7f73d0000000 ---p 00000000 00:00 0 
7f73d0000000-7f73d0021000 rw-p 00000000 00:00 0 
7f73d0021000-7f73d4000000 ---p 00000000 00:00 0 
7f73d4000000-7f73d4021000 rw-p 00000000 00:00 0 
7f73d4021000-7f73d8000000 ---p 00000000 00:00 0 
7f73d8014000-7f73d8027000 r--s 00345000 08:03 1316538                    /usr/lib/jvm/java-8-oracle/jre/lib/resources.jar
7f73d8027000-7f73d802e000 r--s 00000000 08:03 655432                     /var/cache/fontconfig/4be9850f182b35c1350b6bbf2e42601c-le64.cache-6
7f73d802e000-7f73d8039000 r--s 00000000 08:03 655447                     /var/cache/fontconfig/945677eb7aeaf62f1d50efc3fb3ec7d8-le64.cache-6
7f73d8039000-7f73d8042000 r--s 00000000 08:03 655451                     /var/cache/fontconfig/a6d8cf8e4ec09cdbc8633c31745a07dd-le64.cache-6
7f73d8042000-7f73d8048000 r--s 00000000 08:03 655426                     /var/cache/fontconfig/2cd17615ca594fa2959ae173292e504c-le64.cache-6
7f73d8048000-7f73d8049000 r--s 00000000 08:03 655422                     /var/cache/fontconfig/0d8c3b2ac0904cb8a57a757ad11a4a08-le64.cache-6
7f73d8049000-7f73d805e000 r--s 00000000 08:03 655414                     /var/cache/fontconfig/04aabc0a78ac019cf9454389977116d2-le64.cache-6
7f73d805e000-7f73d805f000 r--s 00000000 08:03 655424                     /var/cache/fontconfig/1ac9eb803944fde146138c791f5cc56a-le64.cache-6
7f73d805f000-7f73d8064000 r--s 00000000 08:03 655469                     /var/cache/fontconfig/eb48934c523a49add3824bfad8846c40-le64.cache-6
7f73d8064000-7f73d8069000 r--s 00000000 08:03 655430                     /var/cache/fontconfig/385c0604a188198f04d133e54aba7fe7-le64.cache-6
7f73d8069000-7f73d806a000 r--s 00000000 08:03 655464                     /var/cache/fontconfig/dc05db6664285cc2f12bf69c139ae4c3-le64.cache-6
7f73d806a000-7f73d806e000 r--s 00000000 08:03 655470                     /var/cache/fontconfig/f0b0891f3a988e97b2aa7c076a1430f3-le64.cache-6
7f73d806e000-7f73d8070000 r--s 00000000 08:03 655441                     /var/cache/fontconfig/6adb16404e170b9523f41c0701dd4690-le64.cache-6
7f73d8070000-7f73d80b0000 r--s 00000000 08:03 655420                     /var/cache/fontconfig/0bd3dc0958fa2205aaaa8ebb13e2872b-le64.cache-6
7f73d80b0000-7f73d80b3000 ---p 00000000 00:00 0 
7f73d80b3000-7f73d81b1000 rw-p 00000000 00:00 0 
7f73d81b1000-7f73d81b4000 ---p 00000000 00:00 0 
7f73d81b4000-7f73d82b2000 rw-p 00000000 00:00 0 
7f73d82b2000-7f73d82b5000 ---p 00000000 00:00 0 
7f73d82b5000-7f73d83b3000 rw-p 00000000 00:00 0 
7f73d83b3000-7f73d83b6000 ---p 00000000 00:00 0 
7f73d83b6000-7f73d84b4000 rw-p 00000000 00:00 0 
7f73d84b4000-7f73d84b7000 ---p 00000000 00:00 0 
7f73d84b7000-7f73d85b5000 rw-p 00000000 00:00 0 
7f73d85b5000-7f73d85ba000 r-xp 00000000 08:03 794414                     /usr/lib/x86_64-linux-gnu/libXfixes.so.3.1.0
7f73d85ba000-7f73d87b9000 ---p 00005000 08:03 794414                     /usr/lib/x86_64-linux-gnu/libXfixes.so.3.1.0
7f73d87b9000-7f73d87ba000 r--p 00004000 08:03 794414                     /usr/lib/x86_64-linux-gnu/libXfixes.so.3.1.0
7f73d87ba000-7f73d87bb000 rw-p 00005000 08:03 794414                     /usr/lib/x86_64-linux-gnu/libXfixes.so.3.1.0
7f73d87bb000-7f73d87c4000 r-xp 00000000 08:03 794406                     /usr/lib/x86_64-linux-gnu/libXcursor.so.1.0.2
7f73d87c4000-7f73d89c3000 ---p 00009000 08:03 794406                     /usr/lib/x86_64-linux-gnu/libXcursor.so.1.0.2
7f73d89c3000-7f73d89c4000 r--p 00008000 08:03 794406                     /usr/lib/x86_64-linux-gnu/libXcursor.so.1.0.2
7f73d89c4000-7f73d89c5000 rw-p 00009000 08:03 794406                     /usr/lib/x86_64-linux-gnu/libXcursor.so.1.0.2
7f73d89c5000-7f73d89db000 r-xp 00000000 08:03 11014662                   /lib/x86_64-linux-gnu/libgcc_s.so.1
7f73d89db000-7f73d8bda000 ---p 00016000 08:03 11014662                   /lib/x86_64-linux-gnu/libgcc_s.so.1
7f73d8bda000-7f73d8bdb000 rw-p 00015000 08:03 11014662                   /lib/x86_64-linux-gnu/libgcc_s.so.1
7f73d8bdb000-7f73d8c40000 r-xp 00000000 08:03 1445007                    /usr/lib/jvm/java-8-oracle/jre/lib/amd64/libfontmanager.so
7f73d8c40000-7f73d8e3f000 ---p 00065000 08:03 1445007                    /usr/lib/jvm/java-8-oracle/jre/lib/amd64/libfontmanager.so
7f73d8e3f000-7f73d8e44000 rw-p 00064000 08:03 1445007                    /usr/lib/jvm/java-8-oracle/jre/lib/amd64/libfontmanager.so
7f73d8e44000-7f73d8e54000 rw-p 00000000 00:00 0 
7f73d8e54000-7f73d8e59000 r-xp 00000000 08:03 794410                     /usr/lib/x86_64-linux-gnu/libXdmcp.so.6.0.0
7f73d8e59000-7f73d9058000 ---p 00005000 08:03 794410                     /usr/lib/x86_64-linux-gnu/libXdmcp.so.6.0.0
7f73d9058000-7f73d9059000 r--p 00004000 08:03 794410                     /usr/lib/x86_64-linux-gnu/libXdmcp.so.6.0.0
7f73d9059000-7f73d905a000 rw-p 00005000 08:03 794410                     /usr/lib/x86_64-linux-gnu/libXdmcp.so.6.0.0
7f73d905a000-7f73d905c000 r-xp 00000000 08:03 794399                     /usr/lib/x86_64-linux-gnu/libXau.so.6.0.0
7f73d905c000-7f73d925c000 ---p 00002000 08:03 794399                     /usr/lib/x86_64-linux-gnu/libXau.so.6.0.0
7f73d925c000-7f73d925d000 r--p 00002000 08:03 794399                     /usr/lib/x86_64-linux-gnu/libXau.so.6.0.0
7f73d925d000-7f73d925e000 rw-p 00003000 08:03 794399                     /usr/lib/x86_64-linux-gnu/libXau.so.6.0.0
7f73d925e000-7f73d927f000 r-xp 00000000 08:03 795658                     /usr/lib/x86_64-linux-gnu/libxcb.so.1.1.0
7f73d927f000-7f73d947e000 ---p 00021000 08:03 795658                     /usr/lib/x86_64-linux-gnu/libxcb.so.1.1.0
7f73d947e000-7f73d947f000 r--p 00020000 08:03 795658                     /usr/lib/x86_64-linux-gnu/libxcb.so.1.1.0
7f73d947f000-7f73d9480000 rw-p 00021000 08:03 795658                     /usr/lib/x86_64-linux-gnu/libxcb.so.1.1.0
7f73d9480000-7f73d948f000 r-xp 00000000 08:03 794422                     /usr/lib/x86_64-linux-gnu/libXi.so.6.1.0
7f73d948f000-7f73d968e000 ---p 0000f000 08:03 794422                     /usr/lib/x86_64-linux-gnu/libXi.so.6.1.0
7f73d968e000-7f73d968f000 r--p 0000e000 08:03 794422                     /usr/lib/x86_64-linux-gnu/libXi.so.6.1.0
7f73d968f000-7f73d9690000 rw-p 0000f000 08:03 794422                     /usr/lib/x86_64-linux-gnu/libXi.so.6.1.0
7f73d9690000-7f73d9695000 r-xp 00000000 08:03 794440                     /usr/lib/x86_64-linux-gnu/libXtst.so.6.1.0
7f73d9695000-7f73d9894000 ---p 00005000 08:03 794440                     /usr/lib/x86_64-linux-gnu/libXtst.so.6.1.0
7f73d9894000-7f73d9895000 r--p 00004000 08:03 794440                     /usr/lib/x86_64-linux-gnu/libXtst.so.6.1.0
7f73d9895000-7f73d9896000 rw-p 00005000 08:03 794440                     /usr/lib/x86_64-linux-gnu/libXtst.so.6.1.0
7f73d9896000-7f73d989f000 r-xp 00000000 08:03 794434                     /usr/lib/x86_64-linux-gnu/libXrender.so.1.3.0
7f73d989f000-7f73d9a9e000 ---p 00009000 08:03 794434                     /usr/lib/x86_64-linux-gnu/libXrender.so.1.3.0
7f73d9a9e000-7f73d9a9f000 r--p 00008000 08:03 794434                     /usr/lib/x86_64-linux-gnu/libXrender.so.1.3.0
7f73d9a9f000-7f73d9aa0000 rw-p 00009000 08:03 794434                     /usr/lib/x86_64-linux-gnu/libXrender.so.1.3.0
7f73d9aa0000-7f73d9bd5000 r-xp 00000000 08:03 794395                     /usr/lib/x86_64-linux-gnu/libX11.so.6.3.0
7f73d9bd5000-7f73d9dd5000 ---p 00135000 08:03 794395                     /usr/lib/x86_64-linux-gnu/libX11.so.6.3.0
7f73d9dd5000-7f73d9dd6000 r--p 00135000 08:03 794395                     /usr/lib/x86_64-linux-gnu/libX11.so.6.3.0
7f73d9dd6000-7f73d9dda000 rw-p 00136000 08:03 794395                     /usr/lib/x86_64-linux-gnu/libX11.so.6.3.0
7f73d9dda000-7f73d9deb000 r-xp 00000000 08:03 794412                     /usr/lib/x86_64-linux-gnu/libXext.so.6.4.0
7f73d9deb000-7f73d9fea000 ---p 00011000 08:03 794412                     /usr/lib/x86_64-linux-gnu/libXext.so.6.4.0
7f73d9fea000-7f73d9feb000 r--p 00010000 08:03 794412                     /usr/lib/x86_64-linux-gnu/libXext.so.6.4.0
7f73d9feb000-7f73d9fec000 rw-p 00011000 08:03 794412                     /usr/lib/x86_64-linux-gnu/libXext.so.6.4.0
7f73d9fec000-7f73da040000 r-xp 00000000 08:03 1445033                    /usr/lib/jvm/java-8-oracle/jre/lib/amd64/libawt_xawt.so
7f73da040000-7f73da240000 ---p 00054000 08:03 1445033                    /usr/lib/jvm/java-8-oracle/jre/lib/amd64/libawt_xawt.so
7f73da240000-7f73da244000 rw-p 00054000 08:03 1445033                    /usr/lib/jvm/java-8-oracle/jre/lib/amd64/libawt_xawt.so
7f73da244000-7f73da245000 rw-p 00000000 00:00 0 
7f73da245000-7f73da2e7000 r-xp 00000000 08:03 1445019                    /usr/lib/jvm/java-8-oracle/jre/lib/amd64/libawt.so
7f73da2e7000-7f73da4e7000 ---p 000a2000 08:03 1445019                    /usr/lib/jvm/java-8-oracle/jre/lib/amd64/libawt.so
7f73da4e7000-7f73da4f3000 rw-p 000a2000 08:03 1445019                    /usr/lib/jvm/java-8-oracle/jre/lib/amd64/libawt.so
7f73da4f3000-7f73da517000 rw-p 00000000 00:00 0 
7f73da517000-7f73dc000000 r--p 00000000 08:03 791802                     /usr/lib/locale/locale-archive
7f73dc000000-7f73dc021000 rw-p 00000000 00:00 0 
7f73dc021000-7f73e0000000 ---p 00000000 00:00 0 
7f73e0000000-7f73e0069000 rw-p 00000000 00:00 0 
7f73e0069000-7f73e4000000 ---p 00000000 00:00 0 
7f73e4000000-7f73e4021000 rw-p 00000000 00:00 0 
7f73e4021000-7f73e8000000 ---p 00000000 00:00 0 
7f73e8000000-7f73e8004000 r--s 00000000 08:03 655444                     /var/cache/fontconfig/7b79abe4499501fcd4e4826394083a53-le64.cache-6
7f73e8004000-7f73e8007000 r--s 00000000 08:03 655431                     /var/cache/fontconfig/3a9914ff62a69b32234685a84fdc926d-le64.cache-6
7f73e8007000-7f73e800a000 r--s 00000000 08:03 655443                     /var/cache/fontconfig/767a8244fc0220cfb567a839d0392e0b-le64.cache-6
7f73e800a000-7f73e800b000 r--s 00000000 08:03 655419                     /var/cache/fontconfig/0b41ebd278d9388cf5d83f81d476c672-le64.cache-6
7f73e800b000-7f73e800f000 r--s 00000000 08:03 655468                     /var/cache/fontconfig/ea32c683f96734b73b6a7acf745d6442-le64.cache-6
7f73e800f000-7f73e8015000 r--s 00000000 08:03 655446                     /var/cache/fontconfig/8801497958630a81b71ace7c5f9b32a8-le64.cache-6
7f73e8015000-7f73e8050000 r--s 00000000 08:03 665021                     /var/cache/fontconfig/365b55f210c0a22e9a19e35191240f32-le64.cache-6
7f73e8050000-7f73e8051000 r--s 00000000 08:03 655457                     /var/cache/fontconfig/bab58bb527bb656aaa9f116d68a48d89-le64.cache-6
7f73e8051000-7f73e8052000 r--s 00000000 08:03 655452                     /var/cache/fontconfig/b036df7bbb72844893df6bcf5570ea7f-le64.cache-6
7f73e8052000-7f73e8053000 r--s 00000000 08:03 655437                     /var/cache/fontconfig/575107dd7452b4b2b2b1361909925bb4-le64.cache-6
7f73e8053000-7f73e805a000 r--s 00000000 08:03 655427                     /var/cache/fontconfig/3047814df9a2f067bd2d96a2b9c36e5a-le64.cache-6
7f73e805a000-7f73e805b000 r--s 00000000 08:03 655435                     /var/cache/fontconfig/56cf4f4769d0f4abc89a4895d7bd3ae1-le64.cache-6
7f73e805b000-7f73e805c000 r--s 00000000 08:03 655456                     /var/cache/fontconfig/b9d506c9ac06c20b433354fa67a72993-le64.cache-6
7f73e805c000-7f73e8062000 r--s 00000000 08:03 655455                     /var/cache/fontconfig/b47c4e1ecd0709278f4910c18777a504-le64.cache-6
7f73e8062000-7f73e8063000 r--s 00000000 08:03 655418                     /var/cache/fontconfig/0b3f2427388044a01a5738fa4b8cc9d1-le64.cache-6
7f73e8063000-7f73e8064000 r--s 00000000 08:03 655417                     /var/cache/fontconfig/0941b6d3777f1e64883d36fd6d84a52f-le64.cache-6
7f73e8064000-7f73e8077000 r--s 00000000 08:03 655461                     /var/cache/fontconfig/d52a8644073d54c13679302ca1180695-le64.cache-6
7f73e8077000-7f73e8078000 r--s 00000000 08:03 655434                     /var/cache/fontconfig/551ecf3b0e8b0bca0f25c0944f561853-le64.cache-6
7f73e8078000-7f73e8083000 r--s 00000000 08:03 665019                     /var/cache/fontconfig/d589a48862398ed80a3d6066f4f56f4c-le64.cache-6
7f73e8083000-7f73e8085000 r--s 00000000 08:03 655467                     /var/cache/fontconfig/e8d703157d3641d20c7e900be2e8d091-le64.cache-6
7f73e8085000-7f73e808a000 r--s 00000000 08:03 655453                     /var/cache/fontconfig/b25010134a2e462c779c1c1d5ccbff7b-le64.cache-6
7f73e808a000-7f73e8097000 r--s 00000000 08:03 656583                     /var/cache/fontconfig/089dead882dea3570ffc31a9898cfb69-le64.cache-6
7f73e8097000-7f73e80a9000 r--s 00000000 08:03 655449                     /var/cache/fontconfig/9b89f8e3dae116d678bbf48e5f21f69b-le64.cache-6
7f73e80a9000-7f73e80b6000 r--s 00000000 08:03 656943                     /var/cache/fontconfig/e13b20fdb08344e0e664864cc2ede53d-le64.cache-6
7f73e80b6000-7f73e80d2000 r--s 00393000 08:03 1316561                    /usr/lib/jvm/java-8-oracle/jre/lib/ext/cldrdata.jar
7f73e80d2000-7f73e80d5000 ---p 00000000 00:00 0 
7f73e80d5000-7f73e81d3000 rw-p 00000000 00:00 0 
7f73e81d3000-7f73e81f4000 r--p 00000000 08:03 2110781                    /usr/share/locale-langpack/pt_BR/LC_MESSAGES/libc.mo
7f73e81f4000-7f73e81f5000 ---p 00000000 00:00 0 
7f73e81f5000-7f73e82f5000 rw-p 00000000 00:00 0 
7f73e82f5000-7f73e82f8000 ---p 00000000 00:00 0 
7f73e82f8000-7f73e83f6000 rw-p 00000000 00:00 0 
7f73e83f6000-7f73e83f9000 ---p 00000000 00:00 0 
7f73e83f9000-7f73e84f7000 rw-p 00000000 00:00 0 
7f73e84f7000-7f73e84fa000 ---p 00000000 00:00 0 
7f73e84fa000-7f73e85f8000 rw-p 00000000 00:00 0 
7f73e85f8000-7f73e85fb000 ---p 00000000 00:00 0 
7f73e85fb000-7f73e86f9000 rw-p 00000000 00:00 0 
7f73e86f9000-7f73e86fc000 ---p 00000000 00:00 0 
7f73e86fc000-7f73e87fa000 rw-p 00000000 00:00 0 
7f73e87fa000-7f73e87fd000 ---p 00000000 00:00 0 
7f73e87fd000-7f73e88fb000 rw-p 00000000 00:00 0 
7f73e88fb000-7f73e88fc000 ---p 00000000 00:00 0 
7f73e88fc000-7f73e9375000 rw-p 00000000 00:00 0 
7f73e9375000-7f73e954e000 r--s 03d5a000 08:03 1316500                    /usr/lib/jvm/java-8-oracle/jre/lib/rt.jar
7f73e954e000-7f73eb9fd000 rw-p 00000000 00:00 0 
7f73eb9fd000-7f73eb9fe000 ---p 00000000 00:00 0 
7f73eb9fe000-7f73ebafe000 rw-p 00000000 00:00 0 
7f73ebafe000-7f73ebaff000 ---p 00000000 00:00 0 
7f73ebaff000-7f73ebc11000 rw-p 00000000 00:00 0 
7f73ebc11000-7f73ebd1a000 ---p 00000000 00:00 0 
7f73ebd1a000-7f73ebd24000 rw-p 00000000 00:00 0 
7f73ebd24000-7f73ebda8000 ---p 00000000 00:00 0 
7f73ebda8000-7f73ebdc6000 rw-p 00000000 00:00 0 
7f73ebdc6000-7f73ec169000 ---p 00000000 00:00 0 
7f73ec169000-7f73ec889000 rwxp 00000000 00:00 0 
7f73ec889000-7f73fb169000 ---p 00000000 00:00 0 
7f73fb169000-7f73fb184000 r-xp 00000000 08:03 1445022                    /usr/lib/jvm/java-8-oracle/jre/lib/amd64/libzip.so
7f73fb184000-7f73fb384000 ---p 0001b000 08:03 1445022                    /usr/lib/jvm/java-8-oracle/jre/lib/amd64/libzip.so
7f73fb384000-7f73fb385000 rw-p 0001b000 08:03 1445022                    /usr/lib/jvm/java-8-oracle/jre/lib/amd64/libzip.so
7f73fb385000-7f73fb390000 r-xp 00000000 08:03 11014723                   /lib/x86_64-linux-gnu/libnss_files-2.23.so
7f73fb390000-7f73fb58f000 ---p 0000b000 08:03 11014723                   /lib/x86_64-linux-gnu/libnss_files-2.23.so
7f73fb58f000-7f73fb590000 r--p 0000a000 08:03 11014723                   /lib/x86_64-linux-gnu/libnss_files-2.23.so
7f73fb590000-7f73fb591000 rw-p 0000b000 08:03 11014723                   /lib/x86_64-linux-gnu/libnss_files-2.23.so
7f73fb591000-7f73fb597000 rw-p 00000000 00:00 0 
7f73fb597000-7f73fb5a2000 r-xp 00000000 08:03 11014733                   /lib/x86_64-linux-gnu/libnss_nis-2.23.so
7f73fb5a2000-7f73fb7a1000 ---p 0000b000 08:03 11014733                   /lib/x86_64-linux-gnu/libnss_nis-2.23.so
7f73fb7a1000-7f73fb7a2000 r--p 0000a000 08:03 11014733                   /lib/x86_64-linux-gnu/libnss_nis-2.23.so
7f73fb7a2000-7f73fb7a3000 rw-p 0000b000 08:03 11014733                   /lib/x86_64-linux-gnu/libnss_nis-2.23.so
7f73fb7a3000-7f73fb7b9000 r-xp 00000000 08:03 11014717                   /lib/x86_64-linux-gnu/libnsl-2.23.so
7f73fb7b9000-7f73fb9b8000 ---p 00016000 08:03 11014717                   /lib/x86_64-linux-gnu/libnsl-2.23.so
7f73fb9b8000-7f73fb9b9000 r--p 00015000 08:03 11014717                   /lib/x86_64-linux-gnu/libnsl-2.23.so
7f73fb9b9000-7f73fb9ba000 rw-p 00016000 08:03 11014717                   /lib/x86_64-linux-gnu/libnsl-2.23.so
7f73fb9ba000-7f73fb9bc000 rw-p 00000000 00:00 0 
7f73fb9bc000-7f73fb9c4000 r-xp 00000000 08:03 11014719                   /lib/x86_64-linux-gnu/libnss_compat-2.23.so
7f73fb9c4000-7f73fbbc3000 ---p 00008000 08:03 11014719                   /lib/x86_64-linux-gnu/libnss_compat-2.23.so
7f73fbbc3000-7f73fbbc4000 r--p 00007000 08:03 11014719                   /lib/x86_64-linux-gnu/libnss_compat-2.23.so
7f73fbbc4000-7f73fbbc5000 rw-p 00008000 08:03 11014719                   /lib/x86_64-linux-gnu/libnss_compat-2.23.so
7f73fbbc5000-7f73fbbf0000 r-xp 00000000 08:03 1445016                    /usr/lib/jvm/java-8-oracle/jre/lib/amd64/libjava.so
7f73fbbf0000-7f73fbdef000 ---p 0002b000 08:03 1445016                    /usr/lib/jvm/java-8-oracle/jre/lib/amd64/libjava.so
7f73fbdef000-7f73fbdf1000 rw-p 0002a000 08:03 1445016                    /usr/lib/jvm/java-8-oracle/jre/lib/amd64/libjava.so
7f73fbdf1000-7f73fbdfe000 r-xp 00000000 08:03 1445021                    /usr/lib/jvm/java-8-oracle/jre/lib/amd64/libverify.so
7f73fbdfe000-7f73fbffe000 ---p 0000d000 08:03 1445021                    /usr/lib/jvm/java-8-oracle/jre/lib/amd64/libverify.so
7f73fbffe000-7f73fc000000 rw-p 0000d000 08:03 1445021                    /usr/lib/jvm/java-8-oracle/jre/lib/amd64/libverify.so
7f73fc000000-7f73fc532000 rw-p 00000000 00:00 0 
7f73fc532000-7f7400000000 ---p 00000000 00:00 0 
7f7400000000-7f7400002000 r--s 00000000 08:03 655440                     /var/cache/fontconfig/6a6dfed4a7d1e4367ef225093de82110-le64.cache-6
7f7400002000-7f7400006000 r--s 00000000 08:03 655415                     /var/cache/fontconfig/0843ca893a93b5446bad221815920e23-le64.cache-6
7f7400006000-7f7400009000 r--s 00000000 08:03 655454                     /var/cache/fontconfig/b2d60264172c9fafc2f82e9237d8d959-le64.cache-6
7f7400009000-7f7400013000 r--s 00116000 08:03 1316568                    /usr/lib/jvm/java-8-oracle/jre/lib/ext/localedata.jar
7f7400013000-7f7400020000 r--s 000fa000 08:03 5774770                    /home/paulo/Documentos/UEFS/TCC/Código/trapezoidCircuitSimulator/interface_java/CircuitSimulator/jfreechart-1.0.1.jar
7f7400020000-7f7400032000 rw-p 00000000 00:00 0 
7f7400032000-7f740013c000 ---p 00000000 00:00 0 
7f740013c000-7f7400143000 r-xp 00000000 08:03 11014778                   /lib/x86_64-linux-gnu/librt-2.23.so
7f7400143000-7f7400342000 ---p 00007000 08:03 11014778                   /lib/x86_64-linux-gnu/librt-2.23.so
7f7400342000-7f7400343000 r--p 00006000 08:03 11014778                   /lib/x86_64-linux-gnu/librt-2.23.so
7f7400343000-7f7400344000 rw-p 00007000 08:03 11014778                   /lib/x86_64-linux-gnu/librt-2.23.so
7f7400344000-7f740044c000 r-xp 00000000 08:03 11014694                   /lib/x86_64-linux-gnu/libm-2.23.so
7f740044c000-7f740064b000 ---p 00108000 08:03 11014694                   /lib/x86_64-linux-gnu/libm-2.23.so
7f740064b000-7f740064c000 r--p 00107000 08:03 11014694                   /lib/x86_64-linux-gnu/libm-2.23.so
7f740064c000-7f740064d000 rw-p 00108000 08:03 11014694                   /lib/x86_64-linux-gnu/libm-2.23.so
7f740064d000-7f7401320000 r-xp 00000000 08:03 1444999                    /usr/lib/jvm/java-8-oracle/jre/lib/amd64/server/libjvm.so
7f7401320000-7f740151f000 ---p 00cd3000 08:03 1444999                    /usr/lib/jvm/java-8-oracle/jre/lib/amd64/server/libjvm.so
7f740151f000-7f74015f9000 rw-p 00cd2000 08:03 1444999                    /usr/lib/jvm/java-8-oracle/jre/lib/amd64/server/libjvm.so
7f74015f9000-7f7401644000 rw-p 00000000 00:00 0 
7f7401644000-7f7401804000 r-xp 00000000 08:03 11014624                   /lib/x86_64-linux-gnu/libc-2.23.so
7f7401804000-7f7401a04000 ---p 001c0000 08:03 11014624                   /lib/x86_64-linux-gnu/libc-2.23.so
7f7401a04000-7f7401a08000 r--p 001c0000 08:03 11014624                   /lib/x86_64-linux-gnu/libc-2.23.so
7f7401a08000-7f7401a0a000 rw-p 001c4000 08:03 11014624                   /lib/x86_64-linux-gnu/libc-2.23.so
7f7401a0a000-7f7401a0e000 rw-p 00000000 00:00 0 
7f7401a0e000-7f7401a11000 r-xp 00000000 08:03 11014648                   /lib/x86_64-linux-gnu/libdl-2.23.so
7f7401a11000-7f7401c10000 ---p 00003000 08:03 11014648                   /lib/x86_64-linux-gnu/libdl-2.23.so
7f7401c10000-7f7401c11000 r--p 00002000 08:03 11014648                   /lib/x86_64-linux-gnu/libdl-2.23.so
7f7401c11000-7f7401c12000 rw-p 00003000 08:03 11014648                   /lib/x86_64-linux-gnu/libdl-2.23.so
7f7401c12000-7f7401c28000 r-xp 00000000 08:03 1316320                    /usr/lib/jvm/java-8-oracle/lib/amd64/jli/libjli.so
7f7401c28000-7f7401e27000 ---p 00016000 08:03 1316320                    /usr/lib/jvm/java-8-oracle/lib/amd64/jli/libjli.so
7f7401e27000-7f7401e28000 rw-p 00015000 08:03 1316320                    /usr/lib/jvm/java-8-oracle/lib/amd64/jli/libjli.so
7f7401e28000-7f7401e40000 r-xp 00000000 08:03 11014770                   /lib/x86_64-linux-gnu/libpthread-2.23.so
7f7401e40000-7f740203f000 ---p 00018000 08:03 11014770                   /lib/x86_64-linux-gnu/libpthread-2.23.so
7f740203f000-7f7402040000 r--p 00017000 08:03 11014770                   /lib/x86_64-linux-gnu/libpthread-2.23.so
7f7402040000-7f7402041000 rw-p 00018000 08:03 11014770                   /lib/x86_64-linux-gnu/libpthread-2.23.so
7f7402041000-7f7402045000 rw-p 00000000 00:00 0 
7f7402045000-7f740206b000 r-xp 00000000 08:03 11014596                   /lib/x86_64-linux-gnu/ld-2.23.so
7f740206b000-7f740206c000 r--s 00000000 08:03 655428                     /var/cache/fontconfig/30829fa25452a46451e813d634d7f916-le64.cache-6
7f740206c000-7f7402070000 r--s 00000000 08:03 656860                     /var/cache/fontconfig/7ef2298fde41cc6eeb7af42e48b7d293-le64.cache-6
7f7402070000-7f7402077000 r--s 00000000 08:03 919920                     /usr/lib/x86_64-linux-gnu/gconv/gconv-modules.cache
7f7402077000-7f740214d000 rw-p 00000000 00:00 0 
7f740214d000-7f7402150000 ---p 00000000 00:00 0 
7f7402150000-7f7402252000 rw-p 00000000 00:00 0 
7f7402252000-7f7402253000 r--s 00000000 08:03 655421                     /var/cache/fontconfig/0c9eb80ebd1c36541ebe2852d3bb0c49-le64.cache-6
7f7402253000-7f7402258000 r--s 002f9000 08:03 1316498                    /usr/lib/jvm/java-8-oracle/jre/lib/charsets.jar
7f7402258000-7f740225e000 r--s 0004b000 08:03 5774827                    /home/paulo/Documentos/UEFS/TCC/Código/trapezoidCircuitSimulator/interface_java/CircuitSimulator/jcommon-1.0.23.jar
7f740225e000-7f7402266000 rw-s 00000000 08:03 1726582                    /tmp/hsperfdata_paulo/22579
7f7402266000-7f7402267000 rw-p 00000000 00:00 0 
7f7402267000-7f7402268000 r--p 00000000 00:00 0 
7f7402268000-7f740226a000 rw-p 00000000 00:00 0 
7f740226a000-7f740226b000 r--p 00025000 08:03 11014596                   /lib/x86_64-linux-gnu/ld-2.23.so
7f740226b000-7f740226c000 rw-p 00026000 08:03 11014596                   /lib/x86_64-linux-gnu/ld-2.23.so
7f740226c000-7f740226d000 rw-p 00000000 00:00 0 
7ffc81833000-7ffc81854000 rw-p 00000000 00:00 0                          [stack]
7ffc818bf000-7ffc818c1000 r--p 00000000 00:00 0                          [vvar]
7ffc818c1000-7ffc818c3000 r-xp 00000000 00:00 0                          [vdso]
ffffffffff600000-ffffffffff601000 r-xp 00000000 00:00 0                  [vsyscall]

VM Arguments:
jvm_args: -Dfile.encoding=UTF-8 
java_command: org.gui.TrapezoidCircuitSimulator
java_class_path (initial): /home/paulo/Documentos/UEFS/TCC/Código/trapezoidCircuitSimulator/interface_java/CircuitSimulator/jfreechart-1.0.1.jar:/home/paulo/Documentos/UEFS/TCC/Código/trapezoidCircuitSimulator/interface_java/CircuitSimulator/jcommon-1.0.23.jar:/home/paulo/Documentos/UEFS/TCC/Código/trapezoidCircuitSimulator/interface_java/CircuitSimulator/build/classes
Launcher Type: SUN_STANDARD

Environment Variables:
JAVA_HOME=/usr/lib/jvm/java-8-oracle
PATH=/home/paulo/bin:/home/paulo/.local/bin:/usr/local/sbin:/usr/local/bin:/usr/sbin:/usr/bin:/sbin:/bin:/usr/games:/usr/local/games:/usr/lib/jvm/java-8-oracle/bin:/usr/lib/jvm/java-8-oracle/db/bin:/usr/lib/jvm/java-8-oracle/jre/bin
LD_LIBRARY_PATH=/usr/lib/jvm/java-8-oracle/jre/lib/amd64:/usr/lib/jvm/java-8-oracle/jre/lib/i386:
SHELL=/bin/bash
DISPLAY=:0

Signal Handlers:
SIGSEGV: [libjvm.so+0xacbe10], sa_mask[0]=11111111011111111101111111111110, sa_flags=SA_RESTART|SA_SIGINFO
SIGBUS: [libjvm.so+0xacbe10], sa_mask[0]=11111111011111111101111111111110, sa_flags=SA_RESTART|SA_SIGINFO
SIGFPE: [libjvm.so+0x924f90], sa_mask[0]=11111111011111111101111111111110, sa_flags=SA_RESTART|SA_SIGINFO
SIGPIPE: [libjvm.so+0x924f90], sa_mask[0]=11111111011111111101111111111110, sa_flags=SA_RESTART|SA_SIGINFO
SIGXFSZ: [libjvm.so+0x924f90], sa_mask[0]=11111111011111111101111111111110, sa_flags=SA_RESTART|SA_SIGINFO
SIGILL: [libjvm.so+0x924f90], sa_mask[0]=11111111011111111101111111111110, sa_flags=SA_RESTART|SA_SIGINFO
SIGUSR1: SIG_DFL, sa_mask[0]=00000000000000000000000000000000, sa_flags=none
SIGUSR2: [libjvm.so+0x9267d0], sa_mask[0]=00100000000000000000000000000000, sa_flags=SA_RESTART|SA_SIGINFO
SIGHUP: [libjvm.so+0x927bd0], sa_mask[0]=11111111011111111101111111111110, sa_flags=SA_RESTART|SA_SIGINFO
SIGINT: SIG_IGN, sa_mask[0]=00000000000000000000000000000000, sa_flags=none
SIGTERM: [libjvm.so+0x927bd0], sa_mask[0]=11111111011111111101111111111110, sa_flags=SA_RESTART|SA_SIGINFO
SIGQUIT: [libjvm.so+0x927bd0], sa_mask[0]=11111111011111111101111111111110, sa_flags=SA_RESTART|SA_SIGINFO


---------------  S Y S T E M  ---------------

OS:DISTRIB_ID="elementary"
DISTRIB_RELEASE=0.4.1
DISTRIB_CODENAME=loki
DISTRIB_DESCRIPTION="elementary OS 0.4.1 Loki"

uname:Linux 4.10.0-38-generic #42~16.04.1-Ubuntu SMP Tue Oct 10 16:32:20 UTC 2017 x86_64
libc:glibc 2.23 NPTL 2.23 
rlimit: STACK 8192k, CORE 0k, NPROC 13407, NOFILE 1048576, AS infinity
load average:0,97 1,74 1,74

/proc/meminfo:
MemTotal:        3476960 kB
MemFree:          811296 kB
MemAvailable:     778844 kB
Buffers:            6272 kB
Cached:           223620 kB
SwapCached:        93308 kB
Active:          1696312 kB
Inactive:         650476 kB
Active(anon):    1632968 kB
Inactive(anon):   588256 kB
Active(file):      63344 kB
Inactive(file):    62220 kB
Unevictable:         640 kB
Mlocked:             640 kB
SwapTotal:      20477948 kB
SwapFree:       20140980 kB
Dirty:               424 kB
Writeback:             0 kB
AnonPages:       2032072 kB
Mapped:           160056 kB
Shmem:            104120 kB
Slab:              82048 kB
SReclaimable:      42424 kB
SUnreclaim:        39624 kB
KernelStack:       10400 kB
PageTables:        49124 kB
NFS_Unstable:          0 kB
Bounce:                0 kB
WritebackTmp:          0 kB
CommitLimit:    22216428 kB
Committed_AS:    8381092 kB
VmallocTotal:   34359738367 kB
VmallocUsed:           0 kB
VmallocChunk:          0 kB
HardwareCorrupted:     0 kB
AnonHugePages:    505856 kB
ShmemHugePages:        0 kB
ShmemPmdMapped:        0 kB
CmaTotal:              0 kB
CmaFree:               0 kB
HugePages_Total:       0
HugePages_Free:        0
HugePages_Rsvd:        0
HugePages_Surp:        0
Hugepagesize:       2048 kB
DirectMap4k:      816892 kB
DirectMap2M:     2801664 kB
DirectMap1G:           0 kB


CPU:total 2 (initial active 2) (2 cores per cpu, 1 threads per core) family 22 model 0 stepping 1, cmov, cx8, fxsr, mmx, sse, sse2, sse3, ssse3, sse4.1, sse4.2, popcnt, avx, aes, clmul, mmxext, 3dnowpref, lzcnt, sse4a, tsc, tscinvbit, tscinv, bmi1

/proc/cpuinfo:
processor	: 0
vendor_id	: AuthenticAMD
cpu family	: 22
model		: 0
model name	: AMD E1-2100 APU with Radeon(TM) HD Graphics
stepping	: 1
microcode	: 0x700010b
cpu MHz		: 1000.000
cache size	: 1024 KB
physical id	: 0
siblings	: 2
core id		: 0
cpu cores	: 2
apicid		: 0
initial apicid	: 0
fpu		: yes
fpu_exception	: yes
cpuid level	: 13
wp		: yes
flags		: fpu vme de pse tsc msr pae mce cx8 apic sep mtrr pge mca cmov pat pse36 clflush mmx fxsr sse sse2 ht syscall nx mmxext fxsr_opt pdpe1gb rdtscp lm constant_tsc rep_good nopl nonstop_tsc extd_apicid aperfmperf pni pclmulqdq monitor ssse3 cx16 sse4_1 sse4_2 movbe popcnt aes xsave avx f16c lahf_lm cmp_legacy svm extapic cr8_legacy abm sse4a misalignsse 3dnowprefetch osvw ibs skinit wdt topoext perfctr_nb bpext perfctr_l2 hw_pstate proc_feedback vmmcall bmi1 xsaveopt arat npt lbrv svm_lock nrip_save tsc_scale flushbyasid decodeassists pausefilter pfthreshold overflow_recov
bugs		: fxsave_leak sysret_ss_attrs null_seg
bogomips	: 1996.24
TLB size	: 1024 4K pages
clflush size	: 64
cache_alignment	: 64
address sizes	: 40 bits physical, 48 bits virtual
power management: ts ttp tm 100mhzsteps hwpstate proc_feedback

processor	: 1
vendor_id	: AuthenticAMD
cpu family	: 22
model		: 0
model name	: AMD E1-2100 APU with Radeon(TM) HD Graphics
stepping	: 1
microcode	: 0x700010b
cpu MHz		: 800.000
cache size	: 1024 KB
physical id	: 0
siblings	: 2
core id		: 1
cpu cores	: 2
apicid		: 1
initial apicid	: 1
fpu		: yes
fpu_exception	: yes
cpuid level	: 13
wp		: yes
flags		: fpu vme de pse tsc msr pae mce cx8 apic sep mtrr pge mca cmov pat pse36 clflush mmx fxsr sse sse2 ht syscall nx mmxext fxsr_opt pdpe1gb rdtscp lm constant_tsc rep_good nopl nonstop_tsc extd_apicid aperfmperf pni pclmulqdq monitor ssse3 cx16 sse4_1 sse4_2 movbe popcnt aes xsave avx f16c lahf_lm cmp_legacy svm extapic cr8_legacy abm sse4a misalignsse 3dnowprefetch osvw ibs skinit wdt topoext perfctr_nb bpext perfctr_l2 hw_pstate proc_feedback vmmcall bmi1 xsaveopt arat npt lbrv svm_lock nrip_save tsc_scale flushbyasid decodeassists pausefilter pfthreshold overflow_recov
bugs		: fxsave_leak sysret_ss_attrs null_seg
bogomips	: 1996.24
TLB size	: 1024 4K pages
clflush size	: 64
cache_alignment	: 64
address sizes	: 40 bits physical, 48 bits virtual
power management: ts ttp tm 100mhzsteps hwpstate proc_feedback



Memory: 4k page, physical 3476960k(811296k free), swap 20477948k(20140980k free)

vm_info: Java HotSpot(TM) 64-Bit Server VM (25.151-b12) for linux-amd64 JRE (1.8.0_151-b12), built on Sep  5 2017 19:20:58 by "java_re" with gcc 4.3.0 20080428 (Red Hat 4.3.0-8)

time: Fri Dec  1 13:19:18 2017
elapsed time: 190 seconds (0d 0h 3m 10s)

