#
# A fatal error has been detected by the Java Runtime Environment:
#
#  SIGSEGV (0xb) at pc=0x00007f7ddc4989bb, pid=8727, tid=0x00007f7e05493700
#
# JRE version: Java(TM) SE Runtime Environment (8.0_151-b12) (build 1.8.0_151-b12)
# Java VM: Java HotSpot(TM) 64-Bit Server VM (25.151-b12 mixed mode linux-amd64 compressed oops)
# Problematic frame:
# C  [libstdc++.so.6+0x1219bb]  std::__cxx11::basic_string<char, std::char_traits<char>, std::allocator<char> >::basic_string(std::__cxx11::basic_string<char, std::char_traits<char>, std::allocator<char> > const&)+0xb
#
# Failed to write core dump. Core dumps have been disabled. To enable core dumping, try "ulimit -c unlimited" before starting Java again
#
# If you would like to submit a bug report, please visit:
#   http://bugreport.java.com/bugreport/crash.jsp
# The crash happened outside the Java Virtual Machine in native code.
# See problematic frame for where to report the bug.
#

---------------  T H R E A D  ---------------

Current thread (0x00007f7e3026a000):  JavaThread "AWT-EventQueue-0" [_thread_in_native, id=8748, stack(0x00007f7e05393000,0x00007f7e05494000)]

siginfo: si_signo: 11 (SIGSEGV), si_code: 1 (SEGV_MAPERR), si_addr: 0x0000000000000008

Registers:
RAX=0x00007f7e0548fd30, RBX=0x0000000000000001, RCX=0x00000000544f4c50, RDX=0x0000000000000008
RSP=0x00007f7e0548fc68, RBP=0x00007f7e0548fc90, RSI=0x0000000000000008, RDI=0x00007f7e0548fd20
R8 =0x00007f7de40000a8, R9 =0x00007f7e36be3100, R10=0x0000000000000112, R11=0x00007f7e36c1ff50
R12=0x0000000000000001, R13=0x00007f7de4052350, R14=0x00007f7e05490478, R15=0x00007f7e3026a000
RIP=0x00007f7ddc4989bb, EFLAGS=0x0000000000010202, CSGSFS=0x002b000000000033, ERR=0x0000000000000004
  TRAPNO=0x000000000000000e

Top of Stack: (sp=0x00007f7e0548fc68)
0x00007f7e0548fc68:   00007f7ddc49845a 0000000000000000
0x00007f7e0548fc78:   00007f7ddc715b69 0000000000000000
0x00007f7e0548fc88:   00007f7e0548fd20 00007f7e0548fd70
0x00007f7e0548fc98:   00007f7ddc719552 00007f7e0548fe60
0x00007f7e0548fca8:   00007f7de4050da0 0000000000000000
0x00007f7e0548fcb8:   0000000000000000 34000000bebafeca
0x00007f7e0548fcc8:   0000000000000000 0000000000000000
0x00007f7e0548fcd8:   0000000000000000 00007f7de405c200
0x00007f7e0548fce8:   00007f7e0548fd10 00007f7e0548fd30
0x00007f7e0548fcf8:   01007f7ddc70f157 00007f7e0548fd30
0x00007f7e0548fd08:   00007f7ddc70f203 00007f7de405c280
0x00007f7e0548fd18:   00007f7de4052000 00007f7e0548fd30
0x00007f7e0548fd28:   0000000000000004 00007f7e0548fe60
0x00007f7e0548fd38:   00007f7e0548fe60 00007f7de4050da0
0x00007f7e0548fd48:   6cf48a9deee42900 0000000000000001
0x00007f7e0548fd58:   0000000000000001 00007f7de4052350
0x00007f7e0548fd68:   00007f7e05490478 00007f7e054900d0
0x00007f7e0548fd78:   00007f7ddc71b521 0000000000000006
0x00007f7e0548fd88:   00007f7e0548fe80 00007f7e054901d0
0x00007f7e0548fd98:   00007f7e05490150 0000000000000006
0x00007f7e0548fda8:   00007f7de40512c0 00007f7de4052310
0x00007f7e0548fdb8:   0000000000000000 00007f7de4052350
0x00007f7e0548fdc8:   00007f7de4050f60 00007f7de4052350
0x00007f7e0548fdd8:   00007f7e37496b1f 00007f7de4052350
0x00007f7e0548fde8:   0000000000000000 00007f7de4050da0
0x00007f7e0548fdf8:   ffffffffffffffff 00007f7de4052310
0x00007f7e0548fe08:   00007f7de4052350 00007f7de4052350
0x00007f7e0548fe18:   0000000000000000 0000000000000000
0x00007f7e0548fe28:   0000000000000000 0000000000000000
0x00007f7e0548fe38:   00007f7e0548fe70 00007f7de4052110
0x00007f7e0548fe48:   00007f7de40521d0 00007f7de40521d0
0x00007f7e0548fe58:   00007f7ddc7078ed 00007f7de4052000 

Instructions: (pc=0x00007f7ddc4989bb)
0x00007f7ddc49899b:   eb 9d e8 4e 72 f6 ff 66 2e 0f 1f 84 00 00 00 00
0x00007f7ddc4989ab:   00 0f 1f 40 00 48 8d 47 10 48 83 ec 10 48 89 07
0x00007f7ddc4989bb:   48 8b 06 48 89 c2 48 03 56 08 6a 00 48 89 c6 e8
0x00007f7ddc4989cb:   d1 5c f6 ff 48 83 c4 18 c3 66 2e 0f 1f 84 00 00 

Register to memory mapping:

RAX=0x00007f7e0548fd30 is pointing into the stack for thread: 0x00007f7e3026a000
RBX=0x0000000000000001 is an unknown value
RCX=0x00000000544f4c50 is an unknown value
RDX=0x0000000000000008 is an unknown value
RSP=0x00007f7e0548fc68 is pointing into the stack for thread: 0x00007f7e3026a000
RBP=0x00007f7e0548fc90 is pointing into the stack for thread: 0x00007f7e3026a000
RSI=0x0000000000000008 is an unknown value
RDI=0x00007f7e0548fd20 is pointing into the stack for thread: 0x00007f7e3026a000
R8 =0x00007f7de40000a8 is an unknown value
R9 =0x00007f7e36be3100: <offset 0x158100> in /lib/x86_64-linux-gnu/libc.so.6 at 0x00007f7e36a8b000
R10=0x0000000000000112 is an unknown value
R11=0x00007f7e36c1ff50: <offset 0x194f50> in /lib/x86_64-linux-gnu/libc.so.6 at 0x00007f7e36a8b000
R12=0x0000000000000001 is an unknown value
R13=0x00007f7de4052350 is an unknown value
R14=0x00007f7e05490478 is pointing into the stack for thread: 0x00007f7e3026a000
R15=0x00007f7e3026a000 is a thread


Stack: [0x00007f7e05393000,0x00007f7e05494000],  sp=0x00007f7e0548fc68,  free space=1011k
Native frames: (J=compiled Java code, j=interpreted, Vv=VM code, C=native code)
C  [libstdc++.so.6+0x1219bb]  std::__cxx11::basic_string<char, std::char_traits<char>, std::allocator<char> >::basic_string(std::__cxx11::basic_string<char, std::char_traits<char>, std::allocator<char> > const&)+0xb
C  [libsimulation_jni.so+0x20552]  Simulation::set_config_simulation(std::vector<std::__cxx11::basic_string<char, std::char_traits<char>, std::allocator<char> >, std::allocator<std::__cxx11::basic_string<char, std::char_traits<char>, std::allocator<char> > > >)+0x1ea
C  [libsimulation_jni.so+0x22521]  Simulator::parser_simulator(std::basic_ifstream<char, std::char_traits<char> >&)+0x7a9
C  [libsimulation_jni.so+0x21d0e]  Simulator::Simulator(std::basic_ifstream<char, std::char_traits<char> >&, Simulation*)+0x32
C  [libsimulation_jni.so+0x1dfaf]  Java_org_jni_InterfaceJNI_run_1analysis+0xfd
j  org.jni.InterfaceJNI.run_analysis(Ljava/lang/String;)Ljava/lang/String;+0
j  org.gui.MainWindow.actionPerformed(Ljava/awt/event/ActionEvent;)V+131
j  javax.swing.AbstractButton.fireActionPerformed(Ljava/awt/event/ActionEvent;)V+83
j  javax.swing.AbstractButton$Handler.actionPerformed(Ljava/awt/event/ActionEvent;)V+5
j  javax.swing.DefaultButtonModel.fireActionPerformed(Ljava/awt/event/ActionEvent;)V+34
j  javax.swing.DefaultButtonModel.setPressed(Z)V+117
j  javax.swing.plaf.basic.BasicButtonListener.mouseReleased(Ljava/awt/event/MouseEvent;)V+35
j  java.awt.AWTEventMulticaster.mouseReleased(Ljava/awt/event/MouseEvent;)V+8
j  java.awt.Component.processMouseEvent(Ljava/awt/event/MouseEvent;)V+64
j  javax.swing.JComponent.processMouseEvent(Ljava/awt/event/MouseEvent;)V+23
J 1234 C1 java.awt.Component.processEvent(Ljava/awt/AWTEvent;)V (220 bytes) @ 0x00007f7e2140b0dc [0x00007f7e2140abc0+0x51c]
J 1373 C1 java.awt.Container.processEvent(Ljava/awt/AWTEvent;)V (22 bytes) @ 0x00007f7e2148cb44 [0x00007f7e2148c820+0x324]
J 1621 C1 java.awt.Component.dispatchEventImpl(Ljava/awt/AWTEvent;)V (883 bytes) @ 0x00007f7e215649c4 [0x00007f7e2155f540+0x5484]
J 1077 C1 java.awt.Container.dispatchEventImpl(Ljava/awt/AWTEvent;)V (129 bytes) @ 0x00007f7e2136ebe4 [0x00007f7e2136eaa0+0x144]
J 1380 C1 java.awt.LightweightDispatcher.retargetMouseEvent(Ljava/awt/Component;ILjava/awt/event/MouseEvent;)V (350 bytes) @ 0x00007f7e21493734 [0x00007f7e214911e0+0x2554]
J 1719 C1 java.awt.LightweightDispatcher.processMouseEvent(Ljava/awt/event/MouseEvent;)Z (286 bytes) @ 0x00007f7e21594fbc [0x00007f7e215938c0+0x16fc]
J 1383 C1 java.awt.LightweightDispatcher.dispatchEvent(Ljava/awt/AWTEvent;)Z (73 bytes) @ 0x00007f7e214999f4 [0x00007f7e214995c0+0x434]
J 1077 C1 java.awt.Container.dispatchEventImpl(Ljava/awt/AWTEvent;)V (129 bytes) @ 0x00007f7e2136eb84 [0x00007f7e2136eaa0+0xe4]
J 1393 C1 java.awt.Window.dispatchEventImpl(Ljava/awt/AWTEvent;)V (23 bytes) @ 0x00007f7e214a3f84 [0x00007f7e214a39a0+0x5e4]
J 1217 C1 java.awt.EventQueue.dispatchEventImpl(Ljava/awt/AWTEvent;Ljava/lang/Object;)V (149 bytes) @ 0x00007f7e213fc4f4 [0x00007f7e213facc0+0x1834]
J 1215 C1 java.awt.EventQueue$3.run()Ljava/lang/Void; (60 bytes) @ 0x00007f7e213fa0c4 [0x00007f7e213f9ec0+0x204]
J 1131 C1 java.awt.EventQueue$3.run()Ljava/lang/Object; (5 bytes) @ 0x00007f7e2138a94c [0x00007f7e2138a8c0+0x8c]
v  ~StubRoutines::call_stub
V  [libjvm.so+0x693e76]  JavaCalls::call_helper(JavaValue*, methodHandle*, JavaCallArguments*, Thread*)+0x1056
V  [libjvm.so+0x72d14c]  JVM_DoPrivileged+0x27c
J 336  java.security.AccessController.doPrivileged(Ljava/security/PrivilegedAction;Ljava/security/AccessControlContext;)Ljava/lang/Object; (0 bytes) @ 0x00007f7e211d0e15 [0x00007f7e211d0d40+0xd5]
J 1263 C1 java.awt.EventQueue$4.run()Ljava/lang/Object; (5 bytes) @ 0x00007f7e214219e4 [0x00007f7e214215c0+0x424]
v  ~StubRoutines::call_stub
V  [libjvm.so+0x693e76]  JavaCalls::call_helper(JavaValue*, methodHandle*, JavaCallArguments*, Thread*)+0x1056
V  [libjvm.so+0x72d14c]  JVM_DoPrivileged+0x27c
J 336  java.security.AccessController.doPrivileged(Ljava/security/PrivilegedAction;Ljava/security/AccessControlContext;)Ljava/lang/Object; (0 bytes) @ 0x00007f7e211d0e15 [0x00007f7e211d0d40+0xd5]
J 1129 C1 java.awt.EventQueue.dispatchEvent(Ljava/awt/AWTEvent;)V (80 bytes) @ 0x00007f7e2138ea74 [0x00007f7e2138dc00+0xe74]
J 1134 C1 java.awt.EventDispatchThread.pumpOneEventForFilters(I)V (295 bytes) @ 0x00007f7e213921d4 [0x00007f7e21390680+0x1b54]
j  java.awt.EventDispatchThread.pumpEventsForFilter(ILjava/awt/Conditional;Ljava/awt/EventFilter;)V+35
j  java.awt.EventDispatchThread.pumpEventsForHierarchy(ILjava/awt/Conditional;Ljava/awt/Component;)V+11
j  java.awt.EventDispatchThread.pumpEvents(ILjava/awt/Conditional;)V+4
j  java.awt.EventDispatchThread.pumpEvents(Ljava/awt/Conditional;)V+3
j  java.awt.EventDispatchThread.run()V+9
v  ~StubRoutines::call_stub
V  [libjvm.so+0x693e76]  JavaCalls::call_helper(JavaValue*, methodHandle*, JavaCallArguments*, Thread*)+0x1056
V  [libjvm.so+0x694381]  JavaCalls::call_virtual(JavaValue*, KlassHandle, Symbol*, Symbol*, JavaCallArguments*, Thread*)+0x321
V  [libjvm.so+0x694827]  JavaCalls::call_virtual(JavaValue*, Handle, KlassHandle, Symbol*, Symbol*, Thread*)+0x47
V  [libjvm.so+0x72fbb0]  thread_entry(JavaThread*, Thread*)+0xa0
V  [libjvm.so+0xa79b53]  JavaThread::thread_main_inner()+0x103
V  [libjvm.so+0xa79c9c]  JavaThread::run()+0x11c
V  [libjvm.so+0x92a728]  java_start(Thread*)+0x108
C  [libpthread.so.0+0x76ba]  start_thread+0xca

Java frames: (J=compiled Java code, j=interpreted, Vv=VM code)
j  org.jni.InterfaceJNI.run_analysis(Ljava/lang/String;)Ljava/lang/String;+0
j  org.gui.MainWindow.actionPerformed(Ljava/awt/event/ActionEvent;)V+131
j  javax.swing.AbstractButton.fireActionPerformed(Ljava/awt/event/ActionEvent;)V+83
j  javax.swing.AbstractButton$Handler.actionPerformed(Ljava/awt/event/ActionEvent;)V+5
j  javax.swing.DefaultButtonModel.fireActionPerformed(Ljava/awt/event/ActionEvent;)V+34
j  javax.swing.DefaultButtonModel.setPressed(Z)V+117
j  javax.swing.plaf.basic.BasicButtonListener.mouseReleased(Ljava/awt/event/MouseEvent;)V+35
j  java.awt.AWTEventMulticaster.mouseReleased(Ljava/awt/event/MouseEvent;)V+8
j  java.awt.Component.processMouseEvent(Ljava/awt/event/MouseEvent;)V+64
j  javax.swing.JComponent.processMouseEvent(Ljava/awt/event/MouseEvent;)V+23
J 1234 C1 java.awt.Component.processEvent(Ljava/awt/AWTEvent;)V (220 bytes) @ 0x00007f7e2140b0dc [0x00007f7e2140abc0+0x51c]
J 1373 C1 java.awt.Container.processEvent(Ljava/awt/AWTEvent;)V (22 bytes) @ 0x00007f7e2148cb44 [0x00007f7e2148c820+0x324]
J 1621 C1 java.awt.Component.dispatchEventImpl(Ljava/awt/AWTEvent;)V (883 bytes) @ 0x00007f7e215649c4 [0x00007f7e2155f540+0x5484]
J 1077 C1 java.awt.Container.dispatchEventImpl(Ljava/awt/AWTEvent;)V (129 bytes) @ 0x00007f7e2136ebe4 [0x00007f7e2136eaa0+0x144]
J 1380 C1 java.awt.LightweightDispatcher.retargetMouseEvent(Ljava/awt/Component;ILjava/awt/event/MouseEvent;)V (350 bytes) @ 0x00007f7e21493734 [0x00007f7e214911e0+0x2554]
J 1719 C1 java.awt.LightweightDispatcher.processMouseEvent(Ljava/awt/event/MouseEvent;)Z (286 bytes) @ 0x00007f7e21594fbc [0x00007f7e215938c0+0x16fc]
J 1383 C1 java.awt.LightweightDispatcher.dispatchEvent(Ljava/awt/AWTEvent;)Z (73 bytes) @ 0x00007f7e214999f4 [0x00007f7e214995c0+0x434]
J 1077 C1 java.awt.Container.dispatchEventImpl(Ljava/awt/AWTEvent;)V (129 bytes) @ 0x00007f7e2136eb84 [0x00007f7e2136eaa0+0xe4]
J 1393 C1 java.awt.Window.dispatchEventImpl(Ljava/awt/AWTEvent;)V (23 bytes) @ 0x00007f7e214a3f84 [0x00007f7e214a39a0+0x5e4]
J 1217 C1 java.awt.EventQueue.dispatchEventImpl(Ljava/awt/AWTEvent;Ljava/lang/Object;)V (149 bytes) @ 0x00007f7e213fc4f4 [0x00007f7e213facc0+0x1834]
J 1215 C1 java.awt.EventQueue$3.run()Ljava/lang/Void; (60 bytes) @ 0x00007f7e213fa0c4 [0x00007f7e213f9ec0+0x204]
J 1131 C1 java.awt.EventQueue$3.run()Ljava/lang/Object; (5 bytes) @ 0x00007f7e2138a94c [0x00007f7e2138a8c0+0x8c]
v  ~StubRoutines::call_stub
J 336  java.security.AccessController.doPrivileged(Ljava/security/PrivilegedAction;Ljava/security/AccessControlContext;)Ljava/lang/Object; (0 bytes) @ 0x00007f7e211d0da3 [0x00007f7e211d0d40+0x63]
J 1263 C1 java.awt.EventQueue$4.run()Ljava/lang/Object; (5 bytes) @ 0x00007f7e214219e4 [0x00007f7e214215c0+0x424]
v  ~StubRoutines::call_stub
J 336  java.security.AccessController.doPrivileged(Ljava/security/PrivilegedAction;Ljava/security/AccessControlContext;)Ljava/lang/Object; (0 bytes) @ 0x00007f7e211d0da3 [0x00007f7e211d0d40+0x63]
J 1129 C1 java.awt.EventQueue.dispatchEvent(Ljava/awt/AWTEvent;)V (80 bytes) @ 0x00007f7e2138ea74 [0x00007f7e2138dc00+0xe74]
J 1134 C1 java.awt.EventDispatchThread.pumpOneEventForFilters(I)V (295 bytes) @ 0x00007f7e213921d4 [0x00007f7e21390680+0x1b54]
j  java.awt.EventDispatchThread.pumpEventsForFilter(ILjava/awt/Conditional;Ljava/awt/EventFilter;)V+35
j  java.awt.EventDispatchThread.pumpEventsForHierarchy(ILjava/awt/Conditional;Ljava/awt/Component;)V+11
j  java.awt.EventDispatchThread.pumpEvents(ILjava/awt/Conditional;)V+4
j  java.awt.EventDispatchThread.pumpEvents(Ljava/awt/Conditional;)V+3
j  java.awt.EventDispatchThread.run()V+9
v  ~StubRoutines::call_stub

---------------  P R O C E S S  ---------------

Java Threads: ( => current thread )
  0x00007f7de406c800 JavaThread "Image Fetcher 2" daemon [_thread_blocked, id=8801, stack(0x00007f7e05896000,0x00007f7e05997000)]
  0x00007f7de406b800 JavaThread "Image Fetcher 3" daemon [_thread_blocked, id=8800, stack(0x00007f7e05795000,0x00007f7e05896000)]
  0x00007f7de4034800 JavaThread "TimerQueue" daemon [_thread_blocked, id=8749, stack(0x00007f7e046ee000,0x00007f7e047ef000)]
  0x00007f7e3000a000 JavaThread "DestroyJavaVM" [_thread_blocked, id=8730, stack(0x00007f7e37595000,0x00007f7e37696000)]
=>0x00007f7e3026a000 JavaThread "AWT-EventQueue-0" [_thread_in_native, id=8748, stack(0x00007f7e05393000,0x00007f7e05494000)]
  0x00007f7e30268800 JavaThread "AWT-Shutdown" [_thread_blocked, id=8747, stack(0x00007f7e05494000,0x00007f7e05595000)]
  0x00007f7e3021f000 JavaThread "AWT-XAWT" daemon [_thread_in_native, id=8744, stack(0x00007f7e05997000,0x00007f7e05a98000)]
  0x00007f7e301fe800 JavaThread "Java2D Disposer" daemon [_thread_blocked, id=8743, stack(0x00007f7e05ea8000,0x00007f7e05fa9000)]
  0x00007f7e300cc000 JavaThread "Service Thread" daemon [_thread_blocked, id=8741, stack(0x00007f7e07bfc000,0x00007f7e07cfd000)]
  0x00007f7e300b7000 JavaThread "C1 CompilerThread1" daemon [_thread_blocked, id=8740, stack(0x00007f7e07cfd000,0x00007f7e07dfe000)]
  0x00007f7e300b4000 JavaThread "C2 CompilerThread0" daemon [_thread_blocked, id=8739, stack(0x00007f7e07dfe000,0x00007f7e07eff000)]
  0x00007f7e300b2800 JavaThread "Signal Dispatcher" daemon [_thread_blocked, id=8738, stack(0x00007f7e07eff000,0x00007f7e08000000)]
  0x00007f7e30080000 JavaThread "Finalizer" daemon [_thread_blocked, id=8737, stack(0x00007f7e1db6a000,0x00007f7e1dc6b000)]
  0x00007f7e3007b000 JavaThread "Reference Handler" daemon [_thread_blocked, id=8736, stack(0x00007f7e1dc6b000,0x00007f7e1dd6c000)]

Other Threads:
  0x00007f7e30073800 VMThread [stack: 0x00007f7e1dd6c000,0x00007f7e1de6d000] [id=8735]
  0x00007f7e300df000 WatcherThread [stack: 0x00007f7e07afb000,0x00007f7e07bfc000] [id=8742]

VM state:not at safepoint (normal execution)

VM Mutex/Monitor currently owned by a thread: None

Heap:
 PSYoungGen      total 16384K, used 6882K [0x00000000ee500000, 0x00000000ef700000, 0x0000000100000000)
  eden space 14336K, 33% used [0x00000000ee500000,0x00000000ee9bc348,0x00000000ef300000)
  from space 2048K, 99% used [0x00000000ef500000,0x00000000ef6fc840,0x00000000ef700000)
  to   space 2048K, 0% used [0x00000000ef300000,0x00000000ef300000,0x00000000ef500000)
 ParOldGen       total 36864K, used 5677K [0x00000000cae00000, 0x00000000cd200000, 0x00000000ee500000)
  object space 36864K, 15% used [0x00000000cae00000,0x00000000cb38b650,0x00000000cd200000)
 Metaspace       used 16704K, capacity 16956K, committed 17280K, reserved 1064960K
  class space    used 2092K, capacity 2164K, committed 2176K, reserved 1048576K

Card table byte_map: [0x00007f7e34182000,0x00007f7e3432c000] byte_map_base: 0x00007f7e33b2b000

Marking Bits: (ParMarkBitMap*) 0x00007f7e36a5df80
 Begin Bits: [0x00007f7e1f36e000, 0x00007f7e200b6000)
 End Bits:   [0x00007f7e200b6000, 0x00007f7e20dfe000)

Polling page: 0x00007f7e376ae000

CodeCache: size=245760Kb used=5956Kb max_used=6070Kb free=239803Kb
 bounds [0x00007f7e21000000, 0x00007f7e21600000, 0x00007f7e30000000]
 total_blobs=2420 nmethods=1831 adapters=502
 compilation: enabled

Compilation events (10 events):
Event: 48,835 Thread 0x00007f7e300b7000 1975       3       java.awt.Component::<init> (147 bytes)
Event: 48,838 Thread 0x00007f7e300b7000 nmethod 1975 0x00007f7e213cdb90 code [0x00007f7e213cdd60, 0x00007f7e213ce418]
Event: 48,845 Thread 0x00007f7e300b7000 1976       3       sun.awt.NullComponentPeer::beginLayout (1 bytes)
Event: 48,846 Thread 0x00007f7e300b7000 nmethod 1976 0x00007f7e2145dc10 code [0x00007f7e2145dd60, 0x00007f7e2145deb0]
Event: 48,846 Thread 0x00007f7e300b7000 1977       3       sun.awt.NullComponentPeer::endLayout (1 bytes)
Event: 48,847 Thread 0x00007f7e300b7000 nmethod 1977 0x00007f7e213cd890 code [0x00007f7e213cd9e0, 0x00007f7e213cdb30]
Event: 48,854 Thread 0x00007f7e300b7000 1978       3       java.nio.Buffer::clear (20 bytes)
Event: 48,854 Thread 0x00007f7e300b7000 nmethod 1978 0x00007f7e213cd550 code [0x00007f7e213cd6a0, 0x00007f7e213cd810]
Event: 48,857 Thread 0x00007f7e300b7000 1979  s    3       java.util.Vector::indexOf (67 bytes)
Event: 48,859 Thread 0x00007f7e300b7000 nmethod 1979 0x00007f7e213cca50 code [0x00007f7e213ccc00, 0x00007f7e213cd2a8]

GC Heap History (4 events):
Event: 3,848 GC heap before
{Heap before GC invocations=1 (full 0):
 PSYoungGen      total 16384K, used 14336K [0x00000000ee500000, 0x00000000ef700000, 0x0000000100000000)
  eden space 14336K, 100% used [0x00000000ee500000,0x00000000ef300000,0x00000000ef300000)
  from space 2048K, 0% used [0x00000000ef500000,0x00000000ef500000,0x00000000ef700000)
  to   space 2048K, 0% used [0x00000000ef300000,0x00000000ef300000,0x00000000ef500000)
 ParOldGen       total 36864K, used 0K [0x00000000cae00000, 0x00000000cd200000, 0x00000000ee500000)
  object space 36864K, 0% used [0x00000000cae00000,0x00000000cae00000,0x00000000cd200000)
 Metaspace       used 12794K, capacity 13036K, committed 13440K, reserved 1060864K
  class space    used 1521K, capacity 1586K, committed 1664K, reserved 1048576K
Event: 3,882 GC heap after
Heap after GC invocations=1 (full 0):
 PSYoungGen      total 16384K, used 2048K [0x00000000ee500000, 0x00000000ef700000, 0x0000000100000000)
  eden space 14336K, 0% used [0x00000000ee500000,0x00000000ee500000,0x00000000ef300000)
  from space 2048K, 100% used [0x00000000ef300000,0x00000000ef500000,0x00000000ef500000)
  to   space 2048K, 0% used [0x00000000ef500000,0x00000000ef500000,0x00000000ef700000)
 ParOldGen       total 36864K, used 3066K [0x00000000cae00000, 0x00000000cd200000, 0x00000000ee500000)
  object space 36864K, 8% used [0x00000000cae00000,0x00000000cb0fea68,0x00000000cd200000)
 Metaspace       used 12794K, capacity 13036K, committed 13440K, reserved 1060864K
  class space    used 1521K, capacity 1586K, committed 1664K, reserved 1048576K
}
Event: 30,594 GC heap before
{Heap before GC invocations=2 (full 0):
 PSYoungGen      total 16384K, used 16384K [0x00000000ee500000, 0x00000000ef700000, 0x0000000100000000)
  eden space 14336K, 100% used [0x00000000ee500000,0x00000000ef300000,0x00000000ef300000)
  from space 2048K, 100% used [0x00000000ef300000,0x00000000ef500000,0x00000000ef500000)
  to   space 2048K, 0% used [0x00000000ef500000,0x00000000ef500000,0x00000000ef700000)
 ParOldGen       total 36864K, used 3066K [0x00000000cae00000, 0x00000000cd200000, 0x00000000ee500000)
  object space 36864K, 8% used [0x00000000cae00000,0x00000000cb0fea68,0x00000000cd200000)
 Metaspace       used 14684K, capacity 14896K, committed 15104K, reserved 1062912K
  class space    used 1723K, capacity 1778K, committed 1792K, reserved 1048576K
Event: 30,618 GC heap after
Heap after GC invocations=2 (full 0):
 PSYoungGen      total 16384K, used 2034K [0x00000000ee500000, 0x00000000ef700000, 0x0000000100000000)
  eden space 14336K, 0% used [0x00000000ee500000,0x00000000ee500000,0x00000000ef300000)
  from space 2048K, 99% used [0x00000000ef500000,0x00000000ef6fc840,0x00000000ef700000)
  to   space 2048K, 0% used [0x00000000ef300000,0x00000000ef300000,0x00000000ef500000)
 ParOldGen       total 36864K, used 5677K [0x00000000cae00000, 0x00000000cd200000, 0x00000000ee500000)
  object space 36864K, 15% used [0x00000000cae00000,0x00000000cb38b650,0x00000000cd200000)
 Metaspace       used 14684K, capacity 14896K, committed 15104K, reserved 1062912K
  class space    used 1723K, capacity 1778K, committed 1792K, reserved 1048576K
}

Deoptimization events (10 events):
Event: 6,441 Thread 0x00007f7e3026a000 Uncommon trap: reason=class_check action=maybe_recompile pc=0x00007f7e21173a70 method=java.lang.String.equals(Ljava/lang/Object;)Z @ 8
Event: 7,051 Thread 0x00007f7e3026a000 Uncommon trap: reason=class_check action=maybe_recompile pc=0x00007f7e21173a70 method=java.lang.String.equals(Ljava/lang/Object;)Z @ 8
Event: 21,133 Thread 0x00007f7e3026a000 Uncommon trap: reason=unstable_if action=reinterpret pc=0x00007f7e2145b03c method=java.lang.StrictMath.floorOrCeil(DDDD)D @ 38
Event: 30,527 Thread 0x00007f7e3026a000 Uncommon trap: reason=unstable_if action=reinterpret pc=0x00007f7e212e5b04 method=java.lang.String.indexOf([CII[CIII)I @ 3
Event: 30,668 Thread 0x00007f7e3026a000 Uncommon trap: reason=unstable_if action=reinterpret pc=0x00007f7e214d8944 method=java.awt.Component.getInputContext()Ljava/awt/im/InputContext; @ 6
Event: 30,912 Thread 0x00007f7e3026a000 Uncommon trap: reason=unstable_if action=reinterpret pc=0x00007f7e214d9a54 method=java.lang.StrictMath.floorOrCeil(DDDD)D @ 90
Event: 41,543 Thread 0x00007f7e3026a000 Uncommon trap: reason=unstable_if action=reinterpret pc=0x00007f7e214d6254 method=java.security.AccessControlContext.optimize()Ljava/security/AccessControlContext; @ 220
Event: 41,648 Thread 0x00007f7e3026a000 Uncommon trap: reason=unstable_if action=reinterpret pc=0x00007f7e21298208 method=java.io.UnixFileSystem.normalize(Ljava/lang/String;)Ljava/lang/String; @ 60
Event: 48,592 Thread 0x00007f7e3026a000 Uncommon trap: reason=class_check action=maybe_recompile pc=0x00007f7e21213da8 method=java.util.Properties$LineReader.readLine()I @ 62
Event: 48,593 Thread 0x00007f7e3026a000 Uncommon trap: reason=unstable_if action=reinterpret pc=0x00007f7e21213ad4 method=java.util.Properties$LineReader.readLine()I @ 206

Internal exceptions (10 events):
Event: 0,391 Thread 0x00007f7e3000a000 Exception <a 'java/security/PrivilegedActionException'> (0x00000000ee567b78) thrown at [/HUDSON/workspace/8-2-build-linux-amd64/jdk8u151/9699/hotspot/src/share/vm/prims/jvm.cpp, line 1390]
Event: 0,391 Thread 0x00007f7e3000a000 Exception <a 'java/security/PrivilegedActionException'> (0x00000000ee567d88) thrown at [/HUDSON/workspace/8-2-build-linux-amd64/jdk8u151/9699/hotspot/src/share/vm/prims/jvm.cpp, line 1390]
Event: 0,512 Thread 0x00007f7e3000a000 Exception <a 'java/security/PrivilegedActionException'> (0x00000000ee5ef708) thrown at [/HUDSON/workspace/8-2-build-linux-amd64/jdk8u151/9699/hotspot/src/share/vm/prims/jvm.cpp, line 1390]
Event: 0,512 Thread 0x00007f7e3000a000 Exception <a 'java/security/PrivilegedActionException'> (0x00000000ee5ef918) thrown at [/HUDSON/workspace/8-2-build-linux-amd64/jdk8u151/9699/hotspot/src/share/vm/prims/jvm.cpp, line 1390]
Event: 0,524 Thread 0x00007f7e3000a000 Exception <a 'java/security/PrivilegedActionException'> (0x00000000ee5f1d80) thrown at [/HUDSON/workspace/8-2-build-linux-amd64/jdk8u151/9699/hotspot/src/share/vm/prims/jvm.cpp, line 1390]
Event: 0,524 Thread 0x00007f7e3000a000 Exception <a 'java/security/PrivilegedActionException'> (0x00000000ee5f1f90) thrown at [/HUDSON/workspace/8-2-build-linux-amd64/jdk8u151/9699/hotspot/src/share/vm/prims/jvm.cpp, line 1390]
Event: 1,005 Thread 0x00007f7e3000a000 Exception <a 'java/lang/NoSuchFieldError': method resolution failed> (0x00000000ee6c2620) thrown at [/HUDSON/workspace/8-2-build-linux-amd64/jdk8u151/9699/hotspot/src/share/vm/prims/methodHandles.cpp, line 1146]
Event: 1,023 Thread 0x00007f7e3000a000 Exception <a 'java/lang/NoSuchFieldError': method resolution failed> (0x00000000ee6cfdf0) thrown at [/HUDSON/workspace/8-2-build-linux-amd64/jdk8u151/9699/hotspot/src/share/vm/prims/methodHandles.cpp, line 1146]
Event: 1,202 Thread 0x00007f7e3000a000 Exception <a 'java/io/FileNotFoundException'> (0x00000000ee74ee40) thrown at [/HUDSON/workspace/8-2-build-linux-amd64/jdk8u151/9699/hotspot/src/share/vm/prims/jni.cpp, line 709]
Event: 1,202 Thread 0x00007f7e3000a000 Exception <a 'java/io/FileNotFoundException'> (0x00000000ee74f940) thrown at [/HUDSON/workspace/8-2-build-linux-amd64/jdk8u151/9699/hotspot/src/share/vm/prims/jni.cpp, line 709]

Events (10 events):
Event: 48,754 loading class javax/swing/plaf/metal/MetalTitlePane$WindowHandler
Event: 48,755 loading class javax/swing/plaf/metal/MetalTitlePane$WindowHandler done
Event: 48,759 loading class javax/swing/plaf/metal/MetalTitlePane$PropertyChangeHandler
Event: 48,760 loading class javax/swing/plaf/metal/MetalTitlePane$PropertyChangeHandler done
Event: 48,785 Executing VM operation: BulkRevokeBias
Event: 48,787 Executing VM operation: BulkRevokeBias done
Event: 48,851 loading class java/io/FileWriter
Event: 48,852 loading class java/io/FileWriter done
Event: 48,853 loading class org/jni/InterfaceJNI
Event: 48,853 loading class org/jni/InterfaceJNI done


Dynamic libraries:
00400000-00401000 r-xp 00000000 08:03 1056627                            /usr/lib/jvm/java-8-oracle/bin/java
00600000-00601000 rw-p 00000000 08:03 1056627                            /usr/lib/jvm/java-8-oracle/bin/java
02273000-02294000 rw-p 00000000 00:00 0                                  [heap]
cae00000-cd200000 rw-p 00000000 00:00 0 
cd200000-ee500000 ---p 00000000 00:00 0 
ee500000-ef700000 rw-p 00000000 00:00 0 
ef700000-100000000 ---p 00000000 00:00 0 
100000000-100220000 rw-p 00000000 00:00 0 
100220000-140000000 ---p 00000000 00:00 0 
7f7ddc377000-7f7ddc4e9000 r-xp 00000000 08:03 786613                     /usr/lib/x86_64-linux-gnu/libstdc++.so.6.0.21
7f7ddc4e9000-7f7ddc6e9000 ---p 00172000 08:03 786613                     /usr/lib/x86_64-linux-gnu/libstdc++.so.6.0.21
7f7ddc6e9000-7f7ddc6f3000 r--p 00172000 08:03 786613                     /usr/lib/x86_64-linux-gnu/libstdc++.so.6.0.21
7f7ddc6f3000-7f7ddc6f5000 rw-p 0017c000 08:03 786613                     /usr/lib/x86_64-linux-gnu/libstdc++.so.6.0.21
7f7ddc6f5000-7f7ddc6f9000 rw-p 00000000 00:00 0 
7f7ddc6f9000-7f7ddc725000 r-xp 00000000 08:03 798629                     /usr/lib/libsimulation_jni.so
7f7ddc725000-7f7ddc924000 ---p 0002c000 08:03 798629                     /usr/lib/libsimulation_jni.so
7f7ddc924000-7f7ddc925000 r--p 0002b000 08:03 798629                     /usr/lib/libsimulation_jni.so
7f7ddc925000-7f7ddc927000 rw-p 0002c000 08:03 798629                     /usr/lib/libsimulation_jni.so
7f7ddc927000-7f7ddc9e7000 rw-p 00000000 00:00 0 
7f7ddc9e7000-7f7ddcb2a000 ---p 00000000 00:00 0 
7f7ddcb2a000-7f7ddcc28000 rw-p 00000000 00:00 0 
7f7ddcc28000-7f7ddcc2b000 ---p 00000000 00:00 0 
7f7ddcc2b000-7f7ddcd29000 rw-p 00000000 00:00 0 
7f7ddcd29000-7f7ddcd2c000 ---p 00000000 00:00 0 
7f7ddcd2c000-7f7ddce2a000 rw-p 00000000 00:00 0 
7f7ddce2a000-7f7ddcfff000 rw-s 00000000 00:05 862388233                  /SYSV00000000 (deleted)
7f7ddcfff000-7f7de0000000 rw-p 00000000 00:00 0 
7f7de0000000-7f7de0062000 rw-p 00000000 00:00 0 
7f7de0062000-7f7de4000000 ---p 00000000 00:00 0 
7f7de4000000-7f7de4355000 rw-p 00000000 00:00 0 
7f7de4355000-7f7de8000000 ---p 00000000 00:00 0 
7f7de8000000-7f7de8021000 rw-p 00000000 00:00 0 
7f7de8021000-7f7dec000000 ---p 00000000 00:00 0 
7f7dec000000-7f7dec031000 rw-p 00000000 00:00 0 
7f7dec031000-7f7df0000000 ---p 00000000 00:00 0 
7f7df0000000-7f7df0021000 rw-p 00000000 00:00 0 
7f7df0021000-7f7df4000000 ---p 00000000 00:00 0 
7f7df4000000-7f7df4021000 rw-p 00000000 00:00 0 
7f7df4021000-7f7df8000000 ---p 00000000 00:00 0 
7f7df8000000-7f7df86ec000 rw-p 00000000 00:00 0 
7f7df86ec000-7f7dfc000000 ---p 00000000 00:00 0 
7f7dfc000000-7f7dfc76b000 rw-p 00000000 00:00 0 
7f7dfc76b000-7f7e00000000 ---p 00000000 00:00 0 
7f7e00000000-7f7e00021000 rw-p 00000000 00:00 0 
7f7e00021000-7f7e04000000 ---p 00000000 00:00 0 
7f7e04096000-7f7e0409d000 r--s 00000000 08:03 655432                     /var/cache/fontconfig/4be9850f182b35c1350b6bbf2e42601c-le64.cache-6
7f7e0409d000-7f7e040a8000 r--s 00000000 08:03 655447                     /var/cache/fontconfig/945677eb7aeaf62f1d50efc3fb3ec7d8-le64.cache-6
7f7e040a8000-7f7e040b1000 r--s 00000000 08:03 655451                     /var/cache/fontconfig/a6d8cf8e4ec09cdbc8633c31745a07dd-le64.cache-6
7f7e040b1000-7f7e040b7000 r--s 00000000 08:03 655426                     /var/cache/fontconfig/2cd17615ca594fa2959ae173292e504c-le64.cache-6
7f7e040b7000-7f7e040b8000 r--s 00000000 08:03 655422                     /var/cache/fontconfig/0d8c3b2ac0904cb8a57a757ad11a4a08-le64.cache-6
7f7e040b8000-7f7e040cd000 r--s 00000000 08:03 655414                     /var/cache/fontconfig/04aabc0a78ac019cf9454389977116d2-le64.cache-6
7f7e040cd000-7f7e040ce000 r--s 00000000 08:03 655424                     /var/cache/fontconfig/1ac9eb803944fde146138c791f5cc56a-le64.cache-6
7f7e040ce000-7f7e040d3000 r--s 00000000 08:03 655469                     /var/cache/fontconfig/eb48934c523a49add3824bfad8846c40-le64.cache-6
7f7e040d3000-7f7e040d8000 r--s 00000000 08:03 655430                     /var/cache/fontconfig/385c0604a188198f04d133e54aba7fe7-le64.cache-6
7f7e040d8000-7f7e040d9000 r--s 00000000 08:03 655464                     /var/cache/fontconfig/dc05db6664285cc2f12bf69c139ae4c3-le64.cache-6
7f7e040d9000-7f7e040dd000 r--s 00000000 08:03 655470                     /var/cache/fontconfig/f0b0891f3a988e97b2aa7c076a1430f3-le64.cache-6
7f7e040dd000-7f7e040df000 r--s 00000000 08:03 655441                     /var/cache/fontconfig/6adb16404e170b9523f41c0701dd4690-le64.cache-6
7f7e040df000-7f7e040e3000 r--s 00000000 08:03 655444                     /var/cache/fontconfig/7b79abe4499501fcd4e4826394083a53-le64.cache-6
7f7e040e3000-7f7e040e6000 r--s 00000000 08:03 655431                     /var/cache/fontconfig/3a9914ff62a69b32234685a84fdc926d-le64.cache-6
7f7e040e6000-7f7e040e9000 r--s 00000000 08:03 655443                     /var/cache/fontconfig/767a8244fc0220cfb567a839d0392e0b-le64.cache-6
7f7e040e9000-7f7e040ea000 r--s 00000000 08:03 655419                     /var/cache/fontconfig/0b41ebd278d9388cf5d83f81d476c672-le64.cache-6
7f7e040ea000-7f7e040ee000 r--s 00000000 08:03 655468                     /var/cache/fontconfig/ea32c683f96734b73b6a7acf745d6442-le64.cache-6
7f7e040ee000-7f7e0412e000 r--s 00000000 08:03 655420                     /var/cache/fontconfig/0bd3dc0958fa2205aaaa8ebb13e2872b-le64.cache-6
7f7e0412e000-7f7e04134000 r--s 00000000 08:03 655446                     /var/cache/fontconfig/8801497958630a81b71ace7c5f9b32a8-le64.cache-6
7f7e04134000-7f7e0416f000 r--s 00000000 08:03 665021                     /var/cache/fontconfig/365b55f210c0a22e9a19e35191240f32-le64.cache-6
7f7e0416f000-7f7e04170000 r--s 00000000 08:03 655457                     /var/cache/fontconfig/bab58bb527bb656aaa9f116d68a48d89-le64.cache-6
7f7e04170000-7f7e04171000 r--s 00000000 08:03 655452                     /var/cache/fontconfig/b036df7bbb72844893df6bcf5570ea7f-le64.cache-6
7f7e04171000-7f7e04172000 r--s 00000000 08:03 655437                     /var/cache/fontconfig/575107dd7452b4b2b2b1361909925bb4-le64.cache-6
7f7e04172000-7f7e04179000 r--s 00000000 08:03 655427                     /var/cache/fontconfig/3047814df9a2f067bd2d96a2b9c36e5a-le64.cache-6
7f7e04179000-7f7e0417a000 r--s 00000000 08:03 655435                     /var/cache/fontconfig/56cf4f4769d0f4abc89a4895d7bd3ae1-le64.cache-6
7f7e0417a000-7f7e0417b000 r--s 00000000 08:03 655456                     /var/cache/fontconfig/b9d506c9ac06c20b433354fa67a72993-le64.cache-6
7f7e0417b000-7f7e04181000 r--s 00000000 08:03 655455                     /var/cache/fontconfig/b47c4e1ecd0709278f4910c18777a504-le64.cache-6
7f7e04181000-7f7e04182000 r--s 00000000 08:03 655418                     /var/cache/fontconfig/0b3f2427388044a01a5738fa4b8cc9d1-le64.cache-6
7f7e04182000-7f7e04183000 r--s 00000000 08:03 655417                     /var/cache/fontconfig/0941b6d3777f1e64883d36fd6d84a52f-le64.cache-6
7f7e04183000-7f7e04196000 r--s 00000000 08:03 655461                     /var/cache/fontconfig/d52a8644073d54c13679302ca1180695-le64.cache-6
7f7e04196000-7f7e041a1000 r--s 00000000 08:03 665019                     /var/cache/fontconfig/d589a48862398ed80a3d6066f4f56f4c-le64.cache-6
7f7e041a1000-7f7e041a3000 r--s 00000000 08:03 655467                     /var/cache/fontconfig/e8d703157d3641d20c7e900be2e8d091-le64.cache-6
7f7e041a3000-7f7e041a8000 r--s 00000000 08:03 655453                     /var/cache/fontconfig/b25010134a2e462c779c1c1d5ccbff7b-le64.cache-6
7f7e041a8000-7f7e041aa000 r--s 00000000 08:03 655440                     /var/cache/fontconfig/6a6dfed4a7d1e4367ef225093de82110-le64.cache-6
7f7e041aa000-7f7e041b7000 r--s 00000000 08:03 656583                     /var/cache/fontconfig/089dead882dea3570ffc31a9898cfb69-le64.cache-6
7f7e041b7000-7f7e041bb000 r--s 00000000 08:03 655415                     /var/cache/fontconfig/0843ca893a93b5446bad221815920e23-le64.cache-6
7f7e04248000-7f7e04448000 rw-p 00000000 00:00 0 
7f7e044c1000-7f7e044eb000 r-xp 00000000 08:03 1444477                    /usr/lib/jvm/java-8-oracle/jre/lib/amd64/libdcpr.so
7f7e044eb000-7f7e046eb000 ---p 0002a000 08:03 1444477                    /usr/lib/jvm/java-8-oracle/jre/lib/amd64/libdcpr.so
7f7e046eb000-7f7e046ee000 rw-p 0002a000 08:03 1444477                    /usr/lib/jvm/java-8-oracle/jre/lib/amd64/libdcpr.so
7f7e046ee000-7f7e046f1000 ---p 00000000 00:00 0 
7f7e046f1000-7f7e047ef000 rw-p 00000000 00:00 0 
7f7e047ef000-7f7e0480a000 r--s 00000000 08:03 1575803                    /usr/share/fonts/type1/gsfonts/p052023l.pfb
7f7e04824000-7f7e04837000 r--s 00000000 08:03 1575725                    /usr/share/fonts/type1/gsfonts/b018015l.pfb
7f7e04885000-7f7e0488e000 r--s 00000000 08:03 1574730                    /usr/share/fonts/X11/Type1/c0633bt_.pfb
7f7e048da000-7f7e048ec000 r--s 00000000 08:03 1575731                    /usr/share/fonts/type1/gsfonts/b018035l.pfb
7f7e04908000-7f7e04911000 r--s 00000000 08:03 1574734                    /usr/share/fonts/X11/Type1/c0649bt_.pfb
7f7e04935000-7f7e04945000 r--s 00000000 08:03 1575713                    /usr/share/fonts/type1/gsfonts/a010015l.pfb
7f7e049ac000-7f7e049b5000 r--s 00000000 08:03 1575809                    /usr/share/fonts/type1/gsfonts/s050000l.pfb
7f7e049b5000-7f7e049c8000 r--s 00000000 08:03 1575770                    /usr/share/fonts/type1/gsfonts/n019064l.pfb
7f7e049c8000-7f7e049df000 r--s 00000000 08:03 1575779                    /usr/share/fonts/type1/gsfonts/n021023l.pfb
7f7e04a67000-7f7e04a82000 r--s 00000000 08:03 1575800                    /usr/share/fonts/type1/gsfonts/p052004l.pfb
7f7e04ac2000-7f7e04ad5000 r--s 00345000 08:03 1316538                    /usr/lib/jvm/java-8-oracle/jre/lib/resources.jar
7f7e04ad5000-7f7e04aeb000 r--s 00000000 08:03 1575794                    /usr/share/fonts/type1/gsfonts/n022024l.pfb
7f7e04aeb000-7f7e04ceb000 rw-p 00000000 00:00 0 
7f7e04ceb000-7f7e04d54000 r-xp 00000000 08:03 1444491                    /usr/lib/jvm/java-8-oracle/jre/lib/amd64/libt2k.so
7f7e04d54000-7f7e04f54000 ---p 00069000 08:03 1444491                    /usr/lib/jvm/java-8-oracle/jre/lib/amd64/libt2k.so
7f7e04f54000-7f7e04f5b000 rw-p 00069000 08:03 1444491                    /usr/lib/jvm/java-8-oracle/jre/lib/amd64/libt2k.so
7f7e04f5b000-7f7e04f6b000 rw-p 00000000 00:00 0 
7f7e04f6b000-7f7e04f7c000 r-xp 00000000 08:03 1445029                    /usr/lib/jvm/java-8-oracle/jre/lib/amd64/libnio.so
7f7e04f7c000-7f7e0517b000 ---p 00011000 08:03 1445029                    /usr/lib/jvm/java-8-oracle/jre/lib/amd64/libnio.so
7f7e0517b000-7f7e0517c000 rw-p 00010000 08:03 1445029                    /usr/lib/jvm/java-8-oracle/jre/lib/amd64/libnio.so
7f7e0517c000-7f7e05193000 r-xp 00000000 08:03 1445026                    /usr/lib/jvm/java-8-oracle/jre/lib/amd64/libnet.so
7f7e05193000-7f7e05392000 ---p 00017000 08:03 1445026                    /usr/lib/jvm/java-8-oracle/jre/lib/amd64/libnet.so
7f7e05392000-7f7e05393000 rw-p 00016000 08:03 1445026                    /usr/lib/jvm/java-8-oracle/jre/lib/amd64/libnet.so
7f7e05393000-7f7e05396000 ---p 00000000 00:00 0 
7f7e05396000-7f7e05494000 rw-p 00000000 00:00 0 
7f7e05494000-7f7e05497000 ---p 00000000 00:00 0 
7f7e05497000-7f7e05795000 rw-p 00000000 00:00 0 
7f7e05795000-7f7e05798000 ---p 00000000 00:00 0 
7f7e05798000-7f7e05896000 rw-p 00000000 00:00 0 
7f7e05896000-7f7e05899000 ---p 00000000 00:00 0 
7f7e05899000-7f7e05997000 rw-p 00000000 00:00 0 
7f7e05997000-7f7e0599a000 ---p 00000000 00:00 0 
7f7e0599a000-7f7e05a98000 rw-p 00000000 00:00 0 
7f7e05a98000-7f7e05a9d000 r-xp 00000000 08:03 794414                     /usr/lib/x86_64-linux-gnu/libXfixes.so.3.1.0
7f7e05a9d000-7f7e05c9c000 ---p 00005000 08:03 794414                     /usr/lib/x86_64-linux-gnu/libXfixes.so.3.1.0
7f7e05c9c000-7f7e05c9d000 r--p 00004000 08:03 794414                     /usr/lib/x86_64-linux-gnu/libXfixes.so.3.1.0
7f7e05c9d000-7f7e05c9e000 rw-p 00005000 08:03 794414                     /usr/lib/x86_64-linux-gnu/libXfixes.so.3.1.0
7f7e05c9e000-7f7e05ca7000 r-xp 00000000 08:03 794406                     /usr/lib/x86_64-linux-gnu/libXcursor.so.1.0.2
7f7e05ca7000-7f7e05ea6000 ---p 00009000 08:03 794406                     /usr/lib/x86_64-linux-gnu/libXcursor.so.1.0.2
7f7e05ea6000-7f7e05ea7000 r--p 00008000 08:03 794406                     /usr/lib/x86_64-linux-gnu/libXcursor.so.1.0.2
7f7e05ea7000-7f7e05ea8000 rw-p 00009000 08:03 794406                     /usr/lib/x86_64-linux-gnu/libXcursor.so.1.0.2
7f7e05ea8000-7f7e05eab000 ---p 00000000 00:00 0 
7f7e05eab000-7f7e05fa9000 rw-p 00000000 00:00 0 
7f7e05fa9000-7f7e05fbf000 r-xp 00000000 08:03 11014662                   /lib/x86_64-linux-gnu/libgcc_s.so.1
7f7e05fbf000-7f7e061be000 ---p 00016000 08:03 11014662                   /lib/x86_64-linux-gnu/libgcc_s.so.1
7f7e061be000-7f7e061bf000 rw-p 00015000 08:03 11014662                   /lib/x86_64-linux-gnu/libgcc_s.so.1
7f7e061bf000-7f7e06224000 r-xp 00000000 08:03 1445007                    /usr/lib/jvm/java-8-oracle/jre/lib/amd64/libfontmanager.so
7f7e06224000-7f7e06423000 ---p 00065000 08:03 1445007                    /usr/lib/jvm/java-8-oracle/jre/lib/amd64/libfontmanager.so
7f7e06423000-7f7e06428000 rw-p 00064000 08:03 1445007                    /usr/lib/jvm/java-8-oracle/jre/lib/amd64/libfontmanager.so
7f7e06428000-7f7e06438000 rw-p 00000000 00:00 0 
7f7e06438000-7f7e0643d000 r-xp 00000000 08:03 794410                     /usr/lib/x86_64-linux-gnu/libXdmcp.so.6.0.0
7f7e0643d000-7f7e0663c000 ---p 00005000 08:03 794410                     /usr/lib/x86_64-linux-gnu/libXdmcp.so.6.0.0
7f7e0663c000-7f7e0663d000 r--p 00004000 08:03 794410                     /usr/lib/x86_64-linux-gnu/libXdmcp.so.6.0.0
7f7e0663d000-7f7e0663e000 rw-p 00005000 08:03 794410                     /usr/lib/x86_64-linux-gnu/libXdmcp.so.6.0.0
7f7e0663e000-7f7e06640000 r-xp 00000000 08:03 794399                     /usr/lib/x86_64-linux-gnu/libXau.so.6.0.0
7f7e06640000-7f7e06840000 ---p 00002000 08:03 794399                     /usr/lib/x86_64-linux-gnu/libXau.so.6.0.0
7f7e06840000-7f7e06841000 r--p 00002000 08:03 794399                     /usr/lib/x86_64-linux-gnu/libXau.so.6.0.0
7f7e06841000-7f7e06842000 rw-p 00003000 08:03 794399                     /usr/lib/x86_64-linux-gnu/libXau.so.6.0.0
7f7e06842000-7f7e06863000 r-xp 00000000 08:03 795658                     /usr/lib/x86_64-linux-gnu/libxcb.so.1.1.0
7f7e06863000-7f7e06a62000 ---p 00021000 08:03 795658                     /usr/lib/x86_64-linux-gnu/libxcb.so.1.1.0
7f7e06a62000-7f7e06a63000 r--p 00020000 08:03 795658                     /usr/lib/x86_64-linux-gnu/libxcb.so.1.1.0
7f7e06a63000-7f7e06a64000 rw-p 00021000 08:03 795658                     /usr/lib/x86_64-linux-gnu/libxcb.so.1.1.0
7f7e06a64000-7f7e06a73000 r-xp 00000000 08:03 794422                     /usr/lib/x86_64-linux-gnu/libXi.so.6.1.0
7f7e06a73000-7f7e06c72000 ---p 0000f000 08:03 794422                     /usr/lib/x86_64-linux-gnu/libXi.so.6.1.0
7f7e06c72000-7f7e06c73000 r--p 0000e000 08:03 794422                     /usr/lib/x86_64-linux-gnu/libXi.so.6.1.0
7f7e06c73000-7f7e06c74000 rw-p 0000f000 08:03 794422                     /usr/lib/x86_64-linux-gnu/libXi.so.6.1.0
7f7e06c74000-7f7e06c79000 r-xp 00000000 08:03 794440                     /usr/lib/x86_64-linux-gnu/libXtst.so.6.1.0
7f7e06c79000-7f7e06e78000 ---p 00005000 08:03 794440                     /usr/lib/x86_64-linux-gnu/libXtst.so.6.1.0
7f7e06e78000-7f7e06e79000 r--p 00004000 08:03 794440                     /usr/lib/x86_64-linux-gnu/libXtst.so.6.1.0
7f7e06e79000-7f7e06e7a000 rw-p 00005000 08:03 794440                     /usr/lib/x86_64-linux-gnu/libXtst.so.6.1.0
7f7e06e7a000-7f7e06e83000 r-xp 00000000 08:03 794434                     /usr/lib/x86_64-linux-gnu/libXrender.so.1.3.0
7f7e06e83000-7f7e07082000 ---p 00009000 08:03 794434                     /usr/lib/x86_64-linux-gnu/libXrender.so.1.3.0
7f7e07082000-7f7e07083000 r--p 00008000 08:03 794434                     /usr/lib/x86_64-linux-gnu/libXrender.so.1.3.0
7f7e07083000-7f7e07084000 rw-p 00009000 08:03 794434                     /usr/lib/x86_64-linux-gnu/libXrender.so.1.3.0
7f7e07084000-7f7e071b9000 r-xp 00000000 08:03 794395                     /usr/lib/x86_64-linux-gnu/libX11.so.6.3.0
7f7e071b9000-7f7e073b9000 ---p 00135000 08:03 794395                     /usr/lib/x86_64-linux-gnu/libX11.so.6.3.0
7f7e073b9000-7f7e073ba000 r--p 00135000 08:03 794395                     /usr/lib/x86_64-linux-gnu/libX11.so.6.3.0
7f7e073ba000-7f7e073be000 rw-p 00136000 08:03 794395                     /usr/lib/x86_64-linux-gnu/libX11.so.6.3.0
7f7e073be000-7f7e073cf000 r-xp 00000000 08:03 794412                     /usr/lib/x86_64-linux-gnu/libXext.so.6.4.0
7f7e073cf000-7f7e075ce000 ---p 00011000 08:03 794412                     /usr/lib/x86_64-linux-gnu/libXext.so.6.4.0
7f7e075ce000-7f7e075cf000 r--p 00010000 08:03 794412                     /usr/lib/x86_64-linux-gnu/libXext.so.6.4.0
7f7e075cf000-7f7e075d0000 rw-p 00011000 08:03 794412                     /usr/lib/x86_64-linux-gnu/libXext.so.6.4.0
7f7e075d0000-7f7e07624000 r-xp 00000000 08:03 1445033                    /usr/lib/jvm/java-8-oracle/jre/lib/amd64/libawt_xawt.so
7f7e07624000-7f7e07824000 ---p 00054000 08:03 1445033                    /usr/lib/jvm/java-8-oracle/jre/lib/amd64/libawt_xawt.so
7f7e07824000-7f7e07828000 rw-p 00054000 08:03 1445033                    /usr/lib/jvm/java-8-oracle/jre/lib/amd64/libawt_xawt.so
7f7e07828000-7f7e07829000 rw-p 00000000 00:00 0 
7f7e07829000-7f7e078cb000 r-xp 00000000 08:03 1445019                    /usr/lib/jvm/java-8-oracle/jre/lib/amd64/libawt.so
7f7e078cb000-7f7e07acb000 ---p 000a2000 08:03 1445019                    /usr/lib/jvm/java-8-oracle/jre/lib/amd64/libawt.so
7f7e07acb000-7f7e07ad7000 rw-p 000a2000 08:03 1445019                    /usr/lib/jvm/java-8-oracle/jre/lib/amd64/libawt.so
7f7e07ad7000-7f7e07afb000 rw-p 00000000 00:00 0 
7f7e07afb000-7f7e07afc000 ---p 00000000 00:00 0 
7f7e07afc000-7f7e07bfc000 rw-p 00000000 00:00 0 
7f7e07bfc000-7f7e07bff000 ---p 00000000 00:00 0 
7f7e07bff000-7f7e07cfd000 rw-p 00000000 00:00 0 
7f7e07cfd000-7f7e07d00000 ---p 00000000 00:00 0 
7f7e07d00000-7f7e07dfe000 rw-p 00000000 00:00 0 
7f7e07dfe000-7f7e07e01000 ---p 00000000 00:00 0 
7f7e07e01000-7f7e07eff000 rw-p 00000000 00:00 0 
7f7e07eff000-7f7e07f02000 ---p 00000000 00:00 0 
7f7e07f02000-7f7e08000000 rw-p 00000000 00:00 0 
7f7e08000000-7f7e08021000 rw-p 00000000 00:00 0 
7f7e08021000-7f7e0c000000 ---p 00000000 00:00 0 
7f7e0c000000-7f7e0c021000 rw-p 00000000 00:00 0 
7f7e0c021000-7f7e10000000 ---p 00000000 00:00 0 
7f7e10000000-7f7e10021000 rw-p 00000000 00:00 0 
7f7e10021000-7f7e14000000 ---p 00000000 00:00 0 
7f7e14000000-7f7e14021000 rw-p 00000000 00:00 0 
7f7e14021000-7f7e18000000 ---p 00000000 00:00 0 
7f7e18000000-7f7e18021000 rw-p 00000000 00:00 0 
7f7e18021000-7f7e1c000000 ---p 00000000 00:00 0 
7f7e1c000000-7f7e1c001000 r--s 00000000 08:03 655434                     /var/cache/fontconfig/551ecf3b0e8b0bca0f25c0944f561853-le64.cache-6
7f7e1c001000-7f7e1c002000 r--s 00000000 08:03 655428                     /var/cache/fontconfig/30829fa25452a46451e813d634d7f916-le64.cache-6
7f7e1c002000-7f7e1c003000 r--s 00000000 08:03 655421                     /var/cache/fontconfig/0c9eb80ebd1c36541ebe2852d3bb0c49-le64.cache-6
7f7e1c003000-7f7e1c015000 r--s 00000000 08:03 655449                     /var/cache/fontconfig/9b89f8e3dae116d678bbf48e5f21f69b-le64.cache-6
7f7e1c015000-7f7e1c022000 r--s 00000000 08:03 656943                     /var/cache/fontconfig/e13b20fdb08344e0e664864cc2ede53d-le64.cache-6
7f7e1c022000-7f7e1c026000 r--s 00000000 08:03 656860                     /var/cache/fontconfig/7ef2298fde41cc6eeb7af42e48b7d293-le64.cache-6
7f7e1c026000-7f7e1c030000 r--s 00116000 08:03 1316568                    /usr/lib/jvm/java-8-oracle/jre/lib/ext/localedata.jar
7f7e1c030000-7f7e1c04c000 r--s 00393000 08:03 1316561                    /usr/lib/jvm/java-8-oracle/jre/lib/ext/cldrdata.jar
7f7e1c04c000-7f7e1c053000 r--s 00000000 08:03 919920                     /usr/lib/x86_64-linux-gnu/gconv/gconv-modules.cache
7f7e1c053000-7f7e1c074000 r--p 00000000 08:03 2110781                    /usr/share/locale-langpack/pt_BR/LC_MESSAGES/libc.mo
7f7e1c074000-7f7e1c081000 r--s 000fa000 08:03 5774770                    /home/paulo/Documentos/UEFS/TCC/Código/trapezoidCircuitSimulator/interface_java/CircuitSimulator/jfreechart-1.0.1.jar
7f7e1c081000-7f7e1db6a000 r--p 00000000 08:03 791802                     /usr/lib/locale/locale-archive
7f7e1db6a000-7f7e1db6d000 ---p 00000000 00:00 0 
7f7e1db6d000-7f7e1dc6b000 rw-p 00000000 00:00 0 
7f7e1dc6b000-7f7e1dc6e000 ---p 00000000 00:00 0 
7f7e1dc6e000-7f7e1dd6c000 rw-p 00000000 00:00 0 
7f7e1dd6c000-7f7e1dd6d000 ---p 00000000 00:00 0 
7f7e1dd6d000-7f7e1e776000 rw-p 00000000 00:00 0 
7f7e1e776000-7f7e1e94f000 r--s 03d5a000 08:03 1316500                    /usr/lib/jvm/java-8-oracle/jre/lib/rt.jar
7f7e1e94f000-7f7e20dfe000 rw-p 00000000 00:00 0 
7f7e20dfe000-7f7e20dff000 ---p 00000000 00:00 0 
7f7e20dff000-7f7e20eff000 rw-p 00000000 00:00 0 
7f7e20eff000-7f7e20f00000 ---p 00000000 00:00 0 
7f7e20f00000-7f7e21000000 rw-p 00000000 00:00 0 
7f7e21000000-7f7e21600000 rwxp 00000000 00:00 0 
7f7e21600000-7f7e30000000 ---p 00000000 00:00 0 
7f7e30000000-7f7e305c9000 rw-p 00000000 00:00 0 
7f7e305c9000-7f7e34000000 ---p 00000000 00:00 0 
7f7e34000000-7f7e34003000 r--s 00000000 08:03 655454                     /var/cache/fontconfig/b2d60264172c9fafc2f82e9237d8d959-le64.cache-6
7f7e34003000-7f7e34078000 rw-p 00000000 00:00 0 
7f7e34078000-7f7e34182000 ---p 00000000 00:00 0 
7f7e34182000-7f7e34194000 rw-p 00000000 00:00 0 
7f7e34194000-7f7e3429d000 ---p 00000000 00:00 0 
7f7e3429d000-7f7e342a7000 rw-p 00000000 00:00 0 
7f7e342a7000-7f7e3432b000 ---p 00000000 00:00 0 
7f7e3432b000-7f7e34344000 rw-p 00000000 00:00 0 
7f7e34344000-7f7e346ec000 ---p 00000000 00:00 0 
7f7e346ec000-7f7e34707000 r-xp 00000000 08:03 1445022                    /usr/lib/jvm/java-8-oracle/jre/lib/amd64/libzip.so
7f7e34707000-7f7e34907000 ---p 0001b000 08:03 1445022                    /usr/lib/jvm/java-8-oracle/jre/lib/amd64/libzip.so
7f7e34907000-7f7e34908000 rw-p 0001b000 08:03 1445022                    /usr/lib/jvm/java-8-oracle/jre/lib/amd64/libzip.so
7f7e34908000-7f7e34913000 r-xp 00000000 08:03 11014723                   /lib/x86_64-linux-gnu/libnss_files-2.23.so
7f7e34913000-7f7e34b12000 ---p 0000b000 08:03 11014723                   /lib/x86_64-linux-gnu/libnss_files-2.23.so
7f7e34b12000-7f7e34b13000 r--p 0000a000 08:03 11014723                   /lib/x86_64-linux-gnu/libnss_files-2.23.so
7f7e34b13000-7f7e34b14000 rw-p 0000b000 08:03 11014723                   /lib/x86_64-linux-gnu/libnss_files-2.23.so
7f7e34b14000-7f7e34b1a000 rw-p 00000000 00:00 0 
7f7e34b1a000-7f7e34b25000 r-xp 00000000 08:03 11014733                   /lib/x86_64-linux-gnu/libnss_nis-2.23.so
7f7e34b25000-7f7e34d24000 ---p 0000b000 08:03 11014733                   /lib/x86_64-linux-gnu/libnss_nis-2.23.so
7f7e34d24000-7f7e34d25000 r--p 0000a000 08:03 11014733                   /lib/x86_64-linux-gnu/libnss_nis-2.23.so
7f7e34d25000-7f7e34d26000 rw-p 0000b000 08:03 11014733                   /lib/x86_64-linux-gnu/libnss_nis-2.23.so
7f7e34d26000-7f7e34d3c000 r-xp 00000000 08:03 11014717                   /lib/x86_64-linux-gnu/libnsl-2.23.so
7f7e34d3c000-7f7e34f3b000 ---p 00016000 08:03 11014717                   /lib/x86_64-linux-gnu/libnsl-2.23.so
7f7e34f3b000-7f7e34f3c000 r--p 00015000 08:03 11014717                   /lib/x86_64-linux-gnu/libnsl-2.23.so
7f7e34f3c000-7f7e34f3d000 rw-p 00016000 08:03 11014717                   /lib/x86_64-linux-gnu/libnsl-2.23.so
7f7e34f3d000-7f7e34f3f000 rw-p 00000000 00:00 0 
7f7e34f3f000-7f7e34f47000 r-xp 00000000 08:03 11014719                   /lib/x86_64-linux-gnu/libnss_compat-2.23.so
7f7e34f47000-7f7e35146000 ---p 00008000 08:03 11014719                   /lib/x86_64-linux-gnu/libnss_compat-2.23.so
7f7e35146000-7f7e35147000 r--p 00007000 08:03 11014719                   /lib/x86_64-linux-gnu/libnss_compat-2.23.so
7f7e35147000-7f7e35148000 rw-p 00008000 08:03 11014719                   /lib/x86_64-linux-gnu/libnss_compat-2.23.so
7f7e35148000-7f7e35173000 r-xp 00000000 08:03 1445016                    /usr/lib/jvm/java-8-oracle/jre/lib/amd64/libjava.so
7f7e35173000-7f7e35372000 ---p 0002b000 08:03 1445016                    /usr/lib/jvm/java-8-oracle/jre/lib/amd64/libjava.so
7f7e35372000-7f7e35374000 rw-p 0002a000 08:03 1445016                    /usr/lib/jvm/java-8-oracle/jre/lib/amd64/libjava.so
7f7e35374000-7f7e35381000 r-xp 00000000 08:03 1445021                    /usr/lib/jvm/java-8-oracle/jre/lib/amd64/libverify.so
7f7e35381000-7f7e35581000 ---p 0000d000 08:03 1445021                    /usr/lib/jvm/java-8-oracle/jre/lib/amd64/libverify.so
7f7e35581000-7f7e35583000 rw-p 0000d000 08:03 1445021                    /usr/lib/jvm/java-8-oracle/jre/lib/amd64/libverify.so
7f7e35583000-7f7e3558a000 r-xp 00000000 08:03 11014778                   /lib/x86_64-linux-gnu/librt-2.23.so
7f7e3558a000-7f7e35789000 ---p 00007000 08:03 11014778                   /lib/x86_64-linux-gnu/librt-2.23.so
7f7e35789000-7f7e3578a000 r--p 00006000 08:03 11014778                   /lib/x86_64-linux-gnu/librt-2.23.so
7f7e3578a000-7f7e3578b000 rw-p 00007000 08:03 11014778                   /lib/x86_64-linux-gnu/librt-2.23.so
7f7e3578b000-7f7e35893000 r-xp 00000000 08:03 11014694                   /lib/x86_64-linux-gnu/libm-2.23.so
7f7e35893000-7f7e35a92000 ---p 00108000 08:03 11014694                   /lib/x86_64-linux-gnu/libm-2.23.so
7f7e35a92000-7f7e35a93000 r--p 00107000 08:03 11014694                   /lib/x86_64-linux-gnu/libm-2.23.so
7f7e35a93000-7f7e35a94000 rw-p 00108000 08:03 11014694                   /lib/x86_64-linux-gnu/libm-2.23.so
7f7e35a94000-7f7e36767000 r-xp 00000000 08:03 1444999                    /usr/lib/jvm/java-8-oracle/jre/lib/amd64/server/libjvm.so
7f7e36767000-7f7e36966000 ---p 00cd3000 08:03 1444999                    /usr/lib/jvm/java-8-oracle/jre/lib/amd64/server/libjvm.so
7f7e36966000-7f7e36a40000 rw-p 00cd2000 08:03 1444999                    /usr/lib/jvm/java-8-oracle/jre/lib/amd64/server/libjvm.so
7f7e36a40000-7f7e36a8b000 rw-p 00000000 00:00 0 
7f7e36a8b000-7f7e36c4b000 r-xp 00000000 08:03 11014624                   /lib/x86_64-linux-gnu/libc-2.23.so
7f7e36c4b000-7f7e36e4b000 ---p 001c0000 08:03 11014624                   /lib/x86_64-linux-gnu/libc-2.23.so
7f7e36e4b000-7f7e36e4f000 r--p 001c0000 08:03 11014624                   /lib/x86_64-linux-gnu/libc-2.23.so
7f7e36e4f000-7f7e36e51000 rw-p 001c4000 08:03 11014624                   /lib/x86_64-linux-gnu/libc-2.23.so
7f7e36e51000-7f7e36e55000 rw-p 00000000 00:00 0 
7f7e36e55000-7f7e36e58000 r-xp 00000000 08:03 11014648                   /lib/x86_64-linux-gnu/libdl-2.23.so
7f7e36e58000-7f7e37057000 ---p 00003000 08:03 11014648                   /lib/x86_64-linux-gnu/libdl-2.23.so
7f7e37057000-7f7e37058000 r--p 00002000 08:03 11014648                   /lib/x86_64-linux-gnu/libdl-2.23.so
7f7e37058000-7f7e37059000 rw-p 00003000 08:03 11014648                   /lib/x86_64-linux-gnu/libdl-2.23.so
7f7e37059000-7f7e3706f000 r-xp 00000000 08:03 1316320                    /usr/lib/jvm/java-8-oracle/lib/amd64/jli/libjli.so
7f7e3706f000-7f7e3726e000 ---p 00016000 08:03 1316320                    /usr/lib/jvm/java-8-oracle/lib/amd64/jli/libjli.so
7f7e3726e000-7f7e3726f000 rw-p 00015000 08:03 1316320                    /usr/lib/jvm/java-8-oracle/lib/amd64/jli/libjli.so
7f7e3726f000-7f7e37287000 r-xp 00000000 08:03 11014770                   /lib/x86_64-linux-gnu/libpthread-2.23.so
7f7e37287000-7f7e37486000 ---p 00018000 08:03 11014770                   /lib/x86_64-linux-gnu/libpthread-2.23.so
7f7e37486000-7f7e37487000 r--p 00017000 08:03 11014770                   /lib/x86_64-linux-gnu/libpthread-2.23.so
7f7e37487000-7f7e37488000 rw-p 00018000 08:03 11014770                   /lib/x86_64-linux-gnu/libpthread-2.23.so
7f7e37488000-7f7e3748c000 rw-p 00000000 00:00 0 
7f7e3748c000-7f7e374b2000 r-xp 00000000 08:03 11014596                   /lib/x86_64-linux-gnu/ld-2.23.so
7f7e374b2000-7f7e37595000 rw-p 00000000 00:00 0 
7f7e37595000-7f7e37598000 ---p 00000000 00:00 0 
7f7e37598000-7f7e3769a000 rw-p 00000000 00:00 0 
7f7e3769a000-7f7e3769f000 r--s 002f9000 08:03 1316498                    /usr/lib/jvm/java-8-oracle/jre/lib/charsets.jar
7f7e3769f000-7f7e376a5000 r--s 0004b000 08:03 5774827                    /home/paulo/Documentos/UEFS/TCC/Código/trapezoidCircuitSimulator/interface_java/CircuitSimulator/jcommon-1.0.23.jar
7f7e376a5000-7f7e376ad000 rw-s 00000000 08:03 1582327                    /tmp/hsperfdata_paulo/8727
7f7e376ad000-7f7e376ae000 rw-p 00000000 00:00 0 
7f7e376ae000-7f7e376af000 r--p 00000000 00:00 0 
7f7e376af000-7f7e376b1000 rw-p 00000000 00:00 0 
7f7e376b1000-7f7e376b2000 r--p 00025000 08:03 11014596                   /lib/x86_64-linux-gnu/ld-2.23.so
7f7e376b2000-7f7e376b3000 rw-p 00026000 08:03 11014596                   /lib/x86_64-linux-gnu/ld-2.23.so
7f7e376b3000-7f7e376b4000 rw-p 00000000 00:00 0 
7ffcd2536000-7ffcd2557000 rw-p 00000000 00:00 0                          [stack]
7ffcd25a7000-7ffcd25a9000 r--p 00000000 00:00 0                          [vvar]
7ffcd25a9000-7ffcd25ab000 r-xp 00000000 00:00 0                          [vdso]
ffffffffff600000-ffffffffff601000 r-xp 00000000 00:00 0                  [vsyscall]

VM Arguments:
jvm_args: -Dfile.encoding=UTF-8 
java_command: org.gui.TrapezoidCircuitSimulator
java_class_path (initial): /home/paulo/Documentos/UEFS/TCC/Código/trapezoidCircuitSimulator/interface_java/CircuitSimulator/jfreechart-1.0.1.jar:/home/paulo/Documentos/UEFS/TCC/Código/trapezoidCircuitSimulator/interface_java/CircuitSimulator/jcommon-1.0.23.jar:/home/paulo/Documentos/UEFS/TCC/Código/trapezoidCircuitSimulator/interface_java/CircuitSimulator/build/classes
Launcher Type: SUN_STANDARD

Environment Variables:
JAVA_HOME=/usr/lib/jvm/java-8-oracle
PATH=/home/paulo/bin:/home/paulo/.local/bin:/usr/local/sbin:/usr/local/bin:/usr/sbin:/usr/bin:/sbin:/bin:/usr/games:/usr/local/games:/usr/lib/jvm/java-8-oracle/bin:/usr/lib/jvm/java-8-oracle/db/bin:/usr/lib/jvm/java-8-oracle/jre/bin
LD_LIBRARY_PATH=/usr/lib/jvm/java-8-oracle/jre/lib/amd64:/usr/lib/jvm/java-8-oracle/jre/lib/i386:
SHELL=/bin/bash
DISPLAY=:0

Signal Handlers:
SIGSEGV: [libjvm.so+0xacbe10], sa_mask[0]=11111111011111111101111111111110, sa_flags=SA_RESTART|SA_SIGINFO
SIGBUS: [libjvm.so+0xacbe10], sa_mask[0]=11111111011111111101111111111110, sa_flags=SA_RESTART|SA_SIGINFO
SIGFPE: [libjvm.so+0x924f90], sa_mask[0]=11111111011111111101111111111110, sa_flags=SA_RESTART|SA_SIGINFO
SIGPIPE: [libjvm.so+0x924f90], sa_mask[0]=11111111011111111101111111111110, sa_flags=SA_RESTART|SA_SIGINFO
SIGXFSZ: [libjvm.so+0x924f90], sa_mask[0]=11111111011111111101111111111110, sa_flags=SA_RESTART|SA_SIGINFO
SIGILL: [libjvm.so+0x924f90], sa_mask[0]=11111111011111111101111111111110, sa_flags=SA_RESTART|SA_SIGINFO
SIGUSR1: SIG_DFL, sa_mask[0]=00000000000000000000000000000000, sa_flags=none
SIGUSR2: [libjvm.so+0x9267d0], sa_mask[0]=00100000000000000000000000000000, sa_flags=SA_RESTART|SA_SIGINFO
SIGHUP: [libjvm.so+0x927bd0], sa_mask[0]=11111111011111111101111111111110, sa_flags=SA_RESTART|SA_SIGINFO
SIGINT: SIG_IGN, sa_mask[0]=00000000000000000000000000000000, sa_flags=none
SIGTERM: [libjvm.so+0x927bd0], sa_mask[0]=11111111011111111101111111111110, sa_flags=SA_RESTART|SA_SIGINFO
SIGQUIT: [libjvm.so+0x927bd0], sa_mask[0]=11111111011111111101111111111110, sa_flags=SA_RESTART|SA_SIGINFO


---------------  S Y S T E M  ---------------

OS:DISTRIB_ID="elementary"
DISTRIB_RELEASE=0.4.1
DISTRIB_CODENAME=loki
DISTRIB_DESCRIPTION="elementary OS 0.4.1 Loki"

uname:Linux 4.10.0-38-generic #42~16.04.1-Ubuntu SMP Tue Oct 10 16:32:20 UTC 2017 x86_64
libc:glibc 2.23 NPTL 2.23 
rlimit: STACK 8192k, CORE 0k, NPROC 13407, NOFILE 1048576, AS infinity
load average:1,57 1,59 1,54

/proc/meminfo:
MemTotal:        3476968 kB
MemFree:          350268 kB
MemAvailable:     582056 kB
Buffers:           27816 kB
Cached:           479316 kB
SwapCached:        23392 kB
Active:          2207248 kB
Inactive:         708884 kB
Active(anon):    1974712 kB
Inactive(anon):   529204 kB
Active(file):     232536 kB
Inactive(file):   179680 kB
Unevictable:          80 kB
Mlocked:              80 kB
SwapTotal:      20477948 kB
SwapFree:       20144752 kB
Dirty:               244 kB
Writeback:             0 kB
AnonPages:       2356116 kB
Mapped:           267920 kB
Shmem:             94868 kB
Slab:              76764 kB
SReclaimable:      41008 kB
SUnreclaim:        35756 kB
KernelStack:        9168 kB
PageTables:        44340 kB
NFS_Unstable:          0 kB
Bounce:                0 kB
WritebackTmp:          0 kB
CommitLimit:    22216432 kB
Committed_AS:    7369108 kB
VmallocTotal:   34359738367 kB
VmallocUsed:           0 kB
VmallocChunk:          0 kB
HardwareCorrupted:     0 kB
AnonHugePages:    937984 kB
ShmemHugePages:        0 kB
ShmemPmdMapped:        0 kB
CmaTotal:              0 kB
CmaFree:               0 kB
HugePages_Total:       0
HugePages_Free:        0
HugePages_Rsvd:        0
HugePages_Surp:        0
Hugepagesize:       2048 kB
DirectMap4k:      206588 kB
DirectMap2M:     3411968 kB
DirectMap1G:           0 kB


CPU:total 2 (initial active 2) (2 cores per cpu, 1 threads per core) family 22 model 0 stepping 1, cmov, cx8, fxsr, mmx, sse, sse2, sse3, ssse3, sse4.1, sse4.2, popcnt, avx, aes, clmul, mmxext, 3dnowpref, lzcnt, sse4a, tsc, tscinvbit, tscinv, bmi1

/proc/cpuinfo:
processor	: 0
vendor_id	: AuthenticAMD
cpu family	: 22
model		: 0
model name	: AMD E1-2100 APU with Radeon(TM) HD Graphics
stepping	: 1
microcode	: 0x700010b
cpu MHz		: 1000.000
cache size	: 1024 KB
physical id	: 0
siblings	: 2
core id		: 0
cpu cores	: 2
apicid		: 0
initial apicid	: 0
fpu		: yes
fpu_exception	: yes
cpuid level	: 13
wp		: yes
flags		: fpu vme de pse tsc msr pae mce cx8 apic sep mtrr pge mca cmov pat pse36 clflush mmx fxsr sse sse2 ht syscall nx mmxext fxsr_opt pdpe1gb rdtscp lm constant_tsc rep_good nopl nonstop_tsc extd_apicid aperfmperf pni pclmulqdq monitor ssse3 cx16 sse4_1 sse4_2 movbe popcnt aes xsave avx f16c lahf_lm cmp_legacy svm extapic cr8_legacy abm sse4a misalignsse 3dnowprefetch osvw ibs skinit wdt topoext perfctr_nb bpext perfctr_l2 hw_pstate proc_feedback vmmcall bmi1 xsaveopt arat npt lbrv svm_lock nrip_save tsc_scale flushbyasid decodeassists pausefilter pfthreshold overflow_recov
bugs		: fxsave_leak sysret_ss_attrs null_seg
bogomips	: 1996.24
TLB size	: 1024 4K pages
clflush size	: 64
cache_alignment	: 64
address sizes	: 40 bits physical, 48 bits virtual
power management: ts ttp tm 100mhzsteps hwpstate proc_feedback

processor	: 1
vendor_id	: AuthenticAMD
cpu family	: 22
model		: 0
model name	: AMD E1-2100 APU with Radeon(TM) HD Graphics
stepping	: 1
microcode	: 0x700010b
cpu MHz		: 900.000
cache size	: 1024 KB
physical id	: 0
siblings	: 2
core id		: 1
cpu cores	: 2
apicid		: 1
initial apicid	: 1
fpu		: yes
fpu_exception	: yes
cpuid level	: 13
wp		: yes
flags		: fpu vme de pse tsc msr pae mce cx8 apic sep mtrr pge mca cmov pat pse36 clflush mmx fxsr sse sse2 ht syscall nx mmxext fxsr_opt pdpe1gb rdtscp lm constant_tsc rep_good nopl nonstop_tsc extd_apicid aperfmperf pni pclmulqdq monitor ssse3 cx16 sse4_1 sse4_2 movbe popcnt aes xsave avx f16c lahf_lm cmp_legacy svm extapic cr8_legacy abm sse4a misalignsse 3dnowprefetch osvw ibs skinit wdt topoext perfctr_nb bpext perfctr_l2 hw_pstate proc_feedback vmmcall bmi1 xsaveopt arat npt lbrv svm_lock nrip_save tsc_scale flushbyasid decodeassists pausefilter pfthreshold overflow_recov
bugs		: fxsave_leak sysret_ss_attrs null_seg
bogomips	: 1996.24
TLB size	: 1024 4K pages
clflush size	: 64
cache_alignment	: 64
address sizes	: 40 bits physical, 48 bits virtual
power management: ts ttp tm 100mhzsteps hwpstate proc_feedback



Memory: 4k page, physical 3476968k(350268k free), swap 20477948k(20144752k free)

vm_info: Java HotSpot(TM) 64-Bit Server VM (25.151-b12) for linux-amd64 JRE (1.8.0_151-b12), built on Sep  5 2017 19:20:58 by "java_re" with gcc 4.3.0 20080428 (Red Hat 4.3.0-8)

time: Tue Nov 28 22:32:53 2017
elapsed time: 49 seconds (0d 0h 0m 49s)

